22/10/2019 2:43:46 Bassinger asesino a Vere
09/04/2020 8:22:37 Bassinger asesino a Licantropo
18/04/2020 21:43:42 Bassinger asesino a Rana
18/04/2020 22:17:56 Bassinger asesino a Rana
18/04/2020 22:22:35 Bassinger asesino a Rana
19/04/2020 15:01:00 Bassinger asesino a Rana
24/04/2020 4:15:25 PEGAUNA asesino a SWEETY
24/04/2020 4:38:16 El papolin asesino a Gelo
24/04/2020 4:39:52 El papolin asesino a Pegauna
24/04/2020 4:41:03 Sweety asesino a Gelo
24/04/2020 4:41:34 Gelo asesino a Sweety
24/04/2020 4:41:49 El papolin asesino a Gelo
24/04/2020 4:42:24 El papolin asesino a Sweety
24/04/2020 4:43:41 El papolin asesino a Pegauna
24/04/2020 4:44:01 El papolin asesino a Sweety
24/04/2020 4:44:11 El papolin asesino a Pegauna
25/04/2020 7:03:56 Sweety asesino a cabron
25/04/2020 7:04:01 Sweety asesino a artharionn
25/04/2020 7:11:46 el papolin asesino a Sweety
25/04/2020 7:11:50 el papolin asesino a artharionn
