11/10/2019 20:04:37 10-11-2019 BASSINGER paso a nivel 2 gano HP: 7
11/10/2019 20:04:37 10-11-2019 BASSINGER paso a nivel 3 gano HP: 6
11/10/2019 20:04:37 10-11-2019 BASSINGER paso a nivel 4 gano HP: 8
11/10/2019 20:04:37 10-11-2019 BASSINGER paso a nivel 5 gano HP: 8
11/10/2019 20:04:37 10-11-2019 BASSINGER paso a nivel 6 gano HP: 6
11/10/2019 20:04:37 10-11-2019 BASSINGER paso a nivel 7 gano HP: 8
11/10/2019 20:04:37 10-11-2019 BASSINGER paso a nivel 8 gano HP: 7
11/10/2019 20:04:37 10-11-2019 BASSINGER paso a nivel 9 gano HP: 8
11/10/2019 20:04:37 10-11-2019 BASSINGER paso a nivel 10 gano HP: 8
11/10/2019 20:04:37 10-11-2019 BASSINGER paso a nivel 11 gano HP: 7
11/10/2019 20:04:37 10-11-2019 BASSINGER paso a nivel 12 gano HP: 8
11/10/2019 20:04:37 10-11-2019 BASSINGER paso a nivel 13 gano HP: 6
11/10/2019 20:04:37 10-11-2019 BASSINGER paso a nivel 14 gano HP: 6
11/10/2019 20:04:37 10-11-2019 BASSINGER paso a nivel 15 gano HP: 8
11/10/2019 20:04:37 10-11-2019 BASSINGER paso a nivel 16 gano HP: 8
11/10/2019 20:04:37 10-11-2019 BASSINGER paso a nivel 17 gano HP: 6
11/10/2019 20:04:37 10-11-2019 BASSINGER paso a nivel 18 gano HP: 8
11/10/2019 20:04:37 10-11-2019 BASSINGER paso a nivel 19 gano HP: 8
11/10/2019 20:04:37 10-11-2019 BASSINGER paso a nivel 20 gano HP: 7
11/10/2019 20:04:37 10-11-2019 BASSINGER paso a nivel 21 gano HP: 8
11/10/2019 20:04:37 10-11-2019 BASSINGER paso a nivel 22 gano HP: 6
11/10/2019 20:04:37 10-11-2019 BASSINGER paso a nivel 23 gano HP: 8
11/10/2019 20:04:37 10-11-2019 BASSINGER paso a nivel 24 gano HP: 6
11/10/2019 20:04:37 10-11-2019 BASSINGER paso a nivel 25 gano HP: 7
11/10/2019 20:04:37 10-11-2019 BASSINGER paso a nivel 26 gano HP: 7
11/10/2019 20:04:37 10-11-2019 BASSINGER paso a nivel 27 gano HP: 8
11/10/2019 20:04:37 10-11-2019 BASSINGER paso a nivel 28 gano HP: 7
11/10/2019 20:04:37 10-11-2019 BASSINGER paso a nivel 29 gano HP: 8
11/10/2019 20:04:37 10-11-2019 BASSINGER paso a nivel 30 gano HP: 7
11/10/2019 20:04:37 10-11-2019 BASSINGER paso a nivel 31 gano HP: 8
11/10/2019 20:04:37 10-11-2019 BASSINGER paso a nivel 32 gano HP: 7
11/10/2019 20:04:37 10-11-2019 BASSINGER paso a nivel 33 gano HP: 7
11/10/2019 20:04:37 10-11-2019 BASSINGER paso a nivel 34 gano HP: 8
11/10/2019 20:04:37 10-11-2019 BASSINGER paso a nivel 35 gano HP: 6
11/10/2019 20:04:37 10-11-2019 BASSINGER paso a nivel 36 gano HP: 7
11/10/2019 20:04:37 10-11-2019 BASSINGER paso a nivel 37 gano HP: 7
11/10/2019 20:04:37 10-11-2019 BASSINGER paso a nivel 38 gano HP: 6
11/10/2019 20:04:37 10-11-2019 BASSINGER paso a nivel 39 gano HP: 7
11/10/2019 20:04:37 10-11-2019 BASSINGER paso a nivel 40 gano HP: 8
11/10/2019 20:04:37 10-11-2019 BASSINGER paso a nivel 41 gano HP: 8
11/10/2019 20:04:37 10-11-2019 BASSINGER paso a nivel 42 gano HP: 7
11/10/2019 20:04:37 10-11-2019 BASSINGER paso a nivel 43 gano HP: 7
11/10/2019 20:04:37 10-11-2019 BASSINGER paso a nivel 44 gano HP: 6
11/10/2019 20:04:37 10-11-2019 BASSINGER paso a nivel 45 gano HP: 6
11/10/2019 20:04:37 10-11-2019 BASSINGER paso a nivel 46 gano HP: 7
11/10/2019 20:04:37 10-11-2019 BASSINGER paso a nivel 47 gano HP: 7
11/10/2019 20:04:37 10-11-2019 BASSINGER paso a nivel 48 gano HP: 6
11/10/2019 20:04:37 10-11-2019 BASSINGER paso a nivel 49 gano HP: 8
11/10/2019 20:04:37 10-11-2019 BASSINGER paso a nivel 50 gano HP: 8
11/10/2019 20:04:37 10-11-2019 BASSINGER paso a nivel 51 gano HP: 8
11/10/2019 20:04:37 10-11-2019 BASSINGER paso a nivel 52 gano HP: 8
11/10/2019 20:04:37 10-11-2019 BASSINGER paso a nivel 53 gano HP: 8
11/10/2019 20:04:37 10-11-2019 BASSINGER paso a nivel 54 gano HP: 7
11/10/2019 20:04:37 10-11-2019 BASSINGER paso a nivel 55 gano HP: 8
12/10/2019 0:16:19 10-12-2019 Vere paso a nivel 2 gano HP: 8
12/10/2019 0:16:19 10-12-2019 Vere paso a nivel 3 gano HP: 6
12/10/2019 0:16:21 10-12-2019 Vere paso a nivel 4 gano HP: 7
12/10/2019 0:16:37 10-12-2019 Vere paso a nivel 5 gano HP: 8
12/10/2019 0:16:39 10-12-2019 Vere paso a nivel 6 gano HP: 6
12/10/2019 0:16:45 10-12-2019 Vere paso a nivel 7 gano HP: 7
12/10/2019 0:16:49 10-12-2019 Vere paso a nivel 8 gano HP: 7
12/10/2019 0:17:39 10-12-2019 Vere paso a nivel 9 gano HP: 7
12/10/2019 0:17:45 10-12-2019 Vere paso a nivel 10 gano HP: 7
12/10/2019 0:17:51 10-12-2019 Vere paso a nivel 11 gano HP: 7
12/10/2019 0:18:05 10-12-2019 Vere paso a nivel 12 gano HP: 7
12/10/2019 0:18:50 10-12-2019 Vere paso a nivel 13 gano HP: 7
12/10/2019 0:19:18 10-12-2019 Vere paso a nivel 14 gano HP: 7
12/10/2019 0:21:01 10-12-2019 Vere paso a nivel 15 gano HP: 6
12/10/2019 0:21:29 10-12-2019 Vere paso a nivel 16 gano HP: 7
12/10/2019 12:35:30 10-12-2019 Vere paso a nivel 2 gano HP: 7
12/10/2019 12:35:30 10-12-2019 Vere paso a nivel 3 gano HP: 8
12/10/2019 12:35:32 10-12-2019 Vere paso a nivel 4 gano HP: 6
12/10/2019 12:35:36 10-12-2019 Vere paso a nivel 5 gano HP: 8
12/10/2019 12:35:38 10-12-2019 Vere paso a nivel 6 gano HP: 8
12/10/2019 12:35:40 10-12-2019 Vere paso a nivel 7 gano HP: 8
12/10/2019 12:35:43 10-12-2019 Vere paso a nivel 8 gano HP: 6
12/10/2019 12:35:52 10-12-2019 Vere paso a nivel 9 gano HP: 6
12/10/2019 12:36:04 10-12-2019 Vere paso a nivel 10 gano HP: 6
12/10/2019 12:36:21 10-12-2019 Vere paso a nivel 11 gano HP: 6
12/10/2019 12:36:32 10-12-2019 Vere paso a nivel 12 gano HP: 6
12/10/2019 12:36:42 10-12-2019 Vere paso a nivel 13 gano HP: 8
12/10/2019 12:37:43 10-12-2019 Vere paso a nivel 14 gano HP: 6
13/10/2019 19:27:25 10-13-2019 Vere paso a nivel 15 gano HP: 8
13/10/2019 19:27:25 10-13-2019 Vere paso a nivel 16 gano HP: 7
13/10/2019 19:27:25 10-13-2019 Vere paso a nivel 17 gano HP: 7
13/10/2019 19:27:25 10-13-2019 Vere paso a nivel 18 gano HP: 6
13/10/2019 19:27:25 10-13-2019 Vere paso a nivel 19 gano HP: 8
13/10/2019 19:27:25 10-13-2019 Vere paso a nivel 20 gano HP: 7
13/10/2019 19:27:25 10-13-2019 Vere paso a nivel 21 gano HP: 7
13/10/2019 19:27:25 10-13-2019 Vere paso a nivel 22 gano HP: 7
13/10/2019 19:27:25 10-13-2019 Vere paso a nivel 23 gano HP: 6
13/10/2019 19:27:25 10-13-2019 Vere paso a nivel 24 gano HP: 6
13/10/2019 19:27:25 10-13-2019 Vere paso a nivel 25 gano HP: 8
13/10/2019 19:27:25 10-13-2019 Vere paso a nivel 26 gano HP: 6
14/10/2019 1:59:35 10-14-2019 vere paso a nivel 27 gano HP: 6
14/10/2019 2:01:01 10-14-2019 vere paso a nivel 28 gano HP: 8
14/10/2019 2:01:25 10-14-2019 vere paso a nivel 29 gano HP: 7
14/10/2019 2:06:44 10-14-2019 vere paso a nivel 30 gano HP: 8
14/10/2019 2:07:57 10-14-2019 vere paso a nivel 31 gano HP: 7
14/10/2019 17:01:02 10-14-2019 Vere paso a nivel 32 gano HP: 7
14/10/2019 17:02:00 10-14-2019 Vere paso a nivel 33 gano HP: 8
14/10/2019 17:03:14 10-14-2019 Vere paso a nivel 34 gano HP: 7
14/10/2019 17:03:40 10-14-2019 Vere paso a nivel 35 gano HP: 6
14/10/2019 17:06:00 10-14-2019 Vere paso a nivel 36 gano HP: 8
14/10/2019 17:06:31 10-14-2019 Vere paso a nivel 37 gano HP: 7
14/10/2019 17:06:52 10-14-2019 Vere paso a nivel 38 gano HP: 8
14/10/2019 17:07:14 10-14-2019 Vere paso a nivel 39 gano HP: 7
14/10/2019 17:07:44 10-14-2019 Vere paso a nivel 40 gano HP: 7
14/10/2019 17:08:08 10-14-2019 Vere paso a nivel 41 gano HP: 6
14/10/2019 17:09:46 10-14-2019 Vere paso a nivel 42 gano HP: 7
14/10/2019 17:11:11 10-14-2019 Vere paso a nivel 43 gano HP: 7
14/10/2019 17:19:24 10-14-2019 Vere paso a nivel 44 gano HP: 6
14/10/2019 17:21:35 10-14-2019 Vere paso a nivel 45 gano HP: 7
14/10/2019 17:27:42 10-14-2019 Vere paso a nivel 46 gano HP: 8
14/10/2019 17:30:41 10-14-2019 Vere paso a nivel 47 gano HP: 7
14/10/2019 17:46:50 10-14-2019 Vere paso a nivel 48 gano HP: 8
15/10/2019 0:00:45 10-15-2019 TRABAJADOR paso a nivel 2 gano HP: 8
15/10/2019 0:00:45 10-15-2019 TRABAJADOR paso a nivel 3 gano HP: 6
15/10/2019 0:00:45 10-15-2019 TRABAJADOR paso a nivel 4 gano HP: 6
15/10/2019 0:00:45 10-15-2019 TRABAJADOR paso a nivel 5 gano HP: 9
15/10/2019 0:00:45 10-15-2019 TRABAJADOR paso a nivel 6 gano HP: 6
15/10/2019 0:00:45 10-15-2019 TRABAJADOR paso a nivel 7 gano HP: 8
15/10/2019 0:00:45 10-15-2019 TRABAJADOR paso a nivel 8 gano HP: 8
15/10/2019 0:00:45 10-15-2019 TRABAJADOR paso a nivel 9 gano HP: 7
15/10/2019 0:00:45 10-15-2019 TRABAJADOR paso a nivel 10 gano HP: 5
15/10/2019 0:00:45 10-15-2019 TRABAJADOR paso a nivel 11 gano HP: 8
15/10/2019 0:00:45 10-15-2019 TRABAJADOR paso a nivel 12 gano HP: 7
15/10/2019 0:00:45 10-15-2019 TRABAJADOR paso a nivel 13 gano HP: 5
15/10/2019 0:00:45 10-15-2019 TRABAJADOR paso a nivel 14 gano HP: 9
15/10/2019 0:00:45 10-15-2019 TRABAJADOR paso a nivel 15 gano HP: 8
15/10/2019 0:00:45 10-15-2019 TRABAJADOR paso a nivel 16 gano HP: 5
15/10/2019 0:00:45 10-15-2019 TRABAJADOR paso a nivel 17 gano HP: 6
15/10/2019 0:00:45 10-15-2019 TRABAJADOR paso a nivel 18 gano HP: 6
15/10/2019 0:00:45 10-15-2019 TRABAJADOR paso a nivel 19 gano HP: 8
15/10/2019 0:00:45 10-15-2019 TRABAJADOR paso a nivel 20 gano HP: 6
15/10/2019 0:00:45 10-15-2019 TRABAJADOR paso a nivel 21 gano HP: 6
15/10/2019 0:00:45 10-15-2019 TRABAJADOR paso a nivel 22 gano HP: 6
15/10/2019 0:00:45 10-15-2019 TRABAJADOR paso a nivel 23 gano HP: 5
15/10/2019 0:00:45 10-15-2019 TRABAJADOR paso a nivel 24 gano HP: 5
15/10/2019 0:00:45 10-15-2019 TRABAJADOR paso a nivel 25 gano HP: 8
15/10/2019 0:00:45 10-15-2019 TRABAJADOR paso a nivel 26 gano HP: 7
15/10/2019 0:00:45 10-15-2019 TRABAJADOR paso a nivel 27 gano HP: 6
15/10/2019 0:00:45 10-15-2019 TRABAJADOR paso a nivel 28 gano HP: 5
15/10/2019 0:00:45 10-15-2019 TRABAJADOR paso a nivel 29 gano HP: 7
15/10/2019 0:00:45 10-15-2019 TRABAJADOR paso a nivel 30 gano HP: 7
15/10/2019 0:00:45 10-15-2019 TRABAJADOR paso a nivel 31 gano HP: 8
15/10/2019 4:46:39 10-15-2019 KEOH paso a nivel 2 gano HP: 8
15/10/2019 4:46:39 10-15-2019 KEOH paso a nivel 3 gano HP: 7
15/10/2019 4:46:39 10-15-2019 KEOH paso a nivel 4 gano HP: 6
15/10/2019 4:46:39 10-15-2019 KEOH paso a nivel 5 gano HP: 7
15/10/2019 4:46:39 10-15-2019 KEOH paso a nivel 6 gano HP: 7
15/10/2019 4:46:39 10-15-2019 KEOH paso a nivel 7 gano HP: 5
15/10/2019 4:46:39 10-15-2019 KEOH paso a nivel 8 gano HP: 7
15/10/2019 4:46:39 10-15-2019 KEOH paso a nivel 9 gano HP: 8
15/10/2019 4:46:39 10-15-2019 KEOH paso a nivel 10 gano HP: 5
15/10/2019 4:46:39 10-15-2019 KEOH paso a nivel 11 gano HP: 7
15/10/2019 4:46:39 10-15-2019 KEOH paso a nivel 12 gano HP: 7
15/10/2019 4:46:39 10-15-2019 KEOH paso a nivel 13 gano HP: 8
15/10/2019 4:46:39 10-15-2019 KEOH paso a nivel 14 gano HP: 6
15/10/2019 4:46:39 10-15-2019 KEOH paso a nivel 15 gano HP: 5
15/10/2019 4:46:39 10-15-2019 KEOH paso a nivel 16 gano HP: 6
15/10/2019 4:46:39 10-15-2019 KEOH paso a nivel 17 gano HP: 7
15/10/2019 4:46:39 10-15-2019 KEOH paso a nivel 18 gano HP: 5
15/10/2019 4:46:39 10-15-2019 KEOH paso a nivel 19 gano HP: 7
15/10/2019 4:46:39 10-15-2019 KEOH paso a nivel 20 gano HP: 8
15/10/2019 4:46:39 10-15-2019 KEOH paso a nivel 21 gano HP: 5
15/10/2019 4:46:39 10-15-2019 KEOH paso a nivel 22 gano HP: 8
15/10/2019 4:46:39 10-15-2019 KEOH paso a nivel 23 gano HP: 6
15/10/2019 4:46:39 10-15-2019 KEOH paso a nivel 24 gano HP: 7
15/10/2019 4:46:39 10-15-2019 KEOH paso a nivel 25 gano HP: 7
15/10/2019 4:46:39 10-15-2019 KEOH paso a nivel 26 gano HP: 7
15/10/2019 4:46:39 10-15-2019 KEOH paso a nivel 27 gano HP: 7
15/10/2019 4:46:39 10-15-2019 KEOH paso a nivel 28 gano HP: 6
15/10/2019 4:46:39 10-15-2019 KEOH paso a nivel 29 gano HP: 8
15/10/2019 4:46:39 10-15-2019 KEOH paso a nivel 30 gano HP: 8
15/10/2019 4:46:39 10-15-2019 KEOH paso a nivel 31 gano HP: 6
15/10/2019 4:46:39 10-15-2019 KEOH paso a nivel 32 gano HP: 8
15/10/2019 4:46:39 10-15-2019 KEOH paso a nivel 33 gano HP: 5
15/10/2019 4:46:39 10-15-2019 KEOH paso a nivel 34 gano HP: 6
15/10/2019 4:46:39 10-15-2019 KEOH paso a nivel 35 gano HP: 5
15/10/2019 4:46:39 10-15-2019 KEOH paso a nivel 36 gano HP: 5
15/10/2019 4:46:39 10-15-2019 KEOH paso a nivel 37 gano HP: 6
15/10/2019 4:46:39 10-15-2019 KEOH paso a nivel 38 gano HP: 8
15/10/2019 4:46:39 10-15-2019 KEOH paso a nivel 39 gano HP: 6
15/10/2019 4:46:39 10-15-2019 KEOH paso a nivel 40 gano HP: 8
15/10/2019 4:46:39 10-15-2019 KEOH paso a nivel 41 gano HP: 5
15/10/2019 4:46:39 10-15-2019 KEOH paso a nivel 42 gano HP: 8
15/10/2019 4:46:39 10-15-2019 KEOH paso a nivel 43 gano HP: 7
15/10/2019 4:46:39 10-15-2019 KEOH paso a nivel 44 gano HP: 5
15/10/2019 4:46:39 10-15-2019 KEOH paso a nivel 45 gano HP: 8
15/10/2019 4:46:39 10-15-2019 KEOH paso a nivel 46 gano HP: 8
15/10/2019 4:46:39 10-15-2019 KEOH paso a nivel 47 gano HP: 5
15/10/2019 4:46:39 10-15-2019 KEOH paso a nivel 48 gano HP: 7
15/10/2019 4:46:39 10-15-2019 KEOH paso a nivel 49 gano HP: 6
15/10/2019 4:46:39 10-15-2019 KEOH paso a nivel 50 gano HP: 7
15/10/2019 4:46:39 10-15-2019 KEOH paso a nivel 51 gano HP: 7
15/10/2019 4:46:39 10-15-2019 KEOH paso a nivel 52 gano HP: 8
15/10/2019 4:46:39 10-15-2019 KEOH paso a nivel 53 gano HP: 7
15/10/2019 4:46:39 10-15-2019 KEOH paso a nivel 54 gano HP: 5
15/10/2019 4:46:39 10-15-2019 KEOH paso a nivel 55 gano HP: 7
21/10/2019 23:13:58 10-21-2019 vere paso a nivel 49 gano HP: 7
21/10/2019 23:13:58 10-21-2019 vere paso a nivel 50 gano HP: 6
21/10/2019 23:13:58 10-21-2019 vere paso a nivel 51 gano HP: 6
21/10/2019 23:13:58 10-21-2019 vere paso a nivel 52 gano HP: 6
21/10/2019 23:13:58 10-21-2019 vere paso a nivel 53 gano HP: 6
21/10/2019 23:13:58 10-21-2019 vere paso a nivel 54 gano HP: 8
21/10/2019 23:13:58 10-21-2019 vere paso a nivel 55 gano HP: 6
27/10/2019 12:10:10 10-27-2019 BASS paso a nivel 2 gano HP: 7
27/10/2019 12:10:10 10-27-2019 BASS paso a nivel 3 gano HP: 6
27/10/2019 12:10:14 10-27-2019 BASS paso a nivel 4 gano HP: 6
27/10/2019 12:10:15 10-27-2019 BASS paso a nivel 5 gano HP: 8
27/10/2019 12:10:17 10-27-2019 BASS paso a nivel 6 gano HP: 8
27/10/2019 12:10:20 10-27-2019 BASS paso a nivel 7 gano HP: 7
27/10/2019 12:10:22 10-27-2019 BASS paso a nivel 8 gano HP: 7
27/10/2019 12:10:49 10-27-2019 BASS paso a nivel 9 gano HP: 8
27/10/2019 12:11:14 10-27-2019 BASS paso a nivel 10 gano HP: 6
27/10/2019 12:11:39 10-27-2019 BASS paso a nivel 11 gano HP: 6
27/10/2019 12:11:55 10-27-2019 BASS paso a nivel 12 gano HP: 8
27/10/2019 12:12:26 10-27-2019 BASS paso a nivel 13 gano HP: 6
27/10/2019 12:13:14 10-27-2019 BASS paso a nivel 14 gano HP: 7
18/03/2020 17:08:23 03-18-2020 vantraxx vv paso a nivel 2 gano HP: 8
18/03/2020 17:08:27 03-18-2020 vantraxx vv paso a nivel 3 gano HP: 7
18/03/2020 18:14:12 03-18-2020 vantraxx vv paso a nivel 4 gano HP: 10
18/03/2020 18:16:28 03-18-2020 vantraxx vv paso a nivel 5 gano HP: 8
18/03/2020 18:22:05 03-18-2020 vantraxx vv paso a nivel 6 gano HP: 9
18/03/2020 18:22:09 03-18-2020 vantraxx vv paso a nivel 7 gano HP: 9
18/03/2020 18:28:01 03-18-2020 vantraxx vv paso a nivel 8 gano HP: 9
18/03/2020 18:31:37 03-18-2020 vantraxx vv paso a nivel 9 gano HP: 6
18/03/2020 18:58:51 03-18-2020 vantraxx vv paso a nivel 10 gano HP: 6
18/03/2020 19:02:27 03-18-2020 vantraxx vv paso a nivel 11 gano HP: 10
18/03/2020 19:08:08 03-18-2020 vantraxx vv paso a nivel 12 gano HP: 7
18/03/2020 19:08:33 03-18-2020 vantraxx vv paso a nivel 13 gano HP: 6
24/03/2020 2:17:56 03-24-2020 guerreseth paso a nivel 2 gano HP: 13
24/03/2020 2:17:56 03-24-2020 guerreseth paso a nivel 3 gano HP: 11
24/03/2020 2:17:56 03-24-2020 guerreseth paso a nivel 4 gano HP: 10
24/03/2020 2:17:56 03-24-2020 guerreseth paso a nivel 5 gano HP: 9
24/03/2020 2:17:56 03-24-2020 guerreseth paso a nivel 6 gano HP: 11
24/03/2020 2:17:56 03-24-2020 guerreseth paso a nivel 7 gano HP: 12
24/03/2020 2:17:56 03-24-2020 guerreseth paso a nivel 8 gano HP: 9
24/03/2020 2:17:56 03-24-2020 guerreseth paso a nivel 9 gano HP: 12
24/03/2020 2:17:56 03-24-2020 guerreseth paso a nivel 10 gano HP: 9
24/03/2020 2:17:56 03-24-2020 guerreseth paso a nivel 11 gano HP: 9
24/03/2020 2:17:56 03-24-2020 guerreseth paso a nivel 12 gano HP: 9
24/03/2020 2:17:56 03-24-2020 guerreseth paso a nivel 13 gano HP: 12
24/03/2020 2:17:56 03-24-2020 guerreseth paso a nivel 14 gano HP: 10
24/03/2020 2:17:56 03-24-2020 guerreseth paso a nivel 15 gano HP: 10
24/03/2020 2:17:56 03-24-2020 guerreseth paso a nivel 16 gano HP: 10
24/03/2020 2:17:56 03-24-2020 guerreseth paso a nivel 17 gano HP: 13
24/03/2020 2:17:56 03-24-2020 guerreseth paso a nivel 18 gano HP: 12
24/03/2020 2:17:56 03-24-2020 guerreseth paso a nivel 19 gano HP: 10
24/03/2020 2:17:56 03-24-2020 guerreseth paso a nivel 20 gano HP: 12
24/03/2020 2:17:56 03-24-2020 guerreseth paso a nivel 21 gano HP: 9
24/03/2020 2:17:56 03-24-2020 guerreseth paso a nivel 22 gano HP: 10
24/03/2020 2:17:56 03-24-2020 guerreseth paso a nivel 23 gano HP: 9
24/03/2020 2:17:56 03-24-2020 guerreseth paso a nivel 24 gano HP: 12
24/03/2020 2:17:56 03-24-2020 guerreseth paso a nivel 25 gano HP: 12
24/03/2020 2:17:56 03-24-2020 guerreseth paso a nivel 26 gano HP: 13
24/03/2020 2:17:56 03-24-2020 guerreseth paso a nivel 27 gano HP: 10
24/03/2020 2:17:56 03-24-2020 guerreseth paso a nivel 28 gano HP: 11
24/03/2020 2:17:56 03-24-2020 guerreseth paso a nivel 29 gano HP: 11
24/03/2020 2:17:56 03-24-2020 guerreseth paso a nivel 30 gano HP: 12
24/03/2020 2:17:56 03-24-2020 guerreseth paso a nivel 31 gano HP: 12
24/03/2020 2:17:56 03-24-2020 guerreseth paso a nivel 32 gano HP: 11
24/03/2020 2:17:56 03-24-2020 guerreseth paso a nivel 33 gano HP: 13
24/03/2020 2:17:56 03-24-2020 guerreseth paso a nivel 34 gano HP: 9
24/03/2020 2:17:56 03-24-2020 guerreseth paso a nivel 35 gano HP: 11
24/03/2020 2:17:56 03-24-2020 guerreseth paso a nivel 36 gano HP: 13
24/03/2020 2:17:56 03-24-2020 guerreseth paso a nivel 37 gano HP: 13
24/03/2020 2:17:56 03-24-2020 guerreseth paso a nivel 38 gano HP: 12
24/03/2020 2:17:56 03-24-2020 guerreseth paso a nivel 39 gano HP: 11
24/03/2020 2:17:56 03-24-2020 guerreseth paso a nivel 40 gano HP: 12
24/03/2020 2:17:56 03-24-2020 guerreseth paso a nivel 41 gano HP: 12
24/03/2020 2:17:56 03-24-2020 guerreseth paso a nivel 42 gano HP: 13
24/03/2020 2:17:56 03-24-2020 guerreseth paso a nivel 43 gano HP: 10
24/03/2020 2:17:56 03-24-2020 guerreseth paso a nivel 44 gano HP: 13
24/03/2020 2:17:56 03-24-2020 guerreseth paso a nivel 45 gano HP: 9
24/03/2020 2:30:28 03-24-2020 TESTGUERRE paso a nivel 2 gano HP: 9
24/03/2020 2:30:28 03-24-2020 TESTGUERRE paso a nivel 3 gano HP: 11
24/03/2020 2:30:28 03-24-2020 TESTGUERRE paso a nivel 4 gano HP: 10
24/03/2020 2:30:28 03-24-2020 TESTGUERRE paso a nivel 5 gano HP: 10
24/03/2020 2:30:28 03-24-2020 TESTGUERRE paso a nivel 6 gano HP: 10
24/03/2020 2:30:28 03-24-2020 TESTGUERRE paso a nivel 7 gano HP: 9
24/03/2020 2:30:28 03-24-2020 TESTGUERRE paso a nivel 8 gano HP: 10
24/03/2020 2:30:28 03-24-2020 TESTGUERRE paso a nivel 9 gano HP: 10
24/03/2020 2:30:28 03-24-2020 TESTGUERRE paso a nivel 10 gano HP: 10
24/03/2020 2:30:28 03-24-2020 TESTGUERRE paso a nivel 11 gano HP: 10
24/03/2020 2:30:28 03-24-2020 TESTGUERRE paso a nivel 12 gano HP: 10
24/03/2020 2:30:28 03-24-2020 TESTGUERRE paso a nivel 13 gano HP: 10
24/03/2020 2:30:28 03-24-2020 TESTGUERRE paso a nivel 14 gano HP: 11
24/03/2020 2:30:28 03-24-2020 TESTGUERRE paso a nivel 15 gano HP: 10
24/03/2020 2:30:28 03-24-2020 TESTGUERRE paso a nivel 16 gano HP: 11
24/03/2020 2:30:28 03-24-2020 TESTGUERRE paso a nivel 17 gano HP: 10
24/03/2020 2:30:28 03-24-2020 TESTGUERRE paso a nivel 18 gano HP: 10
24/03/2020 2:30:28 03-24-2020 TESTGUERRE paso a nivel 19 gano HP: 9
24/03/2020 2:30:28 03-24-2020 TESTGUERRE paso a nivel 20 gano HP: 10
24/03/2020 2:30:28 03-24-2020 TESTGUERRE paso a nivel 21 gano HP: 10
24/03/2020 2:30:28 03-24-2020 TESTGUERRE paso a nivel 22 gano HP: 9
24/03/2020 2:30:28 03-24-2020 TESTGUERRE paso a nivel 23 gano HP: 9
24/03/2020 2:30:28 03-24-2020 TESTGUERRE paso a nivel 24 gano HP: 10
24/03/2020 2:30:28 03-24-2020 TESTGUERRE paso a nivel 25 gano HP: 9
24/03/2020 2:30:28 03-24-2020 TESTGUERRE paso a nivel 26 gano HP: 9
24/03/2020 2:30:28 03-24-2020 TESTGUERRE paso a nivel 27 gano HP: 11
24/03/2020 2:30:28 03-24-2020 TESTGUERRE paso a nivel 28 gano HP: 10
24/03/2020 2:30:28 03-24-2020 TESTGUERRE paso a nivel 29 gano HP: 11
24/03/2020 2:30:28 03-24-2020 TESTGUERRE paso a nivel 30 gano HP: 10
24/03/2020 2:30:28 03-24-2020 TESTGUERRE paso a nivel 31 gano HP: 10
24/03/2020 2:30:28 03-24-2020 TESTGUERRE paso a nivel 32 gano HP: 11
24/03/2020 2:30:28 03-24-2020 TESTGUERRE paso a nivel 33 gano HP: 10
24/03/2020 2:30:28 03-24-2020 TESTGUERRE paso a nivel 34 gano HP: 11
24/03/2020 2:30:28 03-24-2020 TESTGUERRE paso a nivel 35 gano HP: 10
24/03/2020 2:30:28 03-24-2020 TESTGUERRE paso a nivel 36 gano HP: 10
24/03/2020 2:30:28 03-24-2020 TESTGUERRE paso a nivel 37 gano HP: 11
24/03/2020 2:30:28 03-24-2020 TESTGUERRE paso a nivel 38 gano HP: 11
24/03/2020 2:30:28 03-24-2020 TESTGUERRE paso a nivel 39 gano HP: 10
24/03/2020 2:30:28 03-24-2020 TESTGUERRE paso a nivel 40 gano HP: 10
24/03/2020 2:30:28 03-24-2020 TESTGUERRE paso a nivel 41 gano HP: 11
24/03/2020 2:30:28 03-24-2020 TESTGUERRE paso a nivel 42 gano HP: 10
24/03/2020 2:30:28 03-24-2020 TESTGUERRE paso a nivel 43 gano HP: 9
24/03/2020 2:30:28 03-24-2020 TESTGUERRE paso a nivel 44 gano HP: 10
24/03/2020 2:30:28 03-24-2020 TESTGUERRE paso a nivel 45 gano HP: 11
24/03/2020 2:34:54 03-24-2020 SETHGUERRETEST paso a nivel 2 gano HP: 9
24/03/2020 2:34:54 03-24-2020 SETHGUERRETEST paso a nivel 3 gano HP: 11
24/03/2020 2:34:54 03-24-2020 SETHGUERRETEST paso a nivel 4 gano HP: 9
24/03/2020 2:34:54 03-24-2020 SETHGUERRETEST paso a nivel 5 gano HP: 9
24/03/2020 2:34:54 03-24-2020 SETHGUERRETEST paso a nivel 6 gano HP: 10
24/03/2020 2:34:54 03-24-2020 SETHGUERRETEST paso a nivel 7 gano HP: 11
24/03/2020 2:34:54 03-24-2020 SETHGUERRETEST paso a nivel 8 gano HP: 11
24/03/2020 2:34:54 03-24-2020 SETHGUERRETEST paso a nivel 9 gano HP: 9
24/03/2020 2:34:54 03-24-2020 SETHGUERRETEST paso a nivel 10 gano HP: 11
24/03/2020 2:34:54 03-24-2020 SETHGUERRETEST paso a nivel 11 gano HP: 11
24/03/2020 2:34:54 03-24-2020 SETHGUERRETEST paso a nivel 12 gano HP: 10
24/03/2020 2:34:54 03-24-2020 SETHGUERRETEST paso a nivel 13 gano HP: 9
24/03/2020 2:34:54 03-24-2020 SETHGUERRETEST paso a nivel 14 gano HP: 10
24/03/2020 2:34:54 03-24-2020 SETHGUERRETEST paso a nivel 15 gano HP: 9
24/03/2020 2:34:54 03-24-2020 SETHGUERRETEST paso a nivel 16 gano HP: 9
24/03/2020 2:34:54 03-24-2020 SETHGUERRETEST paso a nivel 17 gano HP: 10
24/03/2020 2:34:54 03-24-2020 SETHGUERRETEST paso a nivel 18 gano HP: 10
24/03/2020 2:34:54 03-24-2020 SETHGUERRETEST paso a nivel 19 gano HP: 11
24/03/2020 2:34:54 03-24-2020 SETHGUERRETEST paso a nivel 20 gano HP: 10
24/03/2020 2:34:54 03-24-2020 SETHGUERRETEST paso a nivel 21 gano HP: 10
24/03/2020 2:52:46 03-24-2020 Seth paso a nivel 2 gano HP: 6
24/03/2020 2:52:46 03-24-2020 Seth paso a nivel 3 gano HP: 5
24/03/2020 2:52:46 03-24-2020 Seth paso a nivel 4 gano HP: 6
24/03/2020 2:52:49 03-24-2020 Seth paso a nivel 5 gano HP: 7
24/03/2020 2:52:50 03-24-2020 Seth paso a nivel 6 gano HP: 7
24/03/2020 2:52:51 03-24-2020 Seth paso a nivel 7 gano HP: 6
24/03/2020 2:52:55 03-24-2020 Seth paso a nivel 8 gano HP: 7
24/03/2020 2:52:55 03-24-2020 Seth paso a nivel 9 gano HP: 6
24/03/2020 2:52:55 03-24-2020 Seth paso a nivel 10 gano HP: 7
24/03/2020 2:52:55 03-24-2020 Seth paso a nivel 11 gano HP: 7
24/03/2020 2:52:55 03-24-2020 Seth paso a nivel 12 gano HP: 5
24/03/2020 2:52:55 03-24-2020 Seth paso a nivel 13 gano HP: 6
24/03/2020 2:52:55 03-24-2020 Seth paso a nivel 14 gano HP: 7
24/03/2020 2:52:55 03-24-2020 Seth paso a nivel 15 gano HP: 6
24/03/2020 2:52:55 03-24-2020 Seth paso a nivel 16 gano HP: 6
24/03/2020 2:52:55 03-24-2020 Seth paso a nivel 17 gano HP: 6
24/03/2020 2:52:55 03-24-2020 Seth paso a nivel 18 gano HP: 7
24/03/2020 2:52:55 03-24-2020 Seth paso a nivel 19 gano HP: 6
24/03/2020 2:52:55 03-24-2020 Seth paso a nivel 20 gano HP: 6
24/03/2020 2:52:55 03-24-2020 Seth paso a nivel 21 gano HP: 6
24/03/2020 2:52:55 03-24-2020 Seth paso a nivel 22 gano HP: 6
24/03/2020 2:52:55 03-24-2020 Seth paso a nivel 23 gano HP: 6
24/03/2020 2:52:55 03-24-2020 Seth paso a nivel 24 gano HP: 5
24/03/2020 2:52:55 03-24-2020 Seth paso a nivel 25 gano HP: 6
24/03/2020 2:52:55 03-24-2020 Seth paso a nivel 26 gano HP: 6
24/03/2020 2:52:55 03-24-2020 Seth paso a nivel 27 gano HP: 5
24/03/2020 2:52:55 03-24-2020 Seth paso a nivel 28 gano HP: 6
24/03/2020 2:52:55 03-24-2020 Seth paso a nivel 29 gano HP: 6
24/03/2020 2:52:55 03-24-2020 Seth paso a nivel 30 gano HP: 7
24/03/2020 2:52:55 03-24-2020 Seth paso a nivel 31 gano HP: 7
24/03/2020 2:52:55 03-24-2020 Seth paso a nivel 32 gano HP: 7
24/03/2020 2:52:55 03-24-2020 Seth paso a nivel 33 gano HP: 5
24/03/2020 2:52:55 03-24-2020 Seth paso a nivel 34 gano HP: 6
24/03/2020 2:52:55 03-24-2020 Seth paso a nivel 35 gano HP: 7
24/03/2020 2:52:55 03-24-2020 Seth paso a nivel 36 gano HP: 6
24/03/2020 2:52:55 03-24-2020 Seth paso a nivel 37 gano HP: 5
24/03/2020 2:52:55 03-24-2020 Seth paso a nivel 38 gano HP: 7
24/03/2020 2:52:55 03-24-2020 Seth paso a nivel 39 gano HP: 5
24/03/2020 2:52:55 03-24-2020 Seth paso a nivel 40 gano HP: 6
24/03/2020 2:52:55 03-24-2020 Seth paso a nivel 41 gano HP: 7
24/03/2020 2:52:55 03-24-2020 Seth paso a nivel 42 gano HP: 5
24/03/2020 2:52:55 03-24-2020 Seth paso a nivel 43 gano HP: 6
24/03/2020 2:52:55 03-24-2020 Seth paso a nivel 44 gano HP: 6
24/03/2020 2:52:55 03-24-2020 Seth paso a nivel 45 gano HP: 5
24/03/2020 2:52:55 03-24-2020 Seth paso a nivel 46 gano HP: 6
24/03/2020 2:52:55 03-24-2020 Seth paso a nivel 47 gano HP: 7
24/03/2020 2:52:55 03-24-2020 Seth paso a nivel 48 gano HP: 7
24/03/2020 2:52:55 03-24-2020 Seth paso a nivel 49 gano HP: 6
24/03/2020 3:11:08 03-24-2020 Seth paso a nivel 2 gano HP: 7
24/03/2020 3:11:08 03-24-2020 Seth paso a nivel 3 gano HP: 8
24/03/2020 3:11:08 03-24-2020 Seth paso a nivel 4 gano HP: 7
24/03/2020 3:11:08 03-24-2020 Seth paso a nivel 5 gano HP: 7
24/03/2020 3:11:08 03-24-2020 Seth paso a nivel 6 gano HP: 8
24/03/2020 3:11:08 03-24-2020 Seth paso a nivel 7 gano HP: 6
24/03/2020 3:11:08 03-24-2020 Seth paso a nivel 8 gano HP: 8
24/03/2020 3:11:08 03-24-2020 Seth paso a nivel 9 gano HP: 6
24/03/2020 3:11:08 03-24-2020 Seth paso a nivel 10 gano HP: 7
24/03/2020 3:11:08 03-24-2020 Seth paso a nivel 11 gano HP: 7
24/03/2020 3:11:08 03-24-2020 Seth paso a nivel 12 gano HP: 6
24/03/2020 3:11:08 03-24-2020 Seth paso a nivel 13 gano HP: 6
24/03/2020 3:11:08 03-24-2020 Seth paso a nivel 14 gano HP: 8
24/03/2020 3:11:08 03-24-2020 Seth paso a nivel 15 gano HP: 6
24/03/2020 3:11:08 03-24-2020 Seth paso a nivel 16 gano HP: 7
24/03/2020 3:11:08 03-24-2020 Seth paso a nivel 17 gano HP: 6
24/03/2020 3:11:08 03-24-2020 Seth paso a nivel 18 gano HP: 8
24/03/2020 3:11:08 03-24-2020 Seth paso a nivel 19 gano HP: 6
24/03/2020 3:11:08 03-24-2020 Seth paso a nivel 20 gano HP: 7
24/03/2020 3:11:08 03-24-2020 Seth paso a nivel 21 gano HP: 6
24/03/2020 3:11:08 03-24-2020 Seth paso a nivel 22 gano HP: 6
24/03/2020 3:11:08 03-24-2020 Seth paso a nivel 23 gano HP: 7
24/03/2020 3:11:08 03-24-2020 Seth paso a nivel 24 gano HP: 8
24/03/2020 3:11:08 03-24-2020 Seth paso a nivel 25 gano HP: 7
24/03/2020 3:11:08 03-24-2020 Seth paso a nivel 26 gano HP: 8
24/03/2020 3:11:08 03-24-2020 Seth paso a nivel 27 gano HP: 7
24/03/2020 3:11:08 03-24-2020 Seth paso a nivel 28 gano HP: 8
24/03/2020 3:11:08 03-24-2020 Seth paso a nivel 29 gano HP: 8
24/03/2020 3:11:08 03-24-2020 Seth paso a nivel 30 gano HP: 6
24/03/2020 3:11:08 03-24-2020 Seth paso a nivel 31 gano HP: 6
24/03/2020 3:11:08 03-24-2020 Seth paso a nivel 32 gano HP: 7
24/03/2020 3:11:08 03-24-2020 Seth paso a nivel 33 gano HP: 8
24/03/2020 3:11:08 03-24-2020 Seth paso a nivel 34 gano HP: 8
24/03/2020 3:11:08 03-24-2020 Seth paso a nivel 35 gano HP: 6
24/03/2020 3:11:08 03-24-2020 Seth paso a nivel 36 gano HP: 6
24/03/2020 3:11:08 03-24-2020 Seth paso a nivel 37 gano HP: 7
24/03/2020 3:11:08 03-24-2020 Seth paso a nivel 38 gano HP: 8
24/03/2020 3:11:08 03-24-2020 Seth paso a nivel 39 gano HP: 6
24/03/2020 3:11:08 03-24-2020 Seth paso a nivel 40 gano HP: 7
24/03/2020 3:11:08 03-24-2020 Seth paso a nivel 41 gano HP: 8
24/03/2020 3:11:08 03-24-2020 Seth paso a nivel 42 gano HP: 6
24/03/2020 3:11:08 03-24-2020 Seth paso a nivel 43 gano HP: 7
24/03/2020 3:11:08 03-24-2020 Seth paso a nivel 44 gano HP: 7
24/03/2020 3:11:08 03-24-2020 Seth paso a nivel 45 gano HP: 8
03/04/2020 15:45:01 04-03-2020 ASESETH paso a nivel 2 gano HP: 5
03/04/2020 15:45:01 04-03-2020 ASESETH paso a nivel 3 gano HP: 5
03/04/2020 15:45:01 04-03-2020 ASESETH paso a nivel 4 gano HP: 7
03/04/2020 15:45:01 04-03-2020 ASESETH paso a nivel 5 gano HP: 8
03/04/2020 15:45:01 04-03-2020 ASESETH paso a nivel 6 gano HP: 8
03/04/2020 15:45:01 04-03-2020 ASESETH paso a nivel 7 gano HP: 8
03/04/2020 15:45:01 04-03-2020 ASESETH paso a nivel 8 gano HP: 8
03/04/2020 15:45:01 04-03-2020 ASESETH paso a nivel 9 gano HP: 6
03/04/2020 15:45:01 04-03-2020 ASESETH paso a nivel 10 gano HP: 6
03/04/2020 15:45:01 04-03-2020 ASESETH paso a nivel 11 gano HP: 7
03/04/2020 15:45:01 04-03-2020 ASESETH paso a nivel 12 gano HP: 5
03/04/2020 15:45:01 04-03-2020 ASESETH paso a nivel 13 gano HP: 6
03/04/2020 15:45:01 04-03-2020 ASESETH paso a nivel 14 gano HP: 5
03/04/2020 15:45:01 04-03-2020 ASESETH paso a nivel 15 gano HP: 6
03/04/2020 15:45:01 04-03-2020 ASESETH paso a nivel 16 gano HP: 6
03/04/2020 15:45:01 04-03-2020 ASESETH paso a nivel 17 gano HP: 6
03/04/2020 15:45:01 04-03-2020 ASESETH paso a nivel 18 gano HP: 6
03/04/2020 15:45:01 04-03-2020 ASESETH paso a nivel 19 gano HP: 8
03/04/2020 15:45:01 04-03-2020 ASESETH paso a nivel 20 gano HP: 5
03/04/2020 15:45:01 04-03-2020 ASESETH paso a nivel 21 gano HP: 8
03/04/2020 15:45:01 04-03-2020 ASESETH paso a nivel 22 gano HP: 7
03/04/2020 15:45:01 04-03-2020 ASESETH paso a nivel 23 gano HP: 6
03/04/2020 15:45:01 04-03-2020 ASESETH paso a nivel 24 gano HP: 6
03/04/2020 15:45:01 04-03-2020 ASESETH paso a nivel 25 gano HP: 7
03/04/2020 15:45:01 04-03-2020 ASESETH paso a nivel 26 gano HP: 6
03/04/2020 15:45:01 04-03-2020 ASESETH paso a nivel 27 gano HP: 6
03/04/2020 15:45:01 04-03-2020 ASESETH paso a nivel 28 gano HP: 7
03/04/2020 15:45:01 04-03-2020 ASESETH paso a nivel 29 gano HP: 7
03/04/2020 15:45:01 04-03-2020 ASESETH paso a nivel 30 gano HP: 5
03/04/2020 15:45:01 04-03-2020 ASESETH paso a nivel 31 gano HP: 6
03/04/2020 15:45:01 04-03-2020 ASESETH paso a nivel 32 gano HP: 8
03/04/2020 15:45:01 04-03-2020 ASESETH paso a nivel 33 gano HP: 8
03/04/2020 15:45:01 04-03-2020 ASESETH paso a nivel 34 gano HP: 7
03/04/2020 15:45:01 04-03-2020 ASESETH paso a nivel 35 gano HP: 7
03/04/2020 15:45:01 04-03-2020 ASESETH paso a nivel 36 gano HP: 8
03/04/2020 15:45:01 04-03-2020 ASESETH paso a nivel 37 gano HP: 6
03/04/2020 15:45:01 04-03-2020 ASESETH paso a nivel 38 gano HP: 8
03/04/2020 15:45:01 04-03-2020 ASESETH paso a nivel 39 gano HP: 5
03/04/2020 15:45:01 04-03-2020 ASESETH paso a nivel 40 gano HP: 7
03/04/2020 15:46:59 04-03-2020 aseseth paso a nivel 2 gano HP: 7
03/04/2020 15:46:59 04-03-2020 aseseth paso a nivel 3 gano HP: 6
03/04/2020 15:46:59 04-03-2020 aseseth paso a nivel 4 gano HP: 7
03/04/2020 15:46:59 04-03-2020 aseseth paso a nivel 5 gano HP: 5
03/04/2020 15:46:59 04-03-2020 aseseth paso a nivel 6 gano HP: 7
03/04/2020 15:46:59 04-03-2020 aseseth paso a nivel 7 gano HP: 6
03/04/2020 15:46:59 04-03-2020 aseseth paso a nivel 8 gano HP: 7
03/04/2020 15:46:59 04-03-2020 aseseth paso a nivel 9 gano HP: 8
03/04/2020 15:46:59 04-03-2020 aseseth paso a nivel 10 gano HP: 8
03/04/2020 15:46:59 04-03-2020 aseseth paso a nivel 11 gano HP: 7
03/04/2020 15:46:59 04-03-2020 aseseth paso a nivel 12 gano HP: 5
03/04/2020 15:46:59 04-03-2020 aseseth paso a nivel 13 gano HP: 7
03/04/2020 15:46:59 04-03-2020 aseseth paso a nivel 14 gano HP: 6
03/04/2020 15:46:59 04-03-2020 aseseth paso a nivel 15 gano HP: 8
03/04/2020 15:46:59 04-03-2020 aseseth paso a nivel 16 gano HP: 8
03/04/2020 15:46:59 04-03-2020 aseseth paso a nivel 17 gano HP: 7
03/04/2020 15:46:59 04-03-2020 aseseth paso a nivel 18 gano HP: 5
03/04/2020 15:46:59 04-03-2020 aseseth paso a nivel 19 gano HP: 8
03/04/2020 15:46:59 04-03-2020 aseseth paso a nivel 20 gano HP: 7
03/04/2020 15:46:59 04-03-2020 aseseth paso a nivel 21 gano HP: 8
03/04/2020 15:46:59 04-03-2020 aseseth paso a nivel 22 gano HP: 5
03/04/2020 15:46:59 04-03-2020 aseseth paso a nivel 23 gano HP: 8
03/04/2020 15:46:59 04-03-2020 aseseth paso a nivel 24 gano HP: 8
03/04/2020 15:46:59 04-03-2020 aseseth paso a nivel 25 gano HP: 7
03/04/2020 15:46:59 04-03-2020 aseseth paso a nivel 26 gano HP: 8
03/04/2020 15:46:59 04-03-2020 aseseth paso a nivel 27 gano HP: 6
03/04/2020 15:46:59 04-03-2020 aseseth paso a nivel 28 gano HP: 8
03/04/2020 15:46:59 04-03-2020 aseseth paso a nivel 29 gano HP: 5
03/04/2020 15:46:59 04-03-2020 aseseth paso a nivel 30 gano HP: 6
03/04/2020 15:46:59 04-03-2020 aseseth paso a nivel 31 gano HP: 5
03/04/2020 15:46:59 04-03-2020 aseseth paso a nivel 32 gano HP: 6
03/04/2020 15:46:59 04-03-2020 aseseth paso a nivel 33 gano HP: 5
03/04/2020 15:46:59 04-03-2020 aseseth paso a nivel 34 gano HP: 5
03/04/2020 15:46:59 04-03-2020 aseseth paso a nivel 35 gano HP: 7
03/04/2020 15:46:59 04-03-2020 aseseth paso a nivel 36 gano HP: 6
03/04/2020 15:46:59 04-03-2020 aseseth paso a nivel 37 gano HP: 6
03/04/2020 15:46:59 04-03-2020 aseseth paso a nivel 38 gano HP: 6
03/04/2020 15:46:59 04-03-2020 aseseth paso a nivel 39 gano HP: 7
03/04/2020 15:46:59 04-03-2020 aseseth paso a nivel 40 gano HP: 7
03/04/2020 15:46:59 04-03-2020 aseseth paso a nivel 41 gano HP: 5
03/04/2020 15:46:59 04-03-2020 aseseth paso a nivel 42 gano HP: 6
03/04/2020 15:46:59 04-03-2020 aseseth paso a nivel 43 gano HP: 7
03/04/2020 15:46:59 04-03-2020 aseseth paso a nivel 44 gano HP: 8
03/04/2020 15:46:59 04-03-2020 aseseth paso a nivel 45 gano HP: 7
03/04/2020 22:08:03 04-03-2020 PALASEET paso a nivel 2 gano HP: 7
03/04/2020 22:08:06 04-03-2020 PALASEET paso a nivel 3 gano HP: 8
03/04/2020 22:08:06 04-03-2020 PALASEET paso a nivel 4 gano HP: 7
03/04/2020 22:08:13 04-03-2020 PALASEET paso a nivel 5 gano HP: 9
03/04/2020 22:08:13 04-03-2020 PALASEET paso a nivel 6 gano HP: 7
03/04/2020 22:08:27 04-03-2020 PALASEET paso a nivel 7 gano HP: 8
04/04/2020 2:36:03 04-04-2020 SETHGUERRESETH paso a nivel 2 gano HP: 11
04/04/2020 2:36:03 04-04-2020 SETHGUERRESETH paso a nivel 3 gano HP: 11
04/04/2020 2:36:03 04-04-2020 SETHGUERRESETH paso a nivel 4 gano HP: 9
04/04/2020 2:40:17 04-04-2020 sethguerre paso a nivel 2 gano HP: 9
04/04/2020 2:40:17 04-04-2020 sethguerre paso a nivel 3 gano HP: 13
04/04/2020 2:40:17 04-04-2020 sethguerre paso a nivel 4 gano HP: 11
04/04/2020 2:40:17 04-04-2020 sethguerre paso a nivel 5 gano HP: 11
04/04/2020 2:40:37 04-04-2020 sethguerre paso a nivel 6 gano HP: 10
04/04/2020 2:40:37 04-04-2020 sethguerre paso a nivel 7 gano HP: 12
04/04/2020 2:41:09 04-04-2020 sethguerre paso a nivel 8 gano HP: 9
04/04/2020 2:41:09 04-04-2020 sethguerre paso a nivel 9 gano HP: 10
04/04/2020 2:41:17 04-04-2020 sethguerre paso a nivel 10 gano HP: 11
04/04/2020 2:41:17 04-04-2020 sethguerre paso a nivel 11 gano HP: 13
07/04/2020 16:01:50 04-07-2020 sethguerre paso a nivel 12 gano HP: 9
07/04/2020 16:01:51 04-07-2020 sethguerre paso a nivel 13 gano HP: 13
07/04/2020 16:02:04 04-07-2020 sethguerre paso a nivel 14 gano HP: 9
09/04/2020 0:34:37 04-09-2020 Licantropo paso a nivel 15 gano HP: 5
09/04/2020 0:34:37 04-09-2020 Licantropo paso a nivel 16 gano HP: 5
09/04/2020 0:34:37 04-09-2020 Licantropo paso a nivel 17 gano HP: 5
09/04/2020 0:34:37 04-09-2020 Licantropo paso a nivel 18 gano HP: 6
09/04/2020 0:34:37 04-09-2020 Licantropo paso a nivel 19 gano HP: 7
09/04/2020 0:34:37 04-09-2020 Licantropo paso a nivel 20 gano HP: 6
09/04/2020 0:34:37 04-09-2020 Licantropo paso a nivel 21 gano HP: 5
09/04/2020 0:34:37 04-09-2020 Licantropo paso a nivel 22 gano HP: 6
09/04/2020 0:34:37 04-09-2020 Licantropo paso a nivel 23 gano HP: 6
09/04/2020 0:34:37 04-09-2020 Licantropo paso a nivel 24 gano HP: 5
09/04/2020 0:34:37 04-09-2020 Licantropo paso a nivel 25 gano HP: 5
09/04/2020 0:34:37 04-09-2020 Licantropo paso a nivel 26 gano HP: 7
09/04/2020 0:34:37 04-09-2020 Licantropo paso a nivel 27 gano HP: 6
09/04/2020 0:34:37 04-09-2020 Licantropo paso a nivel 28 gano HP: 6
09/04/2020 0:34:37 04-09-2020 Licantropo paso a nivel 29 gano HP: 7
09/04/2020 0:34:37 04-09-2020 Licantropo paso a nivel 30 gano HP: 5
09/04/2020 0:34:37 04-09-2020 Licantropo paso a nivel 31 gano HP: 5
09/04/2020 0:34:37 04-09-2020 Licantropo paso a nivel 32 gano HP: 6
09/04/2020 0:34:37 04-09-2020 Licantropo paso a nivel 33 gano HP: 7
09/04/2020 0:34:37 04-09-2020 Licantropo paso a nivel 34 gano HP: 6
09/04/2020 0:34:37 04-09-2020 Licantropo paso a nivel 35 gano HP: 5
09/04/2020 0:34:37 04-09-2020 Licantropo paso a nivel 36 gano HP: 6
09/04/2020 0:34:37 04-09-2020 Licantropo paso a nivel 37 gano HP: 7
09/04/2020 0:34:37 04-09-2020 Licantropo paso a nivel 38 gano HP: 6
09/04/2020 0:34:37 04-09-2020 Licantropo paso a nivel 39 gano HP: 6
10/04/2020 13:05:17 04-10-2020 Visu paso a nivel 40 gano HP: 8
19/04/2020 8:42:22 04-19-2020 Rana paso a nivel 2 gano HP: 8
19/04/2020 8:42:22 04-19-2020 Rana paso a nivel 3 gano HP: 8
19/04/2020 8:42:22 04-19-2020 Rana paso a nivel 4 gano HP: 7
19/04/2020 8:42:22 04-19-2020 Rana paso a nivel 5 gano HP: 8
19/04/2020 8:42:22 04-19-2020 Rana paso a nivel 6 gano HP: 7
19/04/2020 8:42:22 04-19-2020 Rana paso a nivel 7 gano HP: 6
19/04/2020 8:42:22 04-19-2020 Rana paso a nivel 8 gano HP: 6
19/04/2020 8:42:22 04-19-2020 Rana paso a nivel 9 gano HP: 6
19/04/2020 8:42:22 04-19-2020 Rana paso a nivel 10 gano HP: 8
19/04/2020 8:42:22 04-19-2020 Rana paso a nivel 11 gano HP: 6
19/04/2020 8:42:22 04-19-2020 Rana paso a nivel 12 gano HP: 6
19/04/2020 8:42:22 04-19-2020 Rana paso a nivel 13 gano HP: 8
19/04/2020 8:42:22 04-19-2020 Rana paso a nivel 14 gano HP: 8
19/04/2020 8:42:22 04-19-2020 Rana paso a nivel 15 gano HP: 6
19/04/2020 8:42:22 04-19-2020 Rana paso a nivel 16 gano HP: 5
19/04/2020 8:42:22 04-19-2020 Rana paso a nivel 17 gano HP: 7
19/04/2020 8:42:22 04-19-2020 Rana paso a nivel 18 gano HP: 7
19/04/2020 8:42:22 04-19-2020 Rana paso a nivel 19 gano HP: 5
19/04/2020 8:42:22 04-19-2020 Rana paso a nivel 20 gano HP: 5
19/04/2020 8:42:22 04-19-2020 Rana paso a nivel 21 gano HP: 7
19/04/2020 8:42:22 04-19-2020 Rana paso a nivel 22 gano HP: 5
19/04/2020 8:42:22 04-19-2020 Rana paso a nivel 23 gano HP: 7
19/04/2020 8:42:22 04-19-2020 Rana paso a nivel 24 gano HP: 6
19/04/2020 8:42:22 04-19-2020 Rana paso a nivel 25 gano HP: 8
19/04/2020 8:42:22 04-19-2020 Rana paso a nivel 26 gano HP: 5
19/04/2020 8:42:22 04-19-2020 Rana paso a nivel 27 gano HP: 7
19/04/2020 8:42:22 04-19-2020 Rana paso a nivel 28 gano HP: 6
19/04/2020 8:42:22 04-19-2020 Rana paso a nivel 29 gano HP: 7
19/04/2020 8:42:22 04-19-2020 Rana paso a nivel 30 gano HP: 7
22/04/2020 18:18:23 04-22-2020 artharionn paso a nivel 2 gano HP: 5
22/04/2020 18:18:23 04-22-2020 artharionn paso a nivel 3 gano HP: 6
22/04/2020 18:18:23 04-22-2020 artharionn paso a nivel 4 gano HP: 6
22/04/2020 18:18:23 04-22-2020 artharionn paso a nivel 5 gano HP: 5
22/04/2020 18:18:23 04-22-2020 artharionn paso a nivel 6 gano HP: 6
22/04/2020 18:18:23 04-22-2020 artharionn paso a nivel 7 gano HP: 5
22/04/2020 18:18:23 04-22-2020 artharionn paso a nivel 8 gano HP: 5
22/04/2020 18:18:23 04-22-2020 artharionn paso a nivel 9 gano HP: 6
22/04/2020 18:18:23 04-22-2020 artharionn paso a nivel 10 gano HP: 5
22/04/2020 18:18:23 04-22-2020 artharionn paso a nivel 11 gano HP: 5
22/04/2020 18:18:23 04-22-2020 artharionn paso a nivel 12 gano HP: 6
22/04/2020 18:18:23 04-22-2020 artharionn paso a nivel 13 gano HP: 5
22/04/2020 18:18:23 04-22-2020 artharionn paso a nivel 14 gano HP: 6
22/04/2020 18:18:23 04-22-2020 artharionn paso a nivel 15 gano HP: 5
22/04/2020 18:18:23 04-22-2020 artharionn paso a nivel 16 gano HP: 5
22/04/2020 18:18:23 04-22-2020 artharionn paso a nivel 17 gano HP: 6
22/04/2020 18:18:23 04-22-2020 artharionn paso a nivel 18 gano HP: 5
22/04/2020 18:18:23 04-22-2020 artharionn paso a nivel 19 gano HP: 6
22/04/2020 18:18:23 04-22-2020 artharionn paso a nivel 20 gano HP: 5
22/04/2020 18:18:23 04-22-2020 artharionn paso a nivel 21 gano HP: 5
22/04/2020 18:18:23 04-22-2020 artharionn paso a nivel 22 gano HP: 6
22/04/2020 18:18:23 04-22-2020 artharionn paso a nivel 23 gano HP: 5
22/04/2020 18:18:23 04-22-2020 artharionn paso a nivel 24 gano HP: 6
22/04/2020 18:18:23 04-22-2020 artharionn paso a nivel 25 gano HP: 5
22/04/2020 18:18:23 04-22-2020 artharionn paso a nivel 26 gano HP: 5
22/04/2020 18:18:23 04-22-2020 artharionn paso a nivel 27 gano HP: 5
22/04/2020 18:18:23 04-22-2020 artharionn paso a nivel 28 gano HP: 5
22/04/2020 18:18:23 04-22-2020 artharionn paso a nivel 29 gano HP: 6
22/04/2020 18:18:23 04-22-2020 artharionn paso a nivel 30 gano HP: 6
22/04/2020 18:18:23 04-22-2020 artharionn paso a nivel 31 gano HP: 5
22/04/2020 18:19:57 04-22-2020 PERA paso a nivel 2 gano HP: 7
22/04/2020 18:19:57 04-22-2020 PERA paso a nivel 3 gano HP: 7
22/04/2020 18:19:57 04-22-2020 PERA paso a nivel 4 gano HP: 6
22/04/2020 18:19:57 04-22-2020 PERA paso a nivel 5 gano HP: 6
22/04/2020 18:19:57 04-22-2020 PERA paso a nivel 6 gano HP: 7
22/04/2020 18:19:57 04-22-2020 PERA paso a nivel 7 gano HP: 8
22/04/2020 18:19:57 04-22-2020 PERA paso a nivel 8 gano HP: 7
22/04/2020 18:19:57 04-22-2020 PERA paso a nivel 9 gano HP: 6
22/04/2020 18:19:57 04-22-2020 PERA paso a nivel 10 gano HP: 6
22/04/2020 18:19:57 04-22-2020 PERA paso a nivel 11 gano HP: 7
22/04/2020 18:19:57 04-22-2020 PERA paso a nivel 12 gano HP: 7
22/04/2020 18:19:57 04-22-2020 PERA paso a nivel 13 gano HP: 7
22/04/2020 18:19:57 04-22-2020 PERA paso a nivel 14 gano HP: 6
22/04/2020 18:19:57 04-22-2020 PERA paso a nivel 15 gano HP: 6
22/04/2020 18:19:57 04-22-2020 PERA paso a nivel 16 gano HP: 7
22/04/2020 18:19:57 04-22-2020 PERA paso a nivel 17 gano HP: 8
22/04/2020 18:19:57 04-22-2020 PERA paso a nivel 18 gano HP: 6
22/04/2020 18:19:57 04-22-2020 PERA paso a nivel 19 gano HP: 6
22/04/2020 18:19:57 04-22-2020 PERA paso a nivel 20 gano HP: 7
22/04/2020 18:19:57 04-22-2020 PERA paso a nivel 21 gano HP: 7
22/04/2020 18:19:57 04-22-2020 PERA paso a nivel 22 gano HP: 7
22/04/2020 18:19:57 04-22-2020 PERA paso a nivel 23 gano HP: 6
22/04/2020 18:19:57 04-22-2020 PERA paso a nivel 24 gano HP: 8
22/04/2020 18:19:57 04-22-2020 PERA paso a nivel 25 gano HP: 6
22/04/2020 18:19:57 04-22-2020 PERA paso a nivel 26 gano HP: 8
22/04/2020 18:19:57 04-22-2020 PERA paso a nivel 27 gano HP: 8
22/04/2020 18:19:57 04-22-2020 PERA paso a nivel 28 gano HP: 7
22/04/2020 18:19:57 04-22-2020 PERA paso a nivel 29 gano HP: 6
22/04/2020 18:19:57 04-22-2020 PERA paso a nivel 30 gano HP: 8
22/04/2020 18:19:57 04-22-2020 PERA paso a nivel 31 gano HP: 7
24/04/2020 4:10:07 04-24-2020 SWEETY paso a nivel 2 gano HP: 6
24/04/2020 4:10:07 04-24-2020 SWEETY paso a nivel 3 gano HP: 5
24/04/2020 4:10:07 04-24-2020 SWEETY paso a nivel 4 gano HP: 5
24/04/2020 4:10:07 04-24-2020 SWEETY paso a nivel 5 gano HP: 6
24/04/2020 4:10:07 04-24-2020 SWEETY paso a nivel 6 gano HP: 6
24/04/2020 4:10:07 04-24-2020 SWEETY paso a nivel 7 gano HP: 5
24/04/2020 4:10:07 04-24-2020 SWEETY paso a nivel 8 gano HP: 5
24/04/2020 4:10:07 04-24-2020 SWEETY paso a nivel 9 gano HP: 6
24/04/2020 4:10:07 04-24-2020 SWEETY paso a nivel 10 gano HP: 5
24/04/2020 4:10:07 04-24-2020 SWEETY paso a nivel 11 gano HP: 5
24/04/2020 4:10:07 04-24-2020 SWEETY paso a nivel 12 gano HP: 5
24/04/2020 4:10:07 04-24-2020 SWEETY paso a nivel 13 gano HP: 6
24/04/2020 4:10:07 04-24-2020 SWEETY paso a nivel 14 gano HP: 5
24/04/2020 4:10:07 04-24-2020 SWEETY paso a nivel 15 gano HP: 6
24/04/2020 4:10:07 04-24-2020 SWEETY paso a nivel 16 gano HP: 6
24/04/2020 4:10:07 04-24-2020 SWEETY paso a nivel 17 gano HP: 5
24/04/2020 4:10:07 04-24-2020 SWEETY paso a nivel 18 gano HP: 5
24/04/2020 4:10:07 04-24-2020 SWEETY paso a nivel 19 gano HP: 6
24/04/2020 4:10:07 04-24-2020 SWEETY paso a nivel 20 gano HP: 5
24/04/2020 4:10:07 04-24-2020 SWEETY paso a nivel 21 gano HP: 5
24/04/2020 4:10:07 04-24-2020 SWEETY paso a nivel 22 gano HP: 5
24/04/2020 4:10:07 04-24-2020 SWEETY paso a nivel 23 gano HP: 5
24/04/2020 4:10:07 04-24-2020 SWEETY paso a nivel 24 gano HP: 5
24/04/2020 4:10:07 04-24-2020 SWEETY paso a nivel 25 gano HP: 6
24/04/2020 4:10:07 04-24-2020 SWEETY paso a nivel 26 gano HP: 6
24/04/2020 4:10:07 04-24-2020 SWEETY paso a nivel 27 gano HP: 5
24/04/2020 4:10:07 04-24-2020 SWEETY paso a nivel 28 gano HP: 5
24/04/2020 4:10:07 04-24-2020 SWEETY paso a nivel 29 gano HP: 5
24/04/2020 4:10:07 04-24-2020 SWEETY paso a nivel 30 gano HP: 6
24/04/2020 4:10:07 04-24-2020 SWEETY paso a nivel 31 gano HP: 6
24/04/2020 4:10:07 04-24-2020 SWEETY paso a nivel 32 gano HP: 6
24/04/2020 4:10:07 04-24-2020 SWEETY paso a nivel 33 gano HP: 6
24/04/2020 4:10:07 04-24-2020 SWEETY paso a nivel 34 gano HP: 5
24/04/2020 4:10:07 04-24-2020 SWEETY paso a nivel 35 gano HP: 5
24/04/2020 4:10:07 04-24-2020 SWEETY paso a nivel 36 gano HP: 5
24/04/2020 4:10:07 04-24-2020 SWEETY paso a nivel 37 gano HP: 5
24/04/2020 4:10:07 04-24-2020 SWEETY paso a nivel 38 gano HP: 6
24/04/2020 4:10:07 04-24-2020 SWEETY paso a nivel 39 gano HP: 5
24/04/2020 4:10:07 04-24-2020 SWEETY paso a nivel 40 gano HP: 5
24/04/2020 4:10:07 04-24-2020 SWEETY paso a nivel 41 gano HP: 6
24/04/2020 4:10:07 04-24-2020 SWEETY paso a nivel 42 gano HP: 5
24/04/2020 4:10:07 04-24-2020 SWEETY paso a nivel 43 gano HP: 5
24/04/2020 4:10:07 04-24-2020 SWEETY paso a nivel 44 gano HP: 6
24/04/2020 4:10:07 04-24-2020 SWEETY paso a nivel 45 gano HP: 6
24/04/2020 4:10:15 04-24-2020 PEGAUNA paso a nivel 2 gano HP: 6
24/04/2020 4:10:15 04-24-2020 PEGAUNA paso a nivel 3 gano HP: 4
24/04/2020 4:10:15 04-24-2020 PEGAUNA paso a nivel 4 gano HP: 5
24/04/2020 4:10:15 04-24-2020 PEGAUNA paso a nivel 5 gano HP: 5
24/04/2020 4:10:15 04-24-2020 PEGAUNA paso a nivel 6 gano HP: 6
24/04/2020 4:10:15 04-24-2020 PEGAUNA paso a nivel 7 gano HP: 6
24/04/2020 4:10:15 04-24-2020 PEGAUNA paso a nivel 8 gano HP: 6
24/04/2020 4:10:15 04-24-2020 PEGAUNA paso a nivel 9 gano HP: 6
24/04/2020 4:10:15 04-24-2020 PEGAUNA paso a nivel 10 gano HP: 4
24/04/2020 4:10:15 04-24-2020 PEGAUNA paso a nivel 11 gano HP: 5
24/04/2020 4:10:15 04-24-2020 PEGAUNA paso a nivel 12 gano HP: 4
24/04/2020 4:10:15 04-24-2020 PEGAUNA paso a nivel 13 gano HP: 6
24/04/2020 4:10:15 04-24-2020 PEGAUNA paso a nivel 14 gano HP: 5
24/04/2020 4:10:15 04-24-2020 PEGAUNA paso a nivel 15 gano HP: 5
24/04/2020 4:10:15 04-24-2020 PEGAUNA paso a nivel 16 gano HP: 6
24/04/2020 4:10:15 04-24-2020 PEGAUNA paso a nivel 17 gano HP: 5
24/04/2020 4:10:15 04-24-2020 PEGAUNA paso a nivel 18 gano HP: 5
24/04/2020 4:10:15 04-24-2020 PEGAUNA paso a nivel 19 gano HP: 6
24/04/2020 4:10:15 04-24-2020 PEGAUNA paso a nivel 20 gano HP: 6
24/04/2020 4:10:15 04-24-2020 PEGAUNA paso a nivel 21 gano HP: 4
24/04/2020 4:10:15 04-24-2020 PEGAUNA paso a nivel 22 gano HP: 5
24/04/2020 4:10:15 04-24-2020 PEGAUNA paso a nivel 23 gano HP: 4
24/04/2020 4:10:15 04-24-2020 PEGAUNA paso a nivel 24 gano HP: 6
24/04/2020 4:10:15 04-24-2020 PEGAUNA paso a nivel 25 gano HP: 5
24/04/2020 4:10:15 04-24-2020 PEGAUNA paso a nivel 26 gano HP: 6
24/04/2020 4:10:15 04-24-2020 PEGAUNA paso a nivel 27 gano HP: 6
24/04/2020 4:10:15 04-24-2020 PEGAUNA paso a nivel 28 gano HP: 5
24/04/2020 4:10:15 04-24-2020 PEGAUNA paso a nivel 29 gano HP: 6
24/04/2020 4:10:15 04-24-2020 PEGAUNA paso a nivel 30 gano HP: 4
24/04/2020 4:10:15 04-24-2020 PEGAUNA paso a nivel 31 gano HP: 4
24/04/2020 4:10:15 04-24-2020 PEGAUNA paso a nivel 32 gano HP: 6
24/04/2020 4:10:15 04-24-2020 PEGAUNA paso a nivel 33 gano HP: 5
24/04/2020 4:10:15 04-24-2020 PEGAUNA paso a nivel 34 gano HP: 6
24/04/2020 4:10:15 04-24-2020 PEGAUNA paso a nivel 35 gano HP: 4
24/04/2020 4:10:15 04-24-2020 PEGAUNA paso a nivel 36 gano HP: 6
24/04/2020 4:10:15 04-24-2020 PEGAUNA paso a nivel 37 gano HP: 4
24/04/2020 4:10:15 04-24-2020 PEGAUNA paso a nivel 38 gano HP: 4
24/04/2020 4:10:15 04-24-2020 PEGAUNA paso a nivel 39 gano HP: 6
24/04/2020 4:10:15 04-24-2020 PEGAUNA paso a nivel 40 gano HP: 4
24/04/2020 4:10:15 04-24-2020 PEGAUNA paso a nivel 41 gano HP: 5
24/04/2020 4:10:15 04-24-2020 PEGAUNA paso a nivel 42 gano HP: 4
24/04/2020 4:10:15 04-24-2020 PEGAUNA paso a nivel 43 gano HP: 4
24/04/2020 4:10:15 04-24-2020 PEGAUNA paso a nivel 44 gano HP: 4
24/04/2020 4:10:15 04-24-2020 PEGAUNA paso a nivel 45 gano HP: 5
24/04/2020 4:15:59 04-24-2020 GELO paso a nivel 2 gano HP: 5
24/04/2020 4:15:59 04-24-2020 GELO paso a nivel 3 gano HP: 7
24/04/2020 4:15:59 04-24-2020 GELO paso a nivel 4 gano HP: 8
24/04/2020 4:16:04 04-24-2020 GELO paso a nivel 5 gano HP: 7
24/04/2020 4:16:05 04-24-2020 GELO paso a nivel 6 gano HP: 7
24/04/2020 4:16:07 04-24-2020 GELO paso a nivel 7 gano HP: 7
24/04/2020 4:16:07 04-24-2020 GELO paso a nivel 8 gano HP: 6
24/04/2020 4:16:09 04-24-2020 GELO paso a nivel 9 gano HP: 7
24/04/2020 4:16:12 04-24-2020 GELO paso a nivel 10 gano HP: 5
24/04/2020 4:16:19 04-24-2020 GELO paso a nivel 11 gano HP: 8
24/04/2020 4:16:27 04-24-2020 GELO paso a nivel 12 gano HP: 8
24/04/2020 4:16:42 04-24-2020 GELO paso a nivel 13 gano HP: 6
24/04/2020 4:16:55 04-24-2020 GELO paso a nivel 14 gano HP: 5
24/04/2020 4:21:43 04-24-2020 El papolin paso a nivel 2 gano HP: 8
24/04/2020 4:21:43 04-24-2020 El papolin paso a nivel 3 gano HP: 8
24/04/2020 4:21:46 04-24-2020 El papolin paso a nivel 4 gano HP: 7
24/04/2020 4:21:46 04-24-2020 El papolin paso a nivel 5 gano HP: 6
24/04/2020 4:21:48 04-24-2020 El papolin paso a nivel 6 gano HP: 7
24/04/2020 4:21:49 04-24-2020 El papolin paso a nivel 7 gano HP: 8
24/04/2020 4:21:51 04-24-2020 El papolin paso a nivel 8 gano HP: 7
24/04/2020 4:21:54 04-24-2020 El papolin paso a nivel 9 gano HP: 6
24/04/2020 4:21:59 04-24-2020 El papolin paso a nivel 10 gano HP: 7
24/04/2020 4:22:10 04-24-2020 El papolin paso a nivel 11 gano HP: 8
24/04/2020 4:22:15 04-24-2020 El papolin paso a nivel 12 gano HP: 8
24/04/2020 4:22:35 04-24-2020 El papolin paso a nivel 13 gano HP: 8
24/04/2020 4:22:50 04-24-2020 El papolin paso a nivel 14 gano HP: 7
24/04/2020 4:23:40 04-24-2020 Gelo paso a nivel 15 gano HP: 6
24/04/2020 4:24:10 04-24-2020 Gelo paso a nivel 16 gano HP: 5
24/04/2020 4:24:34 04-24-2020 Gelo paso a nivel 17 gano HP: 7
24/04/2020 4:25:43 04-24-2020 El papolin paso a nivel 15 gano HP: 6
24/04/2020 4:25:43 04-24-2020 El papolin paso a nivel 16 gano HP: 8
24/04/2020 4:25:43 04-24-2020 El papolin paso a nivel 17 gano HP: 6
24/04/2020 4:25:43 04-24-2020 El papolin paso a nivel 18 gano HP: 7
24/04/2020 4:25:43 04-24-2020 El papolin paso a nivel 19 gano HP: 6
24/04/2020 4:25:43 04-24-2020 El papolin paso a nivel 20 gano HP: 6
24/04/2020 4:25:43 04-24-2020 El papolin paso a nivel 21 gano HP: 7
24/04/2020 4:25:43 04-24-2020 El papolin paso a nivel 22 gano HP: 7
24/04/2020 4:25:43 04-24-2020 El papolin paso a nivel 23 gano HP: 8
24/04/2020 4:25:43 04-24-2020 El papolin paso a nivel 24 gano HP: 7
24/04/2020 4:25:43 04-24-2020 El papolin paso a nivel 25 gano HP: 6
24/04/2020 4:25:43 04-24-2020 El papolin paso a nivel 26 gano HP: 8
24/04/2020 4:25:44 04-24-2020 El papolin paso a nivel 27 gano HP: 6
24/04/2020 4:25:44 04-24-2020 El papolin paso a nivel 28 gano HP: 6
24/04/2020 4:25:44 04-24-2020 El papolin paso a nivel 29 gano HP: 8
24/04/2020 4:25:44 04-24-2020 El papolin paso a nivel 30 gano HP: 8
24/04/2020 4:25:44 04-24-2020 El papolin paso a nivel 31 gano HP: 7
24/04/2020 4:25:45 04-24-2020 El papolin paso a nivel 32 gano HP: 8
24/04/2020 4:25:45 04-24-2020 El papolin paso a nivel 33 gano HP: 7
24/04/2020 4:25:45 04-24-2020 El papolin paso a nivel 34 gano HP: 8
24/04/2020 4:25:46 04-24-2020 El papolin paso a nivel 35 gano HP: 7
24/04/2020 4:25:47 04-24-2020 El papolin paso a nivel 36 gano HP: 6
24/04/2020 4:25:47 04-24-2020 El papolin paso a nivel 37 gano HP: 6
24/04/2020 4:25:48 04-24-2020 El papolin paso a nivel 38 gano HP: 6
24/04/2020 4:25:59 04-24-2020 El papolin paso a nivel 39 gano HP: 8
24/04/2020 4:26:01 04-24-2020 El papolin paso a nivel 40 gano HP: 6
24/04/2020 4:26:03 04-24-2020 El papolin paso a nivel 41 gano HP: 6
24/04/2020 4:26:21 04-24-2020 El papolin paso a nivel 42 gano HP: 6
24/04/2020 4:26:24 04-24-2020 El papolin paso a nivel 43 gano HP: 8
24/04/2020 4:26:34 04-24-2020 El papolin paso a nivel 44 gano HP: 6
24/04/2020 4:27:07 04-24-2020 seth paso a nivel 2 gano HP: 8
24/04/2020 4:27:07 04-24-2020 seth paso a nivel 3 gano HP: 6
24/04/2020 4:27:07 04-24-2020 seth paso a nivel 4 gano HP: 5
24/04/2020 4:27:07 04-24-2020 seth paso a nivel 5 gano HP: 7
24/04/2020 4:27:07 04-24-2020 seth paso a nivel 6 gano HP: 7
24/04/2020 4:27:07 04-24-2020 seth paso a nivel 7 gano HP: 6
24/04/2020 4:27:07 04-24-2020 seth paso a nivel 8 gano HP: 8
24/04/2020 4:27:07 04-24-2020 seth paso a nivel 9 gano HP: 7
24/04/2020 4:27:07 04-24-2020 seth paso a nivel 10 gano HP: 6
24/04/2020 4:27:07 04-24-2020 seth paso a nivel 11 gano HP: 7
24/04/2020 4:27:07 04-24-2020 seth paso a nivel 12 gano HP: 8
24/04/2020 4:27:07 04-24-2020 seth paso a nivel 13 gano HP: 6
24/04/2020 4:27:07 04-24-2020 seth paso a nivel 14 gano HP: 6
24/04/2020 4:27:07 04-24-2020 seth paso a nivel 15 gano HP: 5
24/04/2020 4:27:07 04-24-2020 seth paso a nivel 16 gano HP: 8
24/04/2020 4:27:07 04-24-2020 seth paso a nivel 17 gano HP: 6
24/04/2020 4:27:07 04-24-2020 seth paso a nivel 18 gano HP: 7
24/04/2020 4:27:07 04-24-2020 seth paso a nivel 19 gano HP: 8
24/04/2020 4:27:07 04-24-2020 seth paso a nivel 20 gano HP: 6
24/04/2020 4:27:07 04-24-2020 seth paso a nivel 21 gano HP: 8
24/04/2020 4:27:11 04-24-2020 seth paso a nivel 22 gano HP: 5
24/04/2020 4:27:11 04-24-2020 seth paso a nivel 23 gano HP: 8
24/04/2020 4:27:11 04-24-2020 seth paso a nivel 24 gano HP: 6
24/04/2020 4:27:13 04-24-2020 seth paso a nivel 25 gano HP: 5
24/04/2020 4:27:13 04-24-2020 seth paso a nivel 26 gano HP: 6
24/04/2020 4:27:13 04-24-2020 seth paso a nivel 27 gano HP: 8
24/04/2020 4:27:13 04-24-2020 seth paso a nivel 28 gano HP: 5
24/04/2020 4:27:14 04-24-2020 seth paso a nivel 29 gano HP: 5
24/04/2020 4:27:14 04-24-2020 seth paso a nivel 30 gano HP: 8
24/04/2020 4:27:14 04-24-2020 seth paso a nivel 31 gano HP: 6
24/04/2020 4:27:15 04-24-2020 seth paso a nivel 32 gano HP: 5
24/04/2020 4:27:15 04-24-2020 Gelo paso a nivel 18 gano HP: 6
24/04/2020 4:27:15 04-24-2020 Gelo paso a nivel 19 gano HP: 5
24/04/2020 4:27:15 04-24-2020 Gelo paso a nivel 20 gano HP: 5
24/04/2020 4:27:15 04-24-2020 Gelo paso a nivel 21 gano HP: 5
24/04/2020 4:27:15 04-24-2020 Gelo paso a nivel 22 gano HP: 5
24/04/2020 4:27:15 04-24-2020 Gelo paso a nivel 23 gano HP: 5
24/04/2020 4:27:16 04-24-2020 seth paso a nivel 33 gano HP: 5
24/04/2020 4:27:16 04-24-2020 Gelo paso a nivel 24 gano HP: 5
24/04/2020 4:27:16 04-24-2020 Gelo paso a nivel 25 gano HP: 5
24/04/2020 4:27:16 04-24-2020 Gelo paso a nivel 26 gano HP: 6
24/04/2020 4:27:16 04-24-2020 Gelo paso a nivel 27 gano HP: 5
24/04/2020 4:27:16 04-24-2020 Gelo paso a nivel 28 gano HP: 5
24/04/2020 4:27:16 04-24-2020 seth paso a nivel 34 gano HP: 5
24/04/2020 4:27:16 04-24-2020 Gelo paso a nivel 29 gano HP: 5
24/04/2020 4:27:17 04-24-2020 Gelo paso a nivel 30 gano HP: 6
24/04/2020 4:27:17 04-24-2020 Gelo paso a nivel 31 gano HP: 8
24/04/2020 4:27:17 04-24-2020 Gelo paso a nivel 32 gano HP: 6
24/04/2020 4:27:18 04-24-2020 Gelo paso a nivel 33 gano HP: 6
24/04/2020 4:27:18 04-24-2020 seth paso a nivel 35 gano HP: 7
24/04/2020 4:27:19 04-24-2020 seth paso a nivel 36 gano HP: 5
24/04/2020 4:27:19 04-24-2020 Gelo paso a nivel 34 gano HP: 7
24/04/2020 4:27:19 04-24-2020 seth paso a nivel 37 gano HP: 5
24/04/2020 4:27:20 04-24-2020 Gelo paso a nivel 35 gano HP: 8
24/04/2020 4:27:20 04-24-2020 seth paso a nivel 38 gano HP: 6
24/04/2020 4:27:21 04-24-2020 Gelo paso a nivel 36 gano HP: 8
24/04/2020 4:27:21 04-24-2020 seth paso a nivel 39 gano HP: 6
24/04/2020 4:27:22 04-24-2020 seth paso a nivel 40 gano HP: 5
24/04/2020 4:27:26 04-24-2020 Gelo paso a nivel 37 gano HP: 7
24/04/2020 4:27:27 04-24-2020 Crown paso a nivel 2 gano HP: 7
24/04/2020 4:27:27 04-24-2020 Crown paso a nivel 3 gano HP: 9
24/04/2020 4:27:27 04-24-2020 Gelo paso a nivel 38 gano HP: 7
24/04/2020 4:27:28 04-24-2020 Crown paso a nivel 4 gano HP: 9
24/04/2020 4:27:28 04-24-2020 Crown paso a nivel 5 gano HP: 7
24/04/2020 4:27:30 04-24-2020 Gelo paso a nivel 39 gano HP: 5
24/04/2020 4:27:32 04-24-2020 Gelo paso a nivel 40 gano HP: 8
24/04/2020 4:27:32 04-24-2020 El papolin paso a nivel 45 gano HP: 7
24/04/2020 4:27:34 04-24-2020 seth paso a nivel 41 gano HP: 8
24/04/2020 4:27:35 04-24-2020 Gelo paso a nivel 41 gano HP: 6
24/04/2020 4:27:35 04-24-2020 seth paso a nivel 42 gano HP: 6
24/04/2020 4:27:36 04-24-2020 Crown paso a nivel 6 gano HP: 8
24/04/2020 4:27:37 04-24-2020 Crown paso a nivel 7 gano HP: 9
24/04/2020 4:27:38 04-24-2020 Gelo paso a nivel 42 gano HP: 5
24/04/2020 4:27:39 04-24-2020 seth paso a nivel 43 gano HP: 5
24/04/2020 4:27:39 04-24-2020 Crown paso a nivel 8 gano HP: 8
24/04/2020 4:27:41 04-24-2020 Gelo paso a nivel 43 gano HP: 6
24/04/2020 4:27:43 04-24-2020 Crown paso a nivel 9 gano HP: 9
24/04/2020 4:27:44 04-24-2020 seth paso a nivel 44 gano HP: 5
24/04/2020 4:27:44 04-24-2020 seth paso a nivel 45 gano HP: 7
24/04/2020 4:27:44 04-24-2020 seth paso a nivel 46 gano HP: 6
24/04/2020 4:27:44 04-24-2020 seth paso a nivel 47 gano HP: 5
24/04/2020 4:27:44 04-24-2020 seth paso a nivel 48 gano HP: 7
24/04/2020 4:27:44 04-24-2020 seth paso a nivel 49 gano HP: 8
24/04/2020 4:27:44 04-24-2020 seth paso a nivel 50 gano HP: 8
24/04/2020 4:27:44 04-24-2020 seth paso a nivel 51 gano HP: 6
24/04/2020 4:27:44 04-24-2020 seth paso a nivel 52 gano HP: 7
24/04/2020 4:27:44 04-24-2020 seth paso a nivel 53 gano HP: 8
24/04/2020 4:27:44 04-24-2020 seth paso a nivel 54 gano HP: 8
24/04/2020 4:27:44 04-24-2020 seth paso a nivel 55 gano HP: 6
24/04/2020 4:27:45 04-24-2020 Gelo paso a nivel 44 gano HP: 6
24/04/2020 4:27:50 04-24-2020 Gelo paso a nivel 45 gano HP: 5
24/04/2020 4:27:55 04-24-2020 Crown paso a nivel 10 gano HP: 8
24/04/2020 4:27:56 04-24-2020 Gelo paso a nivel 46 gano HP: 7
24/04/2020 4:28:05 04-24-2020 Crown paso a nivel 11 gano HP: 9
24/04/2020 4:28:05 04-24-2020 Gelo paso a nivel 47 gano HP: 8
24/04/2020 4:28:13 04-24-2020 Crown paso a nivel 12 gano HP: 8
24/04/2020 4:28:17 04-24-2020 Gelo paso a nivel 48 gano HP: 5
24/04/2020 4:28:20 04-24-2020 Crown paso a nivel 13 gano HP: 9
24/04/2020 4:28:37 04-24-2020 Crown paso a nivel 14 gano HP: 7
24/04/2020 4:29:19 04-24-2020 Gelo paso a nivel 49 gano HP: 5
24/04/2020 4:29:58 04-24-2020 Gelo paso a nivel 50 gano HP: 6
24/04/2020 4:30:28 04-24-2020 Crown paso a nivel 15 gano HP: 8
24/04/2020 4:30:28 04-24-2020 Crown paso a nivel 16 gano HP: 9
24/04/2020 4:30:28 04-24-2020 Crown paso a nivel 17 gano HP: 7
24/04/2020 4:30:28 04-24-2020 Crown paso a nivel 18 gano HP: 7
24/04/2020 4:30:28 04-24-2020 Crown paso a nivel 19 gano HP: 9
24/04/2020 4:30:28 04-24-2020 Crown paso a nivel 20 gano HP: 8
24/04/2020 4:30:28 04-24-2020 Crown paso a nivel 21 gano HP: 8
24/04/2020 4:30:28 04-24-2020 Crown paso a nivel 22 gano HP: 9
24/04/2020 4:30:28 04-24-2020 Crown paso a nivel 23 gano HP: 9
24/04/2020 4:30:28 04-24-2020 Crown paso a nivel 24 gano HP: 7
24/04/2020 4:30:28 04-24-2020 Crown paso a nivel 25 gano HP: 8
24/04/2020 4:30:28 04-24-2020 Crown paso a nivel 26 gano HP: 7
24/04/2020 4:30:29 04-24-2020 Crown paso a nivel 27 gano HP: 7
24/04/2020 4:30:29 04-24-2020 Crown paso a nivel 28 gano HP: 9
24/04/2020 4:30:29 04-24-2020 Crown paso a nivel 29 gano HP: 8
24/04/2020 4:30:29 04-24-2020 Crown paso a nivel 30 gano HP: 7
24/04/2020 4:30:29 04-24-2020 Crown paso a nivel 31 gano HP: 8
24/04/2020 4:30:30 04-24-2020 Crown paso a nivel 32 gano HP: 8
24/04/2020 4:30:30 04-24-2020 Crown paso a nivel 33 gano HP: 7
24/04/2020 4:30:31 04-24-2020 Crown paso a nivel 34 gano HP: 9
24/04/2020 4:30:31 04-24-2020 Crown paso a nivel 35 gano HP: 9
24/04/2020 4:30:32 04-24-2020 Crown paso a nivel 36 gano HP: 9
24/04/2020 4:30:34 04-24-2020 Crown paso a nivel 37 gano HP: 8
24/04/2020 4:30:34 04-24-2020 Crown paso a nivel 38 gano HP: 7
24/04/2020 4:30:36 04-24-2020 Crown paso a nivel 39 gano HP: 7
24/04/2020 4:30:37 04-24-2020 Crown paso a nivel 40 gano HP: 7
24/04/2020 4:30:39 04-24-2020 Crown paso a nivel 41 gano HP: 9
24/04/2020 4:30:41 04-24-2020 Crown paso a nivel 42 gano HP: 7
24/04/2020 4:30:42 04-24-2020 Gelo paso a nivel 51 gano HP: 7
24/04/2020 4:30:44 04-24-2020 Crown paso a nivel 43 gano HP: 8
24/04/2020 4:30:48 04-24-2020 Crown paso a nivel 44 gano HP: 7
24/04/2020 4:30:51 04-24-2020 Crown paso a nivel 45 gano HP: 8
24/04/2020 4:31:01 04-24-2020 Crown paso a nivel 46 gano HP: 9
24/04/2020 4:31:06 04-24-2020 Pegauna paso a nivel 46 gano HP: 4
24/04/2020 4:31:07 04-24-2020 Crown paso a nivel 47 gano HP: 7
24/04/2020 4:31:15 04-24-2020 Crown paso a nivel 48 gano HP: 9
24/04/2020 4:31:17 04-24-2020 Pegauna paso a nivel 47 gano HP: 6
24/04/2020 4:31:19 04-24-2020 Sweety paso a nivel 46 gano HP: 5
24/04/2020 4:31:24 04-24-2020 Crown paso a nivel 49 gano HP: 8
24/04/2020 4:31:29 04-24-2020 Pegauna paso a nivel 48 gano HP: 5
24/04/2020 4:31:29 04-24-2020 Sweety paso a nivel 47 gano HP: 5
24/04/2020 4:31:42 04-24-2020 Sweety paso a nivel 48 gano HP: 5
24/04/2020 4:31:44 04-24-2020 Pegauna paso a nivel 49 gano HP: 6
24/04/2020 4:31:50 04-24-2020 Crown paso a nivel 50 gano HP: 8
24/04/2020 4:31:56 04-24-2020 Sweety paso a nivel 49 gano HP: 6
24/04/2020 4:32:00 04-24-2020 El papolin paso a nivel 46 gano HP: 7
24/04/2020 4:32:08 04-24-2020 El papolin paso a nivel 47 gano HP: 8
24/04/2020 4:32:19 04-24-2020 El papolin paso a nivel 48 gano HP: 8
24/04/2020 4:32:24 04-24-2020 Crown paso a nivel 51 gano HP: 7
24/04/2020 4:32:25 04-24-2020 Pegauna paso a nivel 50 gano HP: 4
24/04/2020 4:33:29 04-24-2020 Pegauna paso a nivel 51 gano HP: 4
24/04/2020 4:34:16 04-24-2020 El papolin paso a nivel 49 gano HP: 7
24/04/2020 4:35:16 04-24-2020 El papolin paso a nivel 50 gano HP: 8
24/04/2020 4:36:19 04-24-2020 El papolin paso a nivel 51 gano HP: 6
24/04/2020 4:45:18 04-24-2020 Sweety paso a nivel 50 gano HP: 6
