16/05/2020 23:53:17 HandleData. CadOri:/TELEP YO 47 62 17 Nom:BassingerUI:1 N: 0 D: 
16/05/2020 23:53:18 HandleData. CadOri:/TELEP YO 34 31 47 Nom:BassingerUI:1 N: 0 D: 
16/05/2020 23:53:19 HandleData. CadOri:/TELEP YO 34 27 40 Nom:BassingerUI:1 N: 0 D: 
16/05/2020 23:53:19 HandleData. CadOri:/TELEP YO 34 23 33 Nom:BassingerUI:1 N: 0 D: 
16/05/2020 23:53:20 HandleData. CadOri:/TELEP YO 34 22 26 Nom:BassingerUI:1 N: 0 D: 
16/05/2020 23:53:20 HandleData. CadOri:/TELEP YO 34 23 19 Nom:BassingerUI:1 N: 0 D: 
16/05/2020 23:53:21 HandleData. CadOri:/TELEP YO 34 24 12 Nom:BassingerUI:1 N: 0 D: 
16/05/2020 23:53:35 HandleData. CadOri:/telep yo 48 50 50 Nom:BassingerUI:1 N: 0 D: 
16/05/2020 23:53:46 HandleData. CadOri:/telep yo 84 40 40 Nom:BassingerUI:1 N: 0 D: 
17/05/2020 0:01:38 HandleData. CadOri:/telep yo 1 50 50 Nom:BassingerUI:1 N: 0 D: 
17/05/2020 0:03:06 HandleData. CadOri:/telep yo 1 50 50 Nom:bassingerUI:1 N: 0 D: 
17/05/2020 3:07:11 HandleData. CadOri:/telep yo 50 50 50 Nom:BassingerUI:1 N: 0 D: 
17/05/2020 3:07:14 HandleData. CadOri:/TELEP YO 50 46 48 Nom:BassingerUI:1 N: 0 D: 
17/05/2020 3:07:34 HandleData. CadOri:/sum keoh Nom:BassingerUI:1 N: 0 D: 
17/05/2020 3:07:59 HandleData. CadOri:/SEARCHNPCSH nos Nom:BassingerUI:1 N: 0 D: 
17/05/2020 3:08:01 HandleData. CadOri:/ACC 662 Nom:BassingerUI:1 N: 0 D: 
17/05/2020 3:08:08 ERROR en hostilmalvadoai :  
17/05/2020 3:08:08  9  Nosferatu
17/05/2020 3:08:17 ERROR en hostilmalvadoai :  
17/05/2020 3:08:17  9  Nosferatu
17/05/2020 3:08:17 ERROR en hostilmalvadoai :  
17/05/2020 3:08:17  9  Nosferatu
17/05/2020 3:08:18 ERROR en hostilmalvadoai :  
17/05/2020 3:08:18  9  Nosferatu
17/05/2020 22:10:20 Error en CloseUser. Número 9 Descripción: El subíndice está fuera del intervalo
18/05/2020 7:59:59 HandleData. CadOri:/seguir Nom:BassingerUI:1 N: 0 D: 
18/05/2020 8:00:15 HandleData. CadOri:/seguir Nom:BassingerUI:1 N: 0 D: 
18/05/2020 8:00:27 HandleData. CadOri:/Acc 10 Nom:BassingerUI:1 N: 0 D: 
18/05/2020 8:00:36 HandleData. CadOri:/mata Nom:BassingerUI:1 N: 0 D: 
18/05/2020 8:00:45 HandleData. CadOri:/acc 11 Nom:BassingerUI:1 N: 0 D: 
18/05/2020 8:00:52 HandleData. CadOri:/mata Nom:BassingerUI:1 N: 0 D: 
18/05/2020 8:00:54 HandleData. CadOri:/acc 12 Nom:BassingerUI:1 N: 0 D: 
18/05/2020 8:00:58 HandleData. CadOri:/acc 13 Nom:BassingerUI:1 N: 0 D: 
18/05/2020 8:01:02 HandleData. CadOri:/mata Nom:BassingerUI:1 N: 0 D: 
18/05/2020 8:01:07 HandleData. CadOri:/mata Nom:BassingerUI:1 N: 0 D: 
18/05/2020 8:01:36 HandleData. CadOri:/CI 530 1 Nom:BassingerUI:1 N: 0 D: 
18/05/2020 8:01:43 HandleData. CadOri:/CI 207 1 Nom:BassingerUI:1 N: 0 D: 
18/05/2020 8:01:51 HandleData. CadOri:/CI 318 1 Nom:BassingerUI:1 N: 0 D: 
18/05/2020 8:01:59 HandleData. CadOri:/SEARCHNPCS rey Nom:BassingerUI:1 N: 0 D: 
18/05/2020 8:02:06 HandleData. CadOri:/ACC 22 Nom:BassingerUI:1 N: 0 D: 
18/05/2020 8:02:36 HandleData. CadOri:/CI 1983 1 Nom:BassingerUI:1 N: 0 D: 
18/05/2020 8:02:41 HandleData. CadOri:/CI 1702 33 Nom:BassingerUI:1 N: 0 D: 
18/05/2020 8:02:48 HandleData. CadOri:/CI 1702 33 Nom:BassingerUI:1 N: 0 D: 
18/05/2020 8:03:07 HandleData. CadOri:/CI 537 1 Nom:BassingerUI:1 N: 0 D: 
18/05/2020 8:05:15 ERROR en irusuariocercano: El subíndice está fuera del intervalo
18/05/2020 8:05:15  5 Serpiente
18/05/2020 8:05:15 ERROR en irusuariocercano: El subíndice está fuera del intervalo
18/05/2020 8:05:15  5 Murcielago
18/05/2020 8:05:15 ERROR en irusuariocercano: El subíndice está fuera del intervalo
18/05/2020 8:05:15  5 Serpiente
18/05/2020 8:05:15 ERROR en irusuariocercano: El subíndice está fuera del intervalo
18/05/2020 8:05:15  5 Murcielago
18/05/2020 8:05:16 ERROR en irusuariocercano: El subíndice está fuera del intervalo
18/05/2020 8:05:16  5 Murcielago
18/05/2020 8:05:16 ERROR en irusuariocercano: El subíndice está fuera del intervalo
18/05/2020 8:05:16  5 Murcielago
18/05/2020 8:05:17 ERROR en irusuariocercano: El subíndice está fuera del intervalo
18/05/2020 8:05:17  5 Murcielago
18/05/2020 8:05:18 ERROR en irusuariocercano: El subíndice está fuera del intervalo
18/05/2020 8:05:18  5 Murcielago
18/05/2020 8:05:18 ERROR en irusuariocercano: El subíndice está fuera del intervalo
18/05/2020 8:05:18  5 Murcielago
18/05/2020 8:05:19 ERROR en irusuariocercano: El subíndice está fuera del intervalo
18/05/2020 8:05:19  5 Murcielago
18/05/2020 8:05:19 ERROR en irusuariocercano: El subíndice está fuera del intervalo
18/05/2020 8:05:19  5 Murcielago
18/05/2020 8:05:19 ERROR en irusuariocercano: El subíndice está fuera del intervalo
18/05/2020 8:05:19  5 Murcielago
18/05/2020 8:05:20 ERROR en irusuariocercano: El subíndice está fuera del intervalo
18/05/2020 8:05:20  5 Murcielago
18/05/2020 8:05:20 ERROR en irusuariocercano: El subíndice está fuera del intervalo
18/05/2020 8:05:20  5 Murcielago
18/05/2020 8:05:21 ERROR en irusuariocercano: El subíndice está fuera del intervalo
18/05/2020 8:05:21  5 Serpiente
18/05/2020 8:05:21 ERROR en irusuariocercano: El subíndice está fuera del intervalo
18/05/2020 8:05:21  5 Murcielago
18/05/2020 8:05:21 ERROR en irusuariocercano: El subíndice está fuera del intervalo
18/05/2020 8:05:21  5 Serpiente
18/05/2020 8:05:21 ERROR en irusuariocercano: El subíndice está fuera del intervalo
18/05/2020 8:05:21  5 Murcielago
18/05/2020 8:05:22 ERROR en hostilmalvadoai :  
18/05/2020 8:05:22  9  Murcielago
18/05/2020 8:05:22 ERROR en irusuariocercano: El subíndice está fuera del intervalo
18/05/2020 8:05:22  5 Murcielago
18/05/2020 8:05:22 ERROR en hostilmalvadoai :  
18/05/2020 8:05:22  9  Murcielago
18/05/2020 8:05:22 ERROR en irusuariocercano: El subíndice está fuera del intervalo
18/05/2020 8:05:22  5 Murcielago
18/05/2020 8:05:23 ERROR en hostilmalvadoai :  
18/05/2020 8:05:23  9  Murcielago
18/05/2020 8:05:23 ERROR en irusuariocercano: El subíndice está fuera del intervalo
18/05/2020 8:05:23  5 Murcielago
18/05/2020 8:05:23 ERROR en hostilmalvadoai :  
18/05/2020 8:05:23  9  Murcielago
18/05/2020 8:05:23 ERROR en irusuariocercano: El subíndice está fuera del intervalo
18/05/2020 8:05:23  5 Murcielago
18/05/2020 8:05:23 ERROR en irusuariocercano: El subíndice está fuera del intervalo
18/05/2020 8:05:23  5 Serpiente
18/05/2020 8:05:23 ERROR en irusuariocercano: El subíndice está fuera del intervalo
18/05/2020 8:05:23  5 Murcielago
18/05/2020 8:05:24 ERROR en irusuariocercano: El subíndice está fuera del intervalo
18/05/2020 8:05:24  5 Serpiente
18/05/2020 8:05:24 ERROR en irusuariocercano: El subíndice está fuera del intervalo
18/05/2020 8:05:24  5 Murcielago
18/05/2020 8:05:24 ERROR en irusuariocercano: El subíndice está fuera del intervalo
18/05/2020 8:05:24  5 Serpiente
18/05/2020 8:05:24 ERROR en irusuariocercano: El subíndice está fuera del intervalo
18/05/2020 8:05:24  5 Murcielago
18/05/2020 8:05:25 ERROR en irusuariocercano: El subíndice está fuera del intervalo
18/05/2020 8:05:25  5 Serpiente
18/05/2020 8:05:25 ERROR en irusuariocercano: El subíndice está fuera del intervalo
18/05/2020 8:05:25  5 Murcielago
18/05/2020 8:05:25 ERROR en irusuariocercano: El subíndice está fuera del intervalo
18/05/2020 8:05:25  5 Serpiente
18/05/2020 8:05:25 ERROR en irusuariocercano: El subíndice está fuera del intervalo
18/05/2020 8:05:25  5 Murcielago
18/05/2020 8:05:26 ERROR en irusuariocercano: El subíndice está fuera del intervalo
18/05/2020 8:05:26  5 Serpiente
18/05/2020 8:05:26 ERROR en irusuariocercano: El subíndice está fuera del intervalo
18/05/2020 8:05:26  5 Murcielago
18/05/2020 8:05:26 ERROR en irusuariocercano: El subíndice está fuera del intervalo
18/05/2020 8:05:26  5 Serpiente
18/05/2020 8:05:26 ERROR en irusuariocercano: El subíndice está fuera del intervalo
18/05/2020 8:05:26  5 Murcielago
18/05/2020 8:05:27 ERROR en irusuariocercano: El subíndice está fuera del intervalo
18/05/2020 8:05:27  5 Serpiente
18/05/2020 8:05:27 ERROR en irusuariocercano: El subíndice está fuera del intervalo
18/05/2020 8:05:27  5 Murcielago
18/05/2020 8:05:27 ERROR en irusuariocercano: El subíndice está fuera del intervalo
18/05/2020 8:05:27  5 Serpiente
18/05/2020 8:05:27 ERROR en irusuariocercano: El subíndice está fuera del intervalo
18/05/2020 8:05:27  5 Murcielago
18/05/2020 8:05:28 ERROR en irusuariocercano: El subíndice está fuera del intervalo
18/05/2020 8:05:28  5 Serpiente
18/05/2020 8:05:28 ERROR en irusuariocercano: El subíndice está fuera del intervalo
18/05/2020 8:05:28  5 Murcielago
18/05/2020 8:05:28 ERROR en hostilmalvadoai :  
18/05/2020 8:05:28  9  Murcielago
18/05/2020 8:05:28 ERROR en irusuariocercano: El subíndice está fuera del intervalo
18/05/2020 8:05:28  5 Murcielago
18/05/2020 8:05:28 ERROR en hostilmalvadoai :  
18/05/2020 8:05:28  9  Murcielago
18/05/2020 8:05:28 ERROR en irusuariocercano: El subíndice está fuera del intervalo
18/05/2020 8:05:28  5 Murcielago
18/05/2020 8:05:29 ERROR en hostilmalvadoai :  
18/05/2020 8:05:29  9  Murcielago
18/05/2020 8:05:29 ERROR en irusuariocercano: El subíndice está fuera del intervalo
18/05/2020 8:05:29  5 Murcielago
18/05/2020 8:05:29 ERROR en hostilmalvadoai :  
18/05/2020 8:05:29  9  Murcielago
18/05/2020 8:05:29 ERROR en irusuariocercano: El subíndice está fuera del intervalo
18/05/2020 8:05:29  5 Murcielago
18/05/2020 8:05:30 ERROR en irusuariocercano: El subíndice está fuera del intervalo
18/05/2020 8:05:30  5 Serpiente
18/05/2020 8:05:30 ERROR en irusuariocercano: El subíndice está fuera del intervalo
18/05/2020 8:05:30  5 Murcielago
18/05/2020 8:05:30 ERROR en irusuariocercano: El subíndice está fuera del intervalo
18/05/2020 8:05:30  5 Serpiente
18/05/2020 8:05:30 ERROR en irusuariocercano: El subíndice está fuera del intervalo
18/05/2020 8:05:30  5 Murcielago
18/05/2020 8:05:31 ERROR en irusuariocercano: El subíndice está fuera del intervalo
18/05/2020 8:05:31  5 Serpiente
18/05/2020 8:05:31 ERROR en irusuariocercano: El subíndice está fuera del intervalo
18/05/2020 8:05:31  5 Murcielago
18/05/2020 8:05:31 ERROR en irusuariocercano: El subíndice está fuera del intervalo
18/05/2020 8:05:31  5 Serpiente
18/05/2020 8:05:31 ERROR en irusuariocercano: El subíndice está fuera del intervalo
18/05/2020 8:05:31  5 Serpiente
18/05/2020 8:05:31 ERROR en irusuariocercano: El subíndice está fuera del intervalo
18/05/2020 8:05:31  5 Murcielago
18/05/2020 8:05:32 ERROR en irusuariocercano: El subíndice está fuera del intervalo
18/05/2020 8:05:32  5 Serpiente
18/05/2020 8:05:32 ERROR en irusuariocercano: El subíndice está fuera del intervalo
18/05/2020 8:05:32  5 Serpiente
18/05/2020 8:05:32 ERROR en irusuariocercano: El subíndice está fuera del intervalo
18/05/2020 8:05:32  5 Murcielago
18/05/2020 8:05:32 ERROR en irusuariocercano: El subíndice está fuera del intervalo
18/05/2020 8:05:32  5 Serpiente
18/05/2020 8:05:32 ERROR en irusuariocercano: El subíndice está fuera del intervalo
18/05/2020 8:05:32  5 Serpiente
18/05/2020 8:05:32 ERROR en irusuariocercano: El subíndice está fuera del intervalo
18/05/2020 8:05:32  5 Murcielago
18/05/2020 8:05:33 ERROR en irusuariocercano: El subíndice está fuera del intervalo
18/05/2020 8:05:33  5 Serpiente
18/05/2020 8:05:33 ERROR en irusuariocercano: El subíndice está fuera del intervalo
18/05/2020 8:05:33  5 Serpiente
18/05/2020 8:05:33 ERROR en irusuariocercano: El subíndice está fuera del intervalo
18/05/2020 8:05:33  5 Serpiente
18/05/2020 8:05:33 ERROR en irusuariocercano: El subíndice está fuera del intervalo
18/05/2020 8:05:33  5 Serpiente
18/05/2020 8:05:33 ERROR en irusuariocercano: El subíndice está fuera del intervalo
18/05/2020 8:05:33  5 Serpiente
18/05/2020 8:05:33 ERROR en irusuariocercano: El subíndice está fuera del intervalo
18/05/2020 8:05:33  5 Serpiente
18/05/2020 8:05:34 ERROR en irusuariocercano: El subíndice está fuera del intervalo
18/05/2020 8:05:34  5 Serpiente
18/05/2020 8:05:34 ERROR en irusuariocercano: El subíndice está fuera del intervalo
18/05/2020 8:05:34  5 Serpiente
18/05/2020 8:05:34 ERROR en irusuariocercano: El subíndice está fuera del intervalo
18/05/2020 8:05:34  5 Serpiente
18/05/2020 8:05:34 ERROR en irusuariocercano: El subíndice está fuera del intervalo
18/05/2020 8:05:34  5 Serpiente
18/05/2020 8:05:35 ERROR en irusuariocercano: El subíndice está fuera del intervalo
18/05/2020 8:05:35  5 Murcielago
18/05/2020 8:05:35 ERROR en irusuariocercano: El subíndice está fuera del intervalo
18/05/2020 8:05:35  5 Serpiente
18/05/2020 8:05:35 ERROR en irusuariocercano: El subíndice está fuera del intervalo
18/05/2020 8:05:35  5 Serpiente
18/05/2020 8:05:35 ERROR en irusuariocercano: El subíndice está fuera del intervalo
18/05/2020 8:05:35  5 Murcielago
18/05/2020 8:05:35 ERROR en irusuariocercano: El subíndice está fuera del intervalo
18/05/2020 8:05:35  5 Serpiente
18/05/2020 8:05:35 ERROR en irusuariocercano: El subíndice está fuera del intervalo
18/05/2020 8:05:35  5 Serpiente
18/05/2020 8:05:36 ERROR en irusuariocercano: El subíndice está fuera del intervalo
18/05/2020 8:05:36  5 Murcielago
18/05/2020 8:05:36 ERROR en irusuariocercano: El subíndice está fuera del intervalo
18/05/2020 8:05:36  5 Serpiente
18/05/2020 8:05:36 ERROR en irusuariocercano: El subíndice está fuera del intervalo
18/05/2020 8:05:36  5 Serpiente
18/05/2020 8:05:36 ERROR en irusuariocercano: El subíndice está fuera del intervalo
18/05/2020 8:05:36  5 Murcielago
18/05/2020 8:05:36 ERROR en irusuariocercano: El subíndice está fuera del intervalo
18/05/2020 8:05:36  5 Serpiente
18/05/2020 8:05:36 ERROR en irusuariocercano: El subíndice está fuera del intervalo
18/05/2020 8:05:36  5 Serpiente
18/05/2020 8:05:37 ERROR en irusuariocercano: El subíndice está fuera del intervalo
18/05/2020 8:05:37  5 Murcielago
18/05/2020 8:05:37 ERROR en irusuariocercano: El subíndice está fuera del intervalo
18/05/2020 8:05:37  5 Serpiente
18/05/2020 8:05:37 ERROR en irusuariocercano: El subíndice está fuera del intervalo
18/05/2020 8:05:37  5 Serpiente
18/05/2020 8:05:37 ERROR en irusuariocercano: El subíndice está fuera del intervalo
18/05/2020 8:05:37  5 Murcielago
18/05/2020 8:05:37 ERROR en irusuariocercano: El subíndice está fuera del intervalo
18/05/2020 8:05:37  5 Serpiente
18/05/2020 8:05:37 ERROR en irusuariocercano: El subíndice está fuera del intervalo
18/05/2020 8:05:37  5 Serpiente
18/05/2020 8:05:38 ERROR en irusuariocercano: El subíndice está fuera del intervalo
18/05/2020 8:05:38  5 Murcielago
18/05/2020 8:05:38 ERROR en irusuariocercano: El subíndice está fuera del intervalo
18/05/2020 8:05:38  5 Serpiente
18/05/2020 8:05:38 ERROR en irusuariocercano: El subíndice está fuera del intervalo
18/05/2020 8:05:38  5 Serpiente
18/05/2020 8:05:38 ERROR en irusuariocercano: El subíndice está fuera del intervalo
18/05/2020 8:05:38  5 Murcielago
18/05/2020 8:05:38 ERROR en irusuariocercano: El subíndice está fuera del intervalo
18/05/2020 8:05:38  5 Serpiente
18/05/2020 8:05:38 ERROR en irusuariocercano: El subíndice está fuera del intervalo
18/05/2020 8:05:38  5 Serpiente
18/05/2020 8:05:39 ERROR en irusuariocercano: El subíndice está fuera del intervalo
18/05/2020 8:05:39  5 Murcielago
18/05/2020 8:05:39 ERROR en irusuariocercano: El subíndice está fuera del intervalo
18/05/2020 8:05:39  5 Serpiente
18/05/2020 8:05:39 ERROR en irusuariocercano: El subíndice está fuera del intervalo
18/05/2020 8:05:39  5 Serpiente
18/05/2020 8:05:39 ERROR en irusuariocercano: El subíndice está fuera del intervalo
18/05/2020 8:05:39  5 Murcielago
18/05/2020 8:05:39 ERROR en irusuariocercano: El subíndice está fuera del intervalo
18/05/2020 8:05:39  5 Serpiente
18/05/2020 8:05:39 ERROR en irusuariocercano: El subíndice está fuera del intervalo
18/05/2020 8:05:39  5 Serpiente
18/05/2020 8:05:39 ERROR en irusuariocercano: El subíndice está fuera del intervalo
18/05/2020 8:05:39  5 Murcielago
18/05/2020 8:05:39 ERROR en irusuariocercano: El subíndice está fuera del intervalo
18/05/2020 8:05:39  5 Serpiente
18/05/2020 8:05:39 ERROR en irusuariocercano: El subíndice está fuera del intervalo
18/05/2020 8:05:39  5 Serpiente
18/05/2020 8:05:40 ERROR en irusuariocercano: El subíndice está fuera del intervalo
18/05/2020 8:05:40  5 Murcielago
18/05/2020 8:05:40 ERROR en irusuariocercano: El subíndice está fuera del intervalo
18/05/2020 8:05:40  5 Serpiente
18/05/2020 8:05:40 ERROR en irusuariocercano: El subíndice está fuera del intervalo
18/05/2020 8:05:40  5 Serpiente
18/05/2020 8:05:40 ERROR en irusuariocercano: El subíndice está fuera del intervalo
18/05/2020 8:05:40  5 Serpiente
18/05/2020 8:05:40 ERROR en irusuariocercano: El subíndice está fuera del intervalo
18/05/2020 8:05:40  5 Serpiente
18/05/2020 8:05:41 ERROR en irusuariocercano: El subíndice está fuera del intervalo
18/05/2020 8:05:41  5 Serpiente
18/05/2020 8:05:41 ERROR en irusuariocercano: El subíndice está fuera del intervalo
18/05/2020 8:05:41  5 Serpiente
18/05/2020 8:05:41 ERROR en irusuariocercano: El subíndice está fuera del intervalo
18/05/2020 8:05:41  5 Serpiente
18/05/2020 8:05:41 ERROR en irusuariocercano: El subíndice está fuera del intervalo
18/05/2020 8:05:41  5 Serpiente
18/05/2020 8:05:42 ERROR en irusuariocercano: El subíndice está fuera del intervalo
18/05/2020 8:05:42  5 Serpiente
18/05/2020 8:05:42 ERROR en irusuariocercano: El subíndice está fuera del intervalo
18/05/2020 8:05:42  5 Serpiente
18/05/2020 8:05:42 ERROR en irusuariocercano: El subíndice está fuera del intervalo
18/05/2020 8:05:42  5 Serpiente
18/05/2020 8:05:42 ERROR en irusuariocercano: El subíndice está fuera del intervalo
18/05/2020 8:05:42  5 Serpiente
18/05/2020 8:05:43 ERROR en irusuariocercano: El subíndice está fuera del intervalo
18/05/2020 8:05:43  5 Serpiente
18/05/2020 8:05:43 ERROR en irusuariocercano: El subíndice está fuera del intervalo
18/05/2020 8:05:43  5 Serpiente
18/05/2020 8:05:43 ERROR en irusuariocercano: El subíndice está fuera del intervalo
18/05/2020 8:05:43  5 Serpiente
18/05/2020 8:05:43 ERROR en hostilmalvadoai :  
18/05/2020 8:05:43  9  Serpiente
18/05/2020 8:05:43 ERROR en irusuariocercano: El subíndice está fuera del intervalo
18/05/2020 8:05:43  5 Serpiente
18/05/2020 8:05:44 ERROR en irusuariocercano: El subíndice está fuera del intervalo
18/05/2020 8:05:44  5 Serpiente
18/05/2020 8:05:44 ERROR en hostilmalvadoai :  
18/05/2020 8:05:44  9  Serpiente
18/05/2020 8:05:44 ERROR en irusuariocercano: El subíndice está fuera del intervalo
18/05/2020 8:05:44  5 Serpiente
18/05/2020 8:05:44 ERROR en irusuariocercano: El subíndice está fuera del intervalo
18/05/2020 8:05:44  5 Serpiente
18/05/2020 8:05:44 ERROR en irusuariocercano: El subíndice está fuera del intervalo
18/05/2020 8:05:44  5 Serpiente
18/05/2020 8:05:44 ERROR en irusuariocercano: El subíndice está fuera del intervalo
18/05/2020 8:05:44  5 Serpiente
18/05/2020 8:05:44 ERROR en irusuariocercano: El subíndice está fuera del intervalo
18/05/2020 8:05:44  5 Serpiente
18/05/2020 8:05:45 ERROR en irusuariocercano: El subíndice está fuera del intervalo
18/05/2020 8:05:45  5 Serpiente
18/05/2020 8:05:45 ERROR en irusuariocercano: El subíndice está fuera del intervalo
18/05/2020 8:05:45  5 Serpiente
18/05/2020 8:05:45 ERROR en irusuariocercano: El subíndice está fuera del intervalo
18/05/2020 8:05:45  5 Serpiente
18/05/2020 8:05:45 ERROR en irusuariocercano: El subíndice está fuera del intervalo
18/05/2020 8:05:45  5 Serpiente
18/05/2020 8:05:46 ERROR en irusuariocercano: El subíndice está fuera del intervalo
18/05/2020 8:05:46  5 Serpiente
18/05/2020 8:05:46 ERROR en irusuariocercano: El subíndice está fuera del intervalo
18/05/2020 8:05:46  5 Serpiente
18/05/2020 8:05:46 ERROR en irusuariocercano: El subíndice está fuera del intervalo
18/05/2020 8:05:46  5 Serpiente
18/05/2020 8:05:46 ERROR en irusuariocercano: El subíndice está fuera del intervalo
18/05/2020 8:05:46  5 Serpiente
18/05/2020 8:05:47 ERROR en irusuariocercano: El subíndice está fuera del intervalo
18/05/2020 8:05:47  5 Serpiente
18/05/2020 8:05:47 ERROR en irusuariocercano: El subíndice está fuera del intervalo
18/05/2020 8:05:47  5 Serpiente
18/05/2020 8:05:47 ERROR en irusuariocercano: El subíndice está fuera del intervalo
18/05/2020 8:05:47  5 Serpiente
18/05/2020 8:05:47 ERROR en irusuariocercano: El subíndice está fuera del intervalo
18/05/2020 8:05:47  5 Serpiente
18/05/2020 8:05:48 ERROR en irusuariocercano: El subíndice está fuera del intervalo
18/05/2020 8:05:48  5 Serpiente
18/05/2020 8:05:48 ERROR en irusuariocercano: El subíndice está fuera del intervalo
18/05/2020 8:05:48  5 Serpiente
18/05/2020 8:05:48 ERROR en irusuariocercano: El subíndice está fuera del intervalo
18/05/2020 8:05:48  5 Serpiente
18/05/2020 8:05:48 ERROR en irusuariocercano: El subíndice está fuera del intervalo
18/05/2020 8:05:48  5 Serpiente
18/05/2020 8:05:49 ERROR en irusuariocercano: El subíndice está fuera del intervalo
18/05/2020 8:05:49  5 Serpiente
18/05/2020 8:05:49 ERROR en irusuariocercano: El subíndice está fuera del intervalo
18/05/2020 8:05:49  5 Serpiente
18/05/2020 8:05:49 ERROR en irusuariocercano: El subíndice está fuera del intervalo
18/05/2020 8:05:49  5 Serpiente
18/05/2020 8:05:49 ERROR en irusuariocercano: El subíndice está fuera del intervalo
18/05/2020 8:05:49  5 Serpiente
18/05/2020 8:05:50 ERROR en irusuariocercano: El subíndice está fuera del intervalo
18/05/2020 8:05:50  5 Serpiente
18/05/2020 8:05:50 ERROR en irusuariocercano: El subíndice está fuera del intervalo
18/05/2020 8:05:50  5 Serpiente
18/05/2020 8:05:50 ERROR en irusuariocercano: El subíndice está fuera del intervalo
18/05/2020 8:05:50  5 Serpiente
18/05/2020 8:05:50 ERROR en irusuariocercano: El subíndice está fuera del intervalo
18/05/2020 8:05:50  5 Serpiente
18/05/2020 8:05:50 ERROR en irusuariocercano: El subíndice está fuera del intervalo
18/05/2020 8:05:50  5 Serpiente
18/05/2020 8:05:50 ERROR en irusuariocercano: El subíndice está fuera del intervalo
18/05/2020 8:05:50  5 Serpiente
18/05/2020 8:05:51 ERROR en irusuariocercano: El subíndice está fuera del intervalo
18/05/2020 8:05:51  5 Serpiente
18/05/2020 8:05:51 ERROR en irusuariocercano: El subíndice está fuera del intervalo
18/05/2020 8:05:51  5 Serpiente
18/05/2020 8:05:51 ERROR en irusuariocercano: El subíndice está fuera del intervalo
18/05/2020 8:05:51  5 Serpiente
18/05/2020 8:05:51 ERROR en irusuariocercano: El subíndice está fuera del intervalo
18/05/2020 8:05:51  5 Serpiente
18/05/2020 8:05:52 ERROR en irusuariocercano: El subíndice está fuera del intervalo
18/05/2020 8:05:52  5 Serpiente
18/05/2020 8:05:52 ERROR en irusuariocercano: El subíndice está fuera del intervalo
18/05/2020 8:05:52  5 Serpiente
18/05/2020 8:05:52 ERROR en irusuariocercano: El subíndice está fuera del intervalo
18/05/2020 8:05:52  5 Serpiente
18/05/2020 8:05:52 ERROR en irusuariocercano: El subíndice está fuera del intervalo
18/05/2020 8:05:52  5 Serpiente
18/05/2020 8:05:53 ERROR en irusuariocercano: El subíndice está fuera del intervalo
18/05/2020 8:05:53  5 Serpiente
18/05/2020 8:05:53 ERROR en irusuariocercano: El subíndice está fuera del intervalo
18/05/2020 8:05:53  5 Serpiente
18/05/2020 8:05:53 ERROR en irusuariocercano: El subíndice está fuera del intervalo
18/05/2020 8:05:53  5 Serpiente
18/05/2020 8:05:53 ERROR en irusuariocercano: El subíndice está fuera del intervalo
18/05/2020 8:05:53  5 Serpiente
18/05/2020 8:05:54 ERROR en irusuariocercano: El subíndice está fuera del intervalo
18/05/2020 8:05:54  5 Serpiente
18/05/2020 8:05:54 ERROR en irusuariocercano: El subíndice está fuera del intervalo
18/05/2020 8:05:54  5 Serpiente
18/05/2020 8:05:54 ERROR en irusuariocercano: El subíndice está fuera del intervalo
18/05/2020 8:05:54  5 Serpiente
18/05/2020 8:05:54 ERROR en irusuariocercano: El subíndice está fuera del intervalo
18/05/2020 8:05:54  5 Serpiente
18/05/2020 8:05:55 ERROR en irusuariocercano: El subíndice está fuera del intervalo
18/05/2020 8:05:55  5 Serpiente
18/05/2020 8:05:55 ERROR en irusuariocercano: El subíndice está fuera del intervalo
18/05/2020 8:05:55  5 Serpiente
18/05/2020 8:05:55 ERROR en irusuariocercano: El subíndice está fuera del intervalo
18/05/2020 8:05:55  5 Serpiente
18/05/2020 8:05:55 ERROR en irusuariocercano: El subíndice está fuera del intervalo
18/05/2020 8:05:55  5 Serpiente
18/05/2020 8:05:55 ERROR en irusuariocercano: El subíndice está fuera del intervalo
18/05/2020 8:05:55  5 Serpiente
18/05/2020 8:05:55 ERROR en irusuariocercano: El subíndice está fuera del intervalo
18/05/2020 8:05:55  5 Serpiente
18/05/2020 8:05:56 ERROR en irusuariocercano: El subíndice está fuera del intervalo
18/05/2020 8:05:56  5 Serpiente
18/05/2020 8:05:56 ERROR en irusuariocercano: El subíndice está fuera del intervalo
18/05/2020 8:05:56  5 Serpiente
18/05/2020 8:05:56 ERROR en irusuariocercano: El subíndice está fuera del intervalo
18/05/2020 8:05:56  5 Serpiente
18/05/2020 8:05:56 ERROR en irusuariocercano: El subíndice está fuera del intervalo
18/05/2020 8:05:56  5 Serpiente
18/05/2020 8:05:57 ERROR en irusuariocercano: El subíndice está fuera del intervalo
18/05/2020 8:05:57  5 Serpiente
18/05/2020 8:05:57 ERROR en irusuariocercano: El subíndice está fuera del intervalo
18/05/2020 8:05:57  5 Serpiente
18/05/2020 8:05:57 ERROR en irusuariocercano: El subíndice está fuera del intervalo
18/05/2020 8:05:57  5 Serpiente
18/05/2020 8:05:57 ERROR en irusuariocercano: El subíndice está fuera del intervalo
18/05/2020 8:05:57  5 Serpiente
18/05/2020 8:05:58 ERROR en irusuariocercano: El subíndice está fuera del intervalo
18/05/2020 8:05:58  5 Serpiente
18/05/2020 8:05:58 ERROR en irusuariocercano: El subíndice está fuera del intervalo
18/05/2020 8:05:58  5 Serpiente
18/05/2020 8:05:58 ERROR en irusuariocercano: El subíndice está fuera del intervalo
18/05/2020 8:05:58  5 Serpiente
18/05/2020 8:05:58 ERROR en irusuariocercano: El subíndice está fuera del intervalo
18/05/2020 8:05:58  5 Serpiente
18/05/2020 8:05:59 ERROR en irusuariocercano: El subíndice está fuera del intervalo
18/05/2020 8:05:59  5 Serpiente
18/05/2020 8:05:59 ERROR en irusuariocercano: El subíndice está fuera del intervalo
18/05/2020 8:05:59  5 Serpiente
18/05/2020 8:05:59 ERROR en irusuariocercano: El subíndice está fuera del intervalo
18/05/2020 8:05:59  5 Serpiente
18/05/2020 8:05:59 ERROR en irusuariocercano: El subíndice está fuera del intervalo
18/05/2020 8:05:59  5 Serpiente
18/05/2020 8:06:00 ERROR en irusuariocercano: El subíndice está fuera del intervalo
18/05/2020 8:06:00  5 Serpiente
18/05/2020 8:06:00 ERROR en irusuariocercano: El subíndice está fuera del intervalo
18/05/2020 8:06:00  5 Serpiente
18/05/2020 8:06:00 ERROR en irusuariocercano: El subíndice está fuera del intervalo
18/05/2020 8:06:00  5 Serpiente
18/05/2020 8:06:00 ERROR en irusuariocercano: El subíndice está fuera del intervalo
18/05/2020 8:06:00  5 Serpiente
18/05/2020 8:06:01 ERROR en irusuariocercano: El subíndice está fuera del intervalo
18/05/2020 8:06:01  5 Serpiente
18/05/2020 8:06:01 ERROR en irusuariocercano: El subíndice está fuera del intervalo
18/05/2020 8:06:01  5 Serpiente
18/05/2020 8:06:01 ERROR en irusuariocercano: El subíndice está fuera del intervalo
18/05/2020 8:06:01  5 Serpiente
18/05/2020 8:06:01 ERROR en irusuariocercano: El subíndice está fuera del intervalo
18/05/2020 8:06:01  5 Serpiente
18/05/2020 8:06:01 ERROR en irusuariocercano: El subíndice está fuera del intervalo
18/05/2020 8:06:01  5 Serpiente
18/05/2020 8:06:01 ERROR en irusuariocercano: El subíndice está fuera del intervalo
18/05/2020 8:06:01  5 Serpiente
18/05/2020 8:06:02 ERROR en irusuariocercano: El subíndice está fuera del intervalo
18/05/2020 8:06:02  5 Serpiente
18/05/2020 8:06:02 ERROR en irusuariocercano: El subíndice está fuera del intervalo
18/05/2020 8:06:02  5 Serpiente
18/05/2020 8:06:02 ERROR en irusuariocercano: El subíndice está fuera del intervalo
18/05/2020 8:06:02  5 Serpiente
18/05/2020 8:06:02 ERROR en irusuariocercano: El subíndice está fuera del intervalo
18/05/2020 8:06:02  5 Serpiente
18/05/2020 8:06:03 ERROR en irusuariocercano: El subíndice está fuera del intervalo
18/05/2020 8:06:03  5 Serpiente
18/05/2020 8:06:03 ERROR en irusuariocercano: El subíndice está fuera del intervalo
18/05/2020 8:06:03  5 Serpiente
18/05/2020 8:06:03 ERROR en irusuariocercano: El subíndice está fuera del intervalo
18/05/2020 8:06:03  5 Serpiente
18/05/2020 8:06:03 ERROR en irusuariocercano: El subíndice está fuera del intervalo
18/05/2020 8:06:03  5 Serpiente
18/05/2020 8:06:04 ERROR en irusuariocercano: El subíndice está fuera del intervalo
18/05/2020 8:06:04  5 Serpiente
18/05/2020 8:06:04 ERROR en irusuariocercano: El subíndice está fuera del intervalo
18/05/2020 8:06:04  5 Serpiente
18/05/2020 8:06:04 ERROR en irusuariocercano: El subíndice está fuera del intervalo
18/05/2020 8:06:04  5 Serpiente
18/05/2020 8:06:04 ERROR en irusuariocercano: El subíndice está fuera del intervalo
18/05/2020 8:06:04  5 Serpiente
18/05/2020 8:06:05 ERROR en irusuariocercano: El subíndice está fuera del intervalo
18/05/2020 8:06:05  5 Serpiente
18/05/2020 8:06:05 ERROR en irusuariocercano: El subíndice está fuera del intervalo
18/05/2020 8:06:05  5 Serpiente
18/05/2020 8:06:05 ERROR en irusuariocercano: El subíndice está fuera del intervalo
18/05/2020 8:06:05  5 Serpiente
18/05/2020 8:06:05 ERROR en irusuariocercano: El subíndice está fuera del intervalo
18/05/2020 8:06:05  5 Serpiente
18/05/2020 8:06:06 ERROR en irusuariocercano: El subíndice está fuera del intervalo
18/05/2020 8:06:06  5 Serpiente
18/05/2020 8:06:06 ERROR en irusuariocercano: El subíndice está fuera del intervalo
18/05/2020 8:06:06  5 Serpiente
18/05/2020 8:06:06 ERROR en irusuariocercano: El subíndice está fuera del intervalo
18/05/2020 8:06:06  5 Serpiente
18/05/2020 8:06:06 ERROR en irusuariocercano: El subíndice está fuera del intervalo
18/05/2020 8:06:06  5 Serpiente
18/05/2020 8:06:06 ERROR en irusuariocercano: El subíndice está fuera del intervalo
18/05/2020 8:06:06  5 Serpiente
18/05/2020 8:06:06 ERROR en irusuariocercano: El subíndice está fuera del intervalo
18/05/2020 8:06:06  5 Serpiente
18/05/2020 8:06:07 ERROR en irusuariocercano: El subíndice está fuera del intervalo
18/05/2020 8:06:07  5 Serpiente
18/05/2020 8:06:07 ERROR en irusuariocercano: El subíndice está fuera del intervalo
18/05/2020 8:06:07  5 Serpiente
18/05/2020 8:06:07 ERROR en irusuariocercano: El subíndice está fuera del intervalo
18/05/2020 8:06:07  5 Serpiente
18/05/2020 8:06:07 ERROR en irusuariocercano: El subíndice está fuera del intervalo
18/05/2020 8:06:07  5 Serpiente
18/05/2020 8:06:08 ERROR en irusuariocercano: El subíndice está fuera del intervalo
18/05/2020 8:06:08  5 Serpiente
18/05/2020 8:06:08 ERROR en irusuariocercano: El subíndice está fuera del intervalo
18/05/2020 8:06:08  5 Serpiente
18/05/2020 8:06:08 ERROR en irusuariocercano: El subíndice está fuera del intervalo
18/05/2020 8:06:08  5 Serpiente
18/05/2020 8:06:08 ERROR en irusuariocercano: El subíndice está fuera del intervalo
18/05/2020 8:06:08  5 Serpiente
18/05/2020 8:06:09 ERROR en irusuariocercano: El subíndice está fuera del intervalo
18/05/2020 8:06:09  5 Serpiente
18/05/2020 8:06:09 ERROR en irusuariocercano: El subíndice está fuera del intervalo
18/05/2020 8:06:09  5 Serpiente
18/05/2020 8:06:09 ERROR en irusuariocercano: El subíndice está fuera del intervalo
18/05/2020 8:06:09  5 Serpiente
18/05/2020 8:06:09 ERROR en irusuariocercano: El subíndice está fuera del intervalo
18/05/2020 8:06:09  5 Serpiente
18/05/2020 8:06:10 ERROR en irusuariocercano: El subíndice está fuera del intervalo
18/05/2020 8:06:10  5 Serpiente
18/05/2020 8:06:10 ERROR en irusuariocercano: El subíndice está fuera del intervalo
18/05/2020 8:06:10  5 Serpiente
18/05/2020 8:06:11 ERROR en irusuariocercano: El subíndice está fuera del intervalo
18/05/2020 8:06:11  5 Serpiente
18/05/2020 8:06:11 ERROR en irusuariocercano: El subíndice está fuera del intervalo
18/05/2020 8:06:11  5 Serpiente
18/05/2020 8:06:11 ERROR en irusuariocercano: El subíndice está fuera del intervalo
18/05/2020 8:06:11  5 Serpiente
18/05/2020 8:06:11 ERROR en irusuariocercano: El subíndice está fuera del intervalo
18/05/2020 8:06:11  5 Serpiente
18/05/2020 8:06:12 ERROR en irusuariocercano: El subíndice está fuera del intervalo
18/05/2020 8:06:12  5 Serpiente
18/05/2020 8:06:12 ERROR en irusuariocercano: El subíndice está fuera del intervalo
18/05/2020 8:06:12  5 Serpiente
18/05/2020 8:06:12 ERROR en irusuariocercano: El subíndice está fuera del intervalo
18/05/2020 8:06:12  5 Serpiente
18/05/2020 8:06:12 ERROR en irusuariocercano: El subíndice está fuera del intervalo
18/05/2020 8:06:12  5 Serpiente
18/05/2020 8:06:13 ERROR en irusuariocercano: El subíndice está fuera del intervalo
18/05/2020 8:06:13  5 Serpiente
18/05/2020 8:06:13 ERROR en irusuariocercano: El subíndice está fuera del intervalo
18/05/2020 8:06:13  5 Serpiente
18/05/2020 8:06:13 ERROR en irusuariocercano: El subíndice está fuera del intervalo
18/05/2020 8:06:13  5 Serpiente
18/05/2020 8:06:13 ERROR en irusuariocercano: El subíndice está fuera del intervalo
18/05/2020 8:06:13  5 Serpiente
18/05/2020 8:06:14 ERROR en irusuariocercano: El subíndice está fuera del intervalo
18/05/2020 8:06:14  5 Serpiente
18/05/2020 8:06:14 ERROR en irusuariocercano: El subíndice está fuera del intervalo
18/05/2020 8:06:14  5 Serpiente
18/05/2020 8:08:26 ERROR en irusuariocercano: El subíndice está fuera del intervalo
18/05/2020 8:08:26  5 Serpiente
18/05/2020 8:08:26 ERROR en irusuariocercano: El subíndice está fuera del intervalo
18/05/2020 8:08:26  5 Serpiente
18/05/2020 8:08:26 ERROR en irusuariocercano: El subíndice está fuera del intervalo
18/05/2020 8:08:26  5 Serpiente
18/05/2020 8:08:26 ERROR en irusuariocercano: El subíndice está fuera del intervalo
18/05/2020 8:08:26  5 Serpiente
18/05/2020 8:08:27 ERROR en irusuariocercano: El subíndice está fuera del intervalo
18/05/2020 8:08:27  5 Serpiente
18/05/2020 8:08:27 ERROR en irusuariocercano: El subíndice está fuera del intervalo
18/05/2020 8:08:27  5 Serpiente
18/05/2020 8:08:27 ERROR en irusuariocercano: El subíndice está fuera del intervalo
18/05/2020 8:08:27  5 Serpiente
18/05/2020 8:08:27 ERROR en irusuariocercano: El subíndice está fuera del intervalo
18/05/2020 8:08:27  5 Serpiente
18/05/2020 8:08:28 ERROR en irusuariocercano: El subíndice está fuera del intervalo
18/05/2020 8:08:28  5 Serpiente
18/05/2020 8:08:28 ERROR en irusuariocercano: El subíndice está fuera del intervalo
18/05/2020 8:08:28  5 Serpiente
18/05/2020 8:08:28 ERROR en irusuariocercano: El subíndice está fuera del intervalo
18/05/2020 8:08:28  5 Serpiente
18/05/2020 8:08:28 ERROR en irusuariocercano: El subíndice está fuera del intervalo
18/05/2020 8:08:28  5 Serpiente
18/05/2020 8:08:29 ERROR en irusuariocercano: El subíndice está fuera del intervalo
18/05/2020 8:08:29  5 Serpiente
18/05/2020 8:08:29 ERROR en irusuariocercano: El subíndice está fuera del intervalo
18/05/2020 8:08:29  5 Serpiente
18/05/2020 8:08:29 ERROR en irusuariocercano: El subíndice está fuera del intervalo
18/05/2020 8:08:29  5 Serpiente
18/05/2020 8:08:29 ERROR en irusuariocercano: El subíndice está fuera del intervalo
18/05/2020 8:08:29  5 Serpiente
18/05/2020 8:08:30 ERROR en irusuariocercano: El subíndice está fuera del intervalo
18/05/2020 8:08:30  5 Serpiente
18/05/2020 8:08:30 ERROR en irusuariocercano: El subíndice está fuera del intervalo
18/05/2020 8:08:30  5 Serpiente
18/05/2020 8:08:30 ERROR en irusuariocercano: El subíndice está fuera del intervalo
18/05/2020 8:08:30  5 Serpiente
18/05/2020 8:08:30 ERROR en irusuariocercano: El subíndice está fuera del intervalo
18/05/2020 8:08:30  5 Serpiente
18/05/2020 8:08:30 ERROR en irusuariocercano: El subíndice está fuera del intervalo
18/05/2020 8:08:30  5 Serpiente
18/05/2020 8:08:30 ERROR en irusuariocercano: El subíndice está fuera del intervalo
18/05/2020 8:08:30  5 Serpiente
18/05/2020 8:08:31 ERROR en irusuariocercano: El subíndice está fuera del intervalo
18/05/2020 8:08:31  5 Serpiente
18/05/2020 8:08:31 ERROR en irusuariocercano: El subíndice está fuera del intervalo
18/05/2020 8:08:31  5 Serpiente
18/05/2020 8:08:31 ERROR en irusuariocercano: El subíndice está fuera del intervalo
18/05/2020 8:08:31  5 Serpiente
18/05/2020 8:08:31 ERROR en irusuariocercano: El subíndice está fuera del intervalo
18/05/2020 8:08:31  5 Serpiente
18/05/2020 8:08:32 ERROR en irusuariocercano: El subíndice está fuera del intervalo
18/05/2020 8:08:32  5 Serpiente
18/05/2020 8:08:32 ERROR en irusuariocercano: El subíndice está fuera del intervalo
18/05/2020 8:08:32  5 Serpiente
18/05/2020 8:08:32 ERROR en irusuariocercano: El subíndice está fuera del intervalo
18/05/2020 8:08:32  5 Serpiente
18/05/2020 8:08:32 ERROR en irusuariocercano: El subíndice está fuera del intervalo
18/05/2020 8:08:32  5 Serpiente
18/05/2020 8:08:33 ERROR en irusuariocercano: El subíndice está fuera del intervalo
18/05/2020 8:08:33  5 Serpiente
18/05/2020 8:08:33 ERROR en irusuariocercano: El subíndice está fuera del intervalo
18/05/2020 8:08:33  5 Serpiente
18/05/2020 8:08:33 ERROR en irusuariocercano: El subíndice está fuera del intervalo
18/05/2020 8:08:33  5 Serpiente
18/05/2020 8:08:33 ERROR en irusuariocercano: El subíndice está fuera del intervalo
18/05/2020 8:08:33  5 Serpiente
18/05/2020 8:08:34 ERROR en irusuariocercano: El subíndice está fuera del intervalo
18/05/2020 8:08:34  5 Serpiente
18/05/2020 8:08:34 ERROR en hostilmalvadoai :  
18/05/2020 8:08:34  9  Serpiente
18/05/2020 8:08:34 ERROR en irusuariocercano: El subíndice está fuera del intervalo
18/05/2020 8:08:34  5 Serpiente
18/05/2020 8:08:34 ERROR en irusuariocercano: El subíndice está fuera del intervalo
18/05/2020 8:08:34  5 Serpiente
18/05/2020 8:08:34 ERROR en hostilmalvadoai :  
18/05/2020 8:08:34  9  Serpiente
18/05/2020 8:08:34 ERROR en irusuariocercano: El subíndice está fuera del intervalo
18/05/2020 8:08:34  5 Serpiente
18/05/2020 8:08:35 ERROR en irusuariocercano: El subíndice está fuera del intervalo
18/05/2020 8:08:35  5 Serpiente
18/05/2020 8:08:35 ERROR en hostilmalvadoai :  
18/05/2020 8:08:35  9  Serpiente
18/05/2020 8:08:35 ERROR en irusuariocercano: El subíndice está fuera del intervalo
18/05/2020 8:08:35  5 Serpiente
18/05/2020 8:08:35 ERROR en irusuariocercano: El subíndice está fuera del intervalo
18/05/2020 8:08:35  5 Serpiente
18/05/2020 8:08:35 ERROR en irusuariocercano: El subíndice está fuera del intervalo
18/05/2020 8:08:35  5 Serpiente
18/05/2020 8:08:35 ERROR en irusuariocercano: El subíndice está fuera del intervalo
18/05/2020 8:08:35  5 Serpiente
18/05/2020 8:08:36 ERROR en irusuariocercano: El subíndice está fuera del intervalo
18/05/2020 8:08:36  5 Serpiente
18/05/2020 8:08:36 ERROR en irusuariocercano: El subíndice está fuera del intervalo
18/05/2020 8:08:36  5 Serpiente
18/05/2020 8:08:36 ERROR en irusuariocercano: El subíndice está fuera del intervalo
18/05/2020 8:08:36  5 Serpiente
18/05/2020 8:08:36 ERROR en irusuariocercano: El subíndice está fuera del intervalo
18/05/2020 8:08:36  5 Serpiente
18/05/2020 8:08:37 ERROR en irusuariocercano: El subíndice está fuera del intervalo
18/05/2020 8:08:37  5 Murcielago
18/05/2020 8:08:37 ERROR en irusuariocercano: El subíndice está fuera del intervalo
18/05/2020 8:08:37  5 Serpiente
18/05/2020 8:08:37 ERROR en irusuariocercano: El subíndice está fuera del intervalo
18/05/2020 8:08:37  5 Serpiente
18/05/2020 8:08:37 ERROR en irusuariocercano: El subíndice está fuera del intervalo
18/05/2020 8:08:37  5 Murcielago
18/05/2020 8:08:37 ERROR en irusuariocercano: El subíndice está fuera del intervalo
18/05/2020 8:08:37  5 Serpiente
18/05/2020 8:08:37 ERROR en irusuariocercano: El subíndice está fuera del intervalo
18/05/2020 8:08:37  5 Serpiente
18/05/2020 8:08:38 ERROR en irusuariocercano: El subíndice está fuera del intervalo
18/05/2020 8:08:38  5 Murcielago
18/05/2020 8:08:38 ERROR en irusuariocercano: El subíndice está fuera del intervalo
18/05/2020 8:08:38  5 Serpiente
18/05/2020 8:08:38 ERROR en irusuariocercano: El subíndice está fuera del intervalo
18/05/2020 8:08:38  5 Serpiente
18/05/2020 8:08:38 ERROR en irusuariocercano: El subíndice está fuera del intervalo
18/05/2020 8:08:38  5 Murcielago
18/05/2020 8:08:38 ERROR en irusuariocercano: El subíndice está fuera del intervalo
18/05/2020 8:08:38  5 Serpiente
18/05/2020 8:08:38 ERROR en irusuariocercano: El subíndice está fuera del intervalo
18/05/2020 8:08:38  5 Serpiente
18/05/2020 8:08:39 ERROR en irusuariocercano: El subíndice está fuera del intervalo
18/05/2020 8:08:39  5 Murcielago
18/05/2020 8:08:39 ERROR en irusuariocercano: El subíndice está fuera del intervalo
18/05/2020 8:08:39  5 Serpiente
18/05/2020 8:08:39 ERROR en irusuariocercano: El subíndice está fuera del intervalo
18/05/2020 8:08:39  5 Murcielago
18/05/2020 8:08:39 ERROR en irusuariocercano: El subíndice está fuera del intervalo
18/05/2020 8:08:39  5 Serpiente
18/05/2020 8:08:39 ERROR en irusuariocercano: El subíndice está fuera del intervalo
18/05/2020 8:08:39  5 Serpiente
18/05/2020 8:08:40 ERROR en irusuariocercano: El subíndice está fuera del intervalo
18/05/2020 8:08:40  5 Murcielago
18/05/2020 8:08:40 ERROR en irusuariocercano: El subíndice está fuera del intervalo
18/05/2020 8:08:40  5 Serpiente
18/05/2020 8:08:40 ERROR en irusuariocercano: El subíndice está fuera del intervalo
18/05/2020 8:08:40  5 Serpiente
18/05/2020 8:08:40 ERROR en irusuariocercano: El subíndice está fuera del intervalo
18/05/2020 8:08:40  5 Murcielago
18/05/2020 8:08:40 ERROR en irusuariocercano: El subíndice está fuera del intervalo
18/05/2020 8:08:40  5 Serpiente
18/05/2020 8:08:40 ERROR en irusuariocercano: El subíndice está fuera del intervalo
18/05/2020 8:08:40  5 Serpiente
18/05/2020 8:08:40 ERROR en irusuariocercano: El subíndice está fuera del intervalo
18/05/2020 8:08:40  5 Serpiente
18/05/2020 8:08:40 ERROR en irusuariocercano: El subíndice está fuera del intervalo
18/05/2020 8:08:40  5 Serpiente
18/05/2020 8:08:41 ERROR en irusuariocercano: El subíndice está fuera del intervalo
18/05/2020 8:08:41  5 Serpiente
18/05/2020 8:08:41 ERROR en irusuariocercano: El subíndice está fuera del intervalo
18/05/2020 8:08:41  5 Serpiente
18/05/2020 8:08:41 ERROR en irusuariocercano: El subíndice está fuera del intervalo
18/05/2020 8:08:41  5 Serpiente
18/05/2020 8:08:41 ERROR en irusuariocercano: El subíndice está fuera del intervalo
18/05/2020 8:08:41  5 Serpiente
18/05/2020 8:08:42 ERROR en irusuariocercano: El subíndice está fuera del intervalo
18/05/2020 8:08:42  5 Serpiente
18/05/2020 8:08:42 ERROR en irusuariocercano: El subíndice está fuera del intervalo
18/05/2020 8:08:42  5 Serpiente
18/05/2020 8:08:42 ERROR en irusuariocercano: El subíndice está fuera del intervalo
18/05/2020 8:08:42  5 Serpiente
18/05/2020 8:08:42 ERROR en irusuariocercano: El subíndice está fuera del intervalo
18/05/2020 8:08:42  5 Serpiente
18/05/2020 8:08:42 ERROR en irusuariocercano: El subíndice está fuera del intervalo
18/05/2020 8:08:42  5 Murcielago
18/05/2020 8:08:43 ERROR en irusuariocercano: El subíndice está fuera del intervalo
18/05/2020 8:08:43  5 Serpiente
18/05/2020 8:08:43 ERROR en irusuariocercano: El subíndice está fuera del intervalo
18/05/2020 8:08:43  5 Murcielago
18/05/2020 8:08:43 ERROR en irusuariocercano: El subíndice está fuera del intervalo
18/05/2020 8:08:43  5 Serpiente
18/05/2020 8:08:43 ERROR en irusuariocercano: El subíndice está fuera del intervalo
18/05/2020 8:08:43  5 Murcielago
18/05/2020 8:08:44 ERROR en irusuariocercano: El subíndice está fuera del intervalo
18/05/2020 8:08:44  5 Serpiente
18/05/2020 8:08:44 ERROR en irusuariocercano: El subíndice está fuera del intervalo
18/05/2020 8:08:44  5 Murcielago
18/05/2020 8:08:44 ERROR en irusuariocercano: El subíndice está fuera del intervalo
18/05/2020 8:08:44  5 Serpiente
18/05/2020 8:08:44 ERROR en irusuariocercano: El subíndice está fuera del intervalo
18/05/2020 8:08:44  5 Murcielago
18/05/2020 8:08:45 ERROR en irusuariocercano: El subíndice está fuera del intervalo
18/05/2020 8:08:45  5 Serpiente
18/05/2020 8:08:45 ERROR en irusuariocercano: El subíndice está fuera del intervalo
18/05/2020 8:08:45  5 Murcielago
18/05/2020 8:08:45 ERROR en irusuariocercano: El subíndice está fuera del intervalo
18/05/2020 8:08:45  5 Serpiente
18/05/2020 8:08:45 ERROR en irusuariocercano: El subíndice está fuera del intervalo
18/05/2020 8:08:45  5 Murcielago
18/05/2020 8:08:45 ERROR en irusuariocercano: El subíndice está fuera del intervalo
18/05/2020 8:08:45  5 Serpiente
18/05/2020 8:08:45 ERROR en irusuariocercano: El subíndice está fuera del intervalo
18/05/2020 8:08:45  5 Murcielago
18/05/2020 8:08:46 ERROR en irusuariocercano: El subíndice está fuera del intervalo
18/05/2020 8:08:46  5 Serpiente
18/05/2020 8:08:46 ERROR en irusuariocercano: El subíndice está fuera del intervalo
18/05/2020 8:08:46  5 Murcielago
18/05/2020 8:08:46 ERROR en irusuariocercano: El subíndice está fuera del intervalo
18/05/2020 8:08:46  5 Serpiente
18/05/2020 8:08:46 ERROR en irusuariocercano: El subíndice está fuera del intervalo
18/05/2020 8:08:46  5 Murcielago
18/05/2020 8:08:47 ERROR en irusuariocercano: El subíndice está fuera del intervalo
18/05/2020 8:08:47  5 Serpiente
18/05/2020 8:08:47 ERROR en irusuariocercano: El subíndice está fuera del intervalo
18/05/2020 8:08:47  5 Murcielago
18/05/2020 8:08:47 ERROR en irusuariocercano: El subíndice está fuera del intervalo
18/05/2020 8:08:47  5 Serpiente
18/05/2020 8:08:47 ERROR en irusuariocercano: El subíndice está fuera del intervalo
18/05/2020 8:08:47  5 Murcielago
18/05/2020 8:09:37 ERROR en irusuariocercano: El subíndice está fuera del intervalo
18/05/2020 8:09:37  5 Serpiente
18/05/2020 8:09:41 ERROR en hostilmalvadoai :  
18/05/2020 8:09:41  9  Murcielago
18/05/2020 8:11:12 ERROR en hostilmalvadoai :  
18/05/2020 8:11:12  9  Serpiente
18/05/2020 8:13:39 ERROR en hostilmalvadoai :  
18/05/2020 8:13:39  9  Alma Infernal
18/05/2020 8:13:39 ERROR en hostilmalvadoai :  
18/05/2020 8:13:39  9  Alma Infernal
18/05/2020 8:13:40 ERROR en hostilmalvadoai :  
18/05/2020 8:13:40  9  Alma Infernal
18/05/2020 8:13:40 ERROR en hostilmalvadoai :  
18/05/2020 8:13:40  9  Alma Infernal
18/05/2020 8:13:41 ERROR en hostilmalvadoai :  
18/05/2020 8:13:41  9  Alma Infernal
18/05/2020 8:13:41 ERROR en hostilmalvadoai :  
18/05/2020 8:13:41  9  Alma Infernal
18/05/2020 8:13:42 ERROR en hostilmalvadoai :  
18/05/2020 8:13:42  9  Alma Infernal
18/05/2020 8:13:42 ERROR en hostilmalvadoai :  
18/05/2020 8:13:42  9  Alma Infernal
18/05/2020 8:13:43 ERROR en hostilmalvadoai :  
18/05/2020 8:13:43  9  Alma Infernal
18/05/2020 8:13:43 ERROR en hostilmalvadoai :  
18/05/2020 8:13:43  9  Alma Infernal
18/05/2020 8:13:44 ERROR en hostilmalvadoai :  
18/05/2020 8:13:44  9  Alma Infernal
18/05/2020 8:13:44 ERROR en hostilmalvadoai :  
18/05/2020 8:13:44  9  Alma Infernal
18/05/2020 8:13:44 ERROR en hostilmalvadoai :  
18/05/2020 8:13:44  9  Alma Infernal
18/05/2020 8:13:45 ERROR en hostilmalvadoai :  
18/05/2020 8:13:45  9  Alma Infernal
18/05/2020 8:13:45 ERROR en hostilmalvadoai :  
18/05/2020 8:13:45  9  Alma Infernal
18/05/2020 8:13:46 ERROR en hostilmalvadoai :  
18/05/2020 8:13:46  9  Alma Infernal
18/05/2020 8:13:46 ERROR en hostilmalvadoai :  
18/05/2020 8:13:46  9  Alma Infernal
18/05/2020 8:13:47 ERROR en hostilmalvadoai :  
18/05/2020 8:13:47  9  Alma Infernal
18/05/2020 8:13:47 ERROR en hostilmalvadoai :  
18/05/2020 8:13:47  9  Alma Infernal
18/05/2020 8:13:48 ERROR en hostilmalvadoai :  
18/05/2020 8:13:48  9  Alma Infernal
18/05/2020 8:13:48 ERROR en hostilmalvadoai :  
18/05/2020 8:13:48  9  Alma Infernal
18/05/2020 8:13:49 ERROR en hostilmalvadoai :  
18/05/2020 8:13:49  9  Alma Infernal
18/05/2020 8:13:49 ERROR en hostilmalvadoai :  
18/05/2020 8:13:49  9  Alma Infernal
18/05/2020 8:13:49 ERROR en hostilmalvadoai :  
18/05/2020 8:13:49  9  Alma Infernal
18/05/2020 8:13:50 ERROR en hostilmalvadoai :  
18/05/2020 8:13:50  9  Alma Infernal
18/05/2020 8:13:50 ERROR en hostilmalvadoai :  
18/05/2020 8:13:50  9  Alma Infernal
18/05/2020 8:13:51 ERROR en hostilmalvadoai :  
18/05/2020 8:13:51  9  Alma Infernal
18/05/2020 8:13:51 ERROR en hostilmalvadoai :  
18/05/2020 8:13:51  9  Alma Infernal
18/05/2020 8:13:52 ERROR en hostilmalvadoai :  
18/05/2020 8:13:52  9  Alma Infernal
18/05/2020 8:13:52 ERROR en hostilmalvadoai :  
18/05/2020 8:13:52  9  Alma Infernal
18/05/2020 8:13:53 ERROR en hostilmalvadoai :  
18/05/2020 8:13:53  9  Alma Infernal
18/05/2020 8:13:53 ERROR en hostilmalvadoai :  
18/05/2020 8:13:53  9  Alma Infernal
18/05/2020 8:13:54 ERROR en hostilmalvadoai :  
18/05/2020 8:13:54  9  Alma Infernal
18/05/2020 8:13:54 ERROR en hostilmalvadoai :  
18/05/2020 8:13:54  9  Alma Infernal
18/05/2020 8:13:54 ERROR en hostilmalvadoai :  
18/05/2020 8:13:54  9  Alma Infernal
