----------------------------------------------------------
19/05/2020 12:18:36 Mesaje enviado sin logearse:hIKOiZCUlMPW6OH6+Awg8gEZJUNNcq3OrgIWChtxiq+gyt88KFR12Pb+GoGmrNIPK2qS0ftE
ZqveJlOWzBFLkM4NTQ==
----------------------------------------------------------
----------------------------------------------------------
19/05/2020 12:18:40 Mesaje enviado sin logearse:hIKOiZCUlMPW6OH6+Awg8gEZJUNNcq3OrgIWChtxiq+gyt88KFR12Pb+GoGmrNIPK2qS0ftE
ZqveJlOWzBFLkM4NTQ==
----------------------------------------------------------
----------------------------------------------------------
19/05/2020 12:18:41 Mesaje enviado sin logearse:hIKOiZCUlMPW6OH6+Awg8gEZJUNNcq3OrgIWChtxiq+gyt88KFR12Pb+GoGmrNIPK2qS0ftE
ZqveJlOWzBFLkM4NTQ==
----------------------------------------------------------
----------------------------------------------------------
19/05/2020 12:18:43 Mesaje enviado sin logearse:hIKOiZCUlMPW6OH6+Awg8gEZJUNNcq3OrgIWChtxiq+gyt88KFR12Pb+GoGmrNIPK2qS0ftE
ZqveJlOWzBFLkM4NTQ==
----------------------------------------------------------
----------------------------------------------------------
19/05/2020 12:18:45 Mesaje enviado sin logearse:hIKOiZCUlMPW6OH6+Awg8gEZJUNNcq3OrgIWChtxiq+gyt88KFR12Pb+GoGmrNIPK2qS0ftE
ZqveJlOWzBFLkM4NTQ==
----------------------------------------------------------
----------------------------------------------------------
19/05/2020 12:18:48 Mesaje enviado sin logearse:hIKOiZCUlMPW6OH6+Awg8gMaJkR/nnrLtNDjCUxBXbSXyeI+J1ek08X1H311sM8IK2qS0ftE
ZqveJlOWzBFLkM4NTQ==
----------------------------------------------------------
----------------------------------------------------------
19/05/2020 12:18:49 Mesaje enviado sin logearse:hIKOiZCUlMPW6OH6+Awg8gMaJkR/nnrLtNDjCUxBXbSXyeI+J1ek08X1H311sM8IK2qS0ftE
ZqveJlOWzBFLkM4NTQ==
----------------------------------------------------------
----------------------------------------------------------
19/05/2020 12:18:53 Mesaje enviado sin logearse:hIKOiZCUlMPW6OH6+Awg8gMaJkR/nnrLtNDjCUxBXbSXyeI+J1ek08X1H311sM8IK2qS0ftE
ZqveJlOWzBFLkM4NTQ==
----------------------------------------------------------
----------------------------------------------------------
19/05/2020 12:18:54 Mesaje enviado sin logearse:hIKOiZCUlMPW6OH6+Awg8gMaJkR/nnrLtNDjCUxBXbSXyeI+J1ek08X1H311sM8IK2qS0ftE
ZqveJlOWzBFLkM4NTQ==
----------------------------------------------------------
----------------------------------------------------------
19/05/2020 12:18:59 Mesaje enviado sin logearse:hIKOiZCUlMPW6OH6+Awg8gMaJkR/nnrLtNDjCUxBXbSXyeI+J1ek08X1H311sM8IK2qS0ftE
ZqveJlOWzBFLkM4NTQ==
----------------------------------------------------------
----------------------------------------------------------
19/05/2020 12:19:09 Mesaje enviado sin logearse:hIKOiZCUlMPW6OH6+Awg8gEZJUNNcq3OrgIWChtxiq+gyt88KFR12Pb+GoGmrNIPK2qS0ftE
ZqveJlOWzBFLkM4NTQ==
----------------------------------------------------------
----------------------------------------------------------
19/05/2020 12:19:33 Mesaje enviado sin logearse:hIKOiZCUlMPW6OH6+Awg8gEZJUNNcq3OrgIWChtxiq+gyt88KFR12Pb+GoGmrNIPK2qS0ftE
ZqveJlOWzBFLkM4NTQ==
----------------------------------------------------------
----------------------------------------------------------
19/05/2020 12:19:38 Mesaje enviado sin logearse:hIKOiZCUlMPW6OH6+Awg8gEZJUNNcq3OrgIWChtxiq+gyt88KFR12Pb+GoGmrNIPK2qS0ftE
ZqveJlOWzBFLkM4NTQ==
----------------------------------------------------------
----------------------------------------------------------
22/05/2020 21:26:22 Mesaje enviado sin logearse:;ghgf
----------------------------------------------------------
----------------------------------------------------------
22/05/2020 21:37:15 Mesaje enviado sin logearse:;fgfg
----------------------------------------------------------
----------------------------------------------------------
22/05/2020 21:39:39 Mesaje enviado sin logearse:Ñ20*86*14
----------------------------------------------------------
