16/05/2020 23:15:51 IniciaWsApi
16/05/2020 23:42:28 LimpiaWsApi
16/05/2020 23:51:37 IniciaWsApi
16/05/2020 23:52:51 Msg: 1025 W: 2192 L: 8
16/05/2020 23:52:51 Msg: 1025 W: 2428 L: 1
16/05/2020 23:52:52 Msg: 1025 W: 2428 L: 1
16/05/2020 23:52:52 Msg: 1025 W: 2428 L: 1
16/05/2020 23:52:52 Msg: 1025 W: 2428 L: 1
16/05/2020 23:53:17 Msg: 1025 W: 2428 L: 1
16/05/2020 23:53:18 Msg: 1025 W: 2428 L: 1
16/05/2020 23:53:19 Msg: 1025 W: 2428 L: 1
16/05/2020 23:53:19 Msg: 1025 W: 2428 L: 1
16/05/2020 23:53:20 Msg: 1025 W: 2428 L: 1
16/05/2020 23:53:20 Msg: 1025 W: 2428 L: 1
16/05/2020 23:53:21 Msg: 1025 W: 2428 L: 1
16/05/2020 23:53:22 Msg: 1025 W: 2428 L: 1
16/05/2020 23:53:22 Msg: 1025 W: 2428 L: 1
16/05/2020 23:53:22 Msg: 1025 W: 2428 L: 1
16/05/2020 23:53:23 Msg: 1025 W: 2428 L: 1
16/05/2020 23:53:23 Msg: 1025 W: 2428 L: 1
16/05/2020 23:53:23 Msg: 1025 W: 2428 L: 1
16/05/2020 23:53:23 Msg: 1025 W: 2428 L: 1
16/05/2020 23:53:35 Msg: 1025 W: 2428 L: 1
16/05/2020 23:53:46 Msg: 1025 W: 2428 L: 1
16/05/2020 23:53:47 Msg: 1025 W: 2428 L: 1
16/05/2020 23:53:47 Msg: 1025 W: 2428 L: 1
16/05/2020 23:53:48 Msg: 1025 W: 2428 L: 1
16/05/2020 23:53:48 Msg: 1025 W: 2428 L: 1
16/05/2020 23:53:49 Msg: 1025 W: 2428 L: 1
16/05/2020 23:53:49 Msg: 1025 W: 2428 L: 1
16/05/2020 23:53:49 Msg: 1025 W: 2428 L: 1
16/05/2020 23:53:49 Msg: 1025 W: 2428 L: 1
16/05/2020 23:53:50 Msg: 1025 W: 2428 L: 1
16/05/2020 23:53:50 Msg: 1025 W: 2428 L: 1
16/05/2020 23:54:28 Msg: 1025 W: 2428 L: 1
16/05/2020 23:54:28 Msg: 1025 W: 2428 L: 1
16/05/2020 23:54:29 Msg: 1025 W: 2428 L: 1
16/05/2020 23:54:29 Msg: 1025 W: 2428 L: 1
16/05/2020 23:54:29 Msg: 1025 W: 2428 L: 1
16/05/2020 23:54:29 Msg: 1025 W: 2428 L: 1
16/05/2020 23:54:29 Msg: 1025 W: 2428 L: 1
16/05/2020 23:54:30 Msg: 1025 W: 2428 L: 1
16/05/2020 23:54:31 Msg: 1025 W: 2428 L: 1
16/05/2020 23:54:31 Msg: 1025 W: 2428 L: 1
16/05/2020 23:54:31 Msg: 1025 W: 2428 L: 1
16/05/2020 23:54:31 Msg: 1025 W: 2428 L: 1
16/05/2020 23:54:32 Msg: 1025 W: 2428 L: 1
16/05/2020 23:54:32 Msg: 1025 W: 2428 L: 1
16/05/2020 23:54:34 Msg: 1025 W: 2428 L: 1
16/05/2020 23:54:34 Msg: 1025 W: 2428 L: 1
16/05/2020 23:54:35 Msg: 1025 W: 2428 L: 1
16/05/2020 23:54:35 Msg: 1025 W: 2428 L: 1
16/05/2020 23:54:35 Msg: 1025 W: 2428 L: 1
16/05/2020 23:54:35 Msg: 1025 W: 2428 L: 1
16/05/2020 23:54:36 Msg: 1025 W: 2428 L: 1
16/05/2020 23:54:37 Msg: 1025 W: 2428 L: 1
16/05/2020 23:54:37 Msg: 1025 W: 2428 L: 1
16/05/2020 23:54:37 Msg: 1025 W: 2428 L: 1
16/05/2020 23:54:38 Msg: 1025 W: 2428 L: 1
16/05/2020 23:54:38 Msg: 1025 W: 2428 L: 1
16/05/2020 23:54:38 Msg: 1025 W: 2428 L: 1
16/05/2020 23:54:39 Msg: 1025 W: 2428 L: 1
16/05/2020 23:54:39 Msg: 1025 W: 2428 L: 1
16/05/2020 23:54:39 Msg: 1025 W: 2428 L: 1
16/05/2020 23:54:39 Msg: 1025 W: 2428 L: 1
16/05/2020 23:54:40 Msg: 1025 W: 2428 L: 1
16/05/2020 23:54:40 Msg: 1025 W: 2428 L: 1
16/05/2020 23:54:40 Msg: 1025 W: 2428 L: 1
16/05/2020 23:54:40 Msg: 1025 W: 2428 L: 1
16/05/2020 23:54:41 Msg: 1025 W: 2428 L: 1
16/05/2020 23:54:41 Msg: 1025 W: 2428 L: 1
16/05/2020 23:54:41 Msg: 1025 W: 2428 L: 1
16/05/2020 23:54:41 Msg: 1025 W: 2428 L: 1
16/05/2020 23:54:42 Msg: 1025 W: 2428 L: 1
16/05/2020 23:54:42 Msg: 1025 W: 2428 L: 1
16/05/2020 23:54:42 Msg: 1025 W: 2428 L: 1
16/05/2020 23:54:42 Msg: 1025 W: 2428 L: 1
16/05/2020 23:54:43 Msg: 1025 W: 2428 L: 1
16/05/2020 23:54:43 Msg: 1025 W: 2428 L: 1
16/05/2020 23:54:43 Msg: 1025 W: 2428 L: 1
16/05/2020 23:54:43 Msg: 1025 W: 2428 L: 1
16/05/2020 23:54:44 Msg: 1025 W: 2428 L: 1
16/05/2020 23:54:44 Msg: 1025 W: 2428 L: 1
16/05/2020 23:54:44 Msg: 1025 W: 2428 L: 1
16/05/2020 23:54:44 Msg: 1025 W: 2428 L: 1
16/05/2020 23:54:45 Msg: 1025 W: 2428 L: 1
16/05/2020 23:54:45 Msg: 1025 W: 2428 L: 1
16/05/2020 23:54:45 Msg: 1025 W: 2428 L: 1
16/05/2020 23:54:45 Msg: 1025 W: 2428 L: 1
16/05/2020 23:54:46 Msg: 1025 W: 2428 L: 1
16/05/2020 23:54:46 Msg: 1025 W: 2428 L: 1
16/05/2020 23:54:46 Msg: 1025 W: 2428 L: 1
16/05/2020 23:54:47 Msg: 1025 W: 2428 L: 1
16/05/2020 23:54:47 Msg: 1025 W: 2428 L: 1
16/05/2020 23:54:47 Msg: 1025 W: 2428 L: 1
16/05/2020 23:54:47 Msg: 1025 W: 2428 L: 1
16/05/2020 23:58:23 LimpiaWsApi
17/05/2020 0:01:11 IniciaWsApi
17/05/2020 0:01:16 Msg: 1025 W: 2596 L: 8
17/05/2020 0:01:16 Msg: 1025 W: 3000 L: 1
17/05/2020 0:01:16 Msg: 1025 W: 3000 L: 32
17/05/2020 0:01:16 WndProc:FD_CLOSE:N=1:Err=0
17/05/2020 0:01:17 Msg: 1025 W: 2596 L: 8
17/05/2020 0:01:17 Msg: 1025 W: 3044 L: 1
17/05/2020 0:01:17 Msg: 1025 W: 3044 L: 32
17/05/2020 0:01:17 WndProc:FD_CLOSE:N=-1:Err=0
17/05/2020 0:01:25 Msg: 1025 W: 2596 L: 8
17/05/2020 0:01:25 Msg: 1025 W: 3000 L: 1
17/05/2020 0:01:25 Msg: 1025 W: 3000 L: 1
17/05/2020 0:01:25 Msg: 1025 W: 3000 L: 1
17/05/2020 0:01:28 Msg: 1025 W: 3000 L: 1
17/05/2020 0:01:29 Msg: 1025 W: 3000 L: 1
17/05/2020 0:01:29 Msg: 1025 W: 3000 L: 1
17/05/2020 0:01:29 Msg: 1025 W: 3000 L: 1
17/05/2020 0:01:29 Msg: 1025 W: 3000 L: 1
17/05/2020 0:01:30 Msg: 1025 W: 3000 L: 1
17/05/2020 0:01:30 Msg: 1025 W: 3000 L: 1
17/05/2020 0:01:30 Msg: 1025 W: 3000 L: 1
17/05/2020 0:01:30 Msg: 1025 W: 3000 L: 1
17/05/2020 0:01:31 Msg: 1025 W: 3000 L: 1
17/05/2020 0:01:31 Msg: 1025 W: 3000 L: 1
17/05/2020 0:01:31 Msg: 1025 W: 3000 L: 1
17/05/2020 0:01:31 Msg: 1025 W: 3000 L: 1
17/05/2020 0:01:32 Msg: 1025 W: 3000 L: 1
17/05/2020 0:01:32 Msg: 1025 W: 3000 L: 1
17/05/2020 0:01:32 Msg: 1025 W: 3000 L: 1
17/05/2020 0:01:32 Msg: 1025 W: 3000 L: 1
17/05/2020 0:01:33 Msg: 1025 W: 3000 L: 1
17/05/2020 0:01:33 Msg: 1025 W: 3000 L: 1
17/05/2020 0:01:33 Msg: 1025 W: 3000 L: 1
17/05/2020 0:01:33 Msg: 1025 W: 3000 L: 1
17/05/2020 0:01:34 Msg: 1025 W: 3000 L: 1
17/05/2020 0:01:38 Msg: 1025 W: 3000 L: 1
17/05/2020 0:01:39 Msg: 1025 W: 3000 L: 1
17/05/2020 0:01:39 Msg: 1025 W: 3000 L: 1
17/05/2020 0:01:40 Msg: 1025 W: 3000 L: 1
17/05/2020 0:01:40 Msg: 1025 W: 3000 L: 1
17/05/2020 0:01:40 Msg: 1025 W: 3000 L: 1
17/05/2020 0:01:40 Msg: 1025 W: 3000 L: 1
17/05/2020 0:01:41 Msg: 1025 W: 3000 L: 1
17/05/2020 0:01:41 Msg: 1025 W: 3000 L: 1
17/05/2020 0:01:41 Msg: 1025 W: 3000 L: 1
17/05/2020 0:01:41 Msg: 1025 W: 3000 L: 1
17/05/2020 0:01:42 Msg: 1025 W: 3000 L: 1
17/05/2020 0:01:42 Msg: 1025 W: 3000 L: 1
17/05/2020 0:01:42 Msg: 1025 W: 3000 L: 1
17/05/2020 0:01:42 Msg: 1025 W: 3000 L: 1
17/05/2020 0:01:43 Msg: 1025 W: 3000 L: 1
17/05/2020 0:01:43 Msg: 1025 W: 3000 L: 1
17/05/2020 0:01:43 Msg: 1025 W: 3000 L: 1
17/05/2020 0:01:43 Msg: 1025 W: 3000 L: 1
17/05/2020 0:01:44 Msg: 1025 W: 3000 L: 1
17/05/2020 0:01:44 Msg: 1025 W: 3000 L: 1
17/05/2020 0:01:44 Msg: 1025 W: 3000 L: 1
17/05/2020 0:01:44 Msg: 1025 W: 3000 L: 1
17/05/2020 0:01:45 Msg: 1025 W: 3000 L: 1
17/05/2020 0:01:45 Msg: 1025 W: 3000 L: 1
17/05/2020 0:01:45 Msg: 1025 W: 3000 L: 1
17/05/2020 0:02:52 Msg: 1025 W: 3000 L: 658833440
17/05/2020 0:02:52 WndProc:FD_CLOSE:N=-1:Err=10053
17/05/2020 0:02:57 Msg: 1025 W: 2596 L: 8
17/05/2020 0:02:57 Msg: 1025 W: 3056 L: 1
17/05/2020 0:02:57 Msg: 1025 W: 3056 L: 32
17/05/2020 0:02:57 WndProc:FD_CLOSE:N=-1:Err=0
17/05/2020 0:02:57 Msg: 1025 W: 3056 L: 658833440
17/05/2020 0:02:57 WndProc:FD_CLOSE:N=-1:Err=10053
17/05/2020 0:02:59 Msg: 1025 W: 2596 L: 8
17/05/2020 0:02:59 Msg: 1025 W: 3064 L: 1
17/05/2020 0:02:59 Msg: 1025 W: 3064 L: 1
17/05/2020 0:02:59 Msg: 1025 W: 3064 L: 1
17/05/2020 0:02:59 Msg: 1025 W: 3064 L: 1
17/05/2020 0:02:59 Msg: 1025 W: 3064 L: 1
17/05/2020 0:03:06 Msg: 1025 W: 3064 L: 1
17/05/2020 0:03:07 Msg: 1025 W: 3064 L: 1
17/05/2020 0:03:07 Msg: 1025 W: 3064 L: 1
17/05/2020 0:03:07 Msg: 1025 W: 3064 L: 1
17/05/2020 0:03:07 Msg: 1025 W: 3064 L: 1
17/05/2020 0:03:08 Msg: 1025 W: 3064 L: 1
17/05/2020 0:03:08 Msg: 1025 W: 3064 L: 1
17/05/2020 0:03:08 Msg: 1025 W: 3064 L: 1
17/05/2020 0:03:08 Msg: 1025 W: 3064 L: 1
17/05/2020 0:03:09 Msg: 1025 W: 3064 L: 1
17/05/2020 0:03:09 Msg: 1025 W: 3064 L: 1
17/05/2020 0:03:09 Msg: 1025 W: 3064 L: 1
17/05/2020 0:03:09 Msg: 1025 W: 3064 L: 1
17/05/2020 0:03:10 Msg: 1025 W: 3064 L: 1
17/05/2020 0:03:10 Msg: 1025 W: 3064 L: 1
17/05/2020 0:03:10 Msg: 1025 W: 3064 L: 1
17/05/2020 0:03:11 Msg: 1025 W: 3064 L: 1
17/05/2020 0:03:12 Msg: 1025 W: 3064 L: 1
17/05/2020 0:03:12 Msg: 1025 W: 3064 L: 1
17/05/2020 0:03:12 Msg: 1025 W: 3064 L: 1
17/05/2020 0:03:13 Msg: 1025 W: 3064 L: 1
17/05/2020 0:03:13 Msg: 1025 W: 3064 L: 1
17/05/2020 0:03:14 Msg: 1025 W: 3064 L: 1
17/05/2020 0:03:14 Msg: 1025 W: 3064 L: 1
17/05/2020 0:03:14 Msg: 1025 W: 3064 L: 1
17/05/2020 0:03:15 Msg: 1025 W: 3064 L: 1
17/05/2020 0:03:15 Msg: 1025 W: 3064 L: 1
17/05/2020 2:35:00 IniciaWsApi
17/05/2020 2:35:15 LimpiaWsApi
17/05/2020 2:36:32 IniciaWsApi
17/05/2020 2:36:50 LimpiaWsApi
17/05/2020 2:44:30 IniciaWsApi
17/05/2020 2:44:48 LimpiaWsApi
17/05/2020 2:51:33 IniciaWsApi
17/05/2020 2:52:19 Msg: 1025 W: 2336 L: 8
17/05/2020 2:52:19 Msg: 1025 W: 2444 L: 1
17/05/2020 2:52:19 Msg: 1025 W: 2444 L: 1
17/05/2020 2:52:19 Msg: 1025 W: 2444 L: 1
17/05/2020 2:52:22 Msg: 1025 W: 2444 L: 1
17/05/2020 2:52:26 Msg: 1025 W: 2444 L: 1
17/05/2020 2:52:26 Msg: 1025 W: 2444 L: 1
17/05/2020 2:52:26 Msg: 1025 W: 2444 L: 1
17/05/2020 2:52:27 Msg: 1025 W: 2444 L: 1
17/05/2020 2:52:27 Msg: 1025 W: 2444 L: 1
17/05/2020 2:52:27 Msg: 1025 W: 2444 L: 1
17/05/2020 2:52:27 Msg: 1025 W: 2444 L: 1
17/05/2020 2:52:28 Msg: 1025 W: 2444 L: 1
17/05/2020 2:52:28 Msg: 1025 W: 2444 L: 1
17/05/2020 2:52:28 Msg: 1025 W: 2444 L: 1
17/05/2020 2:52:28 Msg: 1025 W: 2444 L: 1
17/05/2020 2:52:29 Msg: 1025 W: 2444 L: 1
17/05/2020 2:52:29 Msg: 1025 W: 2444 L: 1
17/05/2020 2:52:30 Msg: 1025 W: 2444 L: 1
17/05/2020 2:52:30 Msg: 1025 W: 2444 L: 1
17/05/2020 2:52:30 Msg: 1025 W: 2444 L: 1
17/05/2020 2:52:30 Msg: 1025 W: 2444 L: 1
17/05/2020 2:52:31 Msg: 1025 W: 2444 L: 1
17/05/2020 2:52:31 Msg: 1025 W: 2444 L: 1
17/05/2020 2:52:31 Msg: 1025 W: 2444 L: 1
17/05/2020 2:52:31 Msg: 1025 W: 2444 L: 1
17/05/2020 2:52:32 Msg: 1025 W: 2444 L: 1
17/05/2020 2:52:32 Msg: 1025 W: 2444 L: 1
17/05/2020 2:52:32 Msg: 1025 W: 2444 L: 1
17/05/2020 2:52:32 Msg: 1025 W: 2444 L: 1
17/05/2020 2:52:33 Msg: 1025 W: 2444 L: 1
17/05/2020 2:52:33 Msg: 1025 W: 2444 L: 1
17/05/2020 2:52:33 Msg: 1025 W: 2444 L: 1
17/05/2020 2:52:33 Msg: 1025 W: 2444 L: 1
17/05/2020 2:52:34 Msg: 1025 W: 2444 L: 1
17/05/2020 2:52:34 Msg: 1025 W: 2444 L: 1
17/05/2020 2:52:34 Msg: 1025 W: 2444 L: 1
17/05/2020 2:52:34 Msg: 1025 W: 2444 L: 1
17/05/2020 2:52:35 Msg: 1025 W: 2444 L: 1
17/05/2020 2:52:35 Msg: 1025 W: 2444 L: 1
17/05/2020 2:52:35 Msg: 1025 W: 2444 L: 1
17/05/2020 2:52:35 Msg: 1025 W: 2444 L: 1
17/05/2020 2:52:36 Msg: 1025 W: 2444 L: 1
17/05/2020 2:52:36 Msg: 1025 W: 2444 L: 1
17/05/2020 2:52:36 Msg: 1025 W: 2444 L: 1
17/05/2020 2:52:36 Msg: 1025 W: 2444 L: 1
17/05/2020 2:52:37 Msg: 1025 W: 2444 L: 1
17/05/2020 2:52:37 Msg: 1025 W: 2444 L: 1
17/05/2020 2:52:37 Msg: 1025 W: 2444 L: 1
17/05/2020 2:52:37 Msg: 1025 W: 2444 L: 1
17/05/2020 2:52:38 Msg: 1025 W: 2444 L: 1
17/05/2020 2:52:38 Msg: 1025 W: 2444 L: 1
17/05/2020 2:52:38 Msg: 1025 W: 2444 L: 1
17/05/2020 2:52:38 Msg: 1025 W: 2444 L: 1
17/05/2020 2:52:39 Msg: 1025 W: 2444 L: 1
17/05/2020 2:52:39 Msg: 1025 W: 2444 L: 1
17/05/2020 2:52:39 Msg: 1025 W: 2444 L: 1
17/05/2020 2:52:39 Msg: 1025 W: 2444 L: 1
17/05/2020 2:52:40 Msg: 1025 W: 2444 L: 1
17/05/2020 2:52:40 Msg: 1025 W: 2444 L: 1
17/05/2020 2:52:40 Msg: 1025 W: 2444 L: 1
17/05/2020 2:52:40 Msg: 1025 W: 2444 L: 1
17/05/2020 2:52:41 Msg: 1025 W: 2444 L: 1
17/05/2020 2:52:41 Msg: 1025 W: 2444 L: 1
17/05/2020 2:52:41 Msg: 1025 W: 2444 L: 1
17/05/2020 2:52:41 Msg: 1025 W: 2444 L: 1
17/05/2020 2:52:42 Msg: 1025 W: 2444 L: 1
17/05/2020 2:52:42 Msg: 1025 W: 2444 L: 1
17/05/2020 2:52:42 Msg: 1025 W: 2444 L: 1
17/05/2020 2:52:42 Msg: 1025 W: 2444 L: 1
17/05/2020 2:52:43 Msg: 1025 W: 2444 L: 1
17/05/2020 2:52:43 Msg: 1025 W: 2444 L: 1
17/05/2020 2:52:43 Msg: 1025 W: 2444 L: 1
17/05/2020 2:52:44 Msg: 1025 W: 2444 L: 1
17/05/2020 2:52:48 Msg: 1025 W: 2444 L: 1
17/05/2020 2:52:49 Msg: 1025 W: 2444 L: 1
17/05/2020 2:52:50 Msg: 1025 W: 2444 L: 1
17/05/2020 2:52:51 Msg: 1025 W: 2444 L: 1
17/05/2020 2:52:51 Msg: 1025 W: 2444 L: 1
17/05/2020 2:52:52 Msg: 1025 W: 2444 L: 1
17/05/2020 2:52:52 Msg: 1025 W: 2444 L: 1
17/05/2020 2:52:52 Msg: 1025 W: 2444 L: 1
17/05/2020 2:52:53 Msg: 1025 W: 2444 L: 1
17/05/2020 2:52:53 Msg: 1025 W: 2444 L: 1
17/05/2020 2:52:53 Msg: 1025 W: 2444 L: 1
17/05/2020 2:52:53 Msg: 1025 W: 2444 L: 1
17/05/2020 2:52:54 Msg: 1025 W: 2444 L: 1
17/05/2020 2:52:54 Msg: 1025 W: 2444 L: 1
17/05/2020 2:52:55 Msg: 1025 W: 2444 L: 1
17/05/2020 2:52:55 Msg: 1025 W: 2444 L: 1
17/05/2020 2:52:55 Msg: 1025 W: 2444 L: 1
17/05/2020 2:52:55 Msg: 1025 W: 2444 L: 1
17/05/2020 2:52:56 Msg: 1025 W: 2444 L: 1
17/05/2020 2:52:56 Msg: 1025 W: 2444 L: 1
17/05/2020 2:52:56 Msg: 1025 W: 2444 L: 1
17/05/2020 2:52:56 Msg: 1025 W: 2444 L: 1
17/05/2020 2:52:57 Msg: 1025 W: 2444 L: 1
17/05/2020 2:52:57 Msg: 1025 W: 2444 L: 1
17/05/2020 2:53:02 Msg: 1025 W: 2444 L: 1
17/05/2020 2:53:10 Msg: 1025 W: 2444 L: 1
17/05/2020 2:53:11 Msg: 1025 W: 2444 L: 1
17/05/2020 2:53:11 Msg: 1025 W: 2444 L: 1
17/05/2020 2:53:11 Msg: 1025 W: 2444 L: 1
17/05/2020 2:53:13 Msg: 1025 W: 2444 L: 1
17/05/2020 2:53:14 Msg: 1025 W: 2444 L: 1
17/05/2020 2:53:23 Msg: 1025 W: 2444 L: 1
17/05/2020 2:53:26 Msg: 1025 W: 2444 L: 1
17/05/2020 2:53:27 Msg: 1025 W: 2444 L: 1
17/05/2020 2:53:28 Msg: 1025 W: 2444 L: 1
17/05/2020 2:53:28 Msg: 1025 W: 2444 L: 1
17/05/2020 2:53:29 Msg: 1025 W: 2444 L: 1
17/05/2020 2:53:29 Msg: 1025 W: 2444 L: 1
17/05/2020 2:53:30 Msg: 1025 W: 2444 L: 1
17/05/2020 2:53:31 Msg: 1025 W: 2444 L: 1
17/05/2020 2:53:31 Msg: 1025 W: 2444 L: 1
17/05/2020 2:53:32 Msg: 1025 W: 2444 L: 1
17/05/2020 2:53:32 Msg: 1025 W: 2444 L: 1
17/05/2020 2:53:33 Msg: 1025 W: 2444 L: 1
17/05/2020 2:53:34 Msg: 1025 W: 2444 L: 1
17/05/2020 2:53:34 Msg: 1025 W: 2444 L: 1
17/05/2020 2:53:35 Msg: 1025 W: 2444 L: 1
17/05/2020 2:53:36 Msg: 1025 W: 2444 L: 1
17/05/2020 2:53:36 Msg: 1025 W: 2444 L: 1
17/05/2020 2:53:36 Msg: 1025 W: 2444 L: 1
17/05/2020 2:53:36 Msg: 1025 W: 2444 L: 1
17/05/2020 2:53:37 Msg: 1025 W: 2444 L: 1
17/05/2020 2:53:37 Msg: 1025 W: 2444 L: 1
17/05/2020 2:53:37 Msg: 1025 W: 2444 L: 1
17/05/2020 2:53:37 Msg: 1025 W: 2444 L: 1
17/05/2020 2:53:38 Msg: 1025 W: 2444 L: 1
17/05/2020 2:53:38 Msg: 1025 W: 2444 L: 1
17/05/2020 2:53:38 Msg: 1025 W: 2444 L: 1
17/05/2020 2:53:38 Msg: 1025 W: 2444 L: 1
17/05/2020 2:53:39 Msg: 1025 W: 2444 L: 1
17/05/2020 2:53:39 Msg: 1025 W: 2444 L: 1
17/05/2020 2:53:39 Msg: 1025 W: 2444 L: 1
17/05/2020 2:53:39 Msg: 1025 W: 2444 L: 1
17/05/2020 2:53:40 Msg: 1025 W: 2444 L: 1
17/05/2020 2:53:40 Msg: 1025 W: 2444 L: 1
17/05/2020 2:53:41 Msg: 1025 W: 2444 L: 1
17/05/2020 2:53:41 Msg: 1025 W: 2444 L: 1
17/05/2020 2:53:42 Msg: 1025 W: 2444 L: 1
17/05/2020 2:53:42 Msg: 1025 W: 2444 L: 1
17/05/2020 2:53:42 Msg: 1025 W: 2444 L: 1
17/05/2020 2:53:43 Msg: 1025 W: 2444 L: 1
17/05/2020 2:53:44 Msg: 1025 W: 2444 L: 1
17/05/2020 2:53:44 Msg: 1025 W: 2444 L: 1
17/05/2020 2:53:47 Msg: 1025 W: 2444 L: 1
17/05/2020 2:53:47 Msg: 1025 W: 2444 L: 1
17/05/2020 2:53:48 Msg: 1025 W: 2444 L: 1
17/05/2020 2:53:50 Msg: 1025 W: 2444 L: 1
17/05/2020 2:53:50 Msg: 1025 W: 2444 L: 1
17/05/2020 2:53:50 Msg: 1025 W: 2444 L: 1
17/05/2020 2:53:50 Msg: 1025 W: 2444 L: 1
17/05/2020 2:53:52 Msg: 1025 W: 2444 L: 1
17/05/2020 2:53:52 Msg: 1025 W: 2444 L: 1
17/05/2020 2:53:52 Msg: 1025 W: 2444 L: 1
17/05/2020 2:53:53 Msg: 1025 W: 2444 L: 1
17/05/2020 2:53:53 Msg: 1025 W: 2444 L: 1
17/05/2020 2:53:53 Msg: 1025 W: 2444 L: 1
17/05/2020 2:53:53 Msg: 1025 W: 2444 L: 1
17/05/2020 2:53:54 Msg: 1025 W: 2444 L: 1
17/05/2020 2:53:54 Msg: 1025 W: 2444 L: 1
17/05/2020 2:53:55 Msg: 1025 W: 2444 L: 1
17/05/2020 2:53:55 Msg: 1025 W: 2444 L: 1
17/05/2020 2:53:56 Msg: 1025 W: 2444 L: 1
17/05/2020 2:53:56 Msg: 1025 W: 2444 L: 1
17/05/2020 2:53:56 Msg: 1025 W: 2444 L: 1
17/05/2020 2:53:56 Msg: 1025 W: 2444 L: 1
17/05/2020 2:53:57 Msg: 1025 W: 2444 L: 1
17/05/2020 2:53:57 Msg: 1025 W: 2444 L: 1
17/05/2020 2:53:57 Msg: 1025 W: 2444 L: 1
17/05/2020 2:53:57 Msg: 1025 W: 2444 L: 1
17/05/2020 2:53:58 Msg: 1025 W: 2444 L: 1
17/05/2020 2:53:58 Msg: 1025 W: 2444 L: 1
17/05/2020 2:53:58 Msg: 1025 W: 2444 L: 1
17/05/2020 2:53:58 Msg: 1025 W: 2444 L: 1
17/05/2020 2:53:59 Msg: 1025 W: 2444 L: 1
17/05/2020 2:53:59 Msg: 1025 W: 2444 L: 1
17/05/2020 2:54:10 Msg: 1025 W: 2444 L: 1
17/05/2020 2:54:23 Msg: 1025 W: 2444 L: 1
17/05/2020 2:54:32 Msg: 1025 W: 2444 L: 32
17/05/2020 2:54:32 WndProc:FD_CLOSE:N=-1:Err=0
17/05/2020 2:57:52 LimpiaWsApi
17/05/2020 3:06:33 IniciaWsApi
17/05/2020 3:06:55 Msg: 1025 W: 2424 L: 8
17/05/2020 3:06:55 Msg: 1025 W: 1956 L: 1
17/05/2020 3:06:55 Msg: 1025 W: 1956 L: 32
17/05/2020 3:06:55 WndProc:FD_CLOSE:N=-1:Err=0
17/05/2020 3:07:03 Msg: 1025 W: 2424 L: 8
17/05/2020 3:07:03 Msg: 1025 W: 2436 L: 1
17/05/2020 3:07:03 Msg: 1025 W: 2436 L: 1
17/05/2020 3:07:03 Msg: 1025 W: 2436 L: 1
17/05/2020 3:07:03 Msg: 1025 W: 2436 L: 1
17/05/2020 3:07:11 Msg: 1025 W: 2436 L: 1
17/05/2020 3:07:14 Msg: 1025 W: 2436 L: 1
17/05/2020 3:07:25 Msg: 1025 W: 2424 L: 8
17/05/2020 3:07:25 Msg: 1025 W: 2124 L: 1
17/05/2020 3:07:25 Msg: 1025 W: 2124 L: 1
17/05/2020 3:07:25 Msg: 1025 W: 2124 L: 1
17/05/2020 3:07:34 Msg: 1025 W: 2436 L: 1
17/05/2020 3:07:42 Msg: 1025 W: 2436 L: 1
17/05/2020 3:07:43 Msg: 1025 W: 2436 L: 1
17/05/2020 3:07:53 Msg: 1025 W: 2436 L: 1
17/05/2020 3:07:59 Msg: 1025 W: 2436 L: 1
17/05/2020 3:08:01 Msg: 1025 W: 2436 L: 1
17/05/2020 3:08:03 Msg: 1025 W: 2124 L: 1
17/05/2020 3:08:03 Msg: 1025 W: 2436 L: 1
17/05/2020 3:08:03 Msg: 1025 W: 2124 L: 1
17/05/2020 3:08:03 Msg: 1025 W: 2436 L: 1
17/05/2020 3:08:03 Msg: 1025 W: 2124 L: 1
17/05/2020 3:08:03 Msg: 1025 W: 2436 L: 1
17/05/2020 3:08:03 Msg: 1025 W: 2124 L: 1
17/05/2020 3:08:03 Msg: 1025 W: 2436 L: 1
17/05/2020 3:08:04 Msg: 1025 W: 2124 L: 1
17/05/2020 3:08:04 Msg: 1025 W: 2436 L: 1
17/05/2020 3:08:05 Msg: 1025 W: 2124 L: 1
17/05/2020 3:08:05 Msg: 1025 W: 2436 L: 1
17/05/2020 3:08:05 Msg: 1025 W: 2124 L: 1
17/05/2020 3:08:05 Msg: 1025 W: 2436 L: 1
17/05/2020 3:08:05 Msg: 1025 W: 2124 L: 1
17/05/2020 3:08:05 Msg: 1025 W: 2436 L: 1
17/05/2020 3:08:06 Msg: 1025 W: 2436 L: 1
17/05/2020 3:08:06 Msg: 1025 W: 2124 L: 1
17/05/2020 3:08:06 Msg: 1025 W: 2124 L: 1
17/05/2020 3:08:06 Msg: 1025 W: 2436 L: 1
17/05/2020 3:08:06 Msg: 1025 W: 2124 L: 1
17/05/2020 3:08:06 Msg: 1025 W: 2436 L: 1
17/05/2020 3:08:06 Msg: 1025 W: 2124 L: 1
17/05/2020 3:08:06 Msg: 1025 W: 2436 L: 1
17/05/2020 3:08:06 Msg: 1025 W: 2124 L: 1
17/05/2020 3:08:07 Msg: 1025 W: 2436 L: 1
17/05/2020 3:08:07 Msg: 1025 W: 2124 L: 1
17/05/2020 3:08:07 Msg: 1025 W: 2436 L: 1
17/05/2020 3:08:07 Msg: 1025 W: 2124 L: 1
17/05/2020 3:08:08 Msg: 1025 W: 2436 L: 32
17/05/2020 3:08:08 WndProc:FD_CLOSE:N=1:Err=0
17/05/2020 3:08:09 Msg: 1025 W: 2124 L: 1
17/05/2020 3:08:09 Msg: 1025 W: 2124 L: 1
17/05/2020 3:08:10 Msg: 1025 W: 2124 L: 1
17/05/2020 3:08:10 Msg: 1025 W: 2124 L: 1
17/05/2020 3:08:10 Msg: 1025 W: 2124 L: 1
17/05/2020 3:08:10 Msg: 1025 W: 2124 L: 1
17/05/2020 3:08:11 Msg: 1025 W: 2124 L: 1
17/05/2020 3:08:11 Msg: 1025 W: 2124 L: 1
17/05/2020 3:08:11 Msg: 1025 W: 2124 L: 1
17/05/2020 3:08:11 Msg: 1025 W: 2124 L: 1
17/05/2020 3:08:12 Msg: 1025 W: 2124 L: 1
17/05/2020 3:08:12 Msg: 1025 W: 2124 L: 1
17/05/2020 3:08:12 Msg: 1025 W: 2124 L: 1
17/05/2020 3:08:12 Msg: 1025 W: 2124 L: 1
17/05/2020 3:08:12 Msg: 1025 W: 2124 L: 1
17/05/2020 3:08:12 Msg: 1025 W: 2124 L: 1
17/05/2020 3:08:12 Msg: 1025 W: 2124 L: 1
17/05/2020 3:08:12 Msg: 1025 W: 2124 L: 1
17/05/2020 3:08:12 Msg: 1025 W: 2124 L: 1
17/05/2020 3:08:12 Msg: 1025 W: 2124 L: 1
17/05/2020 3:08:12 Msg: 1025 W: 2124 L: 1
17/05/2020 3:08:12 Msg: 1025 W: 2124 L: 1
17/05/2020 3:08:12 Msg: 1025 W: 2124 L: 1
17/05/2020 3:08:12 Msg: 1025 W: 2124 L: 1
17/05/2020 3:08:12 Msg: 1025 W: 2124 L: 1
17/05/2020 3:08:12 Msg: 1025 W: 2124 L: 1
17/05/2020 3:08:12 Msg: 1025 W: 2124 L: 1
17/05/2020 3:08:12 Msg: 1025 W: 2124 L: 1
17/05/2020 3:08:12 Msg: 1025 W: 2124 L: 1
17/05/2020 3:08:12 Msg: 1025 W: 2124 L: 1
17/05/2020 3:08:12 Msg: 1025 W: 2124 L: 1
17/05/2020 3:08:12 Msg: 1025 W: 2124 L: 1
17/05/2020 3:08:12 Msg: 1025 W: 2124 L: 1
17/05/2020 3:08:12 Msg: 1025 W: 2124 L: 1
17/05/2020 3:08:12 Msg: 1025 W: 2124 L: 1
17/05/2020 3:08:12 Msg: 1025 W: 2124 L: 1
17/05/2020 3:08:12 Msg: 1025 W: 2124 L: 1
17/05/2020 3:08:12 Msg: 1025 W: 2124 L: 1
17/05/2020 3:08:12 Msg: 1025 W: 2124 L: 1
17/05/2020 3:08:12 Msg: 1025 W: 2124 L: 1
17/05/2020 3:08:12 Msg: 1025 W: 2124 L: 1
17/05/2020 3:08:12 Msg: 1025 W: 2124 L: 1
17/05/2020 3:08:12 Msg: 1025 W: 2124 L: 1
17/05/2020 3:08:12 Msg: 1025 W: 2124 L: 1
17/05/2020 3:08:12 Msg: 1025 W: 2124 L: 1
17/05/2020 3:08:12 Msg: 1025 W: 2124 L: 1
17/05/2020 3:08:12 Msg: 1025 W: 2124 L: 1
17/05/2020 3:08:12 Msg: 1025 W: 2124 L: 1
17/05/2020 3:08:12 Msg: 1025 W: 2124 L: 1
17/05/2020 3:08:12 Msg: 1025 W: 2124 L: 1
17/05/2020 3:08:12 Msg: 1025 W: 2124 L: 1
17/05/2020 3:08:12 Msg: 1025 W: 2124 L: 1
17/05/2020 3:08:12 Msg: 1025 W: 2124 L: 1
17/05/2020 3:08:12 Msg: 1025 W: 2124 L: 1
17/05/2020 3:08:12 Msg: 1025 W: 2124 L: 1
17/05/2020 3:08:12 Msg: 1025 W: 2124 L: 1
17/05/2020 3:08:12 Msg: 1025 W: 2124 L: 1
17/05/2020 3:08:12 Msg: 1025 W: 2124 L: 1
17/05/2020 3:08:12 Msg: 1025 W: 2124 L: 1
17/05/2020 3:08:12 Msg: 1025 W: 2124 L: 1
17/05/2020 3:08:12 Msg: 1025 W: 2124 L: 1
17/05/2020 3:08:12 Msg: 1025 W: 2124 L: 1
17/05/2020 3:08:12 Msg: 1025 W: 2124 L: 1
17/05/2020 3:08:12 Msg: 1025 W: 2124 L: 1
17/05/2020 3:08:12 Msg: 1025 W: 2124 L: 1
17/05/2020 3:08:12 Msg: 1025 W: 2124 L: 1
17/05/2020 3:08:12 Msg: 1025 W: 2124 L: 1
17/05/2020 3:08:12 Msg: 1025 W: 2124 L: 1
17/05/2020 3:08:12 Msg: 1025 W: 2124 L: 1
17/05/2020 3:08:13 Msg: 1025 W: 2124 L: 1
17/05/2020 3:08:13 Msg: 1025 W: 2124 L: 1
17/05/2020 3:08:13 Msg: 1025 W: 2124 L: 1
17/05/2020 3:08:13 Msg: 1025 W: 2124 L: 1
17/05/2020 3:08:13 Msg: 1025 W: 2124 L: 1
17/05/2020 3:08:13 Msg: 1025 W: 2124 L: 1
17/05/2020 3:08:17 Msg: 1025 W: 2124 L: 1
17/05/2020 3:08:17 Msg: 1025 W: 2124 L: 1
17/05/2020 3:08:17 Msg: 1025 W: 2124 L: 1
17/05/2020 3:08:17 Msg: 1025 W: 2124 L: 1
17/05/2020 3:08:17 Msg: 1025 W: 2124 L: 1
17/05/2020 3:08:17 Msg: 1025 W: 2124 L: 1
17/05/2020 3:08:17 Msg: 1025 W: 2124 L: 1
17/05/2020 3:08:17 Msg: 1025 W: 2124 L: 1
17/05/2020 3:08:17 Msg: 1025 W: 2124 L: 1
17/05/2020 3:08:17 Msg: 1025 W: 2124 L: 1
17/05/2020 3:08:18 Msg: 1025 W: 2124 L: 1
17/05/2020 3:08:18 Msg: 1025 W: 2124 L: 1
17/05/2020 3:08:18 Msg: 1025 W: 2124 L: 1
17/05/2020 3:08:18 Msg: 1025 W: 2124 L: 1
17/05/2020 3:08:18 Msg: 1025 W: 2124 L: 1
17/05/2020 3:08:18 Msg: 1025 W: 2124 L: 1
17/05/2020 3:08:18 Msg: 1025 W: 2124 L: 1
17/05/2020 3:08:18 Msg: 1025 W: 2124 L: 1
17/05/2020 3:08:18 Msg: 1025 W: 2124 L: 1
17/05/2020 3:08:18 Msg: 1025 W: 2124 L: 1
17/05/2020 3:08:18 Msg: 1025 W: 2124 L: 1
17/05/2020 3:08:18 Msg: 1025 W: 2124 L: 1
17/05/2020 3:08:18 Msg: 1025 W: 2124 L: 1
17/05/2020 3:08:18 Msg: 1025 W: 2124 L: 1
17/05/2020 3:08:18 Msg: 1025 W: 2124 L: 1
17/05/2020 3:08:18 Msg: 1025 W: 2124 L: 1
17/05/2020 3:08:18 Msg: 1025 W: 2124 L: 1
17/05/2020 3:08:18 Msg: 1025 W: 2124 L: 1
17/05/2020 3:08:18 Msg: 1025 W: 2124 L: 1
17/05/2020 3:08:18 Msg: 1025 W: 2124 L: 1
17/05/2020 3:08:18 Msg: 1025 W: 2124 L: 1
17/05/2020 3:08:18 Msg: 1025 W: 2124 L: 1
17/05/2020 3:08:18 Msg: 1025 W: 2124 L: 1
17/05/2020 3:08:19 Msg: 1025 W: 2124 L: 1
17/05/2020 3:08:19 Msg: 1025 W: 2124 L: 1
17/05/2020 3:08:20 Msg: 1025 W: 2124 L: 1
17/05/2020 3:08:20 Msg: 1025 W: 2124 L: 1
17/05/2020 3:08:21 Msg: 1025 W: 2124 L: 1
17/05/2020 3:08:23 Msg: 1025 W: 2124 L: 1
17/05/2020 3:08:23 Msg: 1025 W: 2124 L: 1
17/05/2020 3:08:23 Msg: 1025 W: 2124 L: 1
17/05/2020 3:08:24 Msg: 1025 W: 2124 L: 1
17/05/2020 3:08:24 Msg: 1025 W: 2124 L: 1
17/05/2020 3:08:24 Msg: 1025 W: 2124 L: 1
17/05/2020 3:08:26 Msg: 1025 W: 2124 L: 1
17/05/2020 3:08:26 Msg: 1025 W: 2124 L: 1
17/05/2020 3:08:28 Msg: 1025 W: 2124 L: 1
17/05/2020 3:08:29 Msg: 1025 W: 2124 L: 1
17/05/2020 3:08:29 Msg: 1025 W: 2124 L: 1
17/05/2020 3:08:30 Msg: 1025 W: 2124 L: 1
17/05/2020 3:08:30 Msg: 1025 W: 2124 L: 1
17/05/2020 3:08:32 Msg: 1025 W: 2124 L: 1
17/05/2020 3:08:32 Msg: 1025 W: 2124 L: 1
17/05/2020 3:08:32 Msg: 1025 W: 2124 L: 1
17/05/2020 3:08:33 Msg: 1025 W: 2124 L: 1
17/05/2020 3:08:46 Msg: 1025 W: 2124 L: 1
17/05/2020 3:08:47 Msg: 1025 W: 2124 L: 1
17/05/2020 3:08:47 Msg: 1025 W: 2124 L: 1
17/05/2020 3:08:48 Msg: 1025 W: 2124 L: 1
17/05/2020 3:08:48 Msg: 1025 W: 2124 L: 1
17/05/2020 3:08:48 Msg: 1025 W: 2124 L: 1
17/05/2020 3:08:49 Msg: 1025 W: 2124 L: 1
17/05/2020 3:08:49 Msg: 1025 W: 2124 L: 1
17/05/2020 3:08:49 Msg: 1025 W: 2124 L: 1
17/05/2020 3:08:50 Msg: 1025 W: 2124 L: 1
17/05/2020 3:08:53 Msg: 1025 W: 2124 L: 1
17/05/2020 3:09:02 Msg: 1025 W: 2124 L: 32
17/05/2020 3:09:02 WndProc:FD_CLOSE:N=-1:Err=0
17/05/2020 3:09:11 LimpiaWsApi
17/05/2020 22:04:52 IniciaWsApi
17/05/2020 22:04:58 Msg: 1025 W: 2340 L: 8
17/05/2020 22:04:58 Msg: 1025 W: 2228 L: 1
17/05/2020 22:04:58 Msg: 1025 W: 2228 L: 1
17/05/2020 22:04:58 Msg: 1025 W: 2228 L: 1
17/05/2020 22:05:05 Msg: 1025 W: 2228 L: 1
17/05/2020 22:05:05 Msg: 1025 W: 2228 L: 1
17/05/2020 22:05:05 Msg: 1025 W: 2228 L: 1
17/05/2020 22:05:06 Msg: 1025 W: 2228 L: 1
17/05/2020 22:05:06 Msg: 1025 W: 2228 L: 1
17/05/2020 22:05:06 Msg: 1025 W: 2228 L: 1
17/05/2020 22:05:06 Msg: 1025 W: 2228 L: 1
17/05/2020 22:05:07 Msg: 1025 W: 2228 L: 1
17/05/2020 22:05:07 Msg: 1025 W: 2228 L: 1
17/05/2020 22:05:07 Msg: 1025 W: 2228 L: 1
17/05/2020 22:05:07 Msg: 1025 W: 2228 L: 1
17/05/2020 22:05:08 Msg: 1025 W: 2228 L: 1
17/05/2020 22:05:08 Msg: 1025 W: 2228 L: 1
17/05/2020 22:05:08 Msg: 1025 W: 2228 L: 1
17/05/2020 22:05:08 Msg: 1025 W: 2228 L: 1
17/05/2020 22:05:09 Msg: 1025 W: 2228 L: 1
17/05/2020 22:05:09 Msg: 1025 W: 2228 L: 1
17/05/2020 22:05:09 Msg: 1025 W: 2228 L: 1
17/05/2020 22:05:09 Msg: 1025 W: 2228 L: 1
17/05/2020 22:05:10 Msg: 1025 W: 2228 L: 1
17/05/2020 22:05:10 Msg: 1025 W: 2228 L: 1
17/05/2020 22:05:10 Msg: 1025 W: 2228 L: 1
17/05/2020 22:05:10 Msg: 1025 W: 2228 L: 1
17/05/2020 22:05:11 Msg: 1025 W: 2228 L: 1
17/05/2020 22:05:11 Msg: 1025 W: 2228 L: 1
17/05/2020 22:05:11 Msg: 1025 W: 2228 L: 1
17/05/2020 22:05:12 Msg: 1025 W: 2228 L: 1
17/05/2020 22:05:12 Msg: 1025 W: 2228 L: 1
17/05/2020 22:05:12 Msg: 1025 W: 2228 L: 1
17/05/2020 22:05:12 Msg: 1025 W: 2228 L: 1
17/05/2020 22:05:13 Msg: 1025 W: 2228 L: 1
17/05/2020 22:05:13 Msg: 1025 W: 2228 L: 1
17/05/2020 22:05:13 Msg: 1025 W: 2228 L: 1
17/05/2020 22:05:13 Msg: 1025 W: 2228 L: 1
17/05/2020 22:05:14 Msg: 1025 W: 2228 L: 1
17/05/2020 22:05:14 Msg: 1025 W: 2228 L: 1
17/05/2020 22:05:14 Msg: 1025 W: 2228 L: 1
17/05/2020 22:05:14 Msg: 1025 W: 2228 L: 1
17/05/2020 22:05:15 Msg: 1025 W: 2228 L: 1
17/05/2020 22:05:15 Msg: 1025 W: 2228 L: 1
17/05/2020 22:05:15 Msg: 1025 W: 2228 L: 1
17/05/2020 22:05:15 Msg: 1025 W: 2228 L: 1
17/05/2020 22:05:16 Msg: 1025 W: 2228 L: 1
17/05/2020 22:05:16 Msg: 1025 W: 2228 L: 1
17/05/2020 22:05:16 Msg: 1025 W: 2228 L: 1
17/05/2020 22:05:16 Msg: 1025 W: 2228 L: 1
17/05/2020 22:05:17 Msg: 1025 W: 2228 L: 1
17/05/2020 22:05:17 Msg: 1025 W: 2228 L: 1
17/05/2020 22:05:17 Msg: 1025 W: 2228 L: 1
17/05/2020 22:05:17 Msg: 1025 W: 2228 L: 1
17/05/2020 22:05:18 Msg: 1025 W: 2228 L: 1
17/05/2020 22:05:19 Msg: 1025 W: 2228 L: 1
17/05/2020 22:05:19 Msg: 1025 W: 2228 L: 1
17/05/2020 22:05:20 Msg: 1025 W: 2228 L: 1
17/05/2020 22:05:20 Msg: 1025 W: 2228 L: 1
17/05/2020 22:05:22 Msg: 1025 W: 2228 L: 1
17/05/2020 22:05:22 Msg: 1025 W: 2228 L: 1
17/05/2020 22:05:22 Msg: 1025 W: 2228 L: 1
17/05/2020 22:05:23 Msg: 1025 W: 2228 L: 1
17/05/2020 22:05:23 Msg: 1025 W: 2228 L: 1
17/05/2020 22:05:23 Msg: 1025 W: 2228 L: 1
17/05/2020 22:05:23 Msg: 1025 W: 2228 L: 1
17/05/2020 22:05:24 Msg: 1025 W: 2228 L: 1
17/05/2020 22:05:24 Msg: 1025 W: 2228 L: 1
17/05/2020 22:05:24 Msg: 1025 W: 2228 L: 1
17/05/2020 22:05:24 Msg: 1025 W: 2228 L: 1
17/05/2020 22:05:25 Msg: 1025 W: 2228 L: 1
17/05/2020 22:05:25 Msg: 1025 W: 2228 L: 1
17/05/2020 22:05:25 Msg: 1025 W: 2228 L: 1
17/05/2020 22:05:25 Msg: 1025 W: 2228 L: 1
17/05/2020 22:05:26 Msg: 1025 W: 2228 L: 1
17/05/2020 22:05:26 Msg: 1025 W: 2228 L: 1
17/05/2020 22:05:26 Msg: 1025 W: 2228 L: 1
17/05/2020 22:05:26 Msg: 1025 W: 2228 L: 1
17/05/2020 22:05:27 Msg: 1025 W: 2228 L: 1
17/05/2020 22:05:27 Msg: 1025 W: 2228 L: 1
17/05/2020 22:05:27 Msg: 1025 W: 2228 L: 1
17/05/2020 22:05:27 Msg: 1025 W: 2228 L: 1
17/05/2020 22:05:28 Msg: 1025 W: 2228 L: 1
17/05/2020 22:05:28 Msg: 1025 W: 2228 L: 1
17/05/2020 22:05:28 Msg: 1025 W: 2228 L: 1
17/05/2020 22:05:28 Msg: 1025 W: 2228 L: 1
17/05/2020 22:05:29 Msg: 1025 W: 2228 L: 1
17/05/2020 22:05:29 Msg: 1025 W: 2228 L: 1
17/05/2020 22:05:29 Msg: 1025 W: 2228 L: 1
17/05/2020 22:05:29 Msg: 1025 W: 2228 L: 1
17/05/2020 22:05:30 Msg: 1025 W: 2228 L: 1
17/05/2020 22:05:30 Msg: 1025 W: 2228 L: 1
17/05/2020 22:05:30 Msg: 1025 W: 2228 L: 1
17/05/2020 22:05:30 Msg: 1025 W: 2228 L: 1
17/05/2020 22:05:31 Msg: 1025 W: 2228 L: 1
17/05/2020 22:05:31 Msg: 1025 W: 2228 L: 1
17/05/2020 22:05:31 Msg: 1025 W: 2228 L: 1
17/05/2020 22:05:31 Msg: 1025 W: 2228 L: 1
17/05/2020 22:05:32 Msg: 1025 W: 2228 L: 1
17/05/2020 22:05:32 Msg: 1025 W: 2228 L: 1
17/05/2020 22:05:32 Msg: 1025 W: 2228 L: 1
17/05/2020 22:05:32 Msg: 1025 W: 2228 L: 1
17/05/2020 22:05:33 Msg: 1025 W: 2228 L: 1
17/05/2020 22:05:33 Msg: 1025 W: 2228 L: 1
17/05/2020 22:05:33 Msg: 1025 W: 2228 L: 1
17/05/2020 22:05:33 Msg: 1025 W: 2228 L: 1
17/05/2020 22:05:34 Msg: 1025 W: 2228 L: 1
17/05/2020 22:05:34 Msg: 1025 W: 2228 L: 1
17/05/2020 22:05:34 Msg: 1025 W: 2228 L: 1
17/05/2020 22:05:34 Msg: 1025 W: 2228 L: 1
17/05/2020 22:05:35 Msg: 1025 W: 2228 L: 1
17/05/2020 22:05:35 Msg: 1025 W: 2228 L: 1
17/05/2020 22:05:35 Msg: 1025 W: 2228 L: 1
17/05/2020 22:05:35 Msg: 1025 W: 2228 L: 1
17/05/2020 22:05:36 Msg: 1025 W: 2228 L: 1
17/05/2020 22:05:36 Msg: 1025 W: 2228 L: 1
17/05/2020 22:05:36 Msg: 1025 W: 2228 L: 1
17/05/2020 22:05:36 Msg: 1025 W: 2228 L: 1
17/05/2020 22:05:37 Msg: 1025 W: 2228 L: 1
17/05/2020 22:05:37 Msg: 1025 W: 2228 L: 1
17/05/2020 22:05:37 Msg: 1025 W: 2228 L: 1
17/05/2020 22:05:37 Msg: 1025 W: 2228 L: 1
17/05/2020 22:05:38 Msg: 1025 W: 2228 L: 1
17/05/2020 22:05:38 Msg: 1025 W: 2228 L: 1
17/05/2020 22:05:38 Msg: 1025 W: 2228 L: 1
17/05/2020 22:05:38 Msg: 1025 W: 2228 L: 1
17/05/2020 22:05:39 Msg: 1025 W: 2228 L: 1
17/05/2020 22:05:39 Msg: 1025 W: 2228 L: 1
17/05/2020 22:05:39 Msg: 1025 W: 2228 L: 1
17/05/2020 22:05:39 Msg: 1025 W: 2228 L: 1
17/05/2020 22:05:40 Msg: 1025 W: 2228 L: 1
17/05/2020 22:05:40 Msg: 1025 W: 2228 L: 1
17/05/2020 22:05:40 Msg: 1025 W: 2228 L: 1
17/05/2020 22:05:40 Msg: 1025 W: 2228 L: 1
17/05/2020 22:05:41 Msg: 1025 W: 2228 L: 1
17/05/2020 22:05:41 Msg: 1025 W: 2228 L: 1
17/05/2020 22:05:41 Msg: 1025 W: 2228 L: 1
17/05/2020 22:05:41 Msg: 1025 W: 2228 L: 1
17/05/2020 22:05:42 Msg: 1025 W: 2228 L: 1
17/05/2020 22:05:42 Msg: 1025 W: 2228 L: 1
17/05/2020 22:05:42 Msg: 1025 W: 2228 L: 1
17/05/2020 22:05:42 Msg: 1025 W: 2228 L: 1
17/05/2020 22:05:43 Msg: 1025 W: 2228 L: 1
17/05/2020 22:05:43 Msg: 1025 W: 2228 L: 1
17/05/2020 22:05:43 Msg: 1025 W: 2228 L: 1
17/05/2020 22:05:43 Msg: 1025 W: 2228 L: 1
17/05/2020 22:05:44 Msg: 1025 W: 2228 L: 1
17/05/2020 22:05:44 Msg: 1025 W: 2228 L: 1
17/05/2020 22:05:44 Msg: 1025 W: 2228 L: 1
17/05/2020 22:05:44 Msg: 1025 W: 2228 L: 1
17/05/2020 22:05:45 Msg: 1025 W: 2228 L: 1
17/05/2020 22:05:45 Msg: 1025 W: 2228 L: 1
17/05/2020 22:05:45 Msg: 1025 W: 2228 L: 1
17/05/2020 22:05:45 Msg: 1025 W: 2228 L: 1
17/05/2020 22:05:46 Msg: 1025 W: 2228 L: 1
17/05/2020 22:05:46 Msg: 1025 W: 2228 L: 1
17/05/2020 22:05:46 Msg: 1025 W: 2228 L: 1
17/05/2020 22:05:46 Msg: 1025 W: 2228 L: 1
17/05/2020 22:05:47 Msg: 1025 W: 2228 L: 1
17/05/2020 22:05:47 Msg: 1025 W: 2228 L: 1
17/05/2020 22:05:47 Msg: 1025 W: 2228 L: 1
17/05/2020 22:05:47 Msg: 1025 W: 2228 L: 1
17/05/2020 22:05:48 Msg: 1025 W: 2228 L: 1
17/05/2020 22:05:48 Msg: 1025 W: 2228 L: 1
17/05/2020 22:05:48 Msg: 1025 W: 2228 L: 1
17/05/2020 22:05:49 Msg: 1025 W: 2228 L: 1
17/05/2020 22:05:49 Msg: 1025 W: 2228 L: 1
17/05/2020 22:05:50 Msg: 1025 W: 2228 L: 1
17/05/2020 22:05:50 Msg: 1025 W: 2228 L: 1
17/05/2020 22:05:50 Msg: 1025 W: 2228 L: 1
17/05/2020 22:05:51 Msg: 1025 W: 2228 L: 1
17/05/2020 22:05:51 Msg: 1025 W: 2228 L: 1
17/05/2020 22:05:52 Msg: 1025 W: 2228 L: 1
17/05/2020 22:05:52 Msg: 1025 W: 2228 L: 1
17/05/2020 22:05:52 Msg: 1025 W: 2228 L: 1
17/05/2020 22:05:52 Msg: 1025 W: 2228 L: 1
17/05/2020 22:05:53 Msg: 1025 W: 2228 L: 1
17/05/2020 22:05:53 Msg: 1025 W: 2228 L: 1
17/05/2020 22:05:53 Msg: 1025 W: 2228 L: 1
17/05/2020 22:05:53 Msg: 1025 W: 2228 L: 1
17/05/2020 22:05:54 Msg: 1025 W: 2228 L: 1
17/05/2020 22:05:55 Msg: 1025 W: 2228 L: 1
17/05/2020 22:05:55 Msg: 1025 W: 2228 L: 1
17/05/2020 22:05:55 Msg: 1025 W: 2228 L: 1
17/05/2020 22:05:55 Msg: 1025 W: 2228 L: 1
17/05/2020 22:05:56 Msg: 1025 W: 2228 L: 1
17/05/2020 22:05:56 Msg: 1025 W: 2228 L: 1
17/05/2020 22:05:56 Msg: 1025 W: 2228 L: 1
17/05/2020 22:05:56 Msg: 1025 W: 2228 L: 1
17/05/2020 22:05:57 Msg: 1025 W: 2228 L: 1
17/05/2020 22:05:57 Msg: 1025 W: 2228 L: 1
17/05/2020 22:05:57 Msg: 1025 W: 2228 L: 1
17/05/2020 22:05:58 Msg: 1025 W: 2228 L: 1
17/05/2020 22:05:58 Msg: 1025 W: 2228 L: 1
17/05/2020 22:05:58 Msg: 1025 W: 2228 L: 1
17/05/2020 22:05:58 Msg: 1025 W: 2228 L: 1
17/05/2020 22:05:59 Msg: 1025 W: 2228 L: 1
17/05/2020 22:05:59 Msg: 1025 W: 2228 L: 1
17/05/2020 22:05:59 Msg: 1025 W: 2228 L: 1
17/05/2020 22:05:59 Msg: 1025 W: 2228 L: 1
17/05/2020 22:06:00 Msg: 1025 W: 2228 L: 1
17/05/2020 22:06:04 Msg: 1025 W: 2228 L: 1
17/05/2020 22:06:04 Msg: 1025 W: 2228 L: 1
17/05/2020 22:06:04 Msg: 1025 W: 2228 L: 1
17/05/2020 22:06:04 Msg: 1025 W: 2228 L: 1
17/05/2020 22:06:05 Msg: 1025 W: 2228 L: 1
17/05/2020 22:06:05 Msg: 1025 W: 2228 L: 1
17/05/2020 22:06:05 Msg: 1025 W: 2228 L: 1
17/05/2020 22:06:05 Msg: 1025 W: 2228 L: 1
17/05/2020 22:06:06 Msg: 1025 W: 2228 L: 1
17/05/2020 22:06:06 Msg: 1025 W: 2228 L: 1
17/05/2020 22:06:06 Msg: 1025 W: 2228 L: 1
17/05/2020 22:06:06 Msg: 1025 W: 2228 L: 1
17/05/2020 22:06:07 Msg: 1025 W: 2228 L: 1
17/05/2020 22:06:07 Msg: 1025 W: 2228 L: 1
17/05/2020 22:06:07 Msg: 1025 W: 2228 L: 1
17/05/2020 22:06:07 Msg: 1025 W: 2228 L: 1
17/05/2020 22:06:08 Msg: 1025 W: 2228 L: 1
17/05/2020 22:06:08 Msg: 1025 W: 2228 L: 1
17/05/2020 22:06:08 Msg: 1025 W: 2228 L: 1
17/05/2020 22:06:08 Msg: 1025 W: 2228 L: 1
17/05/2020 22:06:09 Msg: 1025 W: 2228 L: 1
17/05/2020 22:06:09 Msg: 1025 W: 2228 L: 1
17/05/2020 22:06:09 Msg: 1025 W: 2228 L: 1
17/05/2020 22:06:09 Msg: 1025 W: 2228 L: 1
17/05/2020 22:06:10 Msg: 1025 W: 2228 L: 1
17/05/2020 22:06:10 Msg: 1025 W: 2228 L: 1
17/05/2020 22:06:10 Msg: 1025 W: 2228 L: 1
17/05/2020 22:06:10 Msg: 1025 W: 2228 L: 1
17/05/2020 22:06:11 Msg: 1025 W: 2228 L: 1
17/05/2020 22:06:11 Msg: 1025 W: 2228 L: 1
17/05/2020 22:06:11 Msg: 1025 W: 2228 L: 1
17/05/2020 22:06:12 Msg: 1025 W: 2228 L: 1
17/05/2020 22:06:12 Msg: 1025 W: 2228 L: 1
17/05/2020 22:06:12 Msg: 1025 W: 2228 L: 1
17/05/2020 22:06:12 Msg: 1025 W: 2228 L: 1
17/05/2020 22:06:13 Msg: 1025 W: 2228 L: 1
17/05/2020 22:06:13 Msg: 1025 W: 2228 L: 1
17/05/2020 22:06:13 Msg: 1025 W: 2228 L: 1
17/05/2020 22:06:13 Msg: 1025 W: 2228 L: 1
17/05/2020 22:06:14 Msg: 1025 W: 2228 L: 1
17/05/2020 22:06:14 Msg: 1025 W: 2228 L: 1
17/05/2020 22:06:14 Msg: 1025 W: 2228 L: 1
17/05/2020 22:06:15 Msg: 1025 W: 2228 L: 1
17/05/2020 22:06:15 Msg: 1025 W: 2228 L: 1
17/05/2020 22:06:15 Msg: 1025 W: 2228 L: 1
17/05/2020 22:06:15 Msg: 1025 W: 2228 L: 1
17/05/2020 22:06:15 Msg: 1025 W: 2228 L: 1
17/05/2020 22:06:16 Msg: 1025 W: 2228 L: 1
17/05/2020 22:06:16 Msg: 1025 W: 2228 L: 1
17/05/2020 22:06:16 Msg: 1025 W: 2228 L: 1
17/05/2020 22:06:16 Msg: 1025 W: 2228 L: 1
17/05/2020 22:06:17 Msg: 1025 W: 2228 L: 1
17/05/2020 22:06:17 Msg: 1025 W: 2228 L: 1
17/05/2020 22:06:17 Msg: 1025 W: 2228 L: 1
17/05/2020 22:06:18 Msg: 1025 W: 2228 L: 1
17/05/2020 22:06:18 Msg: 1025 W: 2228 L: 1
17/05/2020 22:06:18 Msg: 1025 W: 2228 L: 1
17/05/2020 22:06:18 Msg: 1025 W: 2228 L: 1
17/05/2020 22:06:19 Msg: 1025 W: 2228 L: 1
17/05/2020 22:06:19 Msg: 1025 W: 2228 L: 1
17/05/2020 22:06:19 Msg: 1025 W: 2228 L: 1
17/05/2020 22:06:19 Msg: 1025 W: 2228 L: 1
17/05/2020 22:06:20 Msg: 1025 W: 2228 L: 1
17/05/2020 22:06:20 Msg: 1025 W: 2228 L: 1
17/05/2020 22:06:20 Msg: 1025 W: 2228 L: 1
17/05/2020 22:06:20 Msg: 1025 W: 2228 L: 1
17/05/2020 22:06:21 Msg: 1025 W: 2228 L: 1
17/05/2020 22:06:21 Msg: 1025 W: 2228 L: 1
17/05/2020 22:06:21 Msg: 1025 W: 2228 L: 1
17/05/2020 22:06:21 Msg: 1025 W: 2228 L: 1
17/05/2020 22:06:22 Msg: 1025 W: 2228 L: 1
17/05/2020 22:06:22 Msg: 1025 W: 2228 L: 1
17/05/2020 22:06:22 Msg: 1025 W: 2228 L: 1
17/05/2020 22:06:22 Msg: 1025 W: 2228 L: 1
17/05/2020 22:06:23 Msg: 1025 W: 2228 L: 1
17/05/2020 22:06:23 Msg: 1025 W: 2228 L: 1
17/05/2020 22:06:23 Msg: 1025 W: 2228 L: 1
17/05/2020 22:06:24 Msg: 1025 W: 2228 L: 1
17/05/2020 22:06:24 Msg: 1025 W: 2228 L: 1
17/05/2020 22:06:24 Msg: 1025 W: 2228 L: 1
17/05/2020 22:06:24 Msg: 1025 W: 2228 L: 1
17/05/2020 22:06:25 Msg: 1025 W: 2228 L: 1
17/05/2020 22:06:25 Msg: 1025 W: 2228 L: 1
17/05/2020 22:06:25 Msg: 1025 W: 2228 L: 1
17/05/2020 22:06:25 Msg: 1025 W: 2228 L: 1
17/05/2020 22:06:26 Msg: 1025 W: 2228 L: 1
17/05/2020 22:06:26 Msg: 1025 W: 2228 L: 1
17/05/2020 22:06:26 Msg: 1025 W: 2228 L: 1
17/05/2020 22:06:26 Msg: 1025 W: 2228 L: 1
17/05/2020 22:06:27 Msg: 1025 W: 2228 L: 1
17/05/2020 22:06:27 Msg: 1025 W: 2228 L: 1
17/05/2020 22:06:27 Msg: 1025 W: 2228 L: 1
17/05/2020 22:06:27 Msg: 1025 W: 2228 L: 1
17/05/2020 22:06:28 Msg: 1025 W: 2228 L: 1
17/05/2020 22:06:28 Msg: 1025 W: 2228 L: 1
17/05/2020 22:06:28 Msg: 1025 W: 2228 L: 1
17/05/2020 22:06:28 Msg: 1025 W: 2228 L: 1
17/05/2020 22:06:29 Msg: 1025 W: 2228 L: 1
17/05/2020 22:06:29 Msg: 1025 W: 2228 L: 1
17/05/2020 22:06:29 Msg: 1025 W: 2228 L: 1
17/05/2020 22:06:29 Msg: 1025 W: 2228 L: 1
17/05/2020 22:06:30 Msg: 1025 W: 2228 L: 1
17/05/2020 22:06:30 Msg: 1025 W: 2228 L: 1
17/05/2020 22:06:30 Msg: 1025 W: 2228 L: 1
17/05/2020 22:06:30 Msg: 1025 W: 2228 L: 1
17/05/2020 22:06:31 Msg: 1025 W: 2228 L: 1
17/05/2020 22:06:31 Msg: 1025 W: 2228 L: 1
17/05/2020 22:06:31 Msg: 1025 W: 2228 L: 1
17/05/2020 22:06:31 Msg: 1025 W: 2228 L: 1
17/05/2020 22:06:32 Msg: 1025 W: 2228 L: 1
17/05/2020 22:06:32 Msg: 1025 W: 2228 L: 1
17/05/2020 22:06:32 Msg: 1025 W: 2228 L: 1
17/05/2020 22:06:32 Msg: 1025 W: 2228 L: 1
17/05/2020 22:06:33 Msg: 1025 W: 2228 L: 1
17/05/2020 22:06:33 Msg: 1025 W: 2228 L: 1
17/05/2020 22:06:33 Msg: 1025 W: 2228 L: 1
17/05/2020 22:06:33 Msg: 1025 W: 2228 L: 1
17/05/2020 22:06:34 Msg: 1025 W: 2228 L: 1
17/05/2020 22:06:34 Msg: 1025 W: 2228 L: 1
17/05/2020 22:06:34 Msg: 1025 W: 2228 L: 1
17/05/2020 22:06:34 Msg: 1025 W: 2228 L: 1
17/05/2020 22:06:35 Msg: 1025 W: 2228 L: 1
17/05/2020 22:06:35 Msg: 1025 W: 2228 L: 1
17/05/2020 22:06:35 Msg: 1025 W: 2228 L: 1
17/05/2020 22:06:35 Msg: 1025 W: 2228 L: 1
17/05/2020 22:06:36 Msg: 1025 W: 2228 L: 1
17/05/2020 22:06:36 Msg: 1025 W: 2228 L: 1
17/05/2020 22:06:36 Msg: 1025 W: 2228 L: 1
17/05/2020 22:06:36 Msg: 1025 W: 2228 L: 1
17/05/2020 22:06:37 Msg: 1025 W: 2228 L: 1
17/05/2020 22:06:37 Msg: 1025 W: 2228 L: 1
17/05/2020 22:06:37 Msg: 1025 W: 2228 L: 1
17/05/2020 22:06:38 Msg: 1025 W: 2228 L: 1
17/05/2020 22:06:38 Msg: 1025 W: 2228 L: 1
17/05/2020 22:06:38 Msg: 1025 W: 2228 L: 1
17/05/2020 22:06:39 Msg: 1025 W: 2228 L: 1
17/05/2020 22:06:39 Msg: 1025 W: 2228 L: 1
17/05/2020 22:06:39 Msg: 1025 W: 2228 L: 1
17/05/2020 22:06:39 Msg: 1025 W: 2228 L: 1
17/05/2020 22:06:40 Msg: 1025 W: 2228 L: 1
17/05/2020 22:06:40 Msg: 1025 W: 2228 L: 1
17/05/2020 22:06:41 Msg: 1025 W: 2228 L: 1
17/05/2020 22:06:41 Msg: 1025 W: 2228 L: 1
17/05/2020 22:06:41 Msg: 1025 W: 2228 L: 1
17/05/2020 22:06:41 Msg: 1025 W: 2228 L: 1
17/05/2020 22:06:42 Msg: 1025 W: 2228 L: 1
17/05/2020 22:06:42 Msg: 1025 W: 2228 L: 1
17/05/2020 22:06:42 Msg: 1025 W: 2228 L: 1
17/05/2020 22:06:43 Msg: 1025 W: 2228 L: 1
17/05/2020 22:06:43 Msg: 1025 W: 2228 L: 1
17/05/2020 22:06:43 Msg: 1025 W: 2228 L: 1
17/05/2020 22:06:44 Msg: 1025 W: 2228 L: 1
17/05/2020 22:06:44 Msg: 1025 W: 2228 L: 1
17/05/2020 22:06:44 Msg: 1025 W: 2228 L: 1
17/05/2020 22:06:44 Msg: 1025 W: 2228 L: 1
17/05/2020 22:06:45 Msg: 1025 W: 2228 L: 1
17/05/2020 22:06:45 Msg: 1025 W: 2228 L: 1
17/05/2020 22:06:45 Msg: 1025 W: 2228 L: 1
17/05/2020 22:06:46 Msg: 1025 W: 2228 L: 1
17/05/2020 22:06:46 Msg: 1025 W: 2228 L: 1
17/05/2020 22:06:46 Msg: 1025 W: 2228 L: 1
17/05/2020 22:06:47 Msg: 1025 W: 2228 L: 1
17/05/2020 22:06:47 Msg: 1025 W: 2228 L: 1
17/05/2020 22:06:47 Msg: 1025 W: 2228 L: 1
17/05/2020 22:06:47 Msg: 1025 W: 2228 L: 1
17/05/2020 22:06:47 Msg: 1025 W: 2228 L: 1
17/05/2020 22:06:48 Msg: 1025 W: 2228 L: 1
17/05/2020 22:06:48 Msg: 1025 W: 2228 L: 1
17/05/2020 22:06:48 Msg: 1025 W: 2228 L: 1
17/05/2020 22:06:48 Msg: 1025 W: 2228 L: 1
17/05/2020 22:06:49 Msg: 1025 W: 2228 L: 1
17/05/2020 22:06:49 Msg: 1025 W: 2228 L: 1
17/05/2020 22:06:49 Msg: 1025 W: 2228 L: 1
17/05/2020 22:06:49 Msg: 1025 W: 2228 L: 1
17/05/2020 22:06:50 Msg: 1025 W: 2228 L: 1
17/05/2020 22:06:50 Msg: 1025 W: 2228 L: 1
17/05/2020 22:06:50 Msg: 1025 W: 2228 L: 1
17/05/2020 22:06:50 Msg: 1025 W: 2228 L: 1
17/05/2020 22:06:51 Msg: 1025 W: 2228 L: 1
17/05/2020 22:06:51 Msg: 1025 W: 2228 L: 1
17/05/2020 22:06:51 Msg: 1025 W: 2228 L: 1
17/05/2020 22:06:51 Msg: 1025 W: 2228 L: 1
17/05/2020 22:06:52 Msg: 1025 W: 2228 L: 1
17/05/2020 22:06:52 Msg: 1025 W: 2228 L: 1
17/05/2020 22:06:52 Msg: 1025 W: 2228 L: 1
17/05/2020 22:06:52 Msg: 1025 W: 2228 L: 1
17/05/2020 22:06:53 Msg: 1025 W: 2228 L: 1
17/05/2020 22:06:53 Msg: 1025 W: 2228 L: 1
17/05/2020 22:06:53 Msg: 1025 W: 2228 L: 1
17/05/2020 22:06:53 Msg: 1025 W: 2228 L: 1
17/05/2020 22:06:54 Msg: 1025 W: 2228 L: 1
17/05/2020 22:06:54 Msg: 1025 W: 2228 L: 1
17/05/2020 22:06:54 Msg: 1025 W: 2228 L: 1
17/05/2020 22:06:54 Msg: 1025 W: 2228 L: 1
17/05/2020 22:06:55 Msg: 1025 W: 2228 L: 1
17/05/2020 22:06:55 Msg: 1025 W: 2228 L: 1
17/05/2020 22:06:55 Msg: 1025 W: 2228 L: 1
17/05/2020 22:06:55 Msg: 1025 W: 2228 L: 1
17/05/2020 22:06:56 Msg: 1025 W: 2228 L: 1
17/05/2020 22:06:56 Msg: 1025 W: 2228 L: 1
17/05/2020 22:06:56 Msg: 1025 W: 2228 L: 1
17/05/2020 22:06:56 Msg: 1025 W: 2228 L: 1
17/05/2020 22:06:57 Msg: 1025 W: 2228 L: 1
17/05/2020 22:06:57 Msg: 1025 W: 2228 L: 1
17/05/2020 22:06:57 Msg: 1025 W: 2228 L: 1
17/05/2020 22:06:57 Msg: 1025 W: 2228 L: 1
17/05/2020 22:06:58 Msg: 1025 W: 2228 L: 1
17/05/2020 22:06:58 Msg: 1025 W: 2228 L: 1
17/05/2020 22:06:58 Msg: 1025 W: 2228 L: 1
17/05/2020 22:07:03 Msg: 1025 W: 2228 L: 1
17/05/2020 22:07:04 Msg: 1025 W: 2228 L: 1
17/05/2020 22:07:04 Msg: 1025 W: 2228 L: 1
17/05/2020 22:07:04 Msg: 1025 W: 2228 L: 1
17/05/2020 22:07:04 Msg: 1025 W: 2228 L: 1
17/05/2020 22:07:05 Msg: 1025 W: 2228 L: 1
17/05/2020 22:07:05 Msg: 1025 W: 2228 L: 1
17/05/2020 22:07:05 Msg: 1025 W: 2228 L: 1
17/05/2020 22:07:05 Msg: 1025 W: 2228 L: 1
17/05/2020 22:07:06 Msg: 1025 W: 2228 L: 1
17/05/2020 22:07:06 Msg: 1025 W: 2228 L: 1
17/05/2020 22:07:06 Msg: 1025 W: 2228 L: 1
17/05/2020 22:07:06 Msg: 1025 W: 2228 L: 1
17/05/2020 22:07:57 Msg: 1025 W: 2340 L: 8
17/05/2020 22:07:57 Msg: 1025 W: 1168 L: 1
17/05/2020 22:07:57 Msg: 1025 W: 1168 L: 1
17/05/2020 22:07:58 Msg: 1025 W: 1168 L: 1
17/05/2020 22:08:07 Msg: 1025 W: 1168 L: 1
17/05/2020 22:08:08 Msg: 1025 W: 1168 L: 1
17/05/2020 22:08:09 Msg: 1025 W: 1168 L: 1
17/05/2020 22:08:09 Msg: 1025 W: 1168 L: 1
17/05/2020 22:08:10 Msg: 1025 W: 1168 L: 1
17/05/2020 22:08:10 Msg: 1025 W: 1168 L: 1
17/05/2020 22:08:11 Msg: 1025 W: 1168 L: 1
17/05/2020 22:08:12 Msg: 1025 W: 1168 L: 1
17/05/2020 22:08:12 Msg: 1025 W: 1168 L: 1
17/05/2020 22:08:13 Msg: 1025 W: 1168 L: 1
17/05/2020 22:08:13 Msg: 1025 W: 1168 L: 1
17/05/2020 22:08:14 Msg: 1025 W: 1168 L: 1
17/05/2020 22:08:15 Msg: 1025 W: 1168 L: 1
17/05/2020 22:08:15 Msg: 1025 W: 1168 L: 1
17/05/2020 22:08:16 Msg: 1025 W: 1168 L: 1
17/05/2020 22:08:17 Msg: 1025 W: 1168 L: 1
17/05/2020 22:08:18 Msg: 1025 W: 1168 L: 1
17/05/2020 22:08:18 Msg: 1025 W: 1168 L: 1
17/05/2020 22:08:19 Msg: 1025 W: 1168 L: 1
17/05/2020 22:08:20 Msg: 1025 W: 1168 L: 1
17/05/2020 22:08:20 Msg: 1025 W: 1168 L: 1
17/05/2020 22:08:20 Msg: 1025 W: 1168 L: 1
17/05/2020 22:08:21 Msg: 1025 W: 1168 L: 1
17/05/2020 22:08:21 Msg: 1025 W: 1168 L: 1
17/05/2020 22:08:21 Msg: 1025 W: 1168 L: 1
17/05/2020 22:08:22 Msg: 1025 W: 1168 L: 1
17/05/2020 22:08:23 Msg: 1025 W: 1168 L: 1
17/05/2020 22:08:23 Msg: 1025 W: 1168 L: 1
17/05/2020 22:08:23 Msg: 1025 W: 1168 L: 1
17/05/2020 22:08:24 Msg: 1025 W: 1168 L: 1
17/05/2020 22:08:24 Msg: 1025 W: 1168 L: 1
17/05/2020 22:08:25 Msg: 1025 W: 1168 L: 1
17/05/2020 22:08:25 Msg: 1025 W: 1168 L: 1
17/05/2020 22:08:26 Msg: 1025 W: 1168 L: 1
17/05/2020 22:08:26 Msg: 1025 W: 1168 L: 1
17/05/2020 22:08:27 Msg: 1025 W: 1168 L: 1
17/05/2020 22:08:27 Msg: 1025 W: 1168 L: 1
17/05/2020 22:08:27 Msg: 1025 W: 1168 L: 1
17/05/2020 22:08:27 Msg: 1025 W: 1168 L: 1
17/05/2020 22:08:28 Msg: 1025 W: 1168 L: 1
17/05/2020 22:08:28 Msg: 1025 W: 1168 L: 1
17/05/2020 22:08:29 Msg: 1025 W: 1168 L: 1
17/05/2020 22:08:29 Msg: 1025 W: 1168 L: 1
17/05/2020 22:08:29 Msg: 1025 W: 1168 L: 1
17/05/2020 22:08:30 Msg: 1025 W: 1168 L: 1
17/05/2020 22:08:30 Msg: 1025 W: 1168 L: 1
17/05/2020 22:08:30 Msg: 1025 W: 1168 L: 1
17/05/2020 22:08:31 Msg: 1025 W: 1168 L: 1
17/05/2020 22:08:31 Msg: 1025 W: 1168 L: 1
17/05/2020 22:08:32 Msg: 1025 W: 1168 L: 1
17/05/2020 22:08:32 Msg: 1025 W: 1168 L: 1
17/05/2020 22:08:33 Msg: 1025 W: 1168 L: 1
17/05/2020 22:08:33 Msg: 1025 W: 1168 L: 1
17/05/2020 22:08:33 Msg: 1025 W: 1168 L: 1
17/05/2020 22:08:34 Msg: 1025 W: 1168 L: 1
17/05/2020 22:08:34 Msg: 1025 W: 1168 L: 1
17/05/2020 22:08:34 Msg: 1025 W: 1168 L: 1
17/05/2020 22:08:35 Msg: 1025 W: 1168 L: 1
17/05/2020 22:08:36 Msg: 1025 W: 1168 L: 1
17/05/2020 22:08:36 Msg: 1025 W: 1168 L: 1
17/05/2020 22:08:36 Msg: 1025 W: 1168 L: 1
17/05/2020 22:08:37 Msg: 1025 W: 1168 L: 1
17/05/2020 22:08:38 Msg: 1025 W: 1168 L: 1
17/05/2020 22:08:38 Msg: 1025 W: 1168 L: 1
17/05/2020 22:08:39 Msg: 1025 W: 1168 L: 1
17/05/2020 22:08:39 Msg: 1025 W: 1168 L: 1
17/05/2020 22:08:40 Msg: 1025 W: 1168 L: 1
17/05/2020 22:08:40 Msg: 1025 W: 1168 L: 1
17/05/2020 22:08:40 Msg: 1025 W: 1168 L: 1
17/05/2020 22:08:41 Msg: 1025 W: 1168 L: 1
17/05/2020 22:08:41 Msg: 1025 W: 1168 L: 1
17/05/2020 22:08:42 Msg: 1025 W: 1168 L: 1
17/05/2020 22:08:42 Msg: 1025 W: 1168 L: 1
17/05/2020 22:08:42 Msg: 1025 W: 1168 L: 1
17/05/2020 22:08:43 Msg: 1025 W: 1168 L: 1
17/05/2020 22:08:43 Msg: 1025 W: 1168 L: 1
17/05/2020 22:08:44 Msg: 1025 W: 1168 L: 1
17/05/2020 22:08:44 Msg: 1025 W: 1168 L: 1
17/05/2020 22:08:45 Msg: 1025 W: 1168 L: 1
17/05/2020 22:08:46 Msg: 1025 W: 1168 L: 1
17/05/2020 22:08:46 Msg: 1025 W: 1168 L: 1
17/05/2020 22:08:46 Msg: 1025 W: 1168 L: 1
17/05/2020 22:08:47 Msg: 1025 W: 1168 L: 1
17/05/2020 22:08:48 Msg: 1025 W: 1168 L: 1
17/05/2020 22:08:48 Msg: 1025 W: 1168 L: 1
17/05/2020 22:08:48 Msg: 1025 W: 1168 L: 1
17/05/2020 22:08:49 Msg: 1025 W: 1168 L: 1
17/05/2020 22:08:50 Msg: 1025 W: 1168 L: 1
17/05/2020 22:08:50 Msg: 1025 W: 1168 L: 1
17/05/2020 22:08:50 Msg: 1025 W: 1168 L: 1
17/05/2020 22:08:51 Msg: 1025 W: 1168 L: 1
17/05/2020 22:08:52 Msg: 1025 W: 1168 L: 1
17/05/2020 22:08:52 Msg: 1025 W: 1168 L: 1
17/05/2020 22:08:52 Msg: 1025 W: 1168 L: 1
17/05/2020 22:08:52 Msg: 1025 W: 1168 L: 1
17/05/2020 22:08:53 Msg: 1025 W: 1168 L: 1
17/05/2020 22:08:53 Msg: 1025 W: 1168 L: 1
17/05/2020 22:08:54 Msg: 1025 W: 1168 L: 1
17/05/2020 22:08:54 Msg: 1025 W: 1168 L: 1
17/05/2020 22:08:54 Msg: 1025 W: 1168 L: 1
17/05/2020 22:08:55 Msg: 1025 W: 1168 L: 1
17/05/2020 22:08:55 Msg: 1025 W: 1168 L: 1
17/05/2020 22:08:56 Msg: 1025 W: 1168 L: 1
17/05/2020 22:08:57 Msg: 1025 W: 1168 L: 1
17/05/2020 22:08:57 Msg: 1025 W: 1168 L: 1
17/05/2020 22:08:57 Msg: 1025 W: 1168 L: 1
17/05/2020 22:08:58 Msg: 1025 W: 1168 L: 1
17/05/2020 22:08:58 Msg: 1025 W: 1168 L: 1
17/05/2020 22:08:59 Msg: 1025 W: 1168 L: 1
17/05/2020 22:08:59 Msg: 1025 W: 1168 L: 1
17/05/2020 22:09:00 Msg: 1025 W: 1168 L: 1
17/05/2020 22:09:00 Msg: 1025 W: 1168 L: 1
17/05/2020 22:09:01 Msg: 1025 W: 1168 L: 1
17/05/2020 22:09:01 Msg: 1025 W: 1168 L: 1
17/05/2020 22:09:02 Msg: 1025 W: 1168 L: 1
17/05/2020 22:09:02 Msg: 1025 W: 1168 L: 1
17/05/2020 22:09:03 Msg: 1025 W: 1168 L: 1
17/05/2020 22:09:03 Msg: 1025 W: 1168 L: 1
17/05/2020 22:09:04 Msg: 1025 W: 1168 L: 1
17/05/2020 22:09:05 Msg: 1025 W: 1168 L: 1
17/05/2020 22:09:05 Msg: 1025 W: 1168 L: 1
17/05/2020 22:09:06 Msg: 1025 W: 1168 L: 1
17/05/2020 22:09:07 Msg: 1025 W: 1168 L: 1
17/05/2020 22:09:08 Msg: 1025 W: 1168 L: 1
17/05/2020 22:09:08 Msg: 1025 W: 1168 L: 1
17/05/2020 22:09:09 Msg: 1025 W: 1168 L: 1
17/05/2020 22:09:09 Msg: 1025 W: 1168 L: 1
17/05/2020 22:09:11 Msg: 1025 W: 1168 L: 1
17/05/2020 22:09:11 Msg: 1025 W: 2228 L: 1
17/05/2020 22:09:11 Msg: 1025 W: 1168 L: 1
17/05/2020 22:09:11 Msg: 1025 W: 2228 L: 1
17/05/2020 22:09:11 Msg: 1025 W: 1168 L: 1
17/05/2020 22:09:11 Msg: 1025 W: 2228 L: 1
17/05/2020 22:09:11 Msg: 1025 W: 1168 L: 1
17/05/2020 22:09:12 Msg: 1025 W: 2228 L: 1
17/05/2020 22:09:12 Msg: 1025 W: 1168 L: 1
17/05/2020 22:09:12 Msg: 1025 W: 2228 L: 1
17/05/2020 22:09:12 Msg: 1025 W: 1168 L: 1
17/05/2020 22:09:12 Msg: 1025 W: 2228 L: 1
17/05/2020 22:09:12 Msg: 1025 W: 2228 L: 1
17/05/2020 22:09:12 Msg: 1025 W: 1168 L: 1
17/05/2020 22:09:12 Msg: 1025 W: 1168 L: 1
17/05/2020 22:09:13 Msg: 1025 W: 2228 L: 1
17/05/2020 22:09:13 Msg: 1025 W: 1168 L: 1
17/05/2020 22:09:13 Msg: 1025 W: 2228 L: 1
17/05/2020 22:09:13 Msg: 1025 W: 1168 L: 1
17/05/2020 22:09:13 Msg: 1025 W: 2228 L: 1
17/05/2020 22:09:13 Msg: 1025 W: 1168 L: 1
17/05/2020 22:09:13 Msg: 1025 W: 2228 L: 1
17/05/2020 22:09:14 Msg: 1025 W: 1168 L: 1
17/05/2020 22:09:14 Msg: 1025 W: 2228 L: 1
17/05/2020 22:09:14 Msg: 1025 W: 1168 L: 1
17/05/2020 22:09:14 Msg: 1025 W: 2228 L: 1
17/05/2020 22:09:14 Msg: 1025 W: 1168 L: 1
17/05/2020 22:09:14 Msg: 1025 W: 2228 L: 1
17/05/2020 22:09:14 Msg: 1025 W: 1168 L: 1
17/05/2020 22:09:14 Msg: 1025 W: 2228 L: 1
17/05/2020 22:09:15 Msg: 1025 W: 1168 L: 1
17/05/2020 22:09:15 Msg: 1025 W: 1168 L: 1
17/05/2020 22:09:15 Msg: 1025 W: 2228 L: 1
17/05/2020 22:09:15 Msg: 1025 W: 1168 L: 1
17/05/2020 22:09:15 Msg: 1025 W: 2228 L: 1
17/05/2020 22:09:15 Msg: 1025 W: 1168 L: 1
17/05/2020 22:09:15 Msg: 1025 W: 2228 L: 1
17/05/2020 22:09:15 Msg: 1025 W: 1168 L: 1
17/05/2020 22:09:15 Msg: 1025 W: 2228 L: 1
17/05/2020 22:09:16 Msg: 1025 W: 1168 L: 1
17/05/2020 22:09:16 Msg: 1025 W: 2228 L: 1
17/05/2020 22:09:16 Msg: 1025 W: 1168 L: 1
17/05/2020 22:09:16 Msg: 1025 W: 1168 L: 1
17/05/2020 22:09:16 Msg: 1025 W: 2228 L: 1
17/05/2020 22:09:16 Msg: 1025 W: 1168 L: 1
17/05/2020 22:09:16 Msg: 1025 W: 2228 L: 1
17/05/2020 22:09:16 Msg: 1025 W: 1168 L: 1
17/05/2020 22:09:16 Msg: 1025 W: 2228 L: 1
17/05/2020 22:09:17 Msg: 1025 W: 1168 L: 1
17/05/2020 22:09:17 Msg: 1025 W: 2228 L: 1
17/05/2020 22:09:17 Msg: 1025 W: 1168 L: 1
17/05/2020 22:09:17 Msg: 1025 W: 2228 L: 1
17/05/2020 22:09:17 Msg: 1025 W: 1168 L: 1
17/05/2020 22:09:17 Msg: 1025 W: 2228 L: 1
17/05/2020 22:09:18 Msg: 1025 W: 1168 L: 1
17/05/2020 22:09:22 Msg: 1025 W: 1168 L: 1
17/05/2020 22:09:28 Msg: 1025 W: 2228 L: 1
17/05/2020 22:09:28 Msg: 1025 W: 1168 L: 1
17/05/2020 22:09:29 Msg: 1025 W: 2228 L: 1
17/05/2020 22:09:29 Msg: 1025 W: 1168 L: 1
17/05/2020 22:09:29 Msg: 1025 W: 2228 L: 1
17/05/2020 22:09:29 Msg: 1025 W: 1168 L: 1
17/05/2020 22:09:29 Msg: 1025 W: 2228 L: 1
17/05/2020 22:09:29 Msg: 1025 W: 1168 L: 1
17/05/2020 22:09:29 Msg: 1025 W: 2228 L: 1
17/05/2020 22:09:30 Msg: 1025 W: 1168 L: 1
17/05/2020 22:09:30 Msg: 1025 W: 2228 L: 1
17/05/2020 22:09:30 Msg: 1025 W: 1168 L: 1
17/05/2020 22:09:30 Msg: 1025 W: 2228 L: 1
17/05/2020 22:09:30 Msg: 1025 W: 1168 L: 1
17/05/2020 22:09:30 Msg: 1025 W: 2228 L: 1
17/05/2020 22:09:30 Msg: 1025 W: 1168 L: 1
17/05/2020 22:09:30 Msg: 1025 W: 2228 L: 1
17/05/2020 22:09:31 Msg: 1025 W: 1168 L: 1
17/05/2020 22:09:33 Msg: 1025 W: 1168 L: 1
17/05/2020 22:09:33 Msg: 1025 W: 2228 L: 1
17/05/2020 22:09:33 Msg: 1025 W: 1168 L: 1
17/05/2020 22:09:33 Msg: 1025 W: 2228 L: 1
17/05/2020 22:09:33 Msg: 1025 W: 1168 L: 1
17/05/2020 22:09:34 Msg: 1025 W: 2228 L: 1
17/05/2020 22:09:34 Msg: 1025 W: 1168 L: 1
17/05/2020 22:09:34 Msg: 1025 W: 2228 L: 1
17/05/2020 22:09:35 Msg: 1025 W: 1168 L: 1
17/05/2020 22:09:35 Msg: 1025 W: 2228 L: 1
17/05/2020 22:09:35 Msg: 1025 W: 1168 L: 1
17/05/2020 22:09:35 Msg: 1025 W: 2228 L: 1
17/05/2020 22:09:35 Msg: 1025 W: 1168 L: 1
17/05/2020 22:10:10 Msg: 1025 W: 2228 L: 1
17/05/2020 22:10:20 Msg: 1025 W: 2228 L: 32
17/05/2020 22:10:20 WndProc:FD_CLOSE:N=-1:Err=0
17/05/2020 22:11:39 Msg: 1025 W: 1168 L: 32
17/05/2020 22:11:39 WndProc:FD_CLOSE:N=2:Err=0
18/05/2020 7:48:03 IniciaWsApi
18/05/2020 7:48:14 LimpiaWsApi
18/05/2020 7:57:54 IniciaWsApi
18/05/2020 7:59:52 Msg: 1025 W: 2364 L: 8
18/05/2020 7:59:52 Msg: 1025 W: 3352 L: 1
18/05/2020 7:59:53 Msg: 1025 W: 3352 L: 1
18/05/2020 7:59:53 Msg: 1025 W: 3352 L: 1
18/05/2020 7:59:53 Msg: 1025 W: 3352 L: 1
18/05/2020 7:59:56 Msg: 1025 W: 3352 L: 1
18/05/2020 7:59:59 Msg: 1025 W: 3352 L: 1
18/05/2020 8:00:00 Msg: 1025 W: 3352 L: 1
18/05/2020 8:00:00 Msg: 1025 W: 3352 L: 1
18/05/2020 8:00:01 Msg: 1025 W: 3352 L: 1
18/05/2020 8:00:01 Msg: 1025 W: 3352 L: 1
18/05/2020 8:00:02 Msg: 1025 W: 3352 L: 1
18/05/2020 8:00:02 Msg: 1025 W: 3352 L: 1
18/05/2020 8:00:02 Msg: 1025 W: 3352 L: 1
18/05/2020 8:00:03 Msg: 1025 W: 3352 L: 1
18/05/2020 8:00:03 Msg: 1025 W: 3352 L: 1
18/05/2020 8:00:04 Msg: 1025 W: 3352 L: 1
18/05/2020 8:00:04 Msg: 1025 W: 3352 L: 1
18/05/2020 8:00:05 Msg: 1025 W: 3352 L: 1
18/05/2020 8:00:05 Msg: 1025 W: 3352 L: 1
18/05/2020 8:00:06 Msg: 1025 W: 3352 L: 1
18/05/2020 8:00:12 Msg: 1025 W: 3352 L: 1
18/05/2020 8:00:15 Msg: 1025 W: 3352 L: 1
18/05/2020 8:00:16 Msg: 1025 W: 3352 L: 1
18/05/2020 8:00:16 Msg: 1025 W: 3352 L: 1
18/05/2020 8:00:16 Msg: 1025 W: 3352 L: 1
18/05/2020 8:00:16 Msg: 1025 W: 3352 L: 1
18/05/2020 8:00:17 Msg: 1025 W: 3352 L: 1
18/05/2020 8:00:17 Msg: 1025 W: 3352 L: 1
18/05/2020 8:00:17 Msg: 1025 W: 3352 L: 1
18/05/2020 8:00:17 Msg: 1025 W: 3352 L: 1
18/05/2020 8:00:18 Msg: 1025 W: 3352 L: 1
18/05/2020 8:00:18 Msg: 1025 W: 3352 L: 1
18/05/2020 8:00:18 Msg: 1025 W: 3352 L: 1
18/05/2020 8:00:19 Msg: 1025 W: 3352 L: 1
18/05/2020 8:00:19 Msg: 1025 W: 3352 L: 1
18/05/2020 8:00:19 Msg: 1025 W: 3352 L: 1
18/05/2020 8:00:19 Msg: 1025 W: 3352 L: 1
18/05/2020 8:00:20 Msg: 1025 W: 3352 L: 1
18/05/2020 8:00:20 Msg: 1025 W: 3352 L: 1
18/05/2020 8:00:20 Msg: 1025 W: 3352 L: 1
18/05/2020 8:00:20 Msg: 1025 W: 3352 L: 1
18/05/2020 8:00:27 Msg: 1025 W: 3352 L: 1
18/05/2020 8:00:29 Msg: 1025 W: 3352 L: 1
18/05/2020 8:00:29 Msg: 1025 W: 3352 L: 1
18/05/2020 8:00:30 Msg: 1025 W: 3352 L: 1
18/05/2020 8:00:30 Msg: 1025 W: 3352 L: 1
18/05/2020 8:00:30 Msg: 1025 W: 3352 L: 1
18/05/2020 8:00:31 Msg: 1025 W: 3352 L: 1
18/05/2020 8:00:31 Msg: 1025 W: 3352 L: 1
18/05/2020 8:00:31 Msg: 1025 W: 3352 L: 1
18/05/2020 8:00:31 Msg: 1025 W: 3352 L: 1
18/05/2020 8:00:32 Msg: 1025 W: 3352 L: 1
18/05/2020 8:00:32 Msg: 1025 W: 3352 L: 1
18/05/2020 8:00:32 Msg: 1025 W: 3352 L: 1
18/05/2020 8:00:32 Msg: 1025 W: 3352 L: 1
18/05/2020 8:00:33 Msg: 1025 W: 3352 L: 1
18/05/2020 8:00:33 Msg: 1025 W: 3352 L: 1
18/05/2020 8:00:36 Msg: 1025 W: 3352 L: 1
18/05/2020 8:00:37 Msg: 1025 W: 3352 L: 1
18/05/2020 8:00:37 Msg: 1025 W: 3352 L: 1
18/05/2020 8:00:37 Msg: 1025 W: 3352 L: 1
18/05/2020 8:00:37 Msg: 1025 W: 3352 L: 1
18/05/2020 8:00:38 Msg: 1025 W: 3352 L: 1
18/05/2020 8:00:38 Msg: 1025 W: 3352 L: 1
18/05/2020 8:00:38 Msg: 1025 W: 3352 L: 1
18/05/2020 8:00:38 Msg: 1025 W: 3352 L: 1
18/05/2020 8:00:39 Msg: 1025 W: 3352 L: 1
18/05/2020 8:00:39 Msg: 1025 W: 3352 L: 1
18/05/2020 8:00:39 Msg: 1025 W: 3352 L: 1
18/05/2020 8:00:40 Msg: 1025 W: 3352 L: 1
18/05/2020 8:00:45 Msg: 1025 W: 3352 L: 1
18/05/2020 8:00:48 Msg: 1025 W: 3352 L: 1
18/05/2020 8:00:52 Msg: 1025 W: 3352 L: 1
18/05/2020 8:00:54 Msg: 1025 W: 3352 L: 1
18/05/2020 8:00:58 Msg: 1025 W: 3352 L: 1
18/05/2020 8:01:00 Msg: 1025 W: 3352 L: 1
18/05/2020 8:01:02 Msg: 1025 W: 3352 L: 1
18/05/2020 8:01:03 Msg: 1025 W: 3352 L: 1
18/05/2020 8:01:05 Msg: 1025 W: 3352 L: 1
18/05/2020 8:01:07 Msg: 1025 W: 3352 L: 1
18/05/2020 8:01:14 Msg: 1025 W: 3352 L: 1
18/05/2020 8:01:14 Msg: 1025 W: 3352 L: 1
18/05/2020 8:01:24 Msg: 1025 W: 3352 L: 1
18/05/2020 8:01:32 Msg: 1025 W: 3352 L: 1
18/05/2020 8:01:36 Msg: 1025 W: 3352 L: 1
18/05/2020 8:01:40 Msg: 1025 W: 3352 L: 1
18/05/2020 8:01:43 Msg: 1025 W: 3352 L: 1
18/05/2020 8:01:47 Msg: 1025 W: 3352 L: 1
18/05/2020 8:01:51 Msg: 1025 W: 3352 L: 1
18/05/2020 8:01:59 Msg: 1025 W: 3352 L: 1
18/05/2020 8:02:06 Msg: 1025 W: 3352 L: 1
18/05/2020 8:02:24 Msg: 1025 W: 3352 L: 1
18/05/2020 8:02:24 Msg: 1025 W: 3352 L: 1
18/05/2020 8:02:24 Msg: 1025 W: 3352 L: 1
18/05/2020 8:02:32 Msg: 1025 W: 3352 L: 1
18/05/2020 8:02:36 Msg: 1025 W: 3352 L: 1
18/05/2020 8:02:38 Msg: 1025 W: 3352 L: 1
18/05/2020 8:02:41 Msg: 1025 W: 3352 L: 1
18/05/2020 8:02:48 Msg: 1025 W: 3352 L: 1
18/05/2020 8:02:55 Msg: 1025 W: 3352 L: 1
18/05/2020 8:02:56 Msg: 1025 W: 3352 L: 1
18/05/2020 8:02:59 Msg: 1025 W: 3352 L: 1
18/05/2020 8:03:07 Msg: 1025 W: 3352 L: 1
18/05/2020 8:03:11 Msg: 1025 W: 3352 L: 1
18/05/2020 8:03:12 Msg: 1025 W: 3352 L: 1
18/05/2020 8:03:12 Msg: 1025 W: 3352 L: 1
18/05/2020 8:03:14 Msg: 1025 W: 3352 L: 1
18/05/2020 8:03:14 Msg: 1025 W: 3352 L: 1
18/05/2020 8:03:16 Msg: 1025 W: 3352 L: 1
18/05/2020 8:03:17 Msg: 1025 W: 3352 L: 1
18/05/2020 8:03:19 Msg: 1025 W: 3352 L: 1
18/05/2020 8:03:20 Msg: 1025 W: 3352 L: 1
18/05/2020 8:03:22 Msg: 1025 W: 3352 L: 1
18/05/2020 8:03:23 Msg: 1025 W: 3352 L: 1
18/05/2020 8:03:25 Msg: 1025 W: 3352 L: 1
18/05/2020 8:03:26 Msg: 1025 W: 3352 L: 1
18/05/2020 8:03:27 Msg: 1025 W: 3352 L: 1
18/05/2020 8:03:28 Msg: 1025 W: 3352 L: 32
18/05/2020 8:03:28 WndProc:FD_CLOSE:N=-1:Err=0
18/05/2020 8:03:54 Msg: 1025 W: 2364 L: 8
18/05/2020 8:03:54 Msg: 1025 W: 3360 L: 1
18/05/2020 8:03:54 Msg: 1025 W: 3360 L: 1
18/05/2020 8:03:55 Msg: 1025 W: 3360 L: 1
18/05/2020 8:03:58 Msg: 1025 W: 3360 L: 1
18/05/2020 8:03:58 Msg: 1025 W: 3360 L: 1
18/05/2020 8:03:58 Msg: 1025 W: 3360 L: 1
18/05/2020 8:03:59 Msg: 1025 W: 3360 L: 1
18/05/2020 8:03:59 Msg: 1025 W: 3360 L: 1
18/05/2020 8:03:59 Msg: 1025 W: 3360 L: 1
18/05/2020 8:03:59 Msg: 1025 W: 3360 L: 1
18/05/2020 8:04:00 Msg: 1025 W: 3360 L: 1
18/05/2020 8:04:00 Msg: 1025 W: 3360 L: 1
18/05/2020 8:04:00 Msg: 1025 W: 3360 L: 1
18/05/2020 8:04:00 Msg: 1025 W: 3360 L: 1
18/05/2020 8:04:00 Msg: 1025 W: 3360 L: 1
18/05/2020 8:04:01 Msg: 1025 W: 3360 L: 1
18/05/2020 8:04:01 Msg: 1025 W: 3360 L: 1
18/05/2020 8:04:01 Msg: 1025 W: 3360 L: 1
18/05/2020 8:04:01 Msg: 1025 W: 3360 L: 1
18/05/2020 8:04:01 Msg: 1025 W: 3360 L: 1
18/05/2020 8:04:01 Msg: 1025 W: 3360 L: 1
18/05/2020 8:04:01 Msg: 1025 W: 3360 L: 1
18/05/2020 8:04:01 Msg: 1025 W: 3360 L: 1
18/05/2020 8:04:01 Msg: 1025 W: 3360 L: 1
18/05/2020 8:04:01 Msg: 1025 W: 3360 L: 1
18/05/2020 8:04:02 Msg: 1025 W: 3360 L: 1
18/05/2020 8:04:02 Msg: 1025 W: 3360 L: 1
18/05/2020 8:04:02 Msg: 1025 W: 3360 L: 1
18/05/2020 8:04:02 Msg: 1025 W: 3360 L: 1
18/05/2020 8:04:02 Msg: 1025 W: 3360 L: 1
18/05/2020 8:04:02 Msg: 1025 W: 3360 L: 1
18/05/2020 8:04:02 Msg: 1025 W: 3360 L: 1
18/05/2020 8:04:04 Msg: 1025 W: 3360 L: 1
18/05/2020 8:04:04 Msg: 1025 W: 3360 L: 1
18/05/2020 8:04:05 Msg: 1025 W: 3360 L: 1
18/05/2020 8:04:05 Msg: 1025 W: 3360 L: 1
18/05/2020 8:04:05 Msg: 1025 W: 3360 L: 1
18/05/2020 8:04:05 Msg: 1025 W: 3360 L: 1
18/05/2020 8:04:05 Msg: 1025 W: 3360 L: 1
18/05/2020 8:04:05 Msg: 1025 W: 3360 L: 1
18/05/2020 8:04:05 Msg: 1025 W: 3360 L: 1
18/05/2020 8:04:06 Msg: 1025 W: 3360 L: 1
18/05/2020 8:04:06 Msg: 1025 W: 3360 L: 1
18/05/2020 8:04:06 Msg: 1025 W: 3360 L: 1
18/05/2020 8:04:06 Msg: 1025 W: 3360 L: 1
18/05/2020 8:04:06 Msg: 1025 W: 3360 L: 1
18/05/2020 8:04:06 Msg: 1025 W: 3360 L: 1
18/05/2020 8:04:06 Msg: 1025 W: 3360 L: 1
18/05/2020 8:04:07 Msg: 1025 W: 3360 L: 1
18/05/2020 8:04:07 Msg: 1025 W: 3360 L: 1
18/05/2020 8:04:07 Msg: 1025 W: 3360 L: 1
18/05/2020 8:04:07 Msg: 1025 W: 3360 L: 1
18/05/2020 8:04:07 Msg: 1025 W: 3360 L: 1
18/05/2020 8:04:07 Msg: 1025 W: 3360 L: 1
18/05/2020 8:04:07 Msg: 1025 W: 3360 L: 1
18/05/2020 8:04:08 Msg: 1025 W: 3360 L: 1
18/05/2020 8:04:08 Msg: 1025 W: 3360 L: 1
18/05/2020 8:04:08 Msg: 1025 W: 3360 L: 1
18/05/2020 8:04:08 Msg: 1025 W: 3360 L: 1
18/05/2020 8:04:08 Msg: 1025 W: 3360 L: 1
18/05/2020 8:04:08 Msg: 1025 W: 3360 L: 1
18/05/2020 8:04:08 Msg: 1025 W: 3360 L: 1
18/05/2020 8:04:09 Msg: 1025 W: 3360 L: 1
18/05/2020 8:04:09 Msg: 1025 W: 3360 L: 1
18/05/2020 8:04:09 Msg: 1025 W: 3360 L: 1
18/05/2020 8:04:09 Msg: 1025 W: 3360 L: 1
18/05/2020 8:04:09 Msg: 1025 W: 3360 L: 1
18/05/2020 8:04:09 Msg: 1025 W: 3360 L: 1
18/05/2020 8:04:10 Msg: 1025 W: 3360 L: 1
18/05/2020 8:04:10 Msg: 1025 W: 3360 L: 1
18/05/2020 8:04:10 Msg: 1025 W: 3360 L: 1
18/05/2020 8:04:10 Msg: 1025 W: 3360 L: 1
18/05/2020 8:04:10 Msg: 1025 W: 3360 L: 1
18/05/2020 8:04:11 Msg: 1025 W: 3360 L: 1
18/05/2020 8:04:11 Msg: 1025 W: 3360 L: 1
18/05/2020 8:04:11 Msg: 1025 W: 3360 L: 1
18/05/2020 8:04:11 Msg: 1025 W: 3360 L: 1
18/05/2020 8:04:11 Msg: 1025 W: 3360 L: 1
18/05/2020 8:04:11 Msg: 1025 W: 3360 L: 1
18/05/2020 8:04:12 Msg: 1025 W: 3360 L: 1
18/05/2020 8:04:12 Msg: 1025 W: 3360 L: 1
18/05/2020 8:04:12 Msg: 1025 W: 3360 L: 1
18/05/2020 8:04:12 Msg: 1025 W: 3360 L: 1
18/05/2020 8:04:12 Msg: 1025 W: 3360 L: 1
18/05/2020 8:04:12 Msg: 1025 W: 3360 L: 1
18/05/2020 8:04:13 Msg: 1025 W: 3360 L: 1
18/05/2020 8:04:13 Msg: 1025 W: 3360 L: 1
18/05/2020 8:04:13 Msg: 1025 W: 3360 L: 1
18/05/2020 8:04:13 Msg: 1025 W: 3360 L: 1
18/05/2020 8:04:13 Msg: 1025 W: 3360 L: 1
18/05/2020 8:04:13 Msg: 1025 W: 3360 L: 1
18/05/2020 8:04:13 Msg: 1025 W: 3360 L: 1
18/05/2020 8:04:14 Msg: 1025 W: 3360 L: 1
18/05/2020 8:04:14 Msg: 1025 W: 3360 L: 1
18/05/2020 8:04:14 Msg: 1025 W: 3360 L: 1
18/05/2020 8:04:14 Msg: 1025 W: 3360 L: 1
18/05/2020 8:04:14 Msg: 1025 W: 3360 L: 1
18/05/2020 8:04:14 Msg: 1025 W: 3360 L: 1
18/05/2020 8:04:15 Msg: 1025 W: 3360 L: 1
18/05/2020 8:04:15 Msg: 1025 W: 3360 L: 1
18/05/2020 8:04:15 Msg: 1025 W: 3360 L: 1
18/05/2020 8:04:15 Msg: 1025 W: 3360 L: 1
18/05/2020 8:04:15 Msg: 1025 W: 3360 L: 1
18/05/2020 8:04:15 Msg: 1025 W: 3360 L: 1
18/05/2020 8:04:15 Msg: 1025 W: 3360 L: 1
18/05/2020 8:04:16 Msg: 1025 W: 3360 L: 1
18/05/2020 8:04:16 Msg: 1025 W: 3360 L: 1
18/05/2020 8:04:16 Msg: 1025 W: 3360 L: 1
18/05/2020 8:04:16 Msg: 1025 W: 3360 L: 1
18/05/2020 8:04:16 Msg: 1025 W: 3360 L: 1
18/05/2020 8:04:16 Msg: 1025 W: 3360 L: 1
18/05/2020 8:04:17 Msg: 1025 W: 3360 L: 1
18/05/2020 8:04:17 Msg: 1025 W: 3360 L: 1
18/05/2020 8:04:17 Msg: 1025 W: 3360 L: 1
18/05/2020 8:04:17 Msg: 1025 W: 3360 L: 1
18/05/2020 8:04:18 Msg: 1025 W: 3360 L: 1
18/05/2020 8:04:18 Msg: 1025 W: 3360 L: 1
18/05/2020 8:04:18 Msg: 1025 W: 3360 L: 1
18/05/2020 8:04:18 Msg: 1025 W: 3360 L: 1
18/05/2020 8:04:18 Msg: 1025 W: 3360 L: 1
18/05/2020 8:04:19 Msg: 1025 W: 3360 L: 1
18/05/2020 8:04:19 Msg: 1025 W: 3360 L: 1
18/05/2020 8:04:20 Msg: 1025 W: 3360 L: 1
18/05/2020 8:04:23 Msg: 1025 W: 3360 L: 1
18/05/2020 8:04:25 Msg: 1025 W: 3360 L: 1
18/05/2020 8:05:03 Msg: 1025 W: 3360 L: 1
18/05/2020 8:05:04 Msg: 1025 W: 3360 L: 1
18/05/2020 8:05:04 Msg: 1025 W: 3360 L: 1
18/05/2020 8:05:04 Msg: 1025 W: 3360 L: 1
18/05/2020 8:05:04 Msg: 1025 W: 3360 L: 1
18/05/2020 8:05:05 Msg: 1025 W: 3360 L: 1
18/05/2020 8:05:05 Msg: 1025 W: 3360 L: 1
18/05/2020 8:05:05 Msg: 1025 W: 3360 L: 1
18/05/2020 8:05:05 Msg: 1025 W: 3360 L: 1
18/05/2020 8:05:05 Msg: 1025 W: 3360 L: 1
18/05/2020 8:05:06 Msg: 1025 W: 3360 L: 1
18/05/2020 8:05:06 Msg: 1025 W: 3360 L: 1
18/05/2020 8:05:06 Msg: 1025 W: 3360 L: 1
18/05/2020 8:05:06 Msg: 1025 W: 3360 L: 1
18/05/2020 8:05:07 Msg: 1025 W: 3360 L: 1
18/05/2020 8:05:07 Msg: 1025 W: 3360 L: 1
18/05/2020 8:05:07 Msg: 1025 W: 3360 L: 1
18/05/2020 8:05:08 Msg: 1025 W: 3360 L: 1
18/05/2020 8:05:08 Msg: 1025 W: 3360 L: 1
18/05/2020 8:05:08 Msg: 1025 W: 3360 L: 1
18/05/2020 8:05:08 Msg: 1025 W: 3360 L: 1
18/05/2020 8:05:08 Msg: 1025 W: 3360 L: 1
18/05/2020 8:05:08 Msg: 1025 W: 3360 L: 1
18/05/2020 8:05:09 Msg: 1025 W: 3360 L: 1
18/05/2020 8:05:09 Msg: 1025 W: 3360 L: 1
18/05/2020 8:05:09 Msg: 1025 W: 3360 L: 1
18/05/2020 8:05:09 Msg: 1025 W: 3360 L: 1
18/05/2020 8:05:10 Msg: 1025 W: 3360 L: 1
18/05/2020 8:05:10 Msg: 1025 W: 3360 L: 1
18/05/2020 8:05:10 Msg: 1025 W: 3360 L: 1
18/05/2020 8:05:10 Msg: 1025 W: 3360 L: 1
18/05/2020 8:05:11 Msg: 1025 W: 3360 L: 1
18/05/2020 8:05:11 Msg: 1025 W: 3360 L: 1
18/05/2020 8:05:11 Msg: 1025 W: 3360 L: 1
18/05/2020 8:05:11 Msg: 1025 W: 3360 L: 1
18/05/2020 8:05:12 Msg: 1025 W: 3360 L: 1
18/05/2020 8:05:12 Msg: 1025 W: 3360 L: 1
18/05/2020 8:05:12 Msg: 1025 W: 3360 L: 1
18/05/2020 8:05:12 Msg: 1025 W: 3360 L: 1
18/05/2020 8:05:13 Msg: 1025 W: 3360 L: 1
18/05/2020 8:05:13 Msg: 1025 W: 3360 L: 1
18/05/2020 8:05:13 Msg: 1025 W: 3360 L: 1
18/05/2020 8:05:13 Msg: 1025 W: 3360 L: 1
18/05/2020 8:05:14 Msg: 1025 W: 3360 L: 1
18/05/2020 8:05:14 Msg: 1025 W: 3360 L: 1
18/05/2020 8:05:14 Msg: 1025 W: 3360 L: 1
18/05/2020 8:05:14 Msg: 1025 W: 3360 L: 1
18/05/2020 8:05:15 Msg: 1025 W: 3360 L: 1
18/05/2020 8:05:15 Msg: 1025 W: 3360 L: 1
18/05/2020 8:05:16 Msg: 1025 W: 3360 L: 1
18/05/2020 8:05:16 Msg: 1025 W: 3360 L: 1
18/05/2020 8:05:17 Msg: 1025 W: 3360 L: 1
18/05/2020 8:05:18 Msg: 1025 W: 3360 L: 1
18/05/2020 8:05:18 Msg: 1025 W: 3360 L: 1
18/05/2020 8:05:19 Msg: 1025 W: 3360 L: 1
18/05/2020 8:05:19 Msg: 1025 W: 3360 L: 1
18/05/2020 8:05:19 Msg: 1025 W: 3360 L: 1
18/05/2020 8:05:19 Msg: 1025 W: 3360 L: 1
18/05/2020 8:05:20 Msg: 1025 W: 3360 L: 1
18/05/2020 8:05:20 Msg: 1025 W: 3360 L: 1
18/05/2020 8:05:20 Msg: 1025 W: 3360 L: 1
18/05/2020 8:05:20 Msg: 1025 W: 3360 L: 1
18/05/2020 8:05:21 Msg: 1025 W: 3360 L: 1
18/05/2020 8:05:22 Msg: 1025 W: 3360 L: 1
18/05/2020 8:05:23 Msg: 1025 W: 3360 L: 1
18/05/2020 8:05:23 Msg: 1025 W: 3360 L: 1
18/05/2020 8:05:25 Msg: 1025 W: 3360 L: 1
18/05/2020 8:05:26 Msg: 1025 W: 3360 L: 1
18/05/2020 8:05:27 Msg: 1025 W: 3360 L: 1
18/05/2020 8:05:27 Msg: 1025 W: 3360 L: 1
18/05/2020 8:05:27 Msg: 1025 W: 3360 L: 1
18/05/2020 8:05:28 Msg: 1025 W: 3360 L: 1
18/05/2020 8:05:28 Msg: 1025 W: 3360 L: 1
18/05/2020 8:05:29 Msg: 1025 W: 3360 L: 1
18/05/2020 8:05:29 Msg: 1025 W: 3360 L: 1
18/05/2020 8:05:29 Msg: 1025 W: 3360 L: 1
18/05/2020 8:05:30 Msg: 1025 W: 3360 L: 1
18/05/2020 8:05:30 Msg: 1025 W: 3360 L: 1
18/05/2020 8:05:30 Msg: 1025 W: 3360 L: 1
18/05/2020 8:05:30 Msg: 1025 W: 3360 L: 1
18/05/2020 8:05:31 Msg: 1025 W: 3360 L: 1
18/05/2020 8:05:31 Msg: 1025 W: 3360 L: 1
18/05/2020 8:05:31 Msg: 1025 W: 3360 L: 1
18/05/2020 8:05:31 Msg: 1025 W: 3360 L: 1
18/05/2020 8:05:32 Msg: 1025 W: 3360 L: 1
18/05/2020 8:05:32 Msg: 1025 W: 3360 L: 1
18/05/2020 8:05:32 Msg: 1025 W: 3360 L: 1
18/05/2020 8:05:32 Msg: 1025 W: 3360 L: 1
18/05/2020 8:05:33 Msg: 1025 W: 3360 L: 1
18/05/2020 8:05:34 Msg: 1025 W: 3360 L: 1
18/05/2020 8:05:34 Msg: 1025 W: 3360 L: 1
18/05/2020 8:05:34 Msg: 1025 W: 3360 L: 1
18/05/2020 8:05:35 Msg: 1025 W: 3360 L: 1
18/05/2020 8:05:35 Msg: 1025 W: 3360 L: 1
18/05/2020 8:05:35 Msg: 1025 W: 3360 L: 1
18/05/2020 8:05:36 Msg: 1025 W: 3360 L: 1
18/05/2020 8:05:36 Msg: 1025 W: 3360 L: 1
18/05/2020 8:05:36 Msg: 1025 W: 3360 L: 1
18/05/2020 8:05:36 Msg: 1025 W: 3360 L: 1
18/05/2020 8:05:37 Msg: 1025 W: 3360 L: 1
18/05/2020 8:05:37 Msg: 1025 W: 3360 L: 1
18/05/2020 8:05:37 Msg: 1025 W: 3360 L: 1
18/05/2020 8:05:37 Msg: 1025 W: 3360 L: 1
18/05/2020 8:05:38 Msg: 1025 W: 3360 L: 1
18/05/2020 8:05:38 Msg: 1025 W: 3360 L: 1
18/05/2020 8:05:38 Msg: 1025 W: 3360 L: 1
18/05/2020 8:05:38 Msg: 1025 W: 3360 L: 1
18/05/2020 8:05:38 Msg: 1025 W: 3360 L: 1
18/05/2020 8:05:38 Msg: 1025 W: 3360 L: 1
18/05/2020 8:05:39 Msg: 1025 W: 3360 L: 1
18/05/2020 8:05:39 Msg: 1025 W: 3360 L: 1
18/05/2020 8:05:39 Msg: 1025 W: 3360 L: 1
18/05/2020 8:05:40 Msg: 1025 W: 3360 L: 1
18/05/2020 8:05:40 Msg: 1025 W: 3360 L: 1
18/05/2020 8:05:40 Msg: 1025 W: 3360 L: 1
18/05/2020 8:05:40 Msg: 1025 W: 3360 L: 1
18/05/2020 8:05:41 Msg: 1025 W: 3360 L: 1
18/05/2020 8:05:41 Msg: 1025 W: 3360 L: 1
18/05/2020 8:05:41 Msg: 1025 W: 3360 L: 1
18/05/2020 8:05:42 Msg: 1025 W: 3360 L: 1
18/05/2020 8:05:43 Msg: 1025 W: 3360 L: 1
18/05/2020 8:05:44 Msg: 1025 W: 3360 L: 1
18/05/2020 8:05:44 Msg: 1025 W: 3360 L: 1
18/05/2020 8:05:44 Msg: 1025 W: 3360 L: 1
18/05/2020 8:08:29 Msg: 1025 W: 3360 L: 1
18/05/2020 8:08:30 Msg: 1025 W: 3360 L: 1
18/05/2020 8:08:32 Msg: 1025 W: 3360 L: 1
18/05/2020 8:08:33 Msg: 1025 W: 3360 L: 1
18/05/2020 8:08:33 Msg: 1025 W: 3360 L: 1
18/05/2020 8:08:33 Msg: 1025 W: 3360 L: 1
18/05/2020 8:08:33 Msg: 1025 W: 3360 L: 1
18/05/2020 8:08:34 Msg: 1025 W: 3360 L: 1
18/05/2020 8:08:35 Msg: 1025 W: 3360 L: 1
18/05/2020 8:08:35 Msg: 1025 W: 3360 L: 1
18/05/2020 8:08:35 Msg: 1025 W: 3360 L: 1
18/05/2020 8:08:36 Msg: 1025 W: 3360 L: 1
18/05/2020 8:08:36 Msg: 1025 W: 3360 L: 1
18/05/2020 8:08:36 Msg: 1025 W: 3360 L: 1
18/05/2020 8:08:36 Msg: 1025 W: 3360 L: 1
18/05/2020 8:08:37 Msg: 1025 W: 3360 L: 1
18/05/2020 8:08:37 Msg: 1025 W: 3360 L: 1
18/05/2020 8:08:37 Msg: 1025 W: 3360 L: 1
18/05/2020 8:08:37 Msg: 1025 W: 3360 L: 1
18/05/2020 8:08:38 Msg: 1025 W: 3360 L: 1
18/05/2020 8:08:38 Msg: 1025 W: 3360 L: 1
18/05/2020 8:08:38 Msg: 1025 W: 3360 L: 1
18/05/2020 8:08:38 Msg: 1025 W: 3360 L: 1
18/05/2020 8:08:39 Msg: 1025 W: 3360 L: 1
18/05/2020 8:08:39 Msg: 1025 W: 3360 L: 1
18/05/2020 8:08:39 Msg: 1025 W: 3360 L: 1
18/05/2020 8:08:39 Msg: 1025 W: 3360 L: 1
18/05/2020 8:08:40 Msg: 1025 W: 3360 L: 1
18/05/2020 8:08:40 Msg: 1025 W: 3360 L: 1
18/05/2020 8:08:40 Msg: 1025 W: 3360 L: 1
18/05/2020 8:08:41 Msg: 1025 W: 3360 L: 1
18/05/2020 8:08:41 Msg: 1025 W: 3360 L: 1
18/05/2020 8:08:41 Msg: 1025 W: 3360 L: 1
18/05/2020 8:08:41 Msg: 1025 W: 3360 L: 1
18/05/2020 8:08:42 Msg: 1025 W: 3360 L: 1
18/05/2020 8:08:42 Msg: 1025 W: 3360 L: 1
18/05/2020 8:08:42 Msg: 1025 W: 3360 L: 1
18/05/2020 8:08:42 Msg: 1025 W: 3360 L: 1
18/05/2020 8:08:42 Msg: 1025 W: 3360 L: 1
18/05/2020 8:08:43 Msg: 1025 W: 3360 L: 1
18/05/2020 8:08:43 Msg: 1025 W: 3360 L: 1
18/05/2020 8:08:43 Msg: 1025 W: 3360 L: 1
18/05/2020 8:08:43 Msg: 1025 W: 3360 L: 1
18/05/2020 8:09:41 Msg: 1025 W: 3360 L: 1
18/05/2020 8:09:41 Msg: 1025 W: 3360 L: 1
18/05/2020 8:09:41 Msg: 1025 W: 3360 L: 1
18/05/2020 8:09:42 Msg: 1025 W: 3360 L: 1
18/05/2020 8:09:42 Msg: 1025 W: 3360 L: 1
18/05/2020 8:09:42 Msg: 1025 W: 3360 L: 1
18/05/2020 8:09:42 Msg: 1025 W: 3360 L: 1
18/05/2020 8:09:43 Msg: 1025 W: 3360 L: 1
18/05/2020 8:09:43 Msg: 1025 W: 3360 L: 1
18/05/2020 8:09:43 Msg: 1025 W: 3360 L: 1
18/05/2020 8:09:43 Msg: 1025 W: 3360 L: 1
18/05/2020 8:09:44 Msg: 1025 W: 3360 L: 1
18/05/2020 8:09:44 Msg: 1025 W: 3360 L: 1
18/05/2020 8:09:44 Msg: 1025 W: 3360 L: 1
18/05/2020 8:09:45 Msg: 1025 W: 3360 L: 1
18/05/2020 8:09:46 Msg: 1025 W: 3360 L: 1
18/05/2020 8:09:47 Msg: 1025 W: 3360 L: 1
18/05/2020 8:09:47 Msg: 1025 W: 3360 L: 1
18/05/2020 8:09:47 Msg: 1025 W: 3360 L: 1
18/05/2020 8:09:48 Msg: 1025 W: 3360 L: 1
18/05/2020 8:09:48 Msg: 1025 W: 3360 L: 1
18/05/2020 8:09:48 Msg: 1025 W: 3360 L: 1
18/05/2020 8:09:48 Msg: 1025 W: 3360 L: 1
18/05/2020 8:09:49 Msg: 1025 W: 3360 L: 1
18/05/2020 8:09:49 Msg: 1025 W: 3360 L: 1
18/05/2020 8:09:49 Msg: 1025 W: 3360 L: 1
18/05/2020 8:09:49 Msg: 1025 W: 3360 L: 1
18/05/2020 8:09:50 Msg: 1025 W: 3360 L: 1
18/05/2020 8:09:50 Msg: 1025 W: 3360 L: 1
18/05/2020 8:09:51 Msg: 1025 W: 3360 L: 1
18/05/2020 8:10:29 Msg: 1025 W: 3360 L: 658833440
18/05/2020 8:10:29 WndProc:FD_CLOSE:N=-1:Err=10053
18/05/2020 8:10:30 Msg: 1025 W: 2364 L: 8
18/05/2020 8:10:30 Msg: 1025 W: 3284 L: 1
18/05/2020 8:10:31 Msg: 1025 W: 3284 L: 1
18/05/2020 8:10:31 Msg: 1025 W: 3284 L: 1
18/05/2020 8:10:31 Msg: 1025 W: 3284 L: 32
18/05/2020 8:10:31 WndProc:FD_CLOSE:N=1:Err=0
18/05/2020 8:10:32 Msg: 1025 W: 2364 L: 8
18/05/2020 8:10:32 Msg: 1025 W: 2388 L: 1
18/05/2020 8:10:32 Msg: 1025 W: 2388 L: 32
18/05/2020 8:10:32 WndProc:FD_CLOSE:N=-1:Err=0
18/05/2020 8:10:34 Msg: 1025 W: 2364 L: 8
18/05/2020 8:10:34 Msg: 1025 W: 3400 L: 1
18/05/2020 8:10:35 Msg: 1025 W: 3400 L: 32
18/05/2020 8:10:35 WndProc:FD_CLOSE:N=-1:Err=0
18/05/2020 8:10:40 Msg: 1025 W: 2364 L: 8
18/05/2020 8:10:40 Msg: 1025 W: 2388 L: 1
18/05/2020 8:10:40 Msg: 1025 W: 2388 L: 32
18/05/2020 8:10:40 WndProc:FD_CLOSE:N=-1:Err=0
18/05/2020 8:10:47 Msg: 1025 W: 2364 L: 8
18/05/2020 8:10:47 Msg: 1025 W: 3384 L: 1
18/05/2020 8:10:47 Msg: 1025 W: 3384 L: 1
18/05/2020 8:10:47 Msg: 1025 W: 3384 L: 1
18/05/2020 8:10:50 Msg: 1025 W: 3384 L: 1
18/05/2020 8:10:51 Msg: 1025 W: 3384 L: 1
18/05/2020 8:10:51 Msg: 1025 W: 3384 L: 1
18/05/2020 8:10:51 Msg: 1025 W: 3384 L: 1
18/05/2020 8:10:52 Msg: 1025 W: 3384 L: 1
18/05/2020 8:10:53 Msg: 1025 W: 3384 L: 1
18/05/2020 8:10:53 Msg: 1025 W: 3384 L: 1
18/05/2020 8:10:54 Msg: 1025 W: 3384 L: 1
18/05/2020 8:10:54 Msg: 1025 W: 3384 L: 1
18/05/2020 8:10:54 Msg: 1025 W: 3384 L: 1
18/05/2020 8:10:54 Msg: 1025 W: 3384 L: 1
18/05/2020 8:10:55 Msg: 1025 W: 3384 L: 1
18/05/2020 8:10:55 Msg: 1025 W: 3384 L: 1
18/05/2020 8:10:55 Msg: 1025 W: 3384 L: 1
18/05/2020 8:10:55 Msg: 1025 W: 3384 L: 1
18/05/2020 8:10:56 Msg: 1025 W: 3384 L: 1
18/05/2020 8:10:56 Msg: 1025 W: 3384 L: 1
18/05/2020 8:10:56 Msg: 1025 W: 3384 L: 1
18/05/2020 8:10:56 Msg: 1025 W: 3384 L: 1
18/05/2020 8:10:57 Msg: 1025 W: 3384 L: 1
18/05/2020 8:10:57 Msg: 1025 W: 3384 L: 1
18/05/2020 8:10:57 Msg: 1025 W: 3384 L: 1
18/05/2020 8:10:58 Msg: 1025 W: 3384 L: 1
18/05/2020 8:10:58 Msg: 1025 W: 3384 L: 1
18/05/2020 8:10:58 Msg: 1025 W: 3384 L: 1
18/05/2020 8:10:58 Msg: 1025 W: 3384 L: 1
18/05/2020 8:10:59 Msg: 1025 W: 3384 L: 1
18/05/2020 8:10:59 Msg: 1025 W: 3384 L: 1
18/05/2020 8:10:59 Msg: 1025 W: 3384 L: 1
18/05/2020 8:10:59 Msg: 1025 W: 3384 L: 1
18/05/2020 8:11:00 Msg: 1025 W: 3384 L: 1
18/05/2020 8:11:00 Msg: 1025 W: 3384 L: 1
18/05/2020 8:11:00 Msg: 1025 W: 3384 L: 1
18/05/2020 8:11:00 Msg: 1025 W: 3384 L: 1
18/05/2020 8:11:01 Msg: 1025 W: 3384 L: 1
18/05/2020 8:11:01 Msg: 1025 W: 3384 L: 1
18/05/2020 8:11:01 Msg: 1025 W: 3384 L: 1
18/05/2020 8:11:01 Msg: 1025 W: 3384 L: 1
18/05/2020 8:11:02 Msg: 1025 W: 3384 L: 1
18/05/2020 8:11:02 Msg: 1025 W: 3384 L: 1
18/05/2020 8:11:03 Msg: 1025 W: 3384 L: 1
18/05/2020 8:11:03 Msg: 1025 W: 3384 L: 1
18/05/2020 8:11:03 Msg: 1025 W: 3384 L: 1
18/05/2020 8:11:03 Msg: 1025 W: 3384 L: 1
18/05/2020 8:11:04 Msg: 1025 W: 3384 L: 1
18/05/2020 8:11:04 Msg: 1025 W: 3384 L: 1
18/05/2020 8:11:04 Msg: 1025 W: 3384 L: 1
18/05/2020 8:11:04 Msg: 1025 W: 3384 L: 1
18/05/2020 8:11:05 Msg: 1025 W: 3384 L: 1
18/05/2020 8:11:05 Msg: 1025 W: 3384 L: 1
18/05/2020 8:11:05 Msg: 1025 W: 3384 L: 1
18/05/2020 8:11:05 Msg: 1025 W: 3384 L: 1
18/05/2020 8:11:06 Msg: 1025 W: 3384 L: 1
18/05/2020 8:11:10 Msg: 1025 W: 3384 L: 1
18/05/2020 8:11:10 Msg: 1025 W: 3384 L: 1
18/05/2020 8:11:12 Msg: 1025 W: 3384 L: 1
18/05/2020 8:11:12 Msg: 1025 W: 3384 L: 1
18/05/2020 8:11:12 Msg: 1025 W: 3384 L: 1
18/05/2020 8:11:12 Msg: 1025 W: 3384 L: 1
18/05/2020 8:11:13 Msg: 1025 W: 3384 L: 1
18/05/2020 8:11:13 Msg: 1025 W: 3384 L: 1
18/05/2020 8:11:13 Msg: 1025 W: 3384 L: 1
18/05/2020 8:11:13 Msg: 1025 W: 3384 L: 1
18/05/2020 8:11:13 Msg: 1025 W: 3384 L: 1
18/05/2020 8:11:13 Msg: 1025 W: 3384 L: 1
18/05/2020 8:11:14 Msg: 1025 W: 3384 L: 1
18/05/2020 8:11:14 Msg: 1025 W: 3384 L: 1
18/05/2020 8:11:14 Msg: 1025 W: 3384 L: 1
18/05/2020 8:11:14 Msg: 1025 W: 3384 L: 1
18/05/2020 8:11:15 Msg: 1025 W: 3384 L: 1
18/05/2020 8:11:15 Msg: 1025 W: 3384 L: 1
18/05/2020 8:11:15 Msg: 1025 W: 3384 L: 1
18/05/2020 8:11:15 Msg: 1025 W: 3384 L: 1
18/05/2020 8:11:16 Msg: 1025 W: 3384 L: 1
18/05/2020 8:11:16 Msg: 1025 W: 3384 L: 1
18/05/2020 8:11:16 Msg: 1025 W: 3384 L: 1
18/05/2020 8:11:16 Msg: 1025 W: 3384 L: 1
18/05/2020 8:11:17 Msg: 1025 W: 3384 L: 1
18/05/2020 8:11:18 Msg: 1025 W: 3384 L: 1
18/05/2020 8:11:18 Msg: 1025 W: 3384 L: 1
18/05/2020 8:11:18 Msg: 1025 W: 3384 L: 1
18/05/2020 8:11:19 Msg: 1025 W: 3384 L: 1
18/05/2020 8:11:19 Msg: 1025 W: 3384 L: 1
18/05/2020 8:11:19 Msg: 1025 W: 3384 L: 1
18/05/2020 8:11:19 Msg: 1025 W: 3384 L: 1
18/05/2020 8:11:20 Msg: 1025 W: 3384 L: 1
18/05/2020 8:11:20 Msg: 1025 W: 3384 L: 1
18/05/2020 8:11:20 Msg: 1025 W: 3384 L: 1
18/05/2020 8:11:20 Msg: 1025 W: 3384 L: 1
18/05/2020 8:11:21 Msg: 1025 W: 3384 L: 1
18/05/2020 8:11:21 Msg: 1025 W: 3384 L: 1
18/05/2020 8:11:21 Msg: 1025 W: 3384 L: 1
18/05/2020 8:11:21 Msg: 1025 W: 3384 L: 1
18/05/2020 8:11:22 Msg: 1025 W: 3384 L: 1
18/05/2020 8:11:22 Msg: 1025 W: 3384 L: 1
18/05/2020 8:11:22 Msg: 1025 W: 3384 L: 1
18/05/2020 8:11:22 Msg: 1025 W: 3384 L: 1
18/05/2020 8:11:23 Msg: 1025 W: 3384 L: 1
18/05/2020 8:11:23 Msg: 1025 W: 3384 L: 1
18/05/2020 8:11:23 Msg: 1025 W: 3384 L: 1
18/05/2020 8:11:23 Msg: 1025 W: 3384 L: 1
18/05/2020 8:11:24 Msg: 1025 W: 3384 L: 1
18/05/2020 8:11:24 Msg: 1025 W: 3384 L: 1
18/05/2020 8:11:24 Msg: 1025 W: 3384 L: 1
18/05/2020 8:11:24 Msg: 1025 W: 3384 L: 1
18/05/2020 8:11:25 Msg: 1025 W: 3384 L: 1
18/05/2020 8:11:25 Msg: 1025 W: 3384 L: 1
18/05/2020 8:11:25 Msg: 1025 W: 3384 L: 1
18/05/2020 8:11:26 Msg: 1025 W: 3384 L: 1
18/05/2020 8:11:26 Msg: 1025 W: 3384 L: 1
18/05/2020 8:11:26 Msg: 1025 W: 3384 L: 1
18/05/2020 8:11:26 Msg: 1025 W: 3384 L: 1
18/05/2020 8:11:27 Msg: 1025 W: 3384 L: 1
18/05/2020 8:11:27 Msg: 1025 W: 3384 L: 1
18/05/2020 8:11:27 Msg: 1025 W: 3384 L: 1
18/05/2020 8:11:27 Msg: 1025 W: 3384 L: 1
18/05/2020 8:11:28 Msg: 1025 W: 3384 L: 1
18/05/2020 8:11:28 Msg: 1025 W: 3384 L: 1
18/05/2020 8:11:28 Msg: 1025 W: 3384 L: 1
18/05/2020 8:11:28 Msg: 1025 W: 3384 L: 1
18/05/2020 8:11:29 Msg: 1025 W: 3384 L: 1
18/05/2020 8:11:29 Msg: 1025 W: 3384 L: 1
18/05/2020 8:11:29 Msg: 1025 W: 3384 L: 1
18/05/2020 8:11:29 Msg: 1025 W: 3384 L: 1
18/05/2020 8:11:30 Msg: 1025 W: 3384 L: 1
18/05/2020 8:11:30 Msg: 1025 W: 3384 L: 1
18/05/2020 8:11:30 Msg: 1025 W: 3384 L: 1
18/05/2020 8:11:30 Msg: 1025 W: 3384 L: 1
18/05/2020 8:11:31 Msg: 1025 W: 3384 L: 1
18/05/2020 8:11:31 Msg: 1025 W: 3384 L: 1
18/05/2020 8:11:31 Msg: 1025 W: 3384 L: 1
18/05/2020 8:11:31 Msg: 1025 W: 3384 L: 1
18/05/2020 8:11:32 Msg: 1025 W: 3384 L: 1
18/05/2020 8:11:32 Msg: 1025 W: 3384 L: 1
18/05/2020 8:11:32 Msg: 1025 W: 3384 L: 1
18/05/2020 8:11:32 Msg: 1025 W: 3384 L: 1
18/05/2020 8:11:33 Msg: 1025 W: 3384 L: 1
18/05/2020 8:11:33 Msg: 1025 W: 3384 L: 1
18/05/2020 8:11:33 Msg: 1025 W: 3384 L: 1
18/05/2020 8:11:33 Msg: 1025 W: 3384 L: 1
18/05/2020 8:11:34 Msg: 1025 W: 3384 L: 1
18/05/2020 8:11:34 Msg: 1025 W: 3384 L: 1
18/05/2020 8:11:35 Msg: 1025 W: 3384 L: 1
18/05/2020 8:11:35 Msg: 1025 W: 3384 L: 1
18/05/2020 8:11:35 Msg: 1025 W: 3384 L: 1
18/05/2020 8:11:35 Msg: 1025 W: 3384 L: 1
18/05/2020 8:11:36 Msg: 1025 W: 3384 L: 1
18/05/2020 8:11:36 Msg: 1025 W: 3384 L: 1
18/05/2020 8:11:36 Msg: 1025 W: 3384 L: 1
18/05/2020 8:11:36 Msg: 1025 W: 3384 L: 1
18/05/2020 8:11:37 Msg: 1025 W: 3384 L: 1
18/05/2020 8:11:37 Msg: 1025 W: 3384 L: 1
18/05/2020 8:11:37 Msg: 1025 W: 3384 L: 1
18/05/2020 8:11:37 Msg: 1025 W: 3384 L: 1
18/05/2020 8:11:38 Msg: 1025 W: 3384 L: 1
18/05/2020 8:11:38 Msg: 1025 W: 3384 L: 1
18/05/2020 8:11:38 Msg: 1025 W: 3384 L: 1
18/05/2020 8:11:38 Msg: 1025 W: 3384 L: 1
18/05/2020 8:11:39 Msg: 1025 W: 3384 L: 1
18/05/2020 8:11:39 Msg: 1025 W: 3384 L: 1
18/05/2020 8:11:39 Msg: 1025 W: 3384 L: 1
18/05/2020 8:11:39 Msg: 1025 W: 3384 L: 1
18/05/2020 8:11:40 Msg: 1025 W: 3384 L: 1
18/05/2020 8:11:40 Msg: 1025 W: 3384 L: 1
18/05/2020 8:11:40 Msg: 1025 W: 3384 L: 1
18/05/2020 8:11:40 Msg: 1025 W: 3384 L: 1
18/05/2020 8:11:41 Msg: 1025 W: 3384 L: 1
18/05/2020 8:11:41 Msg: 1025 W: 3384 L: 1
18/05/2020 8:11:41 Msg: 1025 W: 3384 L: 1
18/05/2020 8:11:41 Msg: 1025 W: 3384 L: 1
18/05/2020 8:11:42 Msg: 1025 W: 3384 L: 1
18/05/2020 8:11:42 Msg: 1025 W: 3384 L: 1
18/05/2020 8:11:42 Msg: 1025 W: 3384 L: 1
18/05/2020 8:11:42 Msg: 1025 W: 3384 L: 1
18/05/2020 8:11:43 Msg: 1025 W: 3384 L: 1
18/05/2020 8:11:43 Msg: 1025 W: 3384 L: 1
18/05/2020 8:11:43 Msg: 1025 W: 3384 L: 1
18/05/2020 8:11:43 Msg: 1025 W: 3384 L: 1
18/05/2020 8:11:44 Msg: 1025 W: 3384 L: 1
18/05/2020 8:11:44 Msg: 1025 W: 3384 L: 1
18/05/2020 8:11:44 Msg: 1025 W: 3384 L: 1
18/05/2020 8:11:44 Msg: 1025 W: 3384 L: 1
18/05/2020 8:11:45 Msg: 1025 W: 3384 L: 1
18/05/2020 8:11:45 Msg: 1025 W: 3384 L: 1
18/05/2020 8:11:45 Msg: 1025 W: 3384 L: 1
18/05/2020 8:11:45 Msg: 1025 W: 3384 L: 1
18/05/2020 8:11:46 Msg: 1025 W: 3384 L: 1
18/05/2020 8:11:46 Msg: 1025 W: 3384 L: 1
18/05/2020 8:11:46 Msg: 1025 W: 3384 L: 1
18/05/2020 8:11:46 Msg: 1025 W: 3384 L: 1
18/05/2020 8:11:47 Msg: 1025 W: 3384 L: 1
18/05/2020 8:11:47 Msg: 1025 W: 3384 L: 1
18/05/2020 8:11:47 Msg: 1025 W: 3384 L: 1
18/05/2020 8:11:47 Msg: 1025 W: 3384 L: 1
18/05/2020 8:11:48 Msg: 1025 W: 3384 L: 1
18/05/2020 8:11:48 Msg: 1025 W: 3384 L: 1
18/05/2020 8:11:48 Msg: 1025 W: 3384 L: 1
18/05/2020 8:11:48 Msg: 1025 W: 3384 L: 1
18/05/2020 8:11:49 Msg: 1025 W: 3384 L: 1
18/05/2020 8:11:49 Msg: 1025 W: 3384 L: 1
18/05/2020 8:11:49 Msg: 1025 W: 3384 L: 1
18/05/2020 8:11:49 Msg: 1025 W: 3384 L: 1
18/05/2020 8:11:50 Msg: 1025 W: 3384 L: 1
18/05/2020 8:11:51 Msg: 1025 W: 3384 L: 1
18/05/2020 8:12:01 Msg: 1025 W: 3384 L: 32
18/05/2020 8:12:01 WndProc:FD_CLOSE:N=-1:Err=0
18/05/2020 8:12:31 Msg: 1025 W: 2364 L: 8
18/05/2020 8:12:31 Msg: 1025 W: 2792 L: 1
18/05/2020 8:12:31 Msg: 1025 W: 2792 L: 1
18/05/2020 8:12:31 Msg: 1025 W: 2792 L: 1
18/05/2020 8:12:35 Msg: 1025 W: 2792 L: 1
18/05/2020 8:12:36 Msg: 1025 W: 2792 L: 1
18/05/2020 8:12:37 Msg: 1025 W: 2792 L: 1
18/05/2020 8:12:42 Msg: 1025 W: 2792 L: 1
18/05/2020 8:12:42 Msg: 1025 W: 2792 L: 1
18/05/2020 8:12:46 Msg: 1025 W: 2792 L: 1
18/05/2020 8:12:52 Msg: 1025 W: 2792 L: 32
18/05/2020 8:12:52 WndProc:FD_CLOSE:N=-1:Err=0
18/05/2020 8:13:04 Msg: 1025 W: 2364 L: 8
18/05/2020 8:13:04 Msg: 1025 W: 3384 L: 1
18/05/2020 8:13:04 Msg: 1025 W: 3384 L: 1
18/05/2020 8:13:04 Msg: 1025 W: 3384 L: 1
18/05/2020 8:13:07 Msg: 1025 W: 3384 L: 1
18/05/2020 8:13:07 Msg: 1025 W: 3384 L: 1
18/05/2020 8:13:07 Msg: 1025 W: 3384 L: 1
18/05/2020 8:13:08 Msg: 1025 W: 3384 L: 1
18/05/2020 8:13:08 Msg: 1025 W: 3384 L: 1
18/05/2020 8:13:08 Msg: 1025 W: 3384 L: 1
18/05/2020 8:13:08 Msg: 1025 W: 3384 L: 1
18/05/2020 8:13:08 Msg: 1025 W: 3384 L: 1
18/05/2020 8:13:09 Msg: 1025 W: 3384 L: 1
18/05/2020 8:13:09 Msg: 1025 W: 3384 L: 1
18/05/2020 8:13:09 Msg: 1025 W: 3384 L: 1
18/05/2020 8:13:09 Msg: 1025 W: 3384 L: 1
18/05/2020 8:13:10 Msg: 1025 W: 3384 L: 1
18/05/2020 8:13:10 Msg: 1025 W: 3384 L: 1
18/05/2020 8:13:10 Msg: 1025 W: 3384 L: 1
18/05/2020 8:13:10 Msg: 1025 W: 3384 L: 1
18/05/2020 8:13:10 Msg: 1025 W: 3384 L: 1
18/05/2020 8:13:11 Msg: 1025 W: 3384 L: 1
18/05/2020 8:13:11 Msg: 1025 W: 3384 L: 1
18/05/2020 8:13:11 Msg: 1025 W: 3384 L: 1
18/05/2020 8:13:11 Msg: 1025 W: 3384 L: 1
18/05/2020 8:13:12 Msg: 1025 W: 3384 L: 1
18/05/2020 8:13:12 Msg: 1025 W: 3384 L: 1
18/05/2020 8:13:12 Msg: 1025 W: 3384 L: 1
18/05/2020 8:13:12 Msg: 1025 W: 3384 L: 1
18/05/2020 8:13:13 Msg: 1025 W: 3384 L: 1
18/05/2020 8:13:13 Msg: 1025 W: 3384 L: 1
18/05/2020 8:13:13 Msg: 1025 W: 3384 L: 1
18/05/2020 8:13:13 Msg: 1025 W: 3384 L: 1
18/05/2020 8:13:14 Msg: 1025 W: 3384 L: 1
18/05/2020 8:13:14 Msg: 1025 W: 3384 L: 1
18/05/2020 8:13:14 Msg: 1025 W: 3384 L: 1
18/05/2020 8:13:14 Msg: 1025 W: 3384 L: 1
18/05/2020 8:13:15 Msg: 1025 W: 3384 L: 1
18/05/2020 8:13:15 Msg: 1025 W: 3384 L: 1
18/05/2020 8:13:15 Msg: 1025 W: 3384 L: 1
18/05/2020 8:13:15 Msg: 1025 W: 3384 L: 1
18/05/2020 8:13:16 Msg: 1025 W: 3384 L: 1
18/05/2020 8:13:16 Msg: 1025 W: 3384 L: 1
18/05/2020 8:13:16 Msg: 1025 W: 3384 L: 1
18/05/2020 8:13:16 Msg: 1025 W: 3384 L: 1
18/05/2020 8:13:17 Msg: 1025 W: 3384 L: 1
18/05/2020 8:13:17 Msg: 1025 W: 3384 L: 1
18/05/2020 8:13:17 Msg: 1025 W: 3384 L: 1
18/05/2020 8:13:17 Msg: 1025 W: 3384 L: 1
18/05/2020 8:13:18 Msg: 1025 W: 3384 L: 1
18/05/2020 8:13:18 Msg: 1025 W: 3384 L: 1
18/05/2020 8:13:18 Msg: 1025 W: 3384 L: 1
18/05/2020 8:13:18 Msg: 1025 W: 3384 L: 1
18/05/2020 8:13:19 Msg: 1025 W: 3384 L: 1
18/05/2020 8:13:19 Msg: 1025 W: 3384 L: 1
18/05/2020 8:13:19 Msg: 1025 W: 3384 L: 1
18/05/2020 8:13:19 Msg: 1025 W: 3384 L: 1
18/05/2020 8:13:20 Msg: 1025 W: 3384 L: 1
18/05/2020 8:13:20 Msg: 1025 W: 3384 L: 1
18/05/2020 8:13:20 Msg: 1025 W: 3384 L: 1
18/05/2020 8:13:20 Msg: 1025 W: 3384 L: 1
18/05/2020 8:13:21 Msg: 1025 W: 3384 L: 1
18/05/2020 8:13:21 Msg: 1025 W: 3384 L: 1
18/05/2020 8:13:21 Msg: 1025 W: 3384 L: 1
18/05/2020 8:13:21 Msg: 1025 W: 3384 L: 1
18/05/2020 8:13:22 Msg: 1025 W: 3384 L: 1
18/05/2020 8:13:22 Msg: 1025 W: 3384 L: 1
18/05/2020 8:13:22 Msg: 1025 W: 3384 L: 1
18/05/2020 8:13:22 Msg: 1025 W: 3384 L: 1
18/05/2020 8:13:23 Msg: 1025 W: 3384 L: 1
18/05/2020 8:13:23 Msg: 1025 W: 3384 L: 1
18/05/2020 8:13:23 Msg: 1025 W: 3384 L: 1
18/05/2020 8:13:23 Msg: 1025 W: 3384 L: 1
18/05/2020 8:13:24 Msg: 1025 W: 3384 L: 1
18/05/2020 8:13:24 Msg: 1025 W: 3384 L: 1
18/05/2020 8:13:24 Msg: 1025 W: 3384 L: 1
18/05/2020 8:13:24 Msg: 1025 W: 3384 L: 1
18/05/2020 8:13:25 Msg: 1025 W: 3384 L: 1
18/05/2020 8:13:25 Msg: 1025 W: 3384 L: 1
18/05/2020 8:13:25 Msg: 1025 W: 3384 L: 1
18/05/2020 8:13:25 Msg: 1025 W: 3384 L: 1
18/05/2020 8:13:26 Msg: 1025 W: 3384 L: 1
18/05/2020 8:13:26 Msg: 1025 W: 3384 L: 1
18/05/2020 8:13:26 Msg: 1025 W: 3384 L: 1
18/05/2020 8:13:26 Msg: 1025 W: 3384 L: 1
18/05/2020 8:13:27 Msg: 1025 W: 3384 L: 1
18/05/2020 8:13:27 Msg: 1025 W: 3384 L: 1
18/05/2020 8:13:27 Msg: 1025 W: 3384 L: 1
18/05/2020 8:13:27 Msg: 1025 W: 3384 L: 1
18/05/2020 8:13:28 Msg: 1025 W: 3384 L: 1
18/05/2020 8:13:28 Msg: 1025 W: 3384 L: 1
18/05/2020 8:13:28 Msg: 1025 W: 3384 L: 1
18/05/2020 8:13:28 Msg: 1025 W: 3384 L: 1
18/05/2020 8:13:29 Msg: 1025 W: 3384 L: 1
18/05/2020 8:13:29 Msg: 1025 W: 3384 L: 1
18/05/2020 8:13:29 Msg: 1025 W: 3384 L: 1
18/05/2020 8:13:29 Msg: 1025 W: 3384 L: 1
18/05/2020 8:13:30 Msg: 1025 W: 3384 L: 1
18/05/2020 8:13:30 Msg: 1025 W: 3384 L: 1
18/05/2020 8:13:30 Msg: 1025 W: 3384 L: 1
18/05/2020 8:13:30 Msg: 1025 W: 3384 L: 1
18/05/2020 8:13:30 Msg: 1025 W: 3384 L: 1
18/05/2020 8:13:31 Msg: 1025 W: 3384 L: 1
18/05/2020 8:13:31 Msg: 1025 W: 3384 L: 1
18/05/2020 8:13:31 Msg: 1025 W: 3384 L: 1
18/05/2020 8:13:33 Msg: 1025 W: 3384 L: 1
18/05/2020 8:13:33 Msg: 1025 W: 3384 L: 1
18/05/2020 8:13:33 Msg: 1025 W: 3384 L: 1
18/05/2020 8:13:34 Msg: 1025 W: 3384 L: 1
18/05/2020 8:13:34 Msg: 1025 W: 3384 L: 1
18/05/2020 8:13:34 Msg: 1025 W: 3384 L: 1
18/05/2020 8:13:35 Msg: 1025 W: 3384 L: 1
18/05/2020 8:13:35 Msg: 1025 W: 3384 L: 1
18/05/2020 8:13:36 Msg: 1025 W: 3384 L: 1
18/05/2020 8:13:37 Msg: 1025 W: 3384 L: 1
18/05/2020 8:13:37 Msg: 1025 W: 3384 L: 1
18/05/2020 8:13:37 Msg: 1025 W: 3384 L: 1
18/05/2020 8:13:37 Msg: 1025 W: 3384 L: 1
18/05/2020 8:13:38 Msg: 1025 W: 3384 L: 1
18/05/2020 8:13:38 Msg: 1025 W: 3384 L: 1
18/05/2020 8:13:39 Msg: 1025 W: 3384 L: 1
18/05/2020 8:13:40 Msg: 1025 W: 3384 L: 1
18/05/2020 8:13:45 Msg: 1025 W: 3384 L: 1
18/05/2020 8:13:45 Msg: 1025 W: 3384 L: 1
18/05/2020 8:13:45 Msg: 1025 W: 3384 L: 1
18/05/2020 8:13:45 Msg: 1025 W: 3384 L: 1
18/05/2020 8:13:47 Msg: 1025 W: 3384 L: 1
18/05/2020 8:13:48 Msg: 1025 W: 3384 L: 1
18/05/2020 8:13:48 Msg: 1025 W: 3384 L: 1
18/05/2020 8:13:49 Msg: 1025 W: 3384 L: 1
18/05/2020 8:13:49 Msg: 1025 W: 3384 L: 1
18/05/2020 8:13:49 Msg: 1025 W: 3384 L: 1
18/05/2020 8:13:49 Msg: 1025 W: 3384 L: 1
18/05/2020 8:13:55 Msg: 1025 W: 3384 L: 1
18/05/2020 8:14:25 Msg: 1025 W: 3384 L: 1
18/05/2020 8:14:26 Msg: 1025 W: 3384 L: 1
18/05/2020 8:14:26 Msg: 1025 W: 3384 L: 1
18/05/2020 8:14:57 Msg: 1025 W: 3384 L: 1
18/05/2020 8:15:07 Msg: 1025 W: 3384 L: 32
18/05/2020 8:15:07 WndProc:FD_CLOSE:N=-1:Err=0
18/05/2020 8:15:07 Msg: 1025 W: 3384 L: 658833440
18/05/2020 8:15:07 WndProc:FD_CLOSE:N=-1:Err=10053
18/05/2020 8:15:52 LimpiaWsApi
