30/07/2019 0:14:11 Dijo: no me sale
30/07/2019 0:14:17 Dijo: si va bien
30/07/2019 0:14:23 Dijo: pero no me sale en la interfaz
30/07/2019 0:14:29 Dijo: la fuerza aumentada
30/07/2019 0:14:34 Dijo: pero si en estadisticas
30/07/2019 0:14:54 Dijo: no me sale en la interfaz de juego
30/07/2019 0:15:10 Dijo: del pjs digo
30/07/2019 0:15:16 Dijo: no debe salir?
30/07/2019 0:15:23 Dijo: en el chat si salre
30/07/2019 0:15:42 Dijo: ahi si me sale
30/07/2019 0:15:48 Dijo: no tengo para doparme
30/07/2019 0:16:32 Dijo: vale si me dopo me sale
30/07/2019 0:16:50 Dijo: dios
30/07/2019 0:16:53 Dijo: las amarillas
30/07/2019 0:16:56 Dijo: suben muchisimo
30/07/2019 0:17:11 Dijo: de dos potis
30/07/2019 0:17:14 Dijo: 36
30/07/2019 0:17:18 Dijo: 35*
30/07/2019 0:17:37 Dijo: DAME
30/07/2019 0:20:50 Dijo: Te sale el aura?
30/07/2019 0:23:47 Dijo: en serio? lol xDDD
30/07/2019 0:24:03 Dijo: cuanta vida tienes?
30/07/2019 0:26:14 Dijo: 31% mas de exp
30/07/2019 0:26:17 Dijo: voy a probar
