02/07/2019 2:13:47 Dijo: MOD ORO
02/07/2019 2:19:13 Dijo: 20K
02/07/2019 2:19:18 Dijo: DALE PUTO
02/07/2019 2:19:20 Dijo: TENES MIEDO?Ç
02/07/2019 2:19:27 Dijo: ANTE A CAGAR
02/07/2019 2:19:31 Dijo: Xd
02/07/2019 2:19:35 Dijo: 999
02/07/2019 2:19:44 Dijo: 99
02/07/2019 2:19:47 Dijo: 999
02/07/2019 2:20:05 Dijo: 999
02/07/2019 2:20:29 Dijo: DAME 19999
02/07/2019 2:21:12 Dijo: DAME 2 DE ORO
02/07/2019 2:21:56 Dijo: DAME 1K
02/07/2019 2:22:12 Dijo: DAMW 9999
02/07/2019 2:22:44 Dijo: ZZZZZZZZZZZ
02/07/2019 2:22:55 Dijo: DAME 100K
02/07/2019 2:22:58 Dijo: A LA VERGA
02/07/2019 2:23:04 Dijo: DAME 100K
02/07/2019 2:23:13 Dijo: QUE LO REVIENTO
02/07/2019 2:23:38 Dijo: DAME 1101
02/07/2019 2:23:48 Dijo: DAME 1101
02/07/2019 2:24:34 Dijo: DAME 1001
02/07/2019 2:24:44 Dijo: 1001
02/07/2019 2:25:25 Dijo: 1001
02/07/2019 2:25:33 Dijo: 1001
02/07/2019 2:25:40 Dijo: 1.001
02/07/2019 2:25:54 Dijo: 2999
02/07/2019 2:25:58 Dijo: 29999
