29/06/2019 11:42:24 Dijo:  
29/06/2019 11:46:45 Dijo:  
29/06/2019 11:46:49 Dijo:  
29/06/2019 11:55:27 Dijo:  
29/06/2019 11:55:28 Dijo:  
29/06/2019 12:14:11 Dijo:  
29/06/2019 12:15:13 Dijo:  
29/06/2019 12:15:41 Dijo: sdas
29/06/2019 12:16:09 Dijo: dfdsfsdf
29/06/2019 12:17:41 Dijo:  
29/06/2019 12:17:53 Dijo:  
29/06/2019 12:18:49 Dijo: uenas
29/06/2019 12:19:00 Dijo: se me fue
29/06/2019 12:19:08 Dijo: sa
29/06/2019 12:19:12 Dijo: LOL
29/06/2019 12:19:14 Dijo: jajajaj 
29/06/2019 12:19:18 Dijo: apu es eso
29/06/2019 12:21:35 Dijo:  
29/06/2019 12:22:05 Dijo:  
29/06/2019 12:23:40 Dijo:  
29/06/2019 12:39:31 Dijo: Yepa
29/06/2019 12:39:44 Dijo: nos puedes dar skills libres asi de la nada
29/06/2019 12:39:55 Dijo: que estamos aqui
29/06/2019 12:40:30 Dijo:  
29/06/2019 12:42:40 Dijo: no puedes dar skills libres no?
29/06/2019 12:42:57 Dijo: 135
29/06/2019 12:43:09 Dijo: pero necesito apu, tacticas, combate, magia, para testear
29/06/2019 12:43:21 Dijo: reinicio
29/06/2019 12:43:33 Dijo: nop
29/06/2019 12:43:55 Dijo: lleva a GOLFA Aqui
29/06/2019 12:44:04 Dijo: reinicio
29/06/2019 12:44:08 Dijo:  
29/06/2019 12:44:28 Dijo: no me pone mas de 135
29/06/2019 12:44:34 Dijo: me asigno magia y vuelvo a probar?
29/06/2019 12:45:16 Dijo:  
29/06/2019 12:45:16 Dijo: 68
29/06/2019 12:45:22 Dijo: skills
29/06/2019 12:45:36 Dijo: si me los puedes poner en apu a ver ? jajaj
29/06/2019 12:45:41 Dijo: es solo un comando no?
29/06/2019 12:45:46 Dijo: No tienes acceso a los logs
29/06/2019 12:45:55 Dijo: y editarme
29/06/2019 12:46:28 Dijo: el apu?
29/06/2019 12:46:31 Dijo: reinicio xD
29/06/2019 12:46:56 Dijo: NADA!
29/06/2019 12:46:58 Dijo: :8
29/06/2019 12:47:04 Dijo: sep
29/06/2019 12:47:35 Dijo:  
29/06/2019 12:47:41 Dijo:  
29/06/2019 12:47:56 Dijo: nup
29/06/2019 12:48:25 Dijo: dame szkiills xd
29/06/2019 12:48:31 Dijo: skills
29/06/2019 12:48:39 Dijo: puedes editar muertes pero no
29/06/2019 12:48:45 Dijo:  
29/06/2019 12:48:48 Dijo: skills?
29/06/2019 12:48:56 Dijo: jop
29/06/2019 12:48:59 Dijo:  
29/06/2019 12:49:09 Dijo: a si
29/06/2019 12:49:11 Dijo: tengo 100
29/06/2019 12:49:19 Dijo: pone tacticas combate !! y resistencia magia! 
29/06/2019 12:49:25 Dijo: Ya me va :)
29/06/2019 12:49:46 Dijo:  
29/06/2019 12:49:53 Dijo: tacticas
29/06/2019 12:49:59 Dijo: combate con armas
29/06/2019 12:50:15 Dijo: meditar
29/06/2019 12:50:57 Dijo: combate con armas, tacticas de combate, meditar, resistencia magia
29/06/2019 12:52:31 Dijo:  
29/06/2019 12:54:16 Dijo:  
29/06/2019 12:54:31 Dijo:  
29/06/2019 12:54:33 Dijo:  
29/06/2019 12:55:25 Dijo:  
29/06/2019 12:59:25 Dijo:  
29/06/2019 12:59:26 Dijo:  
29/06/2019 12:59:28 Dijo:  
29/06/2019 12:59:41 Dijo:  
29/06/2019 13:02:13 Dijo:  
29/06/2019 13:02:15 Dijo:  
29/06/2019 13:02:54 Dijo:  
29/06/2019 13:03:01 Dijo:  
29/06/2019 13:03:04 Dijo:  
29/06/2019 13:03:15 Dijo:  
29/06/2019 13:03:17 Dijo:  
29/06/2019 13:03:18 Dijo:  
29/06/2019 13:04:34 Dijo: se me fue
29/06/2019 14:58:39 Dijo:  
29/06/2019 14:58:46 Dijo:  
29/06/2019 14:58:59 Dijo:  
29/06/2019 14:59:02 Dijo:  
29/06/2019 14:59:05 Dijo:  
29/06/2019 14:59:07 Dijo:  
29/06/2019 14:59:08 Dijo:  
29/06/2019 14:59:10 Dijo:  
29/06/2019 14:59:12 Dijo:  
29/06/2019 14:59:20 Dijo:  
29/06/2019 14:59:21 Dijo:  
29/06/2019 14:59:23 Dijo:  
29/06/2019 14:59:24 Dijo:  
29/06/2019 15:00:19 Dijo:  
29/06/2019 15:00:25 Dijo:  
29/06/2019 15:00:36 Dijo:  
29/06/2019 15:00:37 Dijo:  
29/06/2019 15:00:48 Dijo:  
29/06/2019 15:01:07 Dijo:  
29/06/2019 15:01:08 Dijo:  
29/06/2019 15:01:10 Dijo:  
29/06/2019 15:01:29 Dijo:  
29/06/2019 15:01:35 Dijo:  
29/06/2019 15:01:55 Dijo:  
29/06/2019 15:01:58 Dijo:  
29/06/2019 15:02:06 Dijo:  
29/06/2019 15:02:08 Dijo:  
29/06/2019 15:02:09 Dijo:  
29/06/2019 15:02:27 Dijo:  
29/06/2019 15:02:31 Dijo:  
29/06/2019 15:02:34 Dijo:  
29/06/2019 15:02:43 Dijo:  
29/06/2019 15:02:53 Dijo:  
29/06/2019 15:02:56 Dijo:  
29/06/2019 15:02:59 Dijo:  
29/06/2019 15:03:11 Dijo: u 
29/06/2019 15:03:13 Dijo:  
29/06/2019 15:03:16 Dijo:  
29/06/2019 15:03:18 Dijo:  
29/06/2019 15:03:23 Dijo:  
29/06/2019 15:03:25 Dijo:  
29/06/2019 15:03:46 Dijo:  
29/06/2019 15:03:50 Dijo:  
29/06/2019 15:03:59 Dijo:  
29/06/2019 15:04:21 Dijo:  
29/06/2019 15:04:33 Dijo:  
29/06/2019 15:05:41 Dijo:  
29/06/2019 15:05:46 Dijo:  
29/06/2019 15:05:49 Dijo:  
29/06/2019 15:06:11 Dijo: uuuuu u
29/06/2019 15:06:12 Dijo:  
29/06/2019 15:06:14 Dijo:  
29/06/2019 15:06:19 Dijo:  
29/06/2019 15:06:22 Dijo:  
29/06/2019 15:06:23 Dijo:  
29/06/2019 15:06:30 Dijo:  
29/06/2019 15:06:31 Dijo:  
29/06/2019 15:06:35 Dijo:  
29/06/2019 15:06:36 Dijo:  
29/06/2019 15:06:39 Dijo:  
29/06/2019 15:06:52 Dijo:  
29/06/2019 15:06:54 Dijo:  
29/06/2019 15:06:56 Dijo:  
29/06/2019 15:07:01 Dijo:  
29/06/2019 15:07:04 Dijo:  
29/06/2019 15:07:25 Dijo:  
29/06/2019 15:07:47 Dijo:  
29/06/2019 15:07:53 Dijo:  
29/06/2019 15:07:56 Dijo:  
29/06/2019 15:07:58 Dijo:  
29/06/2019 15:08:30 Dijo:  
29/06/2019 15:08:33 Dijo:  
29/06/2019 15:08:34 Dijo:  
29/06/2019 15:08:49 Dijo:  
29/06/2019 15:08:52 Dijo:  
29/06/2019 15:08:55 Dijo:  
29/06/2019 15:08:59 Dijo:  
29/06/2019 15:09:15 Dijo:  
29/06/2019 15:09:17 Dijo:  
29/06/2019 15:09:19 Dijo:  
29/06/2019 15:09:31 Dijo:  
29/06/2019 15:09:32 Dijo:  
29/06/2019 15:09:33 Dijo:  
29/06/2019 15:09:42 Dijo:  u
29/06/2019 15:09:44 Dijo:  
29/06/2019 15:09:49 Dijo:  
29/06/2019 15:10:01 Dijo:  
29/06/2019 15:10:04 Dijo:  
29/06/2019 15:10:18 Dijo:  
29/06/2019 15:10:20 Dijo:  
29/06/2019 15:10:23 Dijo:  
29/06/2019 15:10:25 Dijo:  
29/06/2019 15:10:26 Dijo:  
29/06/2019 15:10:28 Dijo:  
29/06/2019 15:10:43 Dijo:  
29/06/2019 15:11:00 Dijo:  
29/06/2019 15:11:09 Dijo:  
29/06/2019 15:11:11 Dijo:  
29/06/2019 15:11:12 Dijo:  
29/06/2019 15:11:14 Dijo:  
29/06/2019 15:11:15 Dijo:  
29/06/2019 15:11:23 Dijo:  
29/06/2019 15:11:25 Dijo:  u
29/06/2019 15:11:48 Dijo:  
29/06/2019 15:11:57 Dijo:  
29/06/2019 15:12:00 Dijo:  
29/06/2019 15:12:01 Dijo:  
29/06/2019 15:12:02 Dijo:  
29/06/2019 15:12:09 Dijo:  
29/06/2019 15:12:11 Dijo:  
29/06/2019 15:12:12 Dijo:  
29/06/2019 15:12:13 Dijo:  
29/06/2019 15:12:15 Dijo:  
29/06/2019 15:12:17 Dijo:  
29/06/2019 15:12:20 Dijo:  
29/06/2019 15:12:26 Dijo:  
29/06/2019 15:12:27 Dijo:  
29/06/2019 15:12:28 Dijo:  
29/06/2019 15:12:33 Dijo:  
29/06/2019 15:12:46 Dijo:  
29/06/2019 15:12:49 Dijo:  
29/06/2019 15:12:50 Dijo:  
29/06/2019 15:12:51 Dijo:  
29/06/2019 15:12:53 Dijo:  
29/06/2019 15:13:01 Dijo:  
29/06/2019 15:13:03 Dijo:  
29/06/2019 15:14:06 Dijo:  
29/06/2019 15:14:18 Dijo:  
29/06/2019 15:14:18 Dijo:  
29/06/2019 15:14:21 Dijo:  
29/06/2019 15:14:24 Dijo:  u
29/06/2019 15:14:30 Dijo:  
29/06/2019 15:14:31 Dijo:  
29/06/2019 15:15:28 Dijo:  
29/06/2019 15:15:31 Dijo:  
29/06/2019 15:15:33 Dijo:  
29/06/2019 15:15:34 Dijo:  
29/06/2019 15:15:38 Dijo:  
29/06/2019 15:15:41 Dijo:  
29/06/2019 15:15:43 Dijo:  
29/06/2019 15:15:54 Dijo:  
29/06/2019 15:16:06 Dijo:  
29/06/2019 15:16:07 Dijo:  
29/06/2019 15:16:09 Dijo:  
29/06/2019 15:16:11 Dijo:  
29/06/2019 15:16:13 Dijo:  
29/06/2019 15:16:16 Dijo:  
29/06/2019 15:16:26 Dijo:  
29/06/2019 15:16:35 Dijo:  
29/06/2019 15:16:40 Dijo:  
29/06/2019 15:16:42 Dijo:  
29/06/2019 15:16:52 Dijo:  
29/06/2019 15:17:06 Dijo:  
29/06/2019 15:17:08 Dijo:  
29/06/2019 15:17:12 Dijo:  
29/06/2019 15:17:13 Dijo:  u
29/06/2019 15:17:13 Dijo:  u
29/06/2019 15:17:31 Dijo:  
29/06/2019 15:17:40 Dijo:  
29/06/2019 15:17:42 Dijo:  
29/06/2019 15:17:45 Dijo:  
29/06/2019 15:17:46 Dijo:  
29/06/2019 15:18:00 Dijo:  
29/06/2019 15:18:16 Dijo:  
29/06/2019 15:18:17 Dijo:  
29/06/2019 15:18:20 Dijo:  
29/06/2019 15:18:22 Dijo:  
29/06/2019 15:18:29 Dijo:  
29/06/2019 15:18:57 Dijo:  
29/06/2019 15:19:14 Dijo:  
29/06/2019 15:19:16 Dijo:  
29/06/2019 15:19:17 Dijo:  
29/06/2019 15:19:20 Dijo:  
29/06/2019 15:19:32 Dijo:  
29/06/2019 15:19:34 Dijo:  
29/06/2019 15:19:37 Dijo:  
29/06/2019 15:19:38 Dijo:  
29/06/2019 15:19:41 Dijo:  
29/06/2019 15:19:43 Dijo:  
29/06/2019 15:20:03 Dijo:  
29/06/2019 15:20:05 Dijo:  
29/06/2019 15:20:18 Dijo:  
29/06/2019 15:20:19 Dijo:  
29/06/2019 15:20:22 Dijo:  
29/06/2019 15:20:24 Dijo:  u
29/06/2019 15:20:27 Dijo:  
29/06/2019 15:20:41 Dijo:  
29/06/2019 15:20:44 Dijo:  
29/06/2019 15:21:01 Dijo:  
29/06/2019 15:21:04 Dijo:  
29/06/2019 15:21:07 Dijo:  
29/06/2019 15:21:10 Dijo:  
29/06/2019 15:21:13 Dijo:  
29/06/2019 15:23:09 Dijo:  
29/06/2019 15:23:12 Dijo:  
29/06/2019 15:23:44 Dijo:  
29/06/2019 15:23:47 Dijo:  
29/06/2019 15:23:49 Dijo:  
29/06/2019 15:23:54 Dijo:  
29/06/2019 15:24:39 Dijo:  
29/06/2019 15:25:06 Dijo:  
29/06/2019 15:25:07 Dijo:  
29/06/2019 15:25:08 Dijo:  u
29/06/2019 15:25:11 Dijo: u 
29/06/2019 15:25:12 Dijo:  
29/06/2019 15:25:52 Dijo:  
29/06/2019 15:25:53 Dijo:  
29/06/2019 15:26:57 Dijo:  
29/06/2019 15:27:01 Dijo:  
29/06/2019 15:27:04 Dijo:  
29/06/2019 15:27:07 Dijo:  
29/06/2019 15:27:18 Dijo:  
29/06/2019 15:27:20 Dijo:  
29/06/2019 15:27:21 Dijo:  
29/06/2019 15:27:26 Dijo:  u
29/06/2019 15:27:27 Dijo:  
29/06/2019 15:27:45 Dijo:  
29/06/2019 15:27:46 Dijo:  
29/06/2019 15:28:56 Dijo:  
29/06/2019 15:29:26 Dijo:  
29/06/2019 15:29:35 Dijo:  
29/06/2019 15:29:37 Dijo:  
29/06/2019 15:29:39 Dijo:  
29/06/2019 15:29:41 Dijo:  
29/06/2019 15:29:45 Dijo:  
29/06/2019 15:30:01 Dijo:  
29/06/2019 15:30:09 Dijo:  
29/06/2019 15:30:10 Dijo:  
29/06/2019 15:30:15 Dijo:  
29/06/2019 15:30:17 Dijo:  
29/06/2019 15:30:19 Dijo:  
29/06/2019 15:30:20 Dijo:  
29/06/2019 15:30:25 Dijo:  
29/06/2019 15:30:30 Dijo:  
29/06/2019 15:30:33 Dijo:  
29/06/2019 15:30:34 Dijo:  
29/06/2019 15:30:36 Dijo:  
29/06/2019 15:30:44 Dijo:  
29/06/2019 15:30:46 Dijo:  
29/06/2019 15:30:46 Dijo:  
29/06/2019 15:30:47 Dijo:  
29/06/2019 15:30:57 Dijo:  u
29/06/2019 15:31:00 Dijo:  
29/06/2019 15:31:02 Dijo:  
29/06/2019 15:31:06 Dijo:  
29/06/2019 15:31:08 Dijo:  
29/06/2019 15:31:11 Dijo:  
29/06/2019 15:31:15 Dijo:  
29/06/2019 15:31:23 Dijo:  
29/06/2019 15:31:28 Dijo:  
29/06/2019 15:31:43 Dijo:  
29/06/2019 15:31:48 Dijo:  u
29/06/2019 15:31:50 Dijo:  
29/06/2019 15:31:57 Dijo:  
29/06/2019 15:32:01 Dijo:  
29/06/2019 15:32:05 Dijo:  
29/06/2019 15:32:06 Dijo:  
29/06/2019 15:32:58 Dijo:  
29/06/2019 15:33:02 Dijo:  
29/06/2019 15:33:46 Dijo:  
29/06/2019 15:33:50 Dijo:  
29/06/2019 15:35:02 Dijo:  
29/06/2019 15:35:06 Dijo:  
29/06/2019 15:35:36 Dijo:  
29/06/2019 15:35:37 Dijo:  
29/06/2019 15:35:39 Dijo:  
29/06/2019 15:35:41 Dijo:  
29/06/2019 15:35:44 Dijo:  
29/06/2019 15:35:48 Dijo:  
29/06/2019 15:35:51 Dijo: u 
29/06/2019 15:35:57 Dijo:  
29/06/2019 15:36:09 Dijo:  
29/06/2019 15:36:22 Dijo:  
29/06/2019 15:36:24 Dijo:  
29/06/2019 15:36:25 Dijo:  
29/06/2019 15:37:08 Dijo:  
29/06/2019 15:37:10 Dijo:  
29/06/2019 15:37:12 Dijo:  
29/06/2019 15:37:14 Dijo:  
29/06/2019 15:37:24 Dijo:  
29/06/2019 15:37:24 Dijo:  
29/06/2019 15:37:44 Dijo:  
29/06/2019 15:37:46 Dijo:  
29/06/2019 15:38:08 Dijo:  
29/06/2019 15:38:11 Dijo:  
29/06/2019 15:38:17 Dijo:  
29/06/2019 15:38:20 Dijo:  
29/06/2019 15:38:48 Dijo:  
29/06/2019 15:38:50 Dijo:  
29/06/2019 15:39:04 Dijo:  
29/06/2019 15:39:09 Dijo:  
29/06/2019 15:39:15 Dijo:  
29/06/2019 15:39:15 Dijo:  
29/06/2019 15:39:16 Dijo:  
29/06/2019 15:39:18 Dijo:  
29/06/2019 15:39:23 Dijo:  
29/06/2019 15:39:24 Dijo:  
29/06/2019 15:39:28 Dijo:  
29/06/2019 15:39:33 Dijo:  
29/06/2019 15:39:34 Dijo:  
29/06/2019 15:39:36 Dijo:  
29/06/2019 15:39:37 Dijo:  
29/06/2019 15:39:39 Dijo:  
29/06/2019 15:39:42 Dijo:  
29/06/2019 15:39:49 Dijo:  
29/06/2019 15:39:51 Dijo:  
29/06/2019 15:39:59 Dijo: u 
29/06/2019 15:40:01 Dijo:  
29/06/2019 15:40:04 Dijo:  
29/06/2019 15:40:06 Dijo:  
29/06/2019 15:40:09 Dijo:  
29/06/2019 15:40:16 Dijo:  
29/06/2019 15:40:24 Dijo:  
29/06/2019 15:40:25 Dijo:  
29/06/2019 15:40:28 Dijo:  
29/06/2019 15:40:48 Dijo:  
29/06/2019 15:40:51 Dijo:  
29/06/2019 15:40:55 Dijo:  
29/06/2019 15:40:57 Dijo:  
29/06/2019 15:40:58 Dijo:  
29/06/2019 15:41:00 Dijo:  
29/06/2019 15:41:10 Dijo:  
29/06/2019 15:41:14 Dijo:  
29/06/2019 15:41:20 Dijo:  
29/06/2019 15:41:22 Dijo:  
29/06/2019 15:41:38 Dijo:  
29/06/2019 15:41:40 Dijo:  
29/06/2019 15:41:44 Dijo:  
29/06/2019 15:41:54 Dijo:  
29/06/2019 15:41:56 Dijo:  
29/06/2019 15:42:07 Dijo:  
29/06/2019 15:42:28 Dijo:  
29/06/2019 15:42:32 Dijo:  
29/06/2019 15:42:38 Dijo:  
29/06/2019 15:42:41 Dijo:  
29/06/2019 15:42:44 Dijo:  
29/06/2019 15:42:49 Dijo:  u
29/06/2019 15:42:50 Dijo:  
29/06/2019 15:42:51 Dijo:  
29/06/2019 15:42:53 Dijo:  
29/06/2019 15:42:57 Dijo:  
29/06/2019 15:43:02 Dijo:  
29/06/2019 15:43:05 Dijo:  
29/06/2019 15:43:10 Dijo:  
29/06/2019 15:43:22 Dijo:  
29/06/2019 15:43:24 Dijo:  u
29/06/2019 15:43:25 Dijo:  
29/06/2019 15:43:29 Dijo:  
29/06/2019 15:43:32 Dijo:  
29/06/2019 15:43:34 Dijo:  
29/06/2019 15:43:35 Dijo:  
29/06/2019 15:43:50 Dijo:  
29/06/2019 15:43:53 Dijo: u 
29/06/2019 15:43:55 Dijo:  
29/06/2019 15:44:02 Dijo:  
29/06/2019 15:44:10 Dijo:  
29/06/2019 15:44:15 Dijo:  
29/06/2019 15:44:16 Dijo:  
29/06/2019 15:44:21 Dijo:  
29/06/2019 15:44:22 Dijo:  
29/06/2019 15:44:25 Dijo:  
29/06/2019 15:44:29 Dijo:  
29/06/2019 15:44:34 Dijo:  
29/06/2019 15:45:04 Dijo:  
29/06/2019 15:45:05 Dijo:  
29/06/2019 15:45:07 Dijo:  
29/06/2019 15:45:13 Dijo:  
29/06/2019 15:45:14 Dijo:  
29/06/2019 15:45:21 Dijo:  
29/06/2019 15:45:29 Dijo:  
29/06/2019 15:45:36 Dijo:  
29/06/2019 15:45:40 Dijo:  
29/06/2019 15:46:00 Dijo:  
29/06/2019 15:46:03 Dijo:  
29/06/2019 15:46:08 Dijo:  
29/06/2019 15:46:13 Dijo:  
29/06/2019 15:46:19 Dijo:  
29/06/2019 15:46:22 Dijo:  
29/06/2019 15:46:29 Dijo:  u
29/06/2019 15:46:30 Dijo:  
29/06/2019 15:47:03 Dijo:  
29/06/2019 15:47:10 Dijo:  
29/06/2019 15:47:26 Dijo:  
29/06/2019 15:47:35 Dijo:  
29/06/2019 15:48:17 Dijo:  
29/06/2019 15:48:19 Dijo:  
29/06/2019 15:48:21 Dijo:  
29/06/2019 15:48:22 Dijo:  
29/06/2019 15:48:25 Dijo:  
29/06/2019 15:48:29 Dijo:  
29/06/2019 15:48:32 Dijo:  
29/06/2019 15:48:36 Dijo:  
29/06/2019 15:48:40 Dijo:  
29/06/2019 15:48:45 Dijo:  
29/06/2019 15:49:02 Dijo:  
29/06/2019 15:49:03 Dijo:  
29/06/2019 15:49:27 Dijo:  
29/06/2019 15:49:47 Dijo:  
29/06/2019 15:49:56 Dijo:  
29/06/2019 15:49:58 Dijo:  
29/06/2019 15:50:32 Dijo:  
29/06/2019 15:50:38 Dijo:  
29/06/2019 15:52:01 Dijo:  
29/06/2019 15:52:05 Dijo:  
29/06/2019 15:52:19 Dijo:  
29/06/2019 15:52:20 Dijo:  
29/06/2019 15:52:23 Dijo:  
29/06/2019 15:52:30 Dijo:  
29/06/2019 15:52:31 Dijo:  
29/06/2019 15:52:34 Dijo:  
29/06/2019 15:52:36 Dijo:  
29/06/2019 15:52:37 Dijo:  
29/06/2019 15:52:47 Dijo:  
29/06/2019 15:52:50 Dijo:  
29/06/2019 15:52:57 Dijo:  
29/06/2019 15:53:36 Dijo:  
29/06/2019 15:53:42 Dijo:  
29/06/2019 15:53:47 Dijo:  
29/06/2019 15:53:53 Dijo:  
29/06/2019 15:53:56 Dijo:  
29/06/2019 15:54:13 Dijo:  
29/06/2019 15:54:36 Dijo:  
29/06/2019 15:54:38 Dijo:  
29/06/2019 15:54:39 Dijo:  
29/06/2019 15:54:41 Dijo:  
29/06/2019 15:54:58 Dijo:  
29/06/2019 15:55:03 Dijo:  
29/06/2019 15:55:08 Dijo:  
29/06/2019 15:55:10 Dijo:  
29/06/2019 15:55:15 Dijo:  
29/06/2019 15:55:30 Dijo:  
29/06/2019 15:55:43 Dijo:  
29/06/2019 15:55:56 Dijo:  
29/06/2019 15:56:14 Dijo:  
29/06/2019 15:56:17 Dijo:  
29/06/2019 15:56:30 Dijo:  
29/06/2019 15:56:32 Dijo:  
29/06/2019 15:56:33 Dijo:  
29/06/2019 15:56:36 Dijo:  
29/06/2019 15:56:39 Dijo:  
29/06/2019 15:56:44 Dijo:  
29/06/2019 15:56:49 Dijo:  
29/06/2019 15:57:19 Dijo:  
29/06/2019 15:57:21 Dijo:  
29/06/2019 15:57:27 Dijo:  
29/06/2019 15:57:37 Dijo:  
29/06/2019 15:57:40 Dijo:  
29/06/2019 15:57:41 Dijo:  
29/06/2019 15:57:43 Dijo:  
29/06/2019 15:57:57 Dijo:  
29/06/2019 15:57:58 Dijo:  
29/06/2019 15:58:10 Dijo:  
29/06/2019 15:58:11 Dijo:  
29/06/2019 15:58:13 Dijo:  
29/06/2019 15:58:14 Dijo:  
29/06/2019 15:58:18 Dijo:  
29/06/2019 15:58:19 Dijo:  
29/06/2019 15:58:26 Dijo:  
29/06/2019 15:58:29 Dijo:  
29/06/2019 15:58:34 Dijo:  
29/06/2019 15:58:34 Dijo:  
29/06/2019 15:58:39 Dijo:  
29/06/2019 15:58:40 Dijo:  
29/06/2019 15:58:41 Dijo:  
29/06/2019 15:58:42 Dijo:  
29/06/2019 15:58:44 Dijo:  
29/06/2019 15:58:45 Dijo:  
29/06/2019 15:58:50 Dijo:  
29/06/2019 15:58:52 Dijo:  
29/06/2019 15:58:56 Dijo:  
29/06/2019 15:58:57 Dijo:  
29/06/2019 15:59:01 Dijo:  
29/06/2019 15:59:08 Dijo:  
29/06/2019 15:59:16 Dijo:  
29/06/2019 15:59:36 Dijo:  
29/06/2019 15:59:40 Dijo:  u
29/06/2019 15:59:42 Dijo:  
29/06/2019 15:59:44 Dijo:  
29/06/2019 16:00:01 Dijo:  
29/06/2019 16:00:12 Dijo:  
29/06/2019 16:00:18 Dijo:  
29/06/2019 16:00:20 Dijo:  
29/06/2019 16:00:34 Dijo:  u
29/06/2019 16:00:36 Dijo:  
29/06/2019 16:00:42 Dijo:  u
29/06/2019 16:00:43 Dijo:  
29/06/2019 16:00:46 Dijo:  
29/06/2019 16:01:01 Dijo:  
29/06/2019 16:01:21 Dijo:  
29/06/2019 16:01:25 Dijo:  
29/06/2019 16:01:30 Dijo:  
29/06/2019 16:01:31 Dijo:  
29/06/2019 16:01:34 Dijo:  
29/06/2019 16:01:57 Dijo:  
29/06/2019 16:01:58 Dijo:  
29/06/2019 16:02:03 Dijo:  
29/06/2019 16:02:08 Dijo:  
29/06/2019 16:02:10 Dijo:  
29/06/2019 16:02:13 Dijo:  
29/06/2019 16:02:19 Dijo:  
29/06/2019 16:02:20 Dijo:  
29/06/2019 16:02:22 Dijo:  
29/06/2019 16:02:23 Dijo:  u
29/06/2019 16:02:27 Dijo:  
29/06/2019 16:02:29 Dijo:  
29/06/2019 16:03:06 Dijo:  
29/06/2019 16:03:09 Dijo:  
29/06/2019 16:03:11 Dijo:  
29/06/2019 16:03:27 Dijo:  
29/06/2019 16:03:28 Dijo:  
29/06/2019 16:03:31 Dijo:  
29/06/2019 16:03:35 Dijo:  
29/06/2019 16:03:42 Dijo:  
29/06/2019 16:03:48 Dijo:  
29/06/2019 16:03:54 Dijo:  
29/06/2019 16:03:55 Dijo:  
29/06/2019 16:03:58 Dijo:  
29/06/2019 16:04:14 Dijo:  
