25/06/2019 4:00:57 Dijo: hi toy
25/06/2019 4:01:33 Dijo:  
25/06/2019 4:01:55 Dijo:  
25/06/2019 4:01:57 Dijo: nos vemos bro
25/06/2019 4:02:04 Dijo: AJJAJA
25/06/2019 4:02:09 Dijo: espada de asesino
25/06/2019 4:03:31 Dijo: asjkajksas
25/06/2019 4:03:32 Dijo:  
25/06/2019 4:04:33 Dijo:  
25/06/2019 4:04:56 Dijo:  
25/06/2019 4:05:04 Dijo: ajkajkajks
25/06/2019 4:05:06 Dijo: wtfff
25/06/2019 4:05:28 Dijo: qonda
25/06/2019 4:06:40 Dijo:  
25/06/2019 4:06:43 Dijo: uu
25/06/2019 4:06:45 Dijo:  
25/06/2019 4:06:48 Dijo:  uuuu
25/06/2019 4:06:48 Dijo:  
25/06/2019 4:06:53 Dijo:  
25/06/2019 4:06:54 Dijo:  
25/06/2019 4:07:05 Dijo: 291 vos
25/06/2019 4:07:16 Dijo: tta bien
25/06/2019 4:07:18 Dijo: yo 832
25/06/2019 4:08:25 Dijo:   
25/06/2019 4:08:27 Dijo: uuu
25/06/2019 4:08:30 Dijo:   
25/06/2019 4:08:40 Dijo:  
25/06/2019 4:08:42 Dijo:  uu
25/06/2019 4:08:43 Dijo:  
25/06/2019 4:08:59 Dijo:  
25/06/2019 4:09:01 Dijo:  
25/06/2019 4:09:04 Dijo:  
25/06/2019 4:09:17 Dijo: se ve muy poco
25/06/2019 4:10:10 Dijo:  
25/06/2019 4:10:10 Dijo:  
25/06/2019 4:10:12 Dijo:  
25/06/2019 4:10:16 Dijo:  
25/06/2019 4:10:17 Dijo:  
28/06/2019 1:25:20 Dijo:  
