02/07/2019 1:43:00 Dijo: zzzzzzzzzzzz
02/07/2019 1:43:03 Dijo: pete
02/07/2019 1:43:07 Dijo: dame oro
02/07/2019 1:43:52 Dijo: puto
02/07/2019 1:58:50 Dijo: Intérvalo
02/07/2019 1:59:04 Dijo: intertumadre
02/07/2019 1:59:12 Dijo: interlaverga
02/07/2019 2:02:20 Dijo: back the fuck uoç
02/07/2019 2:02:23 Dijo: motherfucker
02/07/2019 2:02:33 Dijo: INVERTAAALUTOS
02/07/2019 2:02:48 Dijo: TF
02/07/2019 2:02:54 Dijo: DAA FUK
02/07/2019 2:03:01 Dijo: OROROROOROR
02/07/2019 2:06:06 Dijo: dame oro
02/07/2019 2:06:10 Dijo: soy nuevo
02/07/2019 2:06:14 Dijo: dame gm
02/07/2019 2:09:14 Dijo: DLKIPSAJFÑASKDAÇ
02/07/2019 2:10:04 Dijo: DAME ORO!
02/07/2019 2:10:12 Dijo: CTM
02/07/2019 2:10:19 Dijo: TF
