02/07/2019 1:42:56 Dijo: DALE GATO
02/07/2019 1:42:58 Dijo:  
02/07/2019 1:43:02 Dijo: DALE LA CTM
02/07/2019 1:43:05 Dijo:  
02/07/2019 1:46:10 Dijo: XQ MIERDA CAMINAS ASI BARDO HUM
02/07/2019 1:47:11 Dijo:  
02/07/2019 1:48:11 Dijo: WTFFF
02/07/2019 1:48:33 Dijo: salgoyentrodw
02/07/2019 1:54:00 Dijo: yeee
02/07/2019 1:54:03 Dijo: asdasd
02/07/2019 1:54:04 Dijo: asdasdasd
02/07/2019 1:54:06 Dijo: asdasdasdasd
02/07/2019 1:54:08 Dijo: asdasdasdasd
02/07/2019 1:54:10 Dijo: asdasdasdasdasdads
02/07/2019 1:54:13 Dijo: asdasdasdasdasd
02/07/2019 1:54:15 Dijo: asdasdasdasdasdasd
02/07/2019 1:54:17 Dijo: asdasdasdasd
02/07/2019 1:54:19 Dijo:  
02/07/2019 1:54:23 Dijo: asdasdasdasdasdasdasdasdasdasdasdasd
02/07/2019 1:54:39 Dijo: XD
02/07/2019 1:54:42 Dijo: ME TASJ ODENDO
02/07/2019 1:54:43 Dijo:  
02/07/2019 1:55:13 Dijo: <<<<<<<<<<
02/07/2019 1:55:17 Dijo: <<<<<<<<<<<<<<<<<
02/07/2019 1:56:20 Dijo: JAJA
02/07/2019 1:56:21 Dijo:  
02/07/2019 1:56:22 Dijo: ggwp
02/07/2019 1:56:23 Dijo:  
02/07/2019 1:56:36 Dijo: khe?
02/07/2019 1:56:37 Dijo:  
02/07/2019 1:56:42 Dijo: khe'
02/07/2019 1:56:43 Dijo:  
02/07/2019 1:56:45 Dijo:  
02/07/2019 1:56:46 Dijo:  
02/07/2019 1:56:49 Dijo: estar soltera esta de moda
02/07/2019 1:56:57 Dijo:  
02/07/2019 1:57:01 Dijo: asdasdasd
02/07/2019 1:57:01 Dijo:  
02/07/2019 1:58:37 Dijo: intervalo
02/07/2019 1:58:41 Dijo: interválo
02/07/2019 1:58:47 Dijo: intervaló
02/07/2019 1:58:50 Dijo:  
02/07/2019 1:58:59 Dijo: interavlo
02/07/2019 1:59:01 Dijo: intervalo
02/07/2019 2:01:40 Dijo: NOPCS?
02/07/2019 2:01:41 Dijo: BRO?
02/07/2019 2:01:45 Dijo: MEDIAPILA BRO
02/07/2019 2:02:10 Dijo: BACKUP
02/07/2019 2:02:14 Dijo: BACKUP
02/07/2019 2:02:26 Dijo: INTERVALITY
02/07/2019 2:02:31 Dijo:  
02/07/2019 2:02:48 Dijo: KHE
02/07/2019 2:02:49 Dijo:  
02/07/2019 2:02:50 Dijo: ??
02/07/2019 2:02:50 Dijo:  
02/07/2019 2:02:52 Dijo: wtf
02/07/2019 2:02:52 Dijo:  
02/07/2019 2:02:54 Dijo: ORI?
02/07/2019 2:02:54 Dijo:  
02/07/2019 2:02:58 Dijo: ORITO
02/07/2019 2:02:59 Dijo: s
02/07/2019 2:02:59 Dijo:  
02/07/2019 2:03:08 Dijo: dame 1k pls
02/07/2019 2:05:27 Dijo: exacto bitch
02/07/2019 2:05:55 Dijo: oro
02/07/2019 2:06:03 Dijo: oro
02/07/2019 2:06:05 Dijo: hijodelagran
02/07/2019 2:06:05 Dijo:  
02/07/2019 2:06:13 Dijo: dame 1k pls
02/07/2019 2:08:26 Dijo: ASJKASJKASJK
02/07/2019 2:08:34 Dijo: Q HDP
02/07/2019 2:08:34 Dijo:  
02/07/2019 2:08:39 Dijo: UN BACKUP
02/07/2019 2:08:39 Dijo: DICE
02/07/2019 2:08:40 Dijo:  
02/07/2019 2:08:43 Dijo: BACKUP DICE
02/07/2019 2:08:43 Dijo:  
02/07/2019 2:08:54 Dijo: BACKUP
02/07/2019 2:08:55 Dijo:  
02/07/2019 2:09:09 Dijo: NONO
02/07/2019 2:09:09 Dijo:  
02/07/2019 2:09:10 Dijo: K SI
02/07/2019 2:09:12 Dijo: K SI PUEDES
02/07/2019 2:09:19 Dijo: ESTE SIK
02/07/2019 2:09:20 Dijo:  
02/07/2019 2:09:21 Dijo:  
02/07/2019 2:09:30 Dijo: LVL 30 PARA EQUIPAR
02/07/2019 2:10:05 Dijo: 10k
02/07/2019 2:10:05 Dijo:  
02/07/2019 2:10:06 Dijo: 1
02/07/2019 2:10:07 Dijo: 10k pls
02/07/2019 2:10:10 Dijo: para invo tortus
02/07/2019 2:10:14 Dijo:  
02/07/2019 2:10:17 Dijo: K?
02/07/2019 2:10:18 Dijo:  
02/07/2019 2:10:21 Dijo: 1
02/07/2019 2:10:21 Dijo:  
02/07/2019 2:10:47 Dijo: JAKSJKASJK
02/07/2019 2:10:48 Dijo: WTF??
02/07/2019 2:10:49 Dijo:  
02/07/2019 2:10:56 Dijo: WTF
02/07/2019 2:11:57 Dijo: asdasd
02/07/2019 2:12:00 Dijo: asasasd
02/07/2019 2:12:01 Dijo: asdasdasd
02/07/2019 2:12:02 Dijo: asdasdasd
02/07/2019 2:12:03 Dijo: asdasdasd
02/07/2019 2:12:03 Dijo: asdasdas
02/07/2019 2:12:04 Dijo:  
02/07/2019 2:12:11 Dijo: xd
02/07/2019 2:12:12 Dijo:  
02/07/2019 2:12:12 Dijo:  
02/07/2019 2:12:21 Dijo: xd
02/07/2019 2:12:21 Dijo: xd
02/07/2019 2:12:21 Dijo: xd
02/07/2019 2:12:23 Dijo: xd
02/07/2019 2:12:23 Dijo: xd
02/07/2019 2:12:23 Dijo: xd
02/07/2019 2:12:24 Dijo: xd
02/07/2019 2:12:24 Dijo: xd
02/07/2019 2:12:25 Dijo: d
02/07/2019 2:12:25 Dijo: xd
02/07/2019 2:13:16 Dijo: xd
02/07/2019 2:13:16 Dijo:  
02/07/2019 2:13:17 Dijo: g
02/07/2019 2:13:17 Dijo:  
02/07/2019 2:13:19 Dijo: gg
02/07/2019 2:13:54 Dijo: entiendeh?
02/07/2019 2:13:54 Dijo:  
02/07/2019 2:14:07 Dijo: <<
02/07/2019 2:14:08 Dijo:  
02/07/2019 2:14:11 Dijo: asdasd
02/07/2019 2:14:22 Dijo:  
02/07/2019 2:14:23 Dijo:  
02/07/2019 2:14:24 Dijo:  
02/07/2019 2:15:07 Dijo: skills bb
02/07/2019 2:15:11 Dijo: bbcta
02/07/2019 2:16:13 Dijo: tolep
02/07/2019 2:16:14 Dijo:  
02/07/2019 2:16:15 Dijo: atope
02/07/2019 2:16:16 Dijo:  
02/07/2019 2:16:19 Dijo: xd
02/07/2019 2:16:21 Dijo:  
02/07/2019 2:17:04 Dijo: LO DE TIRAR XAVAL
02/07/2019 2:17:04 Dijo:  
02/07/2019 2:19:17 Dijo: 20 demasiado
02/07/2019 2:19:18 Dijo:  
02/07/2019 2:19:20 Dijo: DEMASIADO MAN
02/07/2019 2:19:22 Dijo:  
02/07/2019 2:19:23 Dijo: max 10k
02/07/2019 2:19:26 Dijo: confia en mi
02/07/2019 2:19:27 Dijo: 999
02/07/2019 2:19:29 Dijo: 9999
02/07/2019 2:19:33 Dijo: xd
02/07/2019 2:19:34 Dijo:  
02/07/2019 2:19:35 Dijo: 9999
02/07/2019 2:19:40 Dijo: bug
02/07/2019 2:19:41 Dijo: 100
02/07/2019 2:19:41 Dijo: %
02/07/2019 2:19:42 Dijo: gg
02/07/2019 2:19:44 Dijo: otro cliente
02/07/2019 2:19:45 Dijo:  
02/07/2019 2:19:48 Dijo: KHE
02/07/2019 2:19:49 Dijo:  
02/07/2019 2:19:53 Dijo: xq se nos bugeaba a nostoros
02/07/2019 2:19:54 Dijo:  
02/07/2019 2:20:00 Dijo: ew
02/07/2019 2:20:00 Dijo: WE
02/07/2019 2:20:01 Dijo:  
02/07/2019 2:20:09 Dijo: no salis
02/07/2019 2:20:09 Dijo: de aca
02/07/2019 2:20:10 Dijo:  
02/07/2019 2:20:14 Dijo: menos de 10k
02/07/2019 2:20:23 Dijo: WE
02/07/2019 2:20:23 Dijo:  
02/07/2019 2:20:24 Dijo: WE
02/07/2019 2:20:26 Dijo:  
02/07/2019 2:20:34 Dijo: 10k
02/07/2019 2:20:35 Dijo:  
02/07/2019 2:20:48 Dijo: UFF
02/07/2019 2:20:51 Dijo: +15k = bug
02/07/2019 2:21:01 Dijo: +15k BUG
02/07/2019 2:21:03 Dijo:  
02/07/2019 2:21:05 Dijo: 20k
02/07/2019 2:21:07 Dijo: 20k BUG
02/07/2019 2:21:11 Dijo: 10k
02/07/2019 2:21:13 Dijo:  
02/07/2019 2:21:15 Dijo:  
02/07/2019 2:21:15 Dijo: XD
02/07/2019 2:21:16 Dijo:  
02/07/2019 2:21:17 Dijo: ASJKJKAS
02/07/2019 2:21:17 Dijo:  
02/07/2019 2:21:43 Dijo: GGWP
02/07/2019 2:21:54 Dijo: 10k
02/07/2019 2:21:55 Dijo:  
02/07/2019 2:21:56 Dijo: se
02/07/2019 2:21:57 Dijo:  
02/07/2019 2:21:58 Dijo: se
02/07/2019 2:21:58 Dijo:  
02/07/2019 2:21:59 Dijo: se
02/07/2019 2:22:02 Dijo: OUSHIT
02/07/2019 2:22:12 Dijo: 30k ggwp
02/07/2019 2:22:16 Dijo:  
02/07/2019 2:22:19 Dijo: nos vemos duncan
02/07/2019 2:22:29 Dijo: 30k duncan
02/07/2019 2:22:30 Dijo:  
02/07/2019 2:22:31 Dijo: 30kggwp
02/07/2019 2:22:37 Dijo:  
02/07/2019 2:23:03 Dijo: ??
02/07/2019 2:23:05 Dijo: TE JURO WTF
02/07/2019 2:23:12 Dijo: JKASJKASAJKS
02/07/2019 2:23:13 Dijo: WTF?=?
02/07/2019 2:23:15 Dijo: CONTROLA MI ORO
02/07/2019 2:23:42 Dijo: !stats
02/07/2019 2:23:43 Dijo:  
02/07/2019 2:23:45 Dijo: ??
