29/06/2019 19:58:10 Dijo:  
29/06/2019 20:02:40 Dijo:  
29/06/2019 20:04:28 Dijo: Hola hola
29/06/2019 20:04:30 Dijo: demoledora
29/06/2019 20:04:40 Dijo: espada demoledora
29/06/2019 20:04:50 Dijo: nice
29/06/2019 20:05:14 Dijo: Okay
29/06/2019 20:05:16 Dijo: Espera
29/06/2019 20:05:17 Dijo: la
29/06/2019 20:05:19 Dijo: espada diablo
29/06/2019 20:05:25 Dijo: un segundo
29/06/2019 20:05:29 Dijo: vete a Pala Ray
29/06/2019 20:05:33 Dijo: Pala Ray
29/06/2019 20:06:54 Dijo:  
29/06/2019 20:06:56 Dijo:  
29/06/2019 20:06:58 Dijo: u 
29/06/2019 20:07:00 Dijo:  
29/06/2019 20:07:01 Dijo:  
29/06/2019 20:07:04 Dijo:  
29/06/2019 20:07:07 Dijo:  
29/06/2019 20:07:09 Dijo:  
29/06/2019 20:07:11 Dijo:  
29/06/2019 20:07:13 Dijo:  
29/06/2019 20:07:13 Dijo:  
29/06/2019 20:07:42 Dijo:  
29/06/2019 20:07:43 Dijo:  
29/06/2019 20:07:45 Dijo:  
29/06/2019 20:07:46 Dijo:  
29/06/2019 20:07:47 Dijo:  
29/06/2019 20:07:49 Dijo:  
29/06/2019 20:08:15 Dijo:  
29/06/2019 20:08:20 Dijo:  
29/06/2019 20:08:23 Dijo:  
29/06/2019 20:08:25 Dijo:  
29/06/2019 20:08:28 Dijo:  
29/06/2019 20:08:31 Dijo:  
29/06/2019 20:08:34 Dijo:  
29/06/2019 20:08:37 Dijo:  
