25/04/2020 6:56:59 Dijo: esperae
25/04/2020 6:59:56 Dijo: joder
25/04/2020 6:59:58 Dijo: zona segura
25/04/2020 7:00:01 Dijo: espera
07/05/2020 2:31:04 Dijo: d
07/05/2020 18:29:10 Dijo: dfdf
07/05/2020 19:31:17 Dijo: fsdf
08/05/2020 7:08:43 Dijo: kk
09/05/2020 5:23:37 Dijo: dsfdf
09/05/2020 5:26:33 Dijo: dsfds
09/05/2020 6:57:30 Dijo: hehe
09/05/2020 7:00:51 Dijo: ok
09/05/2020 7:02:43 Dijo: gg
09/05/2020 7:02:46 Dijo: :D
09/05/2020 7:04:32 Dijo: gg
09/05/2020 7:04:43 Dijo: :D
09/05/2020 7:05:02 Dijo: gg
09/05/2020 7:37:28 Dice en Clan: holaaaa
09/05/2020 7:43:02 Dice en Clan: asd
09/05/2020 7:44:25 Dice en Clan: gg
09/05/2020 7:44:35 Dice en Clan: asdsd
09/05/2020 7:45:18 Dice en Clan: gg
09/05/2020 8:00:32 Dice en privado a puto: cabron
09/05/2020 8:01:01 Dice en privado a cabron: mamon
09/05/2020 8:01:39 Dice en privado a puto: cabron
09/05/2020 8:02:22 Dice en privado a puto: cabron
09/05/2020 14:52:59 Dice en privado a puto: asd
09/05/2020 14:57:25 Dice en privado a puto: hehee
09/05/2020 15:02:21 Dice en privado a puto: jejeje
09/05/2020 15:02:23 Dijo: fdgfd
09/05/2020 15:03:40 Dice en privado a puto: hola
09/05/2020 15:04:54 Dice en privado a puto: dsfdsf
09/05/2020 15:05:30 Dice en privado a puto: dfdsf
09/05/2020 15:06:22 Dice en privado a puto: asddsf
09/05/2020 15:06:50 Dice en privado a puto: hehehehehee
09/05/2020 15:07:13 Dice en privado a puto: hahahaha
09/05/2020 15:08:24 Dice en privado a puto: jejejejejejeeje
09/05/2020 15:26:35 Dice en Clan: q
09/05/2020 15:34:31 Dice en Clan: eres puto amo
