24/04/2020 4:20:15 Dijo:   
24/04/2020 4:20:17 Dijo:  
24/04/2020 4:20:17 Dijo:  
24/04/2020 4:20:18 Dijo:  
24/04/2020 4:21:37 Dijo:   
24/04/2020 4:21:40 Dijo:  
24/04/2020 4:21:45 Dijo:  
24/04/2020 4:21:46 Dijo:  
24/04/2020 4:21:47 Dijo:  
24/04/2020 4:21:48 Dijo:  
24/04/2020 4:21:49 Dijo:  
24/04/2020 4:21:50 Dijo:  
24/04/2020 4:21:51 Dijo:  
24/04/2020 4:21:52 Dijo:  
24/04/2020 4:21:53 Dijo:  
24/04/2020 4:21:54 Dijo:  
24/04/2020 4:21:56 Dijo:  
24/04/2020 4:21:57 Dijo:  
24/04/2020 4:21:58 Dijo:  
24/04/2020 4:21:59 Dijo:  
24/04/2020 4:22:00 Dijo:  
24/04/2020 4:25:03 Dijo: noooo
24/04/2020 4:25:19 Dijo:  / participar vamos
24/04/2020 4:26:17 Dijo: estos cheqes estan mal , no son del boga
24/04/2020 4:26:27 Dijo: lvl 43
24/04/2020 4:26:47 Dijo: pasate 10k de cheques que dan muy poca exp
24/04/2020 4:29:10 Dijo: no se pued emover los hechizos
24/04/2020 4:38:59 Dijo:  
25/04/2020 7:00:35 Dijo: ahi
25/04/2020 7:00:36 Dijo: xd
25/04/2020 7:00:36 Dijo:  
25/04/2020 7:02:45 Dijo: el sonido del aomania actual esta mejor
25/04/2020 7:02:53 Dijo: no
25/04/2020 7:03:07 Dijo: zona seghura
25/04/2020 7:14:15 Dijo:  
25/04/2020 7:14:27 Dijo:  
25/04/2020 7:14:38 Dijo:  
25/04/2020 7:14:42 Dijo:  ---------------------------->
25/04/2020 7:14:43 Dijo:  
