08/06/2020 19:02:53 Dice en Party: hahahahaa
14/06/2020 2:55:32 Dijo:  
14/06/2020 2:55:32 Dijo:  
14/06/2020 2:55:37 Dijo:  
14/06/2020 2:55:38 Dijo:  
14/06/2020 2:55:38 Dijo:  
14/06/2020 2:55:38 Dijo:  
14/06/2020 2:55:38 Dijo:  
14/06/2020 2:55:38 Dijo:  
14/06/2020 2:55:38 Dijo:  
14/06/2020 2:55:38 Dijo:  
14/06/2020 2:55:38 Dijo:  
14/06/2020 2:55:39 Dijo:   
14/06/2020 2:55:39 Dijo:   
14/06/2020 2:55:40 Dijo:  
14/06/2020 2:55:40 Dijo:  
14/06/2020 2:55:40 Dijo:  
14/06/2020 2:55:43 Dijo:  
14/06/2020 2:55:44 Dijo:  
14/06/2020 2:55:44 Dijo:  
14/06/2020 2:55:44 Dijo:  
14/06/2020 2:55:45 Dijo:  
14/06/2020 2:58:07 Dijo:  
14/06/2020 2:58:11 Dijo:  
14/06/2020 2:58:18 Dijo:  
16/06/2020 6:24:46 Dijo: l+
16/06/2020 6:24:51 Dijo:  
16/06/2020 6:24:54 Dijo:  
16/06/2020 6:24:56 Dijo:  
16/06/2020 6:25:00 Dijo:  
16/06/2020 6:25:02 Dijo:  
16/06/2020 6:25:04 Dijo:  
16/06/2020 6:25:06 Dijo:  
16/06/2020 6:25:07 Dijo:  
16/06/2020 6:25:10 Dijo:  
16/06/2020 6:25:16 Dijo: k
16/06/2020 6:25:18 Dijo:  
16/06/2020 6:25:19 Dijo: l,
16/06/2020 6:25:26 Dijo:  
16/06/2020 6:25:47 Dijo:  
