29/06/2019 12:15:51 Dijo: ,,,
29/06/2019 12:19:04 Dijo: se te ha caido otra ve
29/06/2019 12:19:15 Dijo: JAJAJAJAJA
29/06/2019 12:19:20 Dijo: cuando apuñalas sale ese grafico
29/06/2019 12:34:31 Dijo: el druida  no vale pa na
29/06/2019 12:34:46 Dijo: pos eso
29/06/2019 12:34:51 Dijo: q el druida es una bazofia
29/06/2019 12:39:42 Dijo: PRRR LOH ILUMINATI
29/06/2019 12:42:38 Dijo: no, queria haber matado 10 iudadadnos
29/06/2019 12:42:50 Dijo: necesito matar 10 ciudas para ver si /enlista
29/06/2019 12:42:55 Dijo: voy a probar
29/06/2019 12:43:09 Dijo: me pone 0 matados
29/06/2019 12:43:12 Dijo: voy a probar
29/06/2019 12:44:07 Dijo: nada
29/06/2019 12:44:55 Dijo: a mi me aparece 0 ciudadanos matados hm
29/06/2019 12:45:20 Dijo:  
29/06/2019 12:46:09 Dijo: te has movido con el meditar xD
29/06/2019 12:46:17 Dijo: otro bug
29/06/2019 12:46:21 Dijo: te veo meditando andando xD
29/06/2019 12:48:06 Dijo: tell me
29/06/2019 12:48:12 Dijo: ahora si
29/06/2019 12:48:17 Dijo: ahora vengo  (L)
29/06/2019 12:50:14 Dijo: ahora si
29/06/2019 12:50:26 Dijo: mira a ver si me puedes poner 1k de ciudas para luego bassi
29/06/2019 12:50:48 Dijo: basinger zeta
29/06/2019 12:51:56 Dijo: JAJAJAJAJAJA
29/06/2019 12:52:24 Dijo: .-ççç+ç
29/06/2019 12:57:02 Dijo: kkk
29/06/2019 13:03:30 Dijo: kkkk
29/06/2019 16:26:58 Dijo: zzzzzzzzzzzzzzzzzz
