25/06/2019 1:02:00 Dijo: mira
25/06/2019 1:02:01 Dijo: soy enano
25/06/2019 1:02:06 Dijo: pero uso vestimenta altos
25/06/2019 1:02:12 Dijo: xd
25/06/2019 1:02:14 Dijo:  
25/06/2019 1:02:21 Dijo: ok hitler
25/06/2019 1:02:23 Dijo:  
25/06/2019 1:02:26 Dijo: menos los q me quedare pa mi no?
25/06/2019 1:02:33 Dijo: NOOOOOOOOOO
25/06/2019 1:02:34 Dijo:  
25/06/2019 1:02:35 Dijo: JAJA
25/06/2019 1:02:36 Dijo:  
25/06/2019 1:02:41 Dijo: dije: menos los q me quedare pa mi no?
25/06/2019 1:02:49 Dijo: Eso
25/06/2019 1:02:52 Dijo: que OK JEFE
25/06/2019 1:02:57 Dijo: q los bugs al discord
25/06/2019 1:03:01 Dijo: xdd
25/06/2019 1:03:07 Dijo: revisa logs hdp
25/06/2019 1:03:09 Dijo: xD
25/06/2019 1:03:16 Dijo: q va
25/06/2019 1:03:18 Dijo: toy creando todos los pjs
25/06/2019 1:03:24 Dijo: soy pedro pete
