25/06/2019 15:48:47 Dijo: sagra
25/06/2019 15:48:57 Dijo: la tenia adentro
25/06/2019 15:50:15 Dijo: wee
25/06/2019 15:51:23 Dijo: claro
25/06/2019 15:51:49 Dijo: que cornudos
25/06/2019 15:51:55 Dijo: jajajaja
25/06/2019 15:52:12 Dijo: xd
25/06/2019 15:52:52 Dijo: pera
25/06/2019 15:52:55 Dijo: que le subo
25/06/2019 15:53:16 Dijo: tira
25/06/2019 15:53:48 Dijo: 100
25/06/2019 15:54:02 Dijo: no cambia una verga o no
25/06/2019 15:54:06 Dijo: entre 0 y 100
25/06/2019 15:54:24 Dijo: jajajajja
25/06/2019 15:55:13 Dijo: como 25 seg 
25/06/2019 15:55:32 Dijo: 10 segundos en la pasada no era nada
25/06/2019 15:55:37 Dijo: el guerre era jesus
25/06/2019 15:55:59 Dijo: eso que lvl es
25/06/2019 15:56:03 Dijo: a ver
25/06/2019 15:56:06 Dijo: intenta bajarme
25/06/2019 15:56:19 Dijo: no bajo de 300 de vida
25/06/2019 15:56:28 Dijo: 230
25/06/2019 15:56:32 Dijo: no bajo de 230 de vida nunca
25/06/2019 15:56:42 Dijo: cuanta mana eso
25/06/2019 15:56:46 Dijo: al 35
25/06/2019 15:57:05 Dijo: si queremos testear todo bien
25/06/2019 15:57:10 Dijo: vamos a tardar una bocha
25/06/2019 15:57:15 Dijo: una semana querian nomas
25/06/2019 15:57:18 Dijo: los dos huevos
25/06/2019 15:57:21 Dijo: imposible
25/06/2019 15:57:30 Dijo: y erick
25/06/2019 15:57:32 Dijo: esta en un cumple
25/06/2019 15:57:36 Dijo: asesino?
25/06/2019 15:57:44 Dijo: de una
25/06/2019 15:58:07 Dijo: si ya lo probaron fue
25/06/2019 15:58:15 Dijo: brujo o mago hobbit?
25/06/2019 15:58:28 Dijo: tenes o creo?
02/07/2019 2:30:24 Dijo: asd
02/07/2019 2:30:25 Dijo:  
02/07/2019 2:30:26 Dijo: no
02/07/2019 2:30:26 Dijo:  
02/07/2019 2:30:31 Dijo: GGWP
02/07/2019 2:30:43 Dijo: MELADIO1amigo
02/07/2019 2:30:44 Dijo:  
02/07/2019 2:33:40 Dijo: WTF
02/07/2019 2:33:42 Dijo: ???
02/07/2019 2:33:44 Dijo:  bugeado
02/07/2019 2:33:44 Dijo:  
02/07/2019 2:34:54 Dijo: asdas
02/07/2019 2:35:08 Dijo: asjkjkasjkask
02/07/2019 2:35:10 Dijo: ctm
02/07/2019 2:35:13 Dijo: JJAJA
02/07/2019 2:35:14 Dijo:  
02/07/2019 2:35:15 Dijo:  
02/07/2019 2:38:06 Dijo: WTFFFFFFFFFFFFF
02/07/2019 2:42:47 Dijo: k cojones
02/07/2019 2:42:48 Dijo: )=?
02/07/2019 2:42:49 Dijo:  
02/07/2019 2:42:51 Dijo: =(
02/07/2019 2:42:53 Dijo: =)
02/07/2019 2:42:54 Dijo: =(=
02/07/2019 2:42:56 Dijo: =(
02/07/2019 2:42:56 Dijo: =)
02/07/2019 2:42:58 Dijo: :)
02/07/2019 2:42:59 Dijo: :D
02/07/2019 2:42:59 Dijo: :S
02/07/2019 2:43:00 Dijo: :A
02/07/2019 2:43:02 Dijo: :V
02/07/2019 2:43:03 Dijo: :v
02/07/2019 2:43:04 Dijo: :D
02/07/2019 2:43:05 Dijo: :S
02/07/2019 2:47:58 Dijo: INTENTA
02/07/2019 2:47:59 Dijo: COMPRAR
02/07/2019 2:48:00 Dijo:  
02/07/2019 2:48:02 Dijo: si hay huevos
02/07/2019 2:48:04 Dijo:  
02/07/2019 2:48:05 Dijo: ASDASD
02/07/2019 2:48:07 Dijo:  
