05/06/2020 23:11:07 Dijo:  
08/06/2020 18:53:54 Dice en Clan: Hablo por clan!
08/06/2020 19:06:43 Dijo: sdsd
08/06/2020 19:06:49 Dijo: jajaja vale
08/06/2020 19:07:01 Dijo: sdsd
08/06/2020 19:07:31 Dijo: hjhj
08/06/2020 19:07:38 Dijo: hgjhj
08/06/2020 19:07:42 Dijo: hgjhj
08/06/2020 19:10:00 Dijo: sd
08/06/2020 19:10:09 Dijo: sdsdsd
08/06/2020 19:13:37 Dijo: sds
08/06/2020 19:19:35 Dijo: DFDF
08/06/2020 19:19:40 Dijo: DFDF
08/06/2020 19:22:45 Dijo: dff
08/06/2020 19:24:30 Dijo: sdds
08/06/2020 19:24:37 Dijo: dsd
08/06/2020 19:24:46 Dijo: sdsd
08/06/2020 19:34:35 Dijo: DFDF
08/06/2020 19:36:16 Dijo: Ok
08/06/2020 19:36:22 Dijo: /Clan jajaja
08/06/2020 19:36:36 Dijo: /Clan me cago en los muertossssssssssssss
08/06/2020 19:37:20 Dice en Clan: jajajaa
08/06/2020 19:38:51 Dice en Clan: que bastinazo loco xd
08/06/2020 19:38:53 Dice en Clan: jajajaja
08/06/2020 19:38:54 Dice en Clan: :)
09/06/2020 17:59:36 Dijo:  
09/06/2020 18:22:54 Dijo:  
10/06/2020 22:12:50 Dijo: dfdf
