28/06/2019 11:46:08 Dijo:   
28/06/2019 11:46:13 Dijo:  
28/06/2019 11:46:18 Dijo:        
28/06/2019 11:46:27 Dijo:  
28/06/2019 11:46:28 Dijo:  
28/06/2019 11:46:29 Dijo:  
28/06/2019 11:46:31 Dijo:  
28/06/2019 11:46:32 Dijo:  
28/06/2019 11:46:36 Dijo:  
28/06/2019 11:46:37 Dijo:  
28/06/2019 11:46:39 Dijo:  
28/06/2019 11:46:42 Dijo:  
28/06/2019 11:46:44 Dijo:  
28/06/2019 11:47:01 Dijo:     
28/06/2019 11:47:04 Dijo:  
28/06/2019 11:47:05 Dijo:  
28/06/2019 11:48:38 Dijo:   a
28/06/2019 11:50:00 Dijo:  
28/06/2019 12:24:12 Dijo:   
28/06/2019 15:18:46 Dijo: lklkklkllk
28/06/2019 16:37:13 Dijo: ya no es tan feo
28/06/2019 16:37:23 Dijo: entro en el pala  y vamos a mirar la medu?
28/06/2019 16:37:23 Dijo: go
28/06/2019 16:38:13 Dijo: entro en el pala
28/06/2019 16:38:17 Dijo: si es para dar castañas
28/06/2019 16:38:22 Dijo: q este no tiene nada
28/06/2019 16:38:32 Dijo: lo dicho, entro al pala
28/06/2019 16:38:39 Dijo: q este na
29/06/2019 13:04:40 Dijo: esto es par ami=
29/06/2019 13:19:46 Dijo: se te cortó
29/06/2019 13:20:00 Dijo: te voy a comprar un pc xD
29/06/2019 13:20:07 Dijo: wtf?
29/06/2019 13:20:12 Dijo: pero si eres brujo no=
29/06/2019 13:20:20 Dijo: pues otro bug
29/06/2019 13:20:25 Dijo: no te deja por nivel o algo?
29/06/2019 14:19:44 Dijo:  
29/06/2019 14:21:05 Dijo: JAJAJAJA NO TENGO RESU xD
29/06/2019 14:21:28 Dijo: mmm
29/06/2019 14:23:14 Dijo: HaCJack
29/06/2019 14:23:17 Dijo:  
29/06/2019 14:34:07 Dijo: N
29/06/2019 14:35:27 Dijo: BardO
29/06/2019 14:35:31 Dijo: ClerigoO
29/06/2019 14:35:33 Dijo:  
29/06/2019 15:42:00 Dijo: me entra picor y todo AJJAJA
29/06/2019 15:45:01 Dijo: JAJAJAJa
29/06/2019 15:52:14 Dijo: xD
29/06/2019 15:53:15 Dijo: JJAJAJAJA q asco de asesino xD
29/06/2019 15:57:46 Dijo: ajshlkdahlksdhlkahlskdjlkas 
29/06/2019 15:59:25 Dijo: JAJAJJA
29/06/2019 16:02:29 Dijo: ññññ
29/06/2019 16:45:50 Dijo: jAJAAJa
29/06/2019 16:51:43 Dijo:  
29/06/2019 16:52:06 Dijo:   uuuu
29/06/2019 19:35:39 Dijo: PALA GAY
29/06/2019 19:35:49 Dijo: estoy haciendo el txt
29/06/2019 19:36:05 Dijo: buah
29/06/2019 19:36:11 Dijo: LLevo mucho ya
29/06/2019 19:36:12 Dijo: xD
29/06/2019 19:44:18 Dijo: ..
