25/06/2019 3:29:53 Dijo: mata
25/06/2019 3:30:22 Dijo: asklasjkjkas
25/06/2019 3:30:38 Dijo:  
25/06/2019 3:30:43 Dijo: no tengo resu
25/06/2019 3:30:52 Dijo: asjkasjk
25/06/2019 3:30:55 Dijo: pense q eras lento
25/06/2019 3:31:02 Dijo: AJAJ
25/06/2019 3:31:02 Dijo: wsry
25/06/2019 3:31:03 Dijo: sry
25/06/2019 3:31:11 Dijo:  
25/06/2019 3:31:18 Dijo:  
25/06/2019 3:31:19 Dijo:  
25/06/2019 3:31:20 Dijo:  
25/06/2019 3:31:21 Dijo:  
25/06/2019 3:31:22 Dijo:  
25/06/2019 3:31:26 Dijo:  
25/06/2019 3:32:15 Dijo: Aaaaaaaaaa
25/06/2019 3:32:47 Dijo:  
25/06/2019 3:32:54 Dijo:  
25/06/2019 3:32:56 Dijo:  
25/06/2019 3:33:00 Dijo:  
25/06/2019 3:33:03 Dijo: uu
25/06/2019 3:33:19 Dijo: cada tanto si
25/06/2019 3:33:43 Dijo:  
25/06/2019 3:33:46 Dijo:  
25/06/2019 3:33:52 Dijo: uu
25/06/2019 3:33:53 Dijo:  
25/06/2019 3:34:09 Dijo: quieto
25/06/2019 3:34:11 Dijo: dejame mirar algo
25/06/2019 3:34:25 Dijo: 35
25/06/2019 3:34:28 Dijo: queria probar cuantas potas
25/06/2019 3:34:33 Dijo: la ctm seth
25/06/2019 3:34:47 Dijo:  
25/06/2019 3:35:17 Dijo:  
25/06/2019 3:35:19 Dijo:  
25/06/2019 3:35:21 Dijo: uuu 
25/06/2019 3:35:22 Dijo:  
25/06/2019 3:35:33 Dijo:  
25/06/2019 3:35:38 Dijo:  u
25/06/2019 3:35:39 Dijo:  
25/06/2019 3:36:04 Dijo: u
25/06/2019 3:36:06 Dijo: uuu
25/06/2019 3:36:10 Dijo:  
25/06/2019 3:36:18 Dijo: esaa
25/06/2019 3:36:31 Dijo: WTF
25/06/2019 3:36:35 Dijo: como no te dejaba xd
25/06/2019 3:36:40 Dijo:  
25/06/2019 3:36:41 Dijo:  
25/06/2019 3:36:45 Dijo:  
25/06/2019 3:36:51 Dijo:  
25/06/2019 3:37:03 Dijo:  
25/06/2019 3:37:35 Dijo:  
25/06/2019 3:37:44 Dijo:  
25/06/2019 3:37:53 Dijo:  
25/06/2019 3:37:54 Dijo:  
25/06/2019 3:37:59 Dijo: hmm
25/06/2019 3:37:59 Dijo: no
25/06/2019 3:38:07 Dijo:  
25/06/2019 3:38:08 Dijo:  
25/06/2019 3:38:15 Dijo:  
25/06/2019 3:38:19 Dijo:  
25/06/2019 3:38:33 Dijo:  
25/06/2019 3:38:35 Dijo:  
25/06/2019 3:38:36 Dijo:  
25/06/2019 3:38:47 Dijo:  
25/06/2019 3:38:49 Dijo:  
25/06/2019 3:38:51 Dijo:  
25/06/2019 3:39:10 Dijo: uu
25/06/2019 3:39:16 Dijo:  
25/06/2019 3:39:37 Dijo:  
25/06/2019 3:39:38 Dijo:  
25/06/2019 3:39:57 Dijo:  
25/06/2019 3:40:05 Dijo:  
25/06/2019 3:40:13 Dijo:  
25/06/2019 3:40:16 Dijo:  
25/06/2019 3:40:32 Dijo:  
25/06/2019 3:40:34 Dijo:  
25/06/2019 3:40:38 Dijo:  
25/06/2019 3:40:50 Dijo:  
25/06/2019 3:40:51 Dijo:  
25/06/2019 3:40:55 Dijo:  
25/06/2019 3:40:56 Dijo:  
25/06/2019 3:41:06 Dijo: AJJA
25/06/2019 3:41:18 Dijo: tienes que?
25/06/2019 3:41:22 Dijo: no lei
25/06/2019 3:41:24 Dijo: 85
25/06/2019 3:41:49 Dijo:  
25/06/2019 3:42:24 Dijo:  uu
25/06/2019 3:42:25 Dijo:  
25/06/2019 3:42:26 Dijo:  
25/06/2019 3:42:33 Dijo: uu u 
25/06/2019 3:42:34 Dijo:  
25/06/2019 3:42:48 Dijo:  
25/06/2019 3:42:57 Dijo: no me raies tio
25/06/2019 3:42:59 Dijo:  
25/06/2019 3:43:02 Dijo:  
25/06/2019 3:43:03 Dijo:  
25/06/2019 3:43:04 Dijo:  
25/06/2019 3:43:14 Dijo:  
25/06/2019 3:43:16 Dijo:  
25/06/2019 3:43:18 Dijo:  
25/06/2019 3:43:19 Dijo:  
25/06/2019 3:43:21 Dijo:  
25/06/2019 3:43:38 Dijo:  
25/06/2019 3:43:41 Dijo:  
25/06/2019 3:43:49 Dijo:  
25/06/2019 3:43:54 Dijo:  
25/06/2019 3:43:57 Dijo:  
25/06/2019 3:43:58 Dijo:  
25/06/2019 3:44:01 Dijo:  
25/06/2019 3:44:03 Dijo:  
25/06/2019 3:44:04 Dijo:  
25/06/2019 3:44:13 Dijo:  
25/06/2019 3:44:18 Dijo: PARA DE LLORAR
25/06/2019 3:44:20 Dijo: PLIS
25/06/2019 3:44:21 Dijo:  
25/06/2019 3:45:26 Dijo: avisanos tt
25/06/2019 3:45:43 Dijo:  
25/06/2019 3:45:44 Dijo:  
25/06/2019 3:45:47 Dijo:  
25/06/2019 3:45:48 Dijo:  
25/06/2019 3:46:18 Dijo: TA BUGEADISIMO BRODER
25/06/2019 3:46:29 Dijo: DALE LOCO
25/06/2019 3:46:31 Dijo: ME VOY A LA V
25/06/2019 3:46:35 Dijo: en 15
25/06/2019 3:46:36 Dijo:  
25/06/2019 3:46:40 Dijo: tenes oro?
25/06/2019 3:47:08 Dijo:  
25/06/2019 3:47:48 Dijo: dicen q tenes q donar para q te den skills
25/06/2019 3:48:07 Dijo:   
25/06/2019 3:48:39 Dijo: sali y entra
25/06/2019 3:48:43 Dijo:  
25/06/2019 3:48:58 Dijo: pot ser aixo?
25/06/2019 3:49:21 Dijo: espada demoledora
25/06/2019 3:49:28 Dijo:  
25/06/2019 3:49:28 Dijo:  
25/06/2019 3:49:29 Dijo:  
25/06/2019 3:49:31 Dijo:  
25/06/2019 3:50:37 Dijo:  
25/06/2019 3:50:38 Dijo:  
25/06/2019 3:50:39 Dijo:  
25/06/2019 3:51:07 Dijo: estas de coña o ke?
25/06/2019 3:51:14 Dijo: ah
25/06/2019 3:51:14 Dijo:  
25/06/2019 3:51:16 Dijo: mass te conviene
25/06/2019 3:51:18 Dijo:  
25/06/2019 3:51:31 Dijo: dale peton
25/06/2019 3:51:34 Dijo: la re ctm
25/06/2019 3:51:38 Dijo: dale gordo
25/06/2019 3:51:40 Dijo: la ctm
25/06/2019 3:51:41 Dijo:  
25/06/2019 3:51:45 Dijo: DALE GORDO NEGRO
25/06/2019 3:51:48 Dijo:  
25/06/2019 3:51:59 Dijo: de pierda
25/06/2019 3:52:00 Dijo: de q parte
25/06/2019 3:52:02 Dijo:  
25/06/2019 3:52:04 Dijo: DALE GORDO PETON
25/06/2019 3:52:07 Dijo: JAJAJ
25/06/2019 3:52:11 Dijo: anda a comprar magias
25/06/2019 3:52:13 Dijo: dale
25/06/2019 3:52:14 Dijo:  
25/06/2019 3:52:15 Dijo:  
25/06/2019 3:52:15 Dijo:  
25/06/2019 3:52:17 Dijo:  
25/06/2019 3:52:47 Dijo: GGWP
25/06/2019 3:52:49 Dijo: GL
25/06/2019 3:52:50 Dijo: HF
25/06/2019 3:52:51 Dijo:  
25/06/2019 3:52:52 Dijo:  
25/06/2019 3:53:40 Dijo:  
25/06/2019 3:53:43 Dijo:  
25/06/2019 3:53:44 Dijo:  
25/06/2019 3:53:45 Dijo:  
25/06/2019 3:53:58 Dijo:  
25/06/2019 3:53:59 Dijo:  
25/06/2019 3:54:10 Dijo: seeeeee
25/06/2019 3:54:11 Dijo:  
25/06/2019 3:54:29 Dijo:  
25/06/2019 3:54:32 Dijo:  
25/06/2019 3:54:34 Dijo:  
25/06/2019 3:54:41 Dijo: 225 alto viaje
25/06/2019 3:55:07 Dijo:  
25/06/2019 3:55:14 Dijo:  
25/06/2019 3:55:16 Dijo:  
25/06/2019 3:55:17 Dijo:  
25/06/2019 3:55:19 Dijo:  
25/06/2019 3:55:35 Dijo: ta cheto
25/06/2019 3:55:45 Dijo:  
25/06/2019 3:55:46 Dijo:  
25/06/2019 3:55:51 Dijo:  
25/06/2019 3:55:54 Dijo:  
25/06/2019 3:55:59 Dijo: ok erro todo ahora
25/06/2019 3:56:13 Dijo: 4AM CHAVAL
25/06/2019 3:56:14 Dijo: YO TRABAJO
25/06/2019 3:56:19 Dijo:  
25/06/2019 3:56:24 Dijo: TENGO UN SUELDO NORMAL EH
25/06/2019 3:56:32 Dijo:  
25/06/2019 3:56:33 Dijo:  
25/06/2019 3:56:34 Dijo:  
