25/06/2019 0:35:09 Dijo: asdasd
25/06/2019 0:35:10 Dijo:  
25/06/2019 0:35:14 Dijo: quein sos
25/06/2019 0:35:15 Dijo: papa noel
25/06/2019 0:35:21 Dijo: esa
25/06/2019 0:35:42 Dijo: q paso
25/06/2019 0:35:44 Dijo: no te lei
25/06/2019 0:35:50 Dijo: 808
25/06/2019 0:35:53 Dijo: 820
25/06/2019 0:35:58 Dijo: 808
25/06/2019 0:36:09 Dijo: ahora se me bugeo
25/06/2019 0:36:10 Dijo: XD
25/06/2019 0:36:16 Dijo: antes me iba
25/06/2019 0:36:20 Dijo: ahora se me bugeo y no me deja lanzar
25/06/2019 0:36:26 Dijo: ah no
25/06/2019 0:36:27 Dijo: si me funciona
25/06/2019 0:36:30 Dijo: era porq no tenia la magia sleccionada
25/06/2019 0:36:33 Dijo: si me va igual el puntero xq?
25/06/2019 0:36:47 Dijo: todavia no probe a atacar
25/06/2019 0:36:54 Dijo: vamos fuera te cago a magias
25/06/2019 0:36:57 Dijo: XD
25/06/2019 0:37:01 Dijo: xddxd
25/06/2019 0:37:02 Dijo:  
25/06/2019 0:37:03 Dijo: aver
25/06/2019 0:37:03 Dijo:  
25/06/2019 0:37:24 Dijo: si va igual
25/06/2019 0:37:32 Dijo: dale
25/06/2019 0:37:40 Dijo: medio lento
25/06/2019 0:37:41 Dijo: XD
25/06/2019 0:37:43 Dijo: q paso xD
25/06/2019 0:37:47 Dijo: xq te va asi
25/06/2019 0:37:56 Dijo: medio lag
25/06/2019 0:38:01 Dijo: fijate si podes mirar el ping q tenes
25/06/2019 0:38:14 Dijo: claro
25/06/2019 0:38:16 Dijo: te baja mal
25/06/2019 0:38:20 Dijo: nono
25/06/2019 0:38:23 Dijo: los fps mientras mas mejor
25/06/2019 0:38:28 Dijo: el ping es distinto
25/06/2019 0:38:53 Dijo: ahi pregunt en discord
25/06/2019 0:39:08 Dijo: tu pc no es mala no?
25/06/2019 0:39:22 Dijo: xD
25/06/2019 0:39:27 Dijo: no sabes las caracteristicas
25/06/2019 0:39:35 Dijo: ok pero pa jugar esto tiene q sobrar
25/06/2019 0:39:41 Dijo: ahi paso el ping
25/06/2019 0:39:47 Dijo: intenta hacer una prueba a ver cuantos ms te tira
25/06/2019 0:39:58 Dijo: abre cmd
25/06/2019 0:40:09 Dijo: MIERDA
25/06/2019 0:40:11 Dijo: muchisimo
25/06/2019 0:40:16 Dijo: yo voy a 46ms
25/06/2019 0:40:20 Dijo: el ping cuanto menos mejor
25/06/2019 0:40:33 Dijo: de q pais sos
25/06/2019 0:40:42 Dijo: y internet?
25/06/2019 0:40:54 Dijo: mierda
25/06/2019 0:40:59 Dijo: pero en r.d les tendria q ir super bien
25/06/2019 0:41:05 Dijo: xq esta al aldo de usa
25/06/2019 0:41:10 Dijo: raro
25/06/2019 0:43:24 Dijo: mierda
25/06/2019 0:43:27 Dijo: compre 1000 y se fueron xD
25/06/2019 0:43:31 Dijo: le vendo 900
25/06/2019 0:43:38 Dijo: no puedo
25/06/2019 0:43:39 Dijo: xD
25/06/2019 0:43:44 Dijo: dile a al gente que no compre 1000
25/06/2019 0:43:50 Dijo: xq lo hara mas de 1 xd
25/06/2019 0:43:53 Dijo:  
25/06/2019 16:00:17 Dijo: como garcha moves hechi
25/06/2019 16:01:18 Dijo: editar skil
25/06/2019 16:02:33 Dijo: no hay mujer y hombre con esa o si
25/06/2019 16:02:58 Dijo: cuando hay item abajo ni podes abrir el npc
25/06/2019 16:06:18 Dijo: yt las armadas que onda
25/06/2019 16:06:32 Dijo: piola
25/06/2019 16:06:36 Dijo: 208 de vida al 35
25/06/2019 16:07:12 Dijo: de una
25/06/2019 16:07:16 Dijo: loco igualmente
25/06/2019 16:07:22 Dijo: duelar imposible por lo menos para mi
25/06/2019 16:07:26 Dijo: sarpado lag
25/06/2019 16:07:32 Dijo: te miro los daños todo
25/06/2019 16:07:36 Dijo: pero imposible jugar
25/06/2019 16:07:43 Dijo: mal
25/06/2019 16:07:52 Dijo: que pija
25/06/2019 16:07:55 Dijo: jajajajja
25/06/2019 16:08:00 Dijo: cambiaron interfaces
25/06/2019 16:09:16 Dijo: pero ponele en casti
25/06/2019 16:09:26 Dijo: claro
25/06/2019 16:09:36 Dijo: o pasarle armas a semis o cualquier cosa re rota
25/06/2019 16:09:43 Dijo: jajajaja
25/06/2019 16:10:37 Dijo: ajjajajaa
25/06/2019 16:11:08 Dijo: 820
25/06/2019 16:12:18 Dijo: que onda el programador ese
25/06/2019 16:12:27 Dijo:  
25/06/2019 16:12:40 Dijo:   
25/06/2019 16:12:48 Dijo:  
25/06/2019 16:12:55 Dijo:  
25/06/2019 16:13:02 Dijo:  
25/06/2019 16:13:07 Dijo: uuu 
25/06/2019 16:13:08 Dijo:  
25/06/2019 16:13:13 Dijo:   
25/06/2019 16:13:17 Dijo:  
25/06/2019 16:13:21 Dijo:  
25/06/2019 16:13:27 Dijo:  
25/06/2019 16:13:28 Dijo:  
25/06/2019 16:13:38 Dijo: loco
25/06/2019 16:13:42 Dijo: lo subo al 45
25/06/2019 16:13:48 Dijo: quiero ver la mana de esta poronga
25/06/2019 16:13:59 Dijo:   
25/06/2019 16:14:39 Dijo: 2674
25/06/2019 16:14:43 Dijo: 234 de vida
25/06/2019 16:16:11 Dijo: 45
25/06/2019 16:17:21 Dijo: me querian encajar una rifa
25/06/2019 16:17:24 Dijo: que rompe pija
25/06/2019 16:17:28 Dijo:  
25/06/2019 16:17:50 Dijo: ni idea yo lo baje hace un toque
25/06/2019 16:18:48 Dijo: se supone que es lluvia?
25/06/2019 16:18:56 Dijo: ni te tira cartel  de esta lloviendo
25/06/2019 16:19:03 Dijo: chernobyl duro
25/06/2019 16:19:46 Dijo: jajajajajjaja
25/06/2019 16:19:55 Dijo: pero que onda man
25/06/2019 16:19:59 Dijo:  
25/06/2019 16:20:08 Dijo: que tuvieron que hacer todo de cero o que
25/06/2019 16:20:14 Dijo: que no pegaron ni la lluvia
25/06/2019 16:20:25 Dijo: que poronga
25/06/2019 16:20:41 Dijo: espero que les vaya bien
25/06/2019 16:20:44 Dijo: se yo tambien
25/06/2019 16:20:48 Dijo: cuando aparezca alguno
25/06/2019 16:20:52 Dijo: duncan o alguno
25/06/2019 16:20:54 Dijo: entro
25/06/2019 16:21:01 Dijo: mal
25/06/2019 16:21:06 Dijo: me voy a estudiar wacho
25/06/2019 16:21:09 Dijo: nos vemos
