25/06/2019 0:31:12 Dijo: ni
25/06/2019 0:31:12 Dijo: x
25/06/2019 0:31:15 Dijo: se
25/06/2019 0:31:16 Dijo:  
25/06/2019 0:31:19 Dijo: x aca
25/06/2019 0:31:23 Dijo: aca
25/06/2019 0:31:25 Dijo: mas o mneos
25/06/2019 0:31:29 Dijo:  
25/06/2019 0:31:33 Dijo: voy
25/06/2019 0:31:37 Dijo:  
25/06/2019 1:49:02 Dijo:  
25/06/2019 1:57:58 Dijo: 7recompensa
25/06/2019 1:57:58 Dijo:  
25/06/2019 2:01:32 Dijo: 7salir
25/06/2019 2:01:32 Dijo:  
25/06/2019 2:10:35 Dijo:  
25/06/2019 2:27:00 Dijo: no te puse mas skills?
25/06/2019 2:28:22 Dijo: estamos probando el 45
25/06/2019 2:28:37 Dijo: que 
25/06/2019 2:28:38 Dijo:  
25/06/2019 2:29:11 Dijo: tienes rm?
