25/06/2019 2:04:10 Dijo: asd
25/06/2019 2:04:13 Dijo: asd
25/06/2019 2:06:17 Dijo: uuuu
25/06/2019 2:09:55 Dijo: uuuuuuuu
25/06/2019 2:10:14 Dijo: uuuuuuuuuu
25/06/2019 2:10:50 Dijo: u
25/06/2019 2:10:58 Dijo: uuuuuu
25/06/2019 2:11:36 Dijo: uuuuuuuu
25/06/2019 2:12:16 Dijo: u
25/06/2019 2:12:29 Dijo: uuuu
25/06/2019 2:12:46 Dijo: u
25/06/2019 2:12:47 Dijo: uuuuuuuuuu
25/06/2019 2:12:54 Dijo: llevenme anewbie xD
25/06/2019 2:13:35 Dijo: no hay tp a newbie
25/06/2019 2:13:39 Dijo: esta asi? me sali x error
25/06/2019 2:14:21 Dijo: puse en magia pero no se puso xD
25/06/2019 2:14:26 Dijo: uuuuuu
25/06/2019 2:14:30 Dijo: thxs
25/06/2019 2:14:41 Dijo: juraria k asigne a magia..
25/06/2019 2:14:53 Dijo: a pense que era levear al palo xD
25/06/2019 2:15:02 Dijo: que lvl?
25/06/2019 2:15:05 Dijo: no subas muy alto
25/06/2019 2:15:07 Dijo: bien
25/06/2019 2:15:13 Dijo: clero
25/06/2019 2:15:19 Dijo: no lei si aun era suport
25/06/2019 2:15:30 Dijo: el oro se saca al palo?
25/06/2019 2:16:00 Dijo: lo que si me trauma
25/06/2019 2:16:05 Dijo: es mi nick
25/06/2019 2:16:10 Dijo: que comienza desde mi pj y no centrado
25/06/2019 2:16:16 Dijo: la costumbre alv xd
25/06/2019 2:16:20 Dijo: estos emotes xD
25/06/2019 2:16:26 Dijo: lol
25/06/2019 2:16:29 Dijo: hp
25/06/2019 2:16:31 Dijo: xd
25/06/2019 2:16:36 Dijo: deben poner uno para hp
25/06/2019 2:16:38 Dijo: y para pt
25/06/2019 2:16:44 Dijo: algo asi como 1 estriper
25/06/2019 2:16:46 Dijo: cuando digas pt
25/06/2019 2:16:56 Dijo: tienen?
25/06/2019 2:18:40 Dijo: quedate lvl 35 we
25/06/2019 2:18:50 Dijo: yes
25/06/2019 2:19:01 Dijo: creo k
25/06/2019 2:19:21 Dijo: 16
25/06/2019 2:19:23 Dijo: xD
25/06/2019 2:19:36 Dijo: ok
25/06/2019 2:20:09 Dijo: van 50
25/06/2019 2:20:38 Dijo: ya
25/06/2019 2:20:50 Dijo: 83kk
25/06/2019 2:21:54 Dijo: tenia 83kk 348mil algo asi ahora tengo 78kk 347
25/06/2019 2:22:02 Dijo: 5kk parece
25/06/2019 2:22:21 Dijo: xd
25/06/2019 2:22:26 Dijo: no lei
25/06/2019 2:22:28 Dijo:   
25/06/2019 2:22:33 Dijo: tienes echizo?
25/06/2019 2:22:38 Dijo: deja ponerme
25/06/2019 2:24:59 Dijo: uf no uso
25/06/2019 2:26:34 Dijo: u
25/06/2019 2:26:50 Dijo: me asigne  para el clan
25/06/2019 2:26:54 Dijo: toca asignar pa magia xDD
25/06/2019 2:27:04 Dijo: nu
25/06/2019 2:27:11 Dijo: y me quede lvl 35
25/06/2019 2:27:48 Dijo: tengo net de 3g pasado del cel el lag es rico pero aun asi anda bien wtf
25/06/2019 2:28:13 Dijo: k lvl?
25/06/2019 2:28:26 Dijo: ok
25/06/2019 2:28:42 Dijo: nada es 1 tick poner u
25/06/2019 2:28:49 Dijo: tengo ticks. y pongo u 
25/06/2019 2:29:15 Dijo: no
25/06/2019 2:29:17 Dijo: xd
25/06/2019 2:30:14 Dijo: si thxs
25/06/2019 2:32:34 Dijo: donde
25/06/2019 2:32:36 Dijo: se medita ahora
25/06/2019 2:33:18 Dijo: tengo 1 lag xD
25/06/2019 2:33:31 Dijo: dame nucle
25/06/2019 2:33:34 Dijo: 1 sola pa ver
25/06/2019 2:33:56 Dijo: tirame nucle
25/06/2019 2:34:27 Dijo: por el amor de Dios
25/06/2019 2:34:33 Dijo: el invi en este mapa deberia morir
25/06/2019 2:34:59 Dijo: asd
25/06/2019 2:35:02 Dijo: subi arriba cD
25/06/2019 2:35:09 Dijo: lol
25/06/2019 2:35:25 Dijo: 20 25 es la arma 
25/06/2019 2:35:31 Dijo: k vida quedas desp de golpe
25/06/2019 2:35:39 Dijo: dice envenenada 20 25
25/06/2019 2:35:52 Dijo: soy sup pues :P
25/06/2019 2:36:02 Dijo: noo
25/06/2019 2:36:15 Dijo: 45 tamb
25/06/2019 2:36:20 Dijo: golpe apoca apenas
25/06/2019 2:36:23 Dijo: el problema es
25/06/2019 2:36:25 Dijo: vs semis..
25/06/2019 2:36:29 Dijo: no bajas mas anadie
25/06/2019 2:36:32 Dijo: xD
25/06/2019 2:36:40 Dijo: se puede crear mas pjs no?
25/06/2019 2:36:52 Dijo: a vere el bardo
25/06/2019 2:36:56 Dijo: si no queda joto de vida
25/06/2019 2:37:00 Dijo: brb
25/06/2019 2:37:05 Dijo: pero
25/06/2019 2:37:12 Dijo: como me paso oro en nix
25/06/2019 2:37:14 Dijo: ni se tira xD
25/06/2019 2:37:24 Dijo: no tengo chekes
25/06/2019 2:37:52 Dijo: no hay opcion de oro
25/06/2019 2:37:55 Dijo: fijate
25/06/2019 2:37:56 Dijo:  
25/06/2019 2:38:01 Dijo: vengo igual
25/06/2019 20:39:44 Dijo: asd
25/06/2019 20:39:47 Dijo: uuuuuu
25/06/2019 21:35:20 Dijo: debo comprar la espada pa ver k pega esto
25/06/2019 21:35:22 Dijo: es cl;ero
25/06/2019 21:35:31 Dijo: no es la mejor
25/06/2019 21:35:33 Dijo: voy a ver
25/06/2019 21:35:35 Dijo: brb
25/06/2019 21:35:42 Dijo: u\
25/06/2019 21:35:48 Dijo: pera mira
25/06/2019 21:35:57 Dijo: y sonata
25/06/2019 21:35:59 Dijo: como 170
25/06/2019 21:36:06 Dijo: no es tanta diferencia como para ser bardo y no clero.
25/06/2019 21:36:14 Dijo: uuuuuuuuuu
25/06/2019 21:36:15 Dijo: ui
25/06/2019 21:36:21 Dijo: lol
25/06/2019 21:39:48 Dijo: u
25/06/2019 21:39:58 Dijo: u
25/06/2019 21:40:05 Dijo: deja ve pera
25/06/2019 21:40:25 Dijo: lol
25/06/2019 21:40:34 Dijo: wat
25/06/2019 21:40:41 Dijo: eso ta mal como k 200
25/06/2019 21:40:47 Dijo: wtf
25/06/2019 21:40:59 Dijo: khe
25/06/2019 21:41:20 Dijo: k poco pego
25/06/2019 21:41:37 Dijo: tengo
25/06/2019 21:41:52 Dijo: ni 350..
25/06/2019 21:41:54 Dijo: tenia resu
25/06/2019 21:41:57 Dijo: taba buscandolo
25/06/2019 21:42:01 Dijo: u
25/06/2019 21:42:10 Dijo: que le pongan nuckle a esto y ya
25/06/2019 21:42:13 Dijo: xd
25/06/2019 21:42:20 Dijo: se
25/06/2019 21:42:27 Dijo: uuuuuuuuu
25/06/2019 21:42:53 Dijo: xk
25/06/2019 21:42:58 Dijo: yo no lo noto x como me anda asd
25/06/2019 21:43:15 Dijo: osea k tiras mas magias seguiodas?
25/06/2019 21:43:18 Dijo: hm
25/06/2019 21:43:23 Dijo: pero ayer se quejaban de que se poteaba lento
25/06/2019 21:43:28 Dijo: lo cambiaron fue
25/06/2019 21:43:40 Dijo: wtf
25/06/2019 21:43:51 Dijo: orgullo gay alv
25/06/2019 21:44:06 Dijo: u
25/06/2019 21:44:22 Dijo: k daba licantropo y el vampiro ese?
25/06/2019 21:44:44 Dijo: hm
25/06/2019 21:44:52 Dijo: u
25/06/2019 21:45:18 Dijo: toy cansao
25/06/2019 21:45:29 Dijo: k no tengo energia
25/06/2019 21:45:45 Dijo: uuuuu
25/06/2019 21:47:11 Dijo: no me des inmo k no me anda bien we
25/06/2019 21:47:48 Dijo: u
25/06/2019 21:48:03 Dijo: 292 . ni k me cure yikes
25/06/2019 21:48:19 Dijo: pero no hay intervalo en las potas
25/06/2019 21:48:22 Dijo: como k como poteo rapido
25/06/2019 21:49:36 Dijo: creo k me voy nose
25/06/2019 21:50:38 Dijo: y es en ese momento cuando todos me insultan
25/06/2019 21:50:44 Dijo: curate pt!
25/06/2019 21:51:09 Dijo: no es justo demasiado es
25/06/2019 21:51:34 Dijo: brb potas eseprame 1 seg
25/06/2019 21:52:24 Dijo: pera k era 43 :P
25/06/2019 21:53:17 Dijo: k vida tienes
25/06/2019 21:53:42 Dijo: u
25/06/2019 21:53:48 Dijo: u
25/06/2019 21:53:58 Dijo: u
25/06/2019 21:54:34 Dijo: u
25/06/2019 21:54:47 Dijo: u
25/06/2019 21:54:49 Dijo: a lo pt voy
25/06/2019 21:55:26 Dijo: u
25/06/2019 21:56:28 Dijo: se pisa todo
25/06/2019 21:57:35 Dijo: xd
25/06/2019 21:57:59 Dijo: ya no taba rojeando -_-
25/06/2019 21:58:28 Dijo: ahora si lo hare. no me dejastwe mover -_-
25/06/2019 21:58:44 Dijo: u
25/06/2019 21:59:31 Dijo: me largo debo hacer algo de dinero hoy. ayer no trabaje :p
25/06/2019 21:59:44 Dijo: puto uber
25/06/2019 21:59:52 Dijo: = dew
25/06/2019 21:59:58 Dijo: eso hago yo
25/06/2019 22:00:00 Dijo: hago uber xd
29/06/2019 23:48:47 Dijo: u
29/06/2019 23:48:54 Dijo: asdasd
29/06/2019 23:49:11 Dijo: u
29/06/2019 23:49:22 Dijo: uuuuuuuuuuuuu
29/06/2019 23:49:34 Dijo: uuuuuuuuuuuuuu
