25/06/2019 2:39:10 Dijo: xd
25/06/2019 2:39:16 Dijo: al 45 we
25/06/2019 2:39:35 Dijo: usa los chekes
25/06/2019 2:39:38 Dijo: de exp en el npc k tabamos we\
25/06/2019 2:39:59 Dijo: me quede 35 1 rato pue
25/06/2019 2:40:03 Dijo: pero y el oro xD
25/06/2019 2:40:37 Dijo: uh la vida de mago
25/06/2019 2:40:40 Dijo: xd
25/06/2019 2:40:44 Dijo: 288
25/06/2019 2:40:47 Dijo: al 35
25/06/2019 2:41:21 Dijo: no se puede pasar el oro po
25/06/2019 2:41:34 Dijo: 35 wey
25/06/2019 2:41:36 Dijo: xd
25/06/2019 2:41:48 Dijo: no mmz
25/06/2019 2:41:51 Dijo: soy casi 1 mago
25/06/2019 2:41:53 Dijo: y eres elfo no?
25/06/2019 2:41:59 Dijo: manutencion
25/06/2019 2:42:07 Dijo: que no se puede pasar el oro 
25/06/2019 2:42:11 Dijo: manutencion pls
25/06/2019 2:42:21 Dijo: elfo no?
25/06/2019 2:42:44 Dijo: soy casi 1 mago con esta vida. esque quiero matar de sonata golpe. tener alta eva y de paso aguantar nucle apoca
25/06/2019 2:42:59 Dijo: xD
25/06/2019 2:43:15 Dijo: como me trauma
25/06/2019 2:43:19 Dijo: el nic todo >>
25/06/2019 2:43:30 Dijo: tampoco
25/06/2019 2:43:32 Dijo: puedes tirar items
25/06/2019 2:43:36 Dijo: no podes tirarlas
25/06/2019 2:43:44 Dijo: o.0
25/06/2019 2:43:56 Dijo: ahhh
25/06/2019 2:43:58 Dijo: sonata
25/06/2019 2:44:25 Dijo: pasame
25/06/2019 2:44:29 Dijo: fuerza golemica
25/06/2019 2:44:37 Dijo: k si hace animacion ni lo pruebo xD
25/06/2019 2:44:47 Dijo: we pera
25/06/2019 2:44:57 Dijo: dice que no puedo usar sonata
25/06/2019 2:45:11 Dijo: dice tu clase no puede aprender este echizo
25/06/2019 2:45:24 Dijo: ni fuerza golemica
25/06/2019 2:45:38 Dijo: fuerza golemica es lo unico x lo k era bardo xD
25/06/2019 2:45:46 Dijo: sabes si tiene animacion?
25/06/2019 2:46:03 Dijo: cuando deje de juga fue x eso
25/06/2019 2:46:12 Dijo: cuando animacion a fuerza golemica xD
25/06/2019 2:46:52 Dijo: brb me creo de paso pala y despues el tipico druida enano para por siacaso
25/06/2019 2:47:06 Dijo: soy manco el druida me rinde
25/06/2019 3:44:52 Dijo: soy pobre. me trauma el bardo
25/06/2019 3:44:58 Dijo: ver esta vida me trauma xD
25/06/2019 3:45:05 Dijo: toy sin oro wey
25/06/2019 3:45:35 Dijo: demen oro alv
25/06/2019 3:45:53 Dijo: que
25/06/2019 3:45:58 Dijo: asd
25/06/2019 3:45:58 Dijo:  
25/06/2019 3:46:39 Dijo: k te de k
25/06/2019 3:46:42 Dijo: nada
25/06/2019 3:46:45 Dijo: xD
25/06/2019 3:46:52 Dijo: k pajaaa
25/06/2019 3:47:17 Dijo: demen skill points
25/06/2019 3:47:58 Dijo: si le suben la vida al bardo
25/06/2019 3:48:13 Dijo: eso ya me la hice
25/06/2019 3:48:18 Dijo: me compre
25/06/2019 3:48:23 Dijo: 1 coso de 90 dolares que hace maravillas alv
25/06/2019 3:48:35 Dijo: tengo 15
25/06/2019 3:48:36 Dijo: 175
25/06/2019 3:48:38 Dijo:  
25/06/2019 3:48:40 Dijo: salir
25/06/2019 3:48:42 Dijo: salir
25/06/2019 3:48:44 Dijo:  alv
25/06/2019 3:48:45 Dijo:  
25/06/2019 3:49:03 Dijo: k paja asignar
25/06/2019 3:49:07 Dijo: uso elfica tambien?
25/06/2019 3:49:23 Dijo: tare asignando wait
25/06/2019 3:52:05 Dijo: 1 x 1 asignar k paja.
25/06/2019 3:52:10 Dijo: me paso [potas pera
25/06/2019 3:52:18 Dijo: tengo magias
25/06/2019 3:52:26 Dijo: no sabia
25/06/2019 3:52:27 Dijo:  
25/06/2019 3:53:05 Dijo: no usaria bardo con esta vida ni em p2 es para hyper pros nada mas
25/06/2019 3:53:43 Dijo: u
25/06/2019 3:53:59 Dijo: wewe
25/06/2019 3:54:26 Dijo: asignaba xD
25/06/2019 3:54:47 Dijo: el problema es la vida xD
25/06/2019 3:54:52 Dijo: u
25/06/2019 3:55:16 Dijo: k pro se ve el golpe xd
25/06/2019 3:55:54 Dijo: tengo lag no atines todo
25/06/2019 3:56:12 Dijo: u
25/06/2019 3:56:17 Dijo: ewwwwwwwwwwwwwwwwww
25/06/2019 3:56:29 Dijo: ewwwwwwwwwwwwwwwwww
25/06/2019 3:56:33 Dijo: que
25/06/2019 3:56:38 Dijo: u
25/06/2019 3:56:50 Dijo: a 45 no mata 1 bardo a 1 ase mas xD
25/06/2019 3:56:55 Dijo: uuuuuu
25/06/2019 3:57:18 Dijo: u
25/06/2019 3:58:00 Dijo: si duro mas de 10 minutos en bardo me da 1 trauma
25/06/2019 3:58:16 Dijo: u
25/06/2019 3:58:18 Dijo: uuuuuuuuu
25/06/2019 3:58:55 Dijo: uuuuuuu
25/06/2019 3:59:08 Dijo: me toy traumando
25/06/2019 3:59:19 Dijo: vida del bardo
25/06/2019 3:59:21 Dijo: :P
25/06/2019 3:59:26 Dijo: la vida
25/06/2019 3:59:31 Dijo: del bardo
25/06/2019 3:59:34 Dijo: 288
25/06/2019 3:59:38 Dijo: esque yo lo usaba antes de que labajaran 
25/06/2019 3:59:46 Dijo: xD
25/06/2019 3:59:59 Dijo: hhm
25/06/2019 4:00:12 Dijo: no ta hecho pa aguantar nucle apoca nunca no?
25/06/2019 4:00:16 Dijo: ni azul con alas xD
25/06/2019 4:00:24 Dijo: vez
25/06/2019 4:00:25 Dijo: s pa pros
25/06/2019 4:00:26 Dijo: es pa pros
25/06/2019 4:00:37 Dijo: el bardo
25/06/2019 4:00:47 Dijo: yo lo usaba cuando era 47 aguantaba nucle apoca xD
25/06/2019 4:01:11 Dijo: pero deja que te toque un pala en 1v1
25/06/2019 4:01:42 Dijo: y eso kkkkkkkkkkk
25/06/2019 4:01:45 Dijo: no traes escudo xD
25/06/2019 4:01:48 Dijo: u
25/06/2019 4:02:04 Dijo: k arma es esa
25/06/2019 4:02:18 Dijo: si no me hago druida enano hago eso ja
25/06/2019 4:02:30 Dijo: u
25/06/2019 4:03:15 Dijo: necesito
25/06/2019 4:03:18 Dijo: 1 istrumento para resu
25/06/2019 4:03:32 Dijo: op
25/06/2019 4:03:51 Dijo: seg
25/06/2019 4:04:33 Dijo: k tild
25/06/2019 4:04:38 Dijo: no se k paso
25/06/2019 4:04:39 Dijo: se basd0aijsqwo12
25/06/2019 4:04:40 Dijo:  
25/06/2019 4:04:44 Dijo: y sigo stuneado xd
25/06/2019 4:04:54 Dijo: akv
25/06/2019 4:05:02 Dijo: toy bugueadoi
25/06/2019 4:05:06 Dijo: me di remo y todo\
25/06/2019 4:05:41 Dijo: asd
25/06/2019 4:05:56 Dijo: creo k es x mi net
25/06/2019 4:05:58 Dijo: asdasdasdasd
25/06/2019 4:06:07 Dijo: me toy dando net de mi cel y es 3g se acabo el 4g
25/06/2019 4:06:22 Dijo: u
25/06/2019 4:06:28 Dijo: uuuuuuuuuuuuuuuu
25/06/2019 4:06:32 Dijo: uuuuuuu
25/06/2019 4:06:51 Dijo: uuuu
25/06/2019 4:07:01 Dijo: k vida tienes
25/06/2019 4:07:08 Dijo: 288
25/06/2019 4:07:11 Dijo: al 35
25/06/2019 4:07:15 Dijo: 700 mana?
25/06/2019 4:07:18 Dijo: 740?
25/06/2019 4:07:21 Dijo: a buee
25/06/2019 4:07:23 Dijo: xd para k pala alv
25/06/2019 4:07:26 Dijo:   
25/06/2019 4:07:28 Dijo: u
25/06/2019 4:07:51 Dijo: buleria buleria
25/06/2019 4:07:55 Dijo: del alma mia
25/06/2019 4:07:58 Dijo: no sirve cantando no
25/06/2019 4:08:12 Dijo: uuuuu
25/06/2019 4:08:39 Dijo: ojala no tiren ofi x ahora xD xk no tendre net hasta mudarme otra ve alv
25/06/2019 4:08:49 Dijo: uu
25/06/2019 4:09:04 Dijo: es mi lag o
25/06/2019 4:09:11 Dijo: no sale animacion cuando te paraliso abcs?
25/06/2019 4:09:22 Dijo: u
25/06/2019 4:10:09 Dijo: lol
25/06/2019 4:10:29 Dijo: perame
25/06/2019 4:10:34 Dijo: traigo  esta cosa
25/06/2019 4:11:20 Dijo: k paja 600 de mana el pala mejor despues xD
25/06/2019 4:11:41 Dijo: que destaca al clero?
25/06/2019 4:12:02 Dijo: cual es la razon x la cual diria: mira dejame usar clero y no druida que pega igual o mas y no le dan inmo
25/06/2019 4:13:37 Dijo: si le ponen la vida al bardo como antes
25/06/2019 4:13:44 Dijo: tengo 1 primo que se va a operar el mes que viene
25/06/2019 4:13:56 Dijo: podrian ser el primero en salir con el/ella . su primera vez siendo mujer
25/06/2019 4:14:25 Dijo: u
25/06/2019 4:15:04 Dijo: uuuuuu
25/06/2019 4:15:05 Dijo: u
25/06/2019 4:15:35 Dijo: da bonificacion?
25/06/2019 4:15:39 Dijo: pegame 1 magia. la faccionm
25/06/2019 4:16:02 Dijo: de que
25/06/2019 4:16:06 Dijo: u
25/06/2019 4:16:15 Dijo: ni idea. no noto nada con este lag xd
25/06/2019 4:16:27 Dijo: te da bonificacion la faccion?
25/06/2019 4:16:59 Dijo: uuuuuuuuuu
25/06/2019 4:17:09 Dijo: tengo mucho lag entro despuhes po
25/06/2019 4:17:15 Dijo:  
25/06/2019 4:17:17 Dijo: salir
25/06/2019 20:35:55 Dijo: uuuuuuuuuuuu
25/06/2019 20:35:56 Dijo: uuuuuuuuuuu
25/06/2019 20:35:59 Dijo: uuuuuuuuuuu
25/06/2019 20:36:00 Dijo: u
25/06/2019 20:36:19 Dijo: uuuuuuuuuuuu
25/06/2019 20:36:20 Dijo: u
25/06/2019 20:36:35 Dijo: uuuuuuuuu
25/06/2019 20:37:16 Dijo: uuuuuuuuuuu
25/06/2019 20:37:28 Dijo:   
25/06/2019 20:37:35 Dijo: uuuuuuuuuuu
25/06/2019 20:38:05 Dijo: uuuuuuuuuuu
25/06/2019 21:20:10 Dijo: uuuuuuuuuuuuu
25/06/2019 21:20:11 Dijo: uuuuuuuuuuuuuu
25/06/2019 21:20:11 Dijo: u
25/06/2019 21:20:35 Dijo: mira cuanto pego
25/06/2019 21:20:48 Dijo: pa que quiero pala?
25/06/2019 21:20:54 Dijo: si esto pega casi igual
25/06/2019 21:20:57 Dijo: no menos de 30.
25/06/2019 21:21:00 Dijo: asi estaba
25/06/2019 21:21:07 Dijo: aveces lol
25/06/2019 21:21:33 Dijo: see
25/06/2019 21:21:38 Dijo: esta 1 mierda xd x eso deje de jugar lol
25/06/2019 21:21:49 Dijo: cuando nano tenia  1 ase enano llamado ned flanders
25/06/2019 21:21:56 Dijo: yo tenia bardo llam,ado draven
25/06/2019 21:22:09 Dijo: pero desp de esa vercion
25/06/2019 21:22:21 Dijo: desp de esa le bajaron la vida al bardo y el damage a sonata
25/06/2019 21:22:26 Dijo: y lo dejaron asi.
25/06/2019 21:22:53 Dijo: no tienes mr?
25/06/2019 21:22:58 Dijo: x eso
25/06/2019 21:23:05 Dijo: esto era otra nucle antes xD
25/06/2019 21:24:33 Dijo: pera leo discord
25/06/2019 21:25:15 Dijo: no
25/06/2019 21:25:23 Dijo: lo bueno eske no cagaron este echizo otra vez
25/06/2019 21:25:32 Dijo: fuerza golemica... que no tiene animacion ya.
25/06/2019 21:25:50 Dijo: es la verdadera razon x la cual usaba bardo y no pala xD x doparme de una y sin animacion
25/06/2019 21:26:55 Dijo: cucha otra cosa
25/06/2019 21:26:58 Dijo: lo pondre en discord pero
25/06/2019 21:27:04 Dijo: el bardo no mata a 1 pala de combo
25/06/2019 21:27:19 Dijo: si pero no me acuerdo
25/06/2019 21:27:24 Dijo: pero el damage no da.
25/06/2019 21:27:31 Dijo: hablo de lvl alto
25/06/2019 21:27:35 Dijo: subiste mr?
25/06/2019 21:27:45 Dijo: subiste mr?
25/06/2019 21:27:53 Dijo: ves?
25/06/2019 21:27:58 Dijo: hay k ver tabla pa eso?
25/06/2019 21:28:00 Dijo: xD
25/06/2019 21:28:02 Dijo: 173
25/06/2019 21:28:09 Dijo: para eso me hago clero
25/06/2019 21:28:22 Dijo: si si 
25/06/2019 21:28:27 Dijo: yo no lo digo en mal plan
25/06/2019 21:28:42 Dijo: todo eso lo elavolare despues y ver lo k se tome en cuenta o no
25/06/2019 21:29:04 Dijo: tengo net de mi celular y se acabo el 4g. mucho lag pero bueno
25/06/2019 21:29:18 Dijo: u
25/06/2019 21:29:22 Dijo: u
25/06/2019 21:29:24 Dijo: dale si
25/06/2019 21:29:27 Dijo: u
25/06/2019 21:29:39 Dijo: a mi no
25/06/2019 21:29:45 Dijo: aunque me dopo con potas.
25/06/2019 21:29:48 Dijo: pera relogueo
25/06/2019 21:30:07 Dijo: tirame
25/06/2019 21:30:24 Dijo: tirame fuerza
25/06/2019 21:30:37 Dijo: esa te dura 5? fijate
25/06/2019 21:30:41 Dijo: con potas me dura 1 monton
25/06/2019 21:30:48 Dijo: deja ver
25/06/2019 21:31:06 Dijo: van 20 seg y aun esta
25/06/2019 21:31:24 Dijo: u
25/06/2019 21:31:33 Dijo: no dura nada 
25/06/2019 21:31:39 Dijo: nose si es aca. xk le dije a 1 gm k lo quite
25/06/2019 21:31:49 Dijo: u
25/06/2019 21:31:51 Dijo: asdasdasd
25/06/2019 21:31:52 Dijo:  
25/06/2019 21:31:54 Dijo: no dura
25/06/2019 21:31:56 Dijo: si te veo\
25/06/2019 21:31:57 Dijo: dura como 5 seg
25/06/2019 21:32:03 Dijo: se
25/06/2019 21:32:07 Dijo: u
25/06/2019 21:32:13 Dijo: pera veo aca>
25/06/2019 21:32:19 Dijo: u
25/06/2019 21:32:32 Dijo: u
25/06/2019 21:32:46 Dijo: me ves?
25/06/2019 21:32:48 Dijo:  
25/06/2019 21:32:53 Dijo: es si lo tiras en este mapa parece
25/06/2019 21:33:05 Dijo: igual no duro todo el tiempo
25/06/2019 21:33:10 Dijo: parece k es este mapa. xk tengo el tiempo arriba
25/06/2019 21:33:13 Dijo: pero si salgo >> se pone invi
25/06/2019 21:33:20 Dijo: parece  k fue pa k no jodan aca
25/06/2019 21:33:27 Dijo: u
25/06/2019 21:33:42 Dijo: a mamaste
25/06/2019 21:33:44 Dijo: mi resu esta bug xD
25/06/2019 21:33:45 Dijo: poera logueo
25/06/2019 21:33:53 Dijo: lo reporte ayer pero xd
