25/06/2019 15:20:22 Dijo: weeeee
25/06/2019 15:20:32 Dijo: recien me entra
25/06/2019 15:20:34 Dijo: see
25/06/2019 15:20:51 Dijo: primero mil errores de las librerias
25/06/2019 15:20:58 Dijo: las registre y despues me tiraba el runtime 91
25/06/2019 15:21:06 Dijo: el mismo que ese venus y ahi lo arregle
25/06/2019 15:21:15 Dijo: a ver que onda esto
25/06/2019 15:21:27 Dijo: lo que le paso bassinger
25/06/2019 15:21:35 Dijo: y lo ejecute como admin
25/06/2019 15:21:37 Dijo: uesaa
25/06/2019 15:21:48 Dijo: que onda cone el oro
25/06/2019 15:22:02 Dijo: aver
25/06/2019 15:22:38 Dijo: vos tenes lag?
25/06/2019 15:23:38 Dijo: jajaajajaja
25/06/2019 15:23:40 Dijo:  
25/06/2019 15:23:42 Dijo: me cebe 
25/06/2019 15:23:48 Dijo: de una
25/06/2019 15:24:06 Dijo: un par para brujo
25/06/2019 15:24:10 Dijo: que pj te hiciste vos
25/06/2019 15:24:27 Dijo: de una
25/06/2019 15:24:33 Dijo: los dejaste en 45?
25/06/2019 15:24:35 Dijo: o a que lvl 
25/06/2019 15:24:47 Dijo: de una
25/06/2019 15:24:58 Dijo: ahi entro banca
