25/06/2019 0:14:15 Dijo: asd
25/06/2019 0:14:22 Dijo: dime
25/06/2019 0:14:26 Dijo: si
25/06/2019 0:14:32 Dijo: esta bien
25/06/2019 0:15:22 Dijo: solo el pj
25/06/2019 0:15:23 Dijo: ?
25/06/2019 0:15:35 Dijo: jajaa}
25/06/2019 0:15:49 Dijo: bro
25/06/2019 0:15:59 Dijo: tengo algo que comentarte
25/06/2019 0:16:21 Dijo: asd
25/06/2019 0:16:24 Dijo: asd
25/06/2019 0:16:24 Dijo: asd
25/06/2019 0:16:25 Dijo: asd
25/06/2019 0:16:26 Dijo: asd
25/06/2019 0:16:26 Dijo: asd
25/06/2019 0:16:27 Dijo: asd
25/06/2019 0:16:35 Dijo: Si voy a eso
25/06/2019 0:16:39 Dijo: solo probaba
25/06/2019 0:16:40 Dijo: algo
25/06/2019 0:16:42 Dijo: usare otro pj
25/06/2019 0:16:45 Dijo: Seth
25/06/2019 0:16:51 Dijo: una cosa
25/06/2019 0:16:52 Dijo: mira
25/06/2019 0:16:59 Dijo: comparto habitacion con mi hermano
25/06/2019 0:17:07 Dijo: Si lo pusieran de balance me podria ayudar a leear
25/06/2019 0:17:17 Dijo: bueno
25/06/2019 0:17:21 Dijo: vere
25/06/2019 0:17:32 Dijo: Si me olvidaba
25/06/2019 0:17:40 Dijo: aaja
25/06/2019 0:17:40 Dijo:  
25/06/2019 0:20:32 Dijo: xd
