25/06/2019 2:41:41 Dijo: 35
25/06/2019 2:41:42 Dijo: ahi voy
25/06/2019 2:41:43 Dijo: xd
25/06/2019 2:41:45 Dijo: 235 vida
25/06/2019 2:43:18 Dijo: xd
25/06/2019 2:43:21 Dijo: tengo oro
25/06/2019 2:43:24 Dijo: pero no puedo darte xd
25/06/2019 2:43:26 Dijo: q magias necesitas
25/06/2019 2:43:37 Dijo: items si xD
25/06/2019 2:43:51 Dijo: con la x
25/06/2019 2:45:06 Dijo: wtff
25/06/2019 2:45:13 Dijo: ahi te lo arregla
25/06/2019 2:45:17 Dijo: seth
25/06/2019 2:45:32 Dijo: ahora los arregla
25/06/2019 2:45:35 Dijo: le dije 
25/06/2019 2:45:37 Dijo:  
25/06/2019 2:45:56 Dijo: no  la verdad recien entro no probe nada xd
25/06/2019 2:46:34 Dijo: ahora los hace
25/06/2019 2:46:59 Dijo: jaja
25/06/2019 2:47:01 Dijo: dale
25/06/2019 2:47:04 Dijo: anda creando si queres
25/06/2019 2:47:15 Dijo: estaba op la ultima version
25/06/2019 2:49:24 Dijo: hey
25/06/2019 2:49:29 Dijo: me dijieron q fuerza golemica es solo de clero xd
25/06/2019 2:49:35 Dijo: sonata ya la puedes usar xd
25/06/2019 2:49:51 Dijo: ajjaaj
25/06/2019 2:49:53 Dijo: antes era de bardo no?
25/06/2019 2:50:08 Dijo: antes era de bardo no?
25/06/2019 2:50:44 Dijo: ni idea xd
25/06/2019 2:50:46 Dijo: ahi tienes los jefes
25/06/2019 2:50:48 Dijo: insultalos >
25/06/2019 2:51:04 Dijo: para q pj
25/06/2019 2:51:22 Dijo: ajjaja
25/06/2019 2:51:23 Dijo: si es asi
25/06/2019 2:51:29 Dijo: si no la pasas mal xD
25/06/2019 2:51:47 Dijo: ajajja
25/06/2019 2:51:55 Dijo: create un nuevo nombre ya esta xD
25/06/2019 2:52:24 Dijo: dale
25/06/2019 2:53:05 Dijo: EEEE
25/06/2019 2:53:06 Dijo:  
25/06/2019 2:53:14 Dijo: K TE RAJO
25/06/2019 2:53:15 Dijo: APYO
25/06/2019 2:53:16 Dijo: OPAYO
25/06/2019 2:53:17 Dijo: PAYO
25/06/2019 2:53:17 Dijo:  
25/06/2019 2:53:40 Dijo: NDA
25/06/2019 2:53:41 Dijo: ANDA
25/06/2019 2:53:42 Dijo:  
25/06/2019 2:53:55 Dijo: UN HIJO DE LA GRANDISIMA
25/06/2019 2:53:59 Dijo:  
25/06/2019 2:54:14 Dijo: un 90%
25/06/2019 2:54:14 Dijo:  
25/06/2019 2:54:44 Dijo: ajjajaj
25/06/2019 2:54:47 Dijo: es estatura media
25/06/2019 2:55:14 Dijo: na
25/06/2019 2:55:15 Dijo: eso rinde?
25/06/2019 2:55:28 Dijo: pero muy poca mana
25/06/2019 2:56:00 Dijo: JAJAJ
25/06/2019 2:56:02 Dijo: estaba rotisimo
25/06/2019 2:57:11 Dijo: sigue estand oroto eso seguro
25/06/2019 2:57:15 Dijo: pinta q si
25/06/2019 2:58:01 Dijo: ahi le digo as eth
25/06/2019 2:58:16 Dijo: q magia mas te falta
25/06/2019 2:59:16 Dijo: ya podes usar fuego
25/06/2019 3:00:27 Dijo: si habra
25/06/2019 3:00:36 Dijo: pero no sera la mejor arma del juego
25/06/2019 3:00:43 Dijo: la segunda mejor creo
25/06/2019 3:00:47 Dijo: y va mejorando en base al lv
25/06/2019 3:00:51 Dijo: se
25/06/2019 3:00:55 Dijo: dimelo
25/06/2019 3:01:01 Dijo: quien ahi
25/06/2019 3:01:08 Dijo: yo soy tu padre
25/06/2019 3:01:12 Dijo: na mentira xD
25/06/2019 3:01:13 Dijo:  
25/06/2019 3:01:37 Dijo: comprese pobre de mierda
25/06/2019 3:01:41 Dijo: si
25/06/2019 3:01:52 Dijo: no funca el oro
25/06/2019 3:01:55 Dijo: en el /comerciar
25/06/2019 3:02:01 Dijo: le estoy diciendo
25/06/2019 3:02:09 Dijo: nos va a pasar un archivo con todas las espadas mejores de cada 1
25/06/2019 3:02:17 Dijo: igual los npcs estan todos aca
25/06/2019 3:02:28 Dijo: nos va a pasar un archivo con escrita la mejor espada de cada 1
25/06/2019 3:02:51 Dijo: listo
25/06/2019 3:02:53 Dijo:  
25/06/2019 3:07:38 Dijo: dimelo
25/06/2019 3:07:54 Dijo: sera la segunda mejor del juego
25/06/2019 3:07:58 Dijo: y va subiendo en base al vll
25/06/2019 3:07:58 Dijo: lvl
25/06/2019 3:08:03 Dijo: si sos lvl 1 pegara como una hacha
25/06/2019 3:08:07 Dijo: y cosas asi
25/06/2019 3:08:23 Dijo: excacto
25/06/2019 3:08:25 Dijo: exactoo
25/06/2019 3:08:28 Dijo: duncan
25/06/2019 3:08:38 Dijo: jaja
25/06/2019 3:08:39 Dijo: no se cae
25/06/2019 3:08:41 Dijo:  
25/06/2019 3:08:48 Dijo: gato
25/06/2019 3:08:52 Dijo: decile a seth
25/06/2019 3:09:00 Dijo: q los objetos estan todos mal la re csm
25/06/2019 3:10:49 Dijo: voy
25/06/2019 3:10:50 Dijo: 1 seg
25/06/2019 3:11:36 Dijo:  
25/06/2019 3:11:58 Dijo:  
25/06/2019 3:12:17 Dijo: OUSHIT
25/06/2019 3:12:20 Dijo: VOS SI K SABES
25/06/2019 3:12:33 Dijo:  
25/06/2019 3:12:45 Dijo: dame 1 seg
25/06/2019 3:14:08 Dijo:  
25/06/2019 3:14:42 Dijo: fgo
25/06/2019 3:14:43 Dijo: go
25/06/2019 3:14:51 Dijo:  
25/06/2019 3:14:53 Dijo:  
25/06/2019 3:15:20 Dijo: atacame
25/06/2019 3:16:04 Dijo: ajAJAJ
25/06/2019 3:16:13 Dijo: con el *
25/06/2019 3:16:28 Dijo:  
25/06/2019 3:16:29 Dijo:  
25/06/2019 3:16:46 Dijo:  
25/06/2019 3:16:47 Dijo:  
25/06/2019 3:16:49 Dijo:  
25/06/2019 3:17:13 Dijo:  
25/06/2019 3:17:20 Dijo:  
25/06/2019 3:17:21 Dijo:  
25/06/2019 3:17:22 Dijo:  
25/06/2019 3:17:29 Dijo:  
25/06/2019 3:17:32 Dijo:  
25/06/2019 3:18:23 Dijo:  
25/06/2019 3:18:26 Dijo:  
25/06/2019 3:18:35 Dijo:   
25/06/2019 3:18:43 Dijo: tas dopado?
25/06/2019 3:19:08 Dijo: sii
25/06/2019 3:20:49 Dijo:  
25/06/2019 3:20:55 Dijo:  
25/06/2019 3:20:58 Dijo:  
25/06/2019 3:21:07 Dijo:  
25/06/2019 3:21:09 Dijo:  
25/06/2019 3:21:12 Dijo:  
25/06/2019 3:21:20 Dijo:  
25/06/2019 3:21:27 Dijo:  
25/06/2019 3:21:28 Dijo:  
25/06/2019 3:21:29 Dijo:  
25/06/2019 3:21:31 Dijo:  
25/06/2019 3:21:32 Dijo:  
25/06/2019 3:21:34 Dijo:  
25/06/2019 3:21:41 Dijo:  
25/06/2019 3:21:52 Dijo: vas dopado no?
25/06/2019 3:21:59 Dijo:  
25/06/2019 3:22:03 Dijo: metem espedazo
25/06/2019 3:22:05 Dijo: aver si fallas
25/06/2019 3:22:08 Dijo:  
25/06/2019 3:22:11 Dijo:  
25/06/2019 3:22:20 Dijo: PEGame
25/06/2019 3:22:24 Dijo:  
25/06/2019 3:22:26 Dijo:  
25/06/2019 3:22:29 Dijo:  
25/06/2019 3:22:30 Dijo:  
25/06/2019 3:22:31 Dijo:  
25/06/2019 3:22:34 Dijo:  
25/06/2019 3:23:07 Dijo:  /revivir
25/06/2019 3:24:04 Dijo:  
25/06/2019 3:24:22 Dijo:  
25/06/2019 3:24:32 Dijo:  
25/06/2019 3:25:03 Dijo:  
25/06/2019 3:25:09 Dijo:  
25/06/2019 3:25:13 Dijo:  
25/06/2019 3:25:19 Dijo:  
25/06/2019 3:25:23 Dijo:  
25/06/2019 3:25:23 Dijo:  
25/06/2019 3:25:26 Dijo:  
25/06/2019 3:25:29 Dijo:  
25/06/2019 3:25:30 Dijo:  
25/06/2019 3:25:32 Dijo:  
25/06/2019 3:25:33 Dijo: uuu
25/06/2019 3:25:34 Dijo:  
25/06/2019 3:25:49 Dijo:  
25/06/2019 3:25:51 Dijo:  
25/06/2019 3:25:54 Dijo:  
25/06/2019 3:26:03 Dijo:  
25/06/2019 3:26:05 Dijo:  
25/06/2019 15:22:55 Dijo:  
25/06/2019 15:22:56 Dijo:  
25/06/2019 15:23:25 Dijo: aca
25/06/2019 15:23:34 Dijo: ah te re sarpaste
25/06/2019 15:23:42 Dijo: igual el sv este es temporal y esta en francia
25/06/2019 15:23:49 Dijo: porq lo puso para testear
25/06/2019 15:23:51 Dijo: x eso te va mal
25/06/2019 15:23:59 Dijo: decime q magias te compro
25/06/2019 15:24:08 Dijo: y q clase es eso
25/06/2019 15:24:10 Dijo: groso
25/06/2019 15:24:23 Dijo: yo cree todos
25/06/2019 15:24:27 Dijo: pero solo testie mago hast aahora
25/06/2019 15:24:32 Dijo: mago contra mago, mago contra druida
25/06/2019 15:24:41 Dijo: los probe a 35 y a 45
25/06/2019 15:24:49 Dijo: metete discord
25/06/2019 15:24:53 Dijo: toy en el canal testing
25/06/2019 15:27:34 Dijo: no te escucho gato
25/06/2019 15:27:49 Dijo: Q ONDA GATO
25/06/2019 15:27:51 Dijo: ARREGLA ESE MICRO PA
25/06/2019 15:34:44 Dijo: wtf
25/06/2019 15:34:55 Dijo: esta ultima cual era
25/06/2019 15:34:56 Dijo: +3
25/06/2019 15:34:58 Dijo: listo
25/06/2019 15:35:05 Dijo: hablo asi xq tengo mi amigo al lado ql abura
25/06/2019 15:35:06 Dijo: pega
25/06/2019 15:35:08 Dijo:  
25/06/2019 15:35:12 Dijo: ok
25/06/2019 15:35:15 Dijo: a ver la tabla de duncan q onda
25/06/2019 15:35:17 Dijo: si esta bien
25/06/2019 15:35:21 Dijo: 1 toke
25/06/2019 15:38:04 Dijo: igual puede ser q la heken o isis rindan con otro arco, no se
25/06/2019 15:38:35 Dijo: proba
25/06/2019 15:38:54 Dijo: tremenda pija
25/06/2019 15:38:57 Dijo: tas dopado
25/06/2019 15:39:14 Dijo: alta vergaaaaaaaaaa
25/06/2019 15:39:20 Dijo: dale
25/06/2019 15:39:32 Dijo: bastantae bien
25/06/2019 15:39:34 Dijo: seee
25/06/2019 15:39:44 Dijo:  
25/06/2019 15:39:45 Dijo:  
25/06/2019 15:39:46 Dijo:  
25/06/2019 15:39:47 Dijo:  
25/06/2019 15:39:49 Dijo:  
25/06/2019 15:40:00 Dijo: no encuentro las tablas q paso duncan
25/06/2019 15:40:27 Dijo: con que eseso
25/06/2019 15:40:36 Dijo: +3 y arco cual
25/06/2019 15:40:43 Dijo: ajjaja
25/06/2019 15:40:45 Dijo: ah no sos 1 toga
25/06/2019 15:40:53 Dijo: mandale
25/06/2019 15:40:54 Dijo: pega
25/06/2019 15:41:34 Dijo: alto embrujo
25/06/2019 15:41:59 Dijo: el arco de oro dice duncan q es el mejor en teoria
25/06/2019 15:42:04 Dijo: esta ese?
25/06/2019 15:42:43 Dijo: <<
25/06/2019 15:43:43 Dijo: heken tas usando?
25/06/2019 15:43:51 Dijo: ahm
25/06/2019 15:43:54 Dijo: no te deja usar heekn?
25/06/2019 15:43:57 Dijo: jaja
25/06/2019 15:43:58 Dijo: la ptm
25/06/2019 15:43:59 Dijo: esta re bug
25/06/2019 15:44:28 Dijo: pega como 15 mas con la +3
25/06/2019 15:44:30 Dijo: re bug
25/06/2019 15:44:34 Dijo: para
25/06/2019 15:44:36 Dijo: q lo escribo
25/06/2019 15:45:43 Dijo: asi no podemos testear na verga
25/06/2019 15:45:47 Dijo: esta re bug todo
25/06/2019 15:45:49 Dijo: jaja
25/06/2019 15:46:25 Dijo: guerre con diabolica podemos ver
25/06/2019 15:46:28 Dijo: q onda el golpe
25/06/2019 15:46:36 Dijo: loguea en guerreorco pass asdasd
25/06/2019 15:47:35 Dijo: no encuentro la diabolica la reptm jaja
25/06/2019 15:48:14 Dijo:  
25/06/2019 15:48:48 Dijo: sagrada?
25/06/2019 15:48:49 Dijo: JAJA
25/06/2019 15:48:51 Dijo: de donde sacaste
25/06/2019 15:48:59 Dijo: ah posta
25/06/2019 15:49:05 Dijo: comprate unos dopes algo
25/06/2019 15:49:10 Dijo: se
25/06/2019 15:49:51 Dijo: todo cortado te escucho parece un telefono roto 
25/06/2019 15:50:09 Dijo: comprate unos megas
25/06/2019 15:50:11 Dijo: la ctm
25/06/2019 15:50:14 Dijo: todo cortado
25/06/2019 15:50:15 Dijo: haha
25/06/2019 15:50:18 Dijo:  
25/06/2019 15:50:26 Dijo: comprate ropa
25/06/2019 15:50:27 Dijo: gatin
25/06/2019 15:50:29 Dijo:  
25/06/2019 15:51:19 Dijo: tardamos 2 siglos si probamos todo
25/06/2019 15:51:29 Dijo: tan locso
25/06/2019 15:51:36 Dijo: hm
25/06/2019 15:51:45 Dijo: na son demasiado petes
25/06/2019 15:51:49 Dijo: ayer le tuve q decir de poner todo
25/06/2019 15:51:52 Dijo: duermen los flacos
25/06/2019 15:52:01 Dijo: cucha
25/06/2019 15:52:03 Dijo: me haces verga con ese pj
25/06/2019 15:52:06 Dijo: no puedo hacer nada xD
25/06/2019 15:52:12 Dijo: a ver vos cuanto te quedas con 1 nucle
25/06/2019 15:52:24 Dijo: no tenes rm?
25/06/2019 15:52:25 Dijo: y bancas?
25/06/2019 15:52:29 Dijo: tomatela jaja
25/06/2019 15:52:46 Dijo: 0 rm?
25/06/2019 15:52:51 Dijo: na bludo
25/06/2019 15:52:53 Dijo: no pega una pija nucle
25/06/2019 15:52:58 Dijo: dale
25/06/2019 15:53:01 Dijo:  
25/06/2019 15:53:18 Dijo: JAJA
25/06/2019 15:53:19 Dijo: we si pego igual
25/06/2019 15:53:35 Dijo: 20-30 menos
25/06/2019 15:53:38 Dijo: con cuanto de rm?
25/06/2019 15:53:43 Dijo: cuanto
25/06/2019 15:53:44 Dijo: ?
25/06/2019 15:53:46 Dijo: todo cortado 
25/06/2019 15:53:50 Dijo:  
25/06/2019 15:53:51 Dijo: NA BOLUDO
25/06/2019 15:53:52 Dijo: WTF
25/06/2019 15:54:18 Dijo: ahi lo escribi en discord
25/06/2019 15:54:20 Dijo: mas bugs no habian
25/06/2019 15:54:36 Dijo: provba a moverte
25/06/2019 15:54:38 Dijo: sabe
25/06/2019 15:54:40 Dijo:  
25/06/2019 15:54:44 Dijo:  
25/06/2019 15:54:49 Dijo: a los bichos dura tipo 2min
25/06/2019 15:54:53 Dijo: lo re bajaron
25/06/2019 15:54:58 Dijo: a ver q onda al pj
25/06/2019 15:55:00 Dijo: demasiado
25/06/2019 15:55:01 Dijo: XD
25/06/2019 15:55:02 Dijo:  
25/06/2019 15:55:04 Dijo:  
25/06/2019 15:55:08 Dijo:  
25/06/2019 15:55:17 Dijo: ta bien
25/06/2019 15:55:18 Dijo: no es mucho
25/06/2019 15:55:30 Dijo: hm
25/06/2019 15:55:33 Dijo: habia una q duraba re poco si
25/06/2019 15:55:46 Dijo: 70 te pego de rayo
25/06/2019 15:55:48 Dijo: un chiste boludo
25/06/2019 15:55:50 Dijo: te bajo el año siguiente
25/06/2019 15:56:00 Dijo: wtf
25/06/2019 15:56:01 Dijo: 35
25/06/2019 15:56:15 Dijo: termino mana xD
25/06/2019 15:56:26 Dijo: yata
25/06/2019 15:56:29 Dijo: jajaja
25/06/2019 15:56:31 Dijo: olvidate
25/06/2019 15:56:33 Dijo: cualquiera jaja
25/06/2019 15:56:42 Dijo: hm
25/06/2019 15:56:44 Dijo: 2140
25/06/2019 15:56:48 Dijo: mago elfo
25/06/2019 15:56:52 Dijo: 235 vida
25/06/2019 15:57:05 Dijo: q mas podemos probar
25/06/2019 15:57:15 Dijo: si imposible
25/06/2019 15:57:19 Dijo: mas siendo solo 2 jajaj
25/06/2019 15:57:28 Dijo: hm
25/06/2019 15:57:30 Dijo: toy pensando pjs
25/06/2019 15:57:33 Dijo: porq asi vamos descubriendo bugs
25/06/2019 15:57:40 Dijo: erik hasta julio no tiene inet
25/06/2019 15:57:44 Dijo: internet
25/06/2019 15:57:46 Dijo: no pago el toga
25/06/2019 15:57:51 Dijo: igual
25/06/2019 15:57:54 Dijo: ase ya esta probado
25/06/2019 15:57:59 Dijo: si queres loguear
25/06/2019 15:58:00 Dijo: esta rotisimo
25/06/2019 15:58:05 Dijo: asehum pass asdasd
25/06/2019 15:58:09 Dijo: xd
25/06/2019 15:58:14 Dijo: qdejame ver q onda
25/06/2019 15:58:23 Dijo: mago hobbit proba
25/06/2019 15:58:33 Dijo: magohobbit pass asdasd
25/06/2019 15:59:06 Dijo: quedate 35
25/06/2019 16:01:22 Dijo: mal
25/06/2019 16:03:54 Dijo:  
25/06/2019 16:04:08 Dijo:  
25/06/2019 16:04:12 Dijo:  
25/06/2019 16:04:15 Dijo:  
25/06/2019 16:04:16 Dijo:  
25/06/2019 16:04:29 Dijo: 75 o 86
25/06/2019 16:04:45 Dijo: q mana y vida
25/06/2019 16:05:16 Dijo: f7
25/06/2019 16:05:28 Dijo: wtf
25/06/2019 16:05:40 Dijo: tengo 85rm
25/06/2019 16:05:47 Dijo:  
25/06/2019 16:05:56 Dijo:  
25/06/2019 16:06:23 Dijo: no afectan
25/06/2019 16:06:26 Dijo: y van por lvl como antes
25/06/2019 16:06:29 Dijo: 25-35 etc
25/06/2019 16:06:36 Dijo:  
25/06/2019 16:06:40 Dijo: 1 verga
25/06/2019 16:07:04 Dijo: el pala no testeamos
25/06/2019 16:07:06 Dijo: la unica
25/06/2019 16:07:26 Dijo: x e llag
25/06/2019 16:07:28 Dijo: jaaj
25/06/2019 16:07:34 Dijo: igual no tiene sentido ni duelar
25/06/2019 16:07:38 Dijo: porq ta todo bugeado
25/06/2019 16:07:45 Dijo: es realmente empezar de 0 lo q tamos haciendo
25/06/2019 16:07:50 Dijo: no se q hicieron estos meses xD
25/06/2019 16:07:55 Dijo: agregaron un par de sistemas y chau
25/06/2019 16:08:05 Dijo: re sarpado!! wow
25/06/2019 16:08:07 Dijo: hdps
25/06/2019 16:08:11 Dijo:  
25/06/2019 16:08:13 Dijo:  
25/06/2019 16:08:14 Dijo:  
25/06/2019 16:08:53 Dijo:  
25/06/2019 16:08:54 Dijo:  
25/06/2019 16:08:55 Dijo:  
25/06/2019 16:08:57 Dijo:  
25/06/2019 16:09:03 Dijo: ta cheto el sistema para en ciudad pasarlo
25/06/2019 16:09:09 Dijo: pero es una pija fuera de ciudad
25/06/2019 16:09:17 Dijo: yo te puedo tirar potas alla
25/06/2019 16:09:20 Dijo: y te distraigo
25/06/2019 16:09:24 Dijo: y me voy para aca a pasar potas
25/06/2019 16:09:31 Dijo: o cosas asi
25/06/2019 16:09:33 Dijo: no tiene sentido
25/06/2019 16:09:39 Dijo: pero ellos estaban super motivados con este sistema
25/06/2019 16:09:47 Dijo: yo no se :/
25/06/2019 16:09:59 Dijo:  
25/06/2019 16:10:19 Dijo: IMPOSIBLE 1x1
25/06/2019 16:10:21 Dijo: hay 800 tunicas
25/06/2019 16:10:24 Dijo: y me pide eso
25/06/2019 16:10:25 Dijo: la re csm
25/06/2019 16:10:33 Dijo: yo soy mago y puedo usar armadura de dragon
25/06/2019 16:10:37 Dijo: casi todas las armaduras puedo usar
25/06/2019 16:10:41 Dijo: es cualquiera
25/06/2019 16:10:47 Dijo: q se pongan las pilas
25/06/2019 16:10:49 Dijo: o sale el año q viene
25/06/2019 16:10:54 Dijo:  
25/06/2019 16:10:55 Dijo:  
25/06/2019 16:10:56 Dijo:  
25/06/2019 16:11:01 Dijo: como te va de fps
25/06/2019 16:11:11 Dijo: bien
25/06/2019 16:11:12 Dijo: mira es te bug
25/06/2019 16:11:13 Dijo: veni
25/06/2019 16:11:17 Dijo: aca
25/06/2019 16:11:19 Dijo: gasta mana
25/06/2019 16:11:22 Dijo: curate o algo
25/06/2019 16:11:29 Dijo: ahora apreta f7
25/06/2019 16:11:32 Dijo: y camina para arriba
25/06/2019 16:11:41 Dijo: q onda
25/06/2019 16:11:43 Dijo: apreta f7
25/06/2019 16:11:45 Dijo: y camina para un lado
25/06/2019 16:11:51 Dijo: ASJKASJK
25/06/2019 16:11:52 Dijo: donde fuiste
25/06/2019 16:11:55 Dijo: JAJA
25/06/2019 16:11:56 Dijo: sarpado
25/06/2019 16:12:17 Dijo:  
25/06/2019 16:12:21 Dijo:  
25/06/2019 16:12:23 Dijo:  
25/06/2019 16:12:30 Dijo:  uuu
25/06/2019 16:12:34 Dijo:  
25/06/2019 16:12:45 Dijo:  
25/06/2019 16:12:50 Dijo:  
25/06/2019 16:12:52 Dijo: uuu 
25/06/2019 16:12:53 Dijo:  
25/06/2019 16:12:58 Dijo:  
25/06/2019 16:13:00 Dijo:  
25/06/2019 16:13:02 Dijo:  
25/06/2019 16:13:03 Dijo:  
25/06/2019 16:13:04 Dijo:  
25/06/2019 16:13:06 Dijo:  
25/06/2019 16:13:08 Dijo:  
25/06/2019 16:13:09 Dijo:  
25/06/2019 16:13:13 Dijo:  
25/06/2019 16:13:14 Dijo:  
25/06/2019 16:13:16 Dijo:  
25/06/2019 16:13:22 Dijo:  
25/06/2019 16:14:30 Dijo: apleno
25/06/2019 16:14:34 Dijo: q ana
25/06/2019 16:14:35 Dijo: mana
25/06/2019 16:14:44 Dijo: tampoco tanta
25/06/2019 16:14:46 Dijo: ajkssjka
25/06/2019 16:14:48 Dijo: esa vida un chiste
25/06/2019 16:14:54 Dijo: tehngo mas yo siendo elfo 35
25/06/2019 16:15:06 Dijo: se
25/06/2019 16:15:09 Dijo: es piola
25/06/2019 16:15:48 Dijo: aver tira
25/06/2019 16:15:56 Dijo: 3 nucles'
25/06/2019 16:16:08 Dijo: q lvl es
25/06/2019 16:16:13 Dijo: EPA
25/06/2019 16:16:15 Dijo: llaman las tagas
25/06/2019 16:17:15 Dijo:  
25/06/2019 16:17:16 Dijo:  
25/06/2019 16:17:28 Dijo:  
25/06/2019 16:17:35 Dijo: puede ser igual
25/06/2019 16:17:39 Dijo: q vos tengas el cliente q todavia tiene el poteo rapido
25/06/2019 16:17:47 Dijo: activa el audio y escucha tu poteo aver si es rapido o no
25/06/2019 16:18:07 Dijo: hay un click invisible
25/06/2019 16:18:10 Dijo: un boton invisible
25/06/2019 16:18:32 Dijo: Q MIERDA ES ESO
25/06/2019 16:18:37 Dijo: ME CAGUE TODFO
25/06/2019 16:18:45 Dijo: AHNONO
25/06/2019 16:18:48 Dijo: ESTA MIERDA ES LA LLUVIA?=
25/06/2019 16:18:52 Dijo: ME TAS CARGANDO?
25/06/2019 16:18:57 Dijo: Q CAE LLUVIA ACIDA
25/06/2019 16:19:05 Dijo: JAJAJA
25/06/2019 16:19:07 Dijo: WTFF
25/06/2019 16:19:39 Dijo: q desastreeeeeeeeeeee
25/06/2019 16:19:41 Dijo: todo bugggggggggggg
25/06/2019 16:19:53 Dijo:  
25/06/2019 16:19:55 Dijo:  
25/06/2019 16:19:57 Dijo:  
25/06/2019 16:19:58 Dijo:  
25/06/2019 16:20:06 Dijo: almenos aguantas doble rayo
25/06/2019 16:20:16 Dijo: JAJA
25/06/2019 16:20:17 Dijo: mal
25/06/2019 16:20:21 Dijo: creo q si hacen todo de cero
25/06/2019 16:20:39 Dijo: ya me canse
25/06/2019 16:20:42 Dijo: no hay nada q testear
25/06/2019 16:20:44 Dijo: XD
25/06/2019 16:20:49 Dijo: es q no hay mas
25/06/2019 16:20:55 Dijo: mal
25/06/2019 16:20:57 Dijo: tanre borra2
25/06/2019 16:21:07 Dijo: nos hablamos toga
25/06/2019 16:21:11 Dijo: cuidat
25/06/2019 16:21:14 Dijo:  
25/06/2019 16:21:16 Dijo:  
25/06/2019 16:21:18 Dijo:  
25/06/2019 16:21:19 Dijo:  
25/06/2019 20:49:19 Dijo: uuuuuuuuuuuu
25/06/2019 20:49:20 Dijo: u
25/06/2019 20:49:30 Dijo: uuuuuuuuuuu
25/06/2019 20:50:14 Dijo: vende pue
25/06/2019 20:50:19 Dijo: aguanta
25/06/2019 20:50:58 Dijo: no lo veo apoca
25/06/2019 20:51:05 Dijo: nucle digo
25/06/2019 20:51:20 Dijo: a
25/06/2019 20:51:27 Dijo: perame
28/06/2019 2:55:09 Dijo:  
28/06/2019 2:55:50 Dijo:  
28/06/2019 2:56:47 Dijo:  
28/06/2019 2:58:09 Dijo:  
28/06/2019 2:58:11 Dijo:  
28/06/2019 2:58:14 Dijo:  
28/06/2019 2:58:21 Dijo:  
28/06/2019 2:58:51 Dijo:  
28/06/2019 2:59:25 Dijo:  
28/06/2019 2:59:27 Dijo:  
28/06/2019 2:59:32 Dijo:  
28/06/2019 2:59:36 Dijo: uu
28/06/2019 2:59:38 Dijo:  uuu
28/06/2019 2:59:39 Dijo:  
28/06/2019 2:59:49 Dijo: klk
28/06/2019 3:00:39 Dijo:  
28/06/2019 3:00:41 Dijo:  
28/06/2019 3:01:24 Dijo:  
28/06/2019 3:01:33 Dijo:  
28/06/2019 3:02:10 Dijo:  
28/06/2019 3:02:25 Dijo:  
28/06/2019 3:02:26 Dijo:  
28/06/2019 3:02:29 Dijo:  
28/06/2019 3:02:30 Dijo:  
28/06/2019 3:02:31 Dijo:  
28/06/2019 3:02:36 Dijo: pos claro
28/06/2019 3:02:38 Dijo: el mago chato
28/06/2019 3:02:42 Dijo: despues de 3 horas de espera del sv caido
28/06/2019 3:02:47 Dijo: ctm
28/06/2019 3:02:53 Dijo: cuyalo
28/06/2019 3:03:00 Dijo: cual de todos
28/06/2019 3:03:17 Dijo: ok
28/06/2019 3:03:20 Dijo: pero sin cerrar cliente
28/06/2019 3:03:27 Dijo:  
28/06/2019 3:03:27 Dijo:  
28/06/2019 3:03:31 Dijo: man es alta paja
28/06/2019 3:03:34 Dijo: tarda 10 segundos esta poronga
28/06/2019 3:03:38 Dijo: en salirse
28/06/2019 3:03:39 Dijo: echanos entonces
28/06/2019 3:03:44 Dijo: WTF
28/06/2019 3:03:46 Dijo:  
28/06/2019 3:03:47 Dijo:  
28/06/2019 3:03:59 Dijo: amigo
28/06/2019 3:04:02 Dijo: aver
28/06/2019 3:04:06 Dijo: q nos das para la ofi a cambio?
28/06/2019 3:04:11 Dijo: AJJJAJA
28/06/2019 3:04:12 Dijo: sabeee
28/06/2019 3:04:17 Dijo: :)
28/06/2019 3:04:20 Dijo: xD
28/06/2019 3:04:22 Dijo: :)
28/06/2019 3:04:23 Dijo: XD
28/06/2019 3:04:24 Dijo:  
28/06/2019 3:04:24 Dijo: GO
28/06/2019 3:04:25 Dijo:  
28/06/2019 3:04:29 Dijo: lir
28/06/2019 3:04:31 Dijo: no se puede ni salir
28/06/2019 3:04:33 Dijo: ctm jajaja
28/06/2019 3:04:38 Dijo: ta bugeado o q onda
28/06/2019 3:04:42 Dijo: tenes q salirte vos del amap creo
28/06/2019 3:05:07 Dijo:  
01/07/2019 2:56:33 Dijo: dasdas
01/07/2019 2:56:33 Dijo:  
04/07/2019 22:01:00 Dijo: asdasdasd
04/07/2019 22:01:01 Dijo: asd
04/07/2019 22:01:01 Dijo: asd
04/07/2019 22:01:03 Dijo: Na
04/07/2019 22:01:04 Dijo: que onda
04/07/2019 22:01:04 Dijo: asd
04/07/2019 22:01:05 Dijo: asddasd
04/07/2019 22:01:06 Dijo:  
04/07/2019 22:01:07 Dijo:  
04/07/2019 22:01:08 Dijo: asd
04/07/2019 22:01:08 Dijo: a 
04/07/2019 22:01:10 Dijo: lvl up
04/07/2019 22:01:13 Dijo: lvl up!
04/07/2019 22:01:14 Dijo: vl up!
04/07/2019 22:01:14 Dijo:  
04/07/2019 22:03:35 Dijo:  
04/07/2019 22:03:41 Dijo:  
