28/06/2019 19:19:48 Dijo:  
28/06/2019 19:19:53 Dijo:  
28/06/2019 19:19:59 Dijo:  
28/06/2019 19:20:19 Dijo:  
28/06/2019 19:20:23 Dijo:  
28/06/2019 19:20:32 Dijo:  
28/06/2019 19:22:02 Dijo:  
28/06/2019 19:22:37 Dijo:  
28/06/2019 19:23:34 Dijo:  
28/06/2019 19:23:38 Dijo:  
28/06/2019 19:23:40 Dijo:  
29/06/2019 10:14:53 Dijo:  
29/06/2019 10:14:58 Dijo:  
29/06/2019 10:14:59 Dijo:  
29/06/2019 10:15:00 Dijo:  
29/06/2019 10:17:49 Dijo:  
29/06/2019 10:25:29 Dijo:  
29/06/2019 10:39:45 Dijo:  
29/06/2019 10:39:53 Dijo:  
29/06/2019 10:39:56 Dijo:  
29/06/2019 10:48:11 Dijo:  
29/06/2019 10:48:12 Dijo:  
29/06/2019 10:50:18 Dijo:  
29/06/2019 10:50:43 Dijo:  
29/06/2019 10:50:50 Dijo:  
29/06/2019 10:50:51 Dijo:  
29/06/2019 10:50:53 Dijo:  
29/06/2019 10:50:55 Dijo:  
29/06/2019 11:32:03 Dijo:  
29/06/2019 11:32:21 Dijo:  
29/06/2019 11:34:15 Dijo: 40
29/06/2019 11:34:27 Dijo: oki
29/06/2019 11:34:46 Dijo: vente al 35 
29/06/2019 11:34:49 Dijo: tienes resu?
29/06/2019 11:34:55 Dijo:  
29/06/2019 11:35:05 Dijo: xd
29/06/2019 11:35:09 Dijo:  
29/06/2019 11:35:14 Dijo: jaajaj
29/06/2019 11:35:28 Dijo:  
29/06/2019 11:35:30 Dijo:  
29/06/2019 11:35:32 Dijo: eres?
29/06/2019 11:35:40 Dijo:  mm
29/06/2019 11:35:42 Dijo:  
29/06/2019 11:35:43 Dijo: lvl?
29/06/2019 11:35:47 Dijo:  
29/06/2019 11:35:52 Dijo: vaya
29/06/2019 11:35:57 Dijo: pero aguantas nucle apoca 
29/06/2019 11:36:05 Dijo: ya
29/06/2019 11:36:13 Dijo: Hay unas tablas ancladas en discord
29/06/2019 11:36:22 Dijo: para que veas el daño de cada clase
29/06/2019 11:36:34 Dijo: pues
29/06/2019 11:36:38 Dijo:  
29/06/2019 11:36:49 Dijo: vale
29/06/2019 11:36:52 Dijo: vete a balance clases
29/06/2019 11:36:59 Dijo: Y arriba a la derecha en el pin
29/06/2019 11:37:02 Dijo: sip
29/06/2019 11:38:12 Dijo:  
29/06/2019 11:38:13 Dijo: un s
29/06/2019 11:38:15 Dijo:  
29/06/2019 11:38:16 Dijo:  
29/06/2019 19:35:43 Dijo: xD
29/06/2019 19:35:54 Dijo: mu be
29/06/2019 19:36:01 Dijo: dime lo que hay escrito
29/06/2019 19:36:12 Dijo: vente para testing
29/06/2019 20:05:44 Dijo: si estoy aqui xd
29/06/2019 20:05:50 Dijo: okay
29/06/2019 20:05:51 Dijo: thx
29/06/2019 20:05:59 Dijo: gracias
29/06/2019 20:21:15 Dijo:  
29/06/2019 20:21:28 Dijo:  
29/06/2019 20:24:52 Dijo:  
29/06/2019 20:26:48 Dijo:  
29/06/2019 20:26:49 Dijo:  
29/06/2019 20:26:50 Dijo:  
29/06/2019 20:26:50 Dijo:  
29/06/2019 20:26:50 Dijo:  
29/06/2019 20:26:50 Dijo:  
29/06/2019 20:27:13 Dijo:  
29/06/2019 20:27:20 Dijo:  
29/06/2019 20:27:43 Dijo:  
29/06/2019 20:27:44 Dijo:  
29/06/2019 20:27:46 Dijo:  
29/06/2019 20:27:46 Dijo:  
29/06/2019 20:27:58 Dijo:  
29/06/2019 20:28:00 Dijo:  
29/06/2019 20:28:01 Dijo:  
29/06/2019 20:28:21 Dijo:  
29/06/2019 20:28:23 Dijo:  
29/06/2019 20:28:23 Dijo:  
29/06/2019 20:28:25 Dijo:  
29/06/2019 20:28:27 Dijo:  
29/06/2019 20:28:37 Dijo:  
29/06/2019 20:28:38 Dijo:  
29/06/2019 20:28:39 Dijo:  
29/06/2019 20:28:41 Dijo:  
29/06/2019 20:28:43 Dijo:  
29/06/2019 20:28:49 Dijo:  
29/06/2019 20:29:16 Dijo:  
29/06/2019 20:29:21 Dijo:  
29/06/2019 20:29:22 Dijo:  
29/06/2019 20:29:25 Dijo:  
29/06/2019 20:29:28 Dijo:  
29/06/2019 20:30:17 Dijo:  
29/06/2019 20:30:19 Dijo:  
29/06/2019 20:30:34 Dijo:  
29/06/2019 20:30:43 Dijo:  
29/06/2019 20:30:45 Dijo:  
29/06/2019 20:30:46 Dijo:  
29/06/2019 20:30:47 Dijo:  
29/06/2019 20:30:53 Dijo:  
29/06/2019 20:30:55 Dijo:  
29/06/2019 20:33:03 Dijo:  
29/06/2019 20:33:05 Dijo:  
29/06/2019 20:33:08 Dijo:  
29/06/2019 20:33:09 Dijo:  
29/06/2019 21:01:52 Dijo:  
29/06/2019 21:02:29 Dijo:  
29/06/2019 21:09:07 Dijo:  
29/06/2019 21:10:17 Dijo:  
29/06/2019 21:11:36 Dijo: lil
29/06/2019 21:18:23 Dijo:  
29/06/2019 21:18:25 Dijo:  
29/06/2019 21:18:39 Dijo:  
29/06/2019 21:18:42 Dijo:  
29/06/2019 21:18:46 Dijo:  
29/06/2019 21:19:21 Dijo:  
29/06/2019 21:19:22 Dijo:  
29/06/2019 21:19:47 Dijo:  
29/06/2019 21:19:48 Dijo:  
29/06/2019 21:20:13 Dijo: asas
29/06/2019 21:20:14 Dijo:  
29/06/2019 21:22:47 Dijo:  
29/06/2019 21:22:52 Dijo:  
29/06/2019 21:28:12 Dijo: tengo rojas
29/06/2019 21:28:46 Dijo:  
30/06/2019 20:31:12 Dijo:  
30/06/2019 20:32:06 Dijo:  
30/06/2019 20:32:23 Dijo:  
