25/06/2019 0:34:02 Dijo: seth
25/06/2019 0:34:11 Dijo: uso pociones verdes
25/06/2019 0:34:21 Dijo: mi fuerza llega a 35 y se acaba en 2sg
25/06/2019 0:34:31 Dijo: la agilidad es igual
25/06/2019 0:34:33 Dijo: la fuerza no
25/06/2019 0:35:18 Dijo: uhmm
25/06/2019 0:35:19 Dijo: Conquer
25/06/2019 0:35:23 Dijo: oye
25/06/2019 0:35:27 Dijo: cuando fps llevas¡?
25/06/2019 0:35:39 Dijo: ¡¡
25/06/2019 0:35:40 Dijo: ??
25/06/2019 0:35:45 Dijo: cuantos
25/06/2019 0:35:47 Dijo: fps llevas
25/06/2019 0:35:58 Dijo: y  el puntero
25/06/2019 0:36:02 Dijo: cuando intentas tirar echizos
25/06/2019 0:36:04 Dijo: te va bien?
25/06/2019 0:36:11 Dijo: igual que antes?
25/06/2019 0:36:23 Dijo: ah
25/06/2019 0:36:40 Dijo: y tiras igual que en versiones anteriores
25/06/2019 0:36:55 Dijo: uhmm
25/06/2019 0:37:24 Dijo: como 
25/06/2019 0:37:25 Dijo: es
25/06/2019 0:37:27 Dijo: carajo
25/06/2019 0:37:29 Dijo: dejame ver yo
25/06/2019 0:37:39 Dijo: nma
25/06/2019 0:37:40 Dijo: me jode
25/06/2019 0:37:41 Dijo: jajaja
25/06/2019 0:37:43 Dijo: Si
25/06/2019 0:37:48 Dijo: me sale asi
25/06/2019 0:37:52 Dijo: mi inter
25/06/2019 0:38:00 Dijo: 200 fps
25/06/2019 0:38:11 Dijo: 142 fps va ahora
25/06/2019 0:38:17 Dijo: mientras menos debe ser mejor no
25/06/2019 0:38:24 Dijo: en serio?
25/06/2019 0:38:29 Dijo: carajo
25/06/2019 0:38:31 Dijo: que mal
25/06/2019 0:38:35 Dijo: como miro pin
25/06/2019 0:38:36 Dijo: Ping
25/06/2019 0:38:59 Dijo: esta bien
25/06/2019 0:39:00 Dijo: gracias
25/06/2019 0:39:05 Dijo: veo algo
25/06/2019 0:39:18 Dijo: hmm
25/06/2019 0:39:19 Dijo: creo que no
25/06/2019 0:39:24 Dijo: pero tmpoco es buena
25/06/2019 0:39:26 Dijo: tiene 4 de ram
25/06/2019 0:39:35 Dijo: y la tarjeta de video no se si me da problemas
25/06/2019 0:39:42 Dijo: Si
25/06/2019 0:39:53 Dijo: como pongo
25/06/2019 0:39:57 Dijo: ah
25/06/2019 0:40:06 Dijo: me tira 200
25/06/2019 0:40:18 Dijo: que mal
25/06/2019 0:40:27 Dijo: que mal
25/06/2019 0:40:28 Dijo: me va fatal
25/06/2019 0:40:31 Dijo: capaz
25/06/2019 0:40:36 Dijo: R,d
25/06/2019 0:40:40 Dijo: DONDE MEJOR debe ir
25/06/2019 0:40:41 Dijo: asd
25/06/2019 0:40:45 Dijo: claro
25/06/2019 0:40:46 Dijo: 5 mg
25/06/2019 0:40:51 Dijo: pero va fatal
25/06/2019 0:41:07 Dijo: si antes lo era asi
25/06/2019 0:41:11 Dijo: casi
25/06/2019 0:41:16 Dijo:  
25/06/2019 0:41:18 Dijo:  
25/06/2019 0:41:19 Dijo: asd
25/06/2019 0:41:20 Dijo:  
25/06/2019 0:41:21 Dijo:  
25/06/2019 0:53:07 Dijo: matalo
25/06/2019 0:53:18 Dijo: nmira
25/06/2019 0:53:21 Dijo: sobre el ocultar
25/06/2019 0:53:34 Dijo: ah
25/06/2019 0:53:35 Dijo: esta bien
25/06/2019 0:53:37 Dijo: asi mucho mejor
25/06/2019 1:04:31 Dijo: asd
25/06/2019 1:04:39 Dijo: uhh
25/06/2019 1:04:40 Dijo: per
25/06/2019 1:04:41 Dijo: pero
25/06/2019 1:04:51 Dijo: se me quedo en tiempo invisble 9 segundos
25/06/2019 1:04:55 Dijo: Conquer
25/06/2019 1:04:59 Dijo: no baja 
25/06/2019 1:05:04 Dijo: bardo
25/06/2019 1:05:08 Dijo: sali del dugeon y no puedo entrar jaja
25/06/2019 1:05:16 Dijo: 10 sg
25/06/2019 1:05:19 Dijo: se queda en 8
25/06/2019 1:05:22 Dijo: 9
25/06/2019 1:05:28 Dijo: pero se me quita
25/06/2019 1:05:35 Dijo: esta bien
25/06/2019 1:05:41 Dijo: ya la puse
25/06/2019 1:05:48 Dijo: Si llevame
25/06/2019 1:05:49 Dijo: pero
25/06/2019 1:05:53 Dijo: pongo uina foto?
25/06/2019 1:06:24 Dijo: mira
25/06/2019 1:06:27 Dijo: hare un video
25/06/2019 1:06:30 Dijo: de 10 segundos
25/06/2019 1:06:34 Dijo: asi se explica mejor no?
25/06/2019 1:06:44 Dijo: esta bien
25/06/2019 1:06:52 Dijo: tambien
25/06/2019 1:07:05 Dijo: ??
25/06/2019 1:07:17 Dijo: gracias
25/06/2019 1:07:22 Dijo: sigo
25/06/2019 1:07:24 Dijo: Suerte
25/06/2019 1:07:29 Dijo: esta bien
25/06/2019 1:07:33 Dijo: de momenta todo bien
25/06/2019 1:07:35 Dijo: Si
25/06/2019 1:07:37 Dijo: oye
25/06/2019 1:07:39 Dijo: pero le pregunte
25/06/2019 1:07:41 Dijo: a ampere
25/06/2019 1:07:44 Dijo: que si puede meter
25/06/2019 1:07:46 Dijo: a mi hermano
25/06/2019 1:07:47 Dijo: al balance
25/06/2019 1:07:49 Dijo: asi me ayuda
25/06/2019 1:07:53 Dijo: pero no contesta
25/06/2019 1:07:56 Dijo: comentaselo
25/06/2019 1:08:03 Dijo: ah esta bien
25/06/2019 1:08:05 Dijo: gracias
25/06/2019 1:08:11 Dijo: dale
25/06/2019 1:24:34 Dijo:  
25/06/2019 1:30:35 Dijo: aaa
25/06/2019 1:39:11 Dijo: bien
25/06/2019 1:39:19 Dijo: barca?
25/06/2019 1:39:20 Dijo: Donde
25/06/2019 1:39:23 Dijo: la leño¡
25/06/2019 1:39:41 Dijo: gracias
25/06/2019 1:39:53 Dijo: bay
25/06/2019 1:47:50 Dijo: gm
25/06/2019 1:47:56 Dijo: estas
25/06/2019 2:12:59 Dijo: eee
25/06/2019 2:20:08 Dijo: gm
25/06/2019 2:20:17 Dijo: Esta?
25/06/2019 2:20:20 Dijo: okey
25/06/2019 2:20:22 Dijo: espero
25/06/2019 2:25:46 Dijo: Jesus santicimo
25/06/2019 2:26:28 Dijo: que lago
25/06/2019 2:26:28 Dijo: Perris dame oro
25/06/2019 3:00:42 Dijo: Ampere
25/06/2019 3:00:55 Dijo: Q
25/06/2019 3:00:57 Dijo:  
25/06/2019 3:00:59 Dijo: qien eres
25/06/2019 3:01:02 Dijo: ASD
25/06/2019 3:01:03 Dijo: cONQUER
25/06/2019 3:01:07 Dijo: Conquer
25/06/2019 3:01:08 Dijo: asd
25/06/2019 3:01:10 Dijo: Domincano
25/06/2019 3:01:13 Dijo:  
25/06/2019 3:01:15 Dijo: asd
25/06/2019 3:01:17 Dijo: puto max
25/06/2019 3:01:22 Dijo: lose
25/06/2019 3:01:26 Dijo: a mi lado esta gabriel
25/06/2019 3:01:29 Dijo: dame ami
25/06/2019 3:01:33 Dijo: que perdi todo
25/06/2019 3:01:38 Dijo: puedo tomar?
25/06/2019 3:01:48 Dijo: comercia
25/06/2019 3:02:05 Dijo: oro
25/06/2019 3:02:07 Dijo: quien eres?
25/06/2019 3:02:23 Dijo: Oro
25/06/2019 3:02:32 Dijo: ah
25/06/2019 3:02:34 Dijo: jevi eso}
25/06/2019 3:02:39 Dijo: max
25/06/2019 3:02:41 Dijo: e
25/06/2019 3:02:48 Dijo: ya
25/06/2019 3:03:10 Dijo: max
25/06/2019 3:03:18 Dijo: Ma
25/06/2019 3:03:24 Dijo: conquer
25/06/2019 3:03:28 Dijo: esta cenando
25/06/2019 3:03:34 Dijo: Soy gabriel mamon
25/06/2019 3:03:35 Dijo:  
25/06/2019 3:03:42 Dijo: jaja
25/06/2019 3:03:44 Dijo: pero
25/06/2019 3:03:47 Dijo: no hago nada
25/06/2019 3:03:55 Dijo: sad
25/06/2019 3:03:55 Dijo: asd
25/06/2019 3:03:56 Dijo: sad
25/06/2019 3:03:57 Dijo: asd
25/06/2019 3:03:59 Dijo: sad
25/06/2019 3:04:00 Dijo: asd
25/06/2019 3:04:01 Dijo: ad
25/06/2019 3:04:02 Dijo: sa
25/06/2019 3:04:03 Dijo: sad
25/06/2019 3:04:07 Dijo: llego
25/06/2019 3:04:16 Dijo: tengo qe levear
25/06/2019 3:04:20 Dijo: y apenas soy 13
25/06/2019 3:04:26 Dijo: no puedo
25/06/2019 3:04:45 Dijo: mi trabajo es levear desde  0000000
25/06/2019 3:04:56 Dijo: CXD
25/06/2019 3:04:59 Dijo: asd
25/06/2019 3:05:07 Dijo: por fin la vieja sagrada
25/06/2019 3:05:20 Dijo: sales con ella
25/06/2019 3:05:29 Dijo: Max
25/06/2019 17:49:11 Dijo:  
25/06/2019 17:49:25 Dijo:  
25/06/2019 17:49:34 Dijo:  
25/06/2019 19:44:24 Dijo:  
25/06/2019 19:44:38 Dijo:  
25/06/2019 19:44:45 Dijo:  uuu
25/06/2019 19:44:46 Dijo:  
25/06/2019 19:44:52 Dijo:  
25/06/2019 19:44:54 Dijo:  
25/06/2019 19:44:56 Dijo: uuu
25/06/2019 19:45:02 Dijo:  
25/06/2019 19:45:09 Dijo:   
25/06/2019 19:45:13 Dijo:  
25/06/2019 19:45:14 Dijo:  
25/06/2019 19:52:56 Dijo:  
25/06/2019 19:57:32 Dijo:  
25/06/2019 19:58:49 Dijo:  
25/06/2019 19:59:10 Dijo:  
25/06/2019 20:02:09 Dijo:  
25/06/2019 20:02:27 Dijo:  
25/06/2019 20:03:52 Dijo:  
25/06/2019 20:09:27 Dijo:  
25/06/2019 20:10:27 Dijo:  
25/06/2019 20:10:42 Dijo:  
25/06/2019 20:17:41 Dijo:  
25/06/2019 20:17:49 Dijo:  
25/06/2019 20:17:52 Dijo:  
25/06/2019 20:22:05 Dijo:                            
25/06/2019 20:22:37 Dijo:      
25/06/2019 20:22:44 Dijo:          
25/06/2019 20:22:49 Dijo:             
25/06/2019 20:22:55 Dijo:             
25/06/2019 20:22:58 Dijo:                         
25/06/2019 20:23:02 Dijo:            
25/06/2019 20:23:04 Dijo:  u
25/06/2019 20:23:14 Dijo:                
25/06/2019 20:23:16 Dijo:       
25/06/2019 20:23:19 Dijo:            
25/06/2019 20:23:22 Dijo:                                      
25/06/2019 20:23:30 Dijo:         
25/06/2019 20:23:33 Dijo:                    
25/06/2019 20:23:38 Dijo:          uu
25/06/2019 20:23:41 Dijo:     
25/06/2019 20:23:44 Dijo: uuu
25/06/2019 20:24:22 Dijo:           
25/06/2019 20:24:26 Dijo: u   
25/06/2019 20:24:30 Dijo:                                         
25/06/2019 20:24:35 Dijo: }}
25/06/2019 20:24:44 Dijo:                                                 
25/06/2019 20:24:56 Dijo:           
25/06/2019 20:25:09 Dijo:               
25/06/2019 20:25:11 Dijo:           
25/06/2019 20:25:14 Dijo:                    
25/06/2019 20:25:18 Dijo:          
25/06/2019 20:26:57 Dijo:     u
25/06/2019 20:27:32 Dijo:         u
25/06/2019 20:27:34 Dijo:       
25/06/2019 20:28:01 Dijo:     uu
25/06/2019 20:28:02 Dijo:  
25/06/2019 20:28:03 Dijo:  
25/06/2019 20:28:07 Dijo:  uu
25/06/2019 20:28:22 Dijo:        
25/06/2019 20:28:24 Dijo:                         
25/06/2019 20:28:28 Dijo:         u
25/06/2019 20:28:32 Dijo:                
25/06/2019 20:28:35 Dijo:          
25/06/2019 20:28:40 Dijo:   u
25/06/2019 20:28:43 Dijo:           
25/06/2019 20:28:56 Dijo:      uu
25/06/2019 20:29:00 Dijo:                 
25/06/2019 20:29:05 Dijo: u
25/06/2019 20:30:56 Dijo:          
25/06/2019 20:31:21 Dijo:         U
25/06/2019 20:31:23 Dijo: UUU
25/06/2019 21:39:28 Dijo: ray
25/06/2019 21:39:29 Dijo: feo
25/06/2019 21:39:34 Dijo: traga rico
25/06/2019 21:39:35 Dijo: xd
25/06/2019 21:40:26 Dijo: ahahahahah
25/06/2019 21:40:36 Dijo: no tengo skill
25/06/2019 21:40:48 Dijo: soy 35
25/06/2019 21:40:50 Dijo:  
25/06/2019 21:41:06 Dijo: perro
25/06/2019 21:41:09 Dijo: pasame cheques
25/06/2019 21:41:10 Dijo:  
25/06/2019 21:42:44 Dijo:  
25/06/2019 22:45:25 Dijo:   
26/06/2019 23:01:24 Dijo:  
26/06/2019 23:01:27 Dijo:  
26/06/2019 23:07:02 Dijo:  
27/06/2019 0:25:05 Dijo: papurri
27/06/2019 0:25:14 Dijo: Conquer}
27/06/2019 0:25:28 Dijo: no solo preguntare xD
27/06/2019 0:25:31 Dijo: esta bien}
27/06/2019 0:25:39 Dijo: porque cambiaron de cliente?
27/06/2019 0:25:57 Dijo: entiedno
27/06/2019 0:26:02 Dijo: y aun siguen algunos bug
27/06/2019 0:26:06 Dijo: otra cosa
27/06/2019 0:26:11 Dijo: es las cuebvas
27/06/2019 0:26:15 Dijo: no puedo entrar a ninguna
27/06/2019 0:26:26 Dijo: vamos momias
27/06/2019 0:26:31 Dijo: unicamente entre en la de yetis
27/06/2019 0:26:45 Dijo: creo que 40
27/06/2019 0:26:47 Dijo: o 80
27/06/2019 0:27:18 Dijo: xD
27/06/2019 0:27:30 Dijo: vez
27/06/2019 0:27:32 Dijo: ni este
27/06/2019 0:27:34 Dijo: ni ñaña
27/06/2019 0:27:36 Dijo: ni hadas
27/06/2019 0:27:41 Dijo: oye ni diablillos
27/06/2019 0:27:43 Dijo:  
27/06/2019 0:27:46 Dijo: esta bien
27/06/2019 0:29:44 Dijo: Seth esta intefaz sera la definitiva? y el almacen de hechizos es mas pequeño que el anterior
27/06/2019 0:30:07 Dijo: tranqui
27/06/2019 0:30:10 Dijo: lo es cribo por discord
27/06/2019 0:30:14 Dijo:  
27/06/2019 0:30:20 Dijo: termina de ver esto de las cuevas
27/06/2019 0:33:04 Dijo: seth
27/06/2019 0:33:13 Dijo: sobre la intefaz
27/06/2019 0:33:17 Dijo: Si sera la dfinitiva
27/06/2019 0:33:22 Dijo: y sobre el almacen de hechizo
27/06/2019 0:33:25 Dijo: porque es mas pequeño
27/06/2019 0:33:33 Dijo: Sip
27/06/2019 0:33:50 Dijo: antes podias poner hasta 14 hechiz creo
27/06/2019 0:35:29 Dijo: Otro dato aun el agua celeste no restaura la sed.
27/06/2019 0:35:33 Dijo: pues si bro
27/06/2019 0:35:48 Dijo: otra cosa es la de los npcs
27/06/2019 0:35:52 Dijo: xD
27/06/2019 0:36:02 Dijo: esta bien
27/06/2019 0:36:12 Dijo: los marinos
27/06/2019 0:36:21 Dijo: aaa te lo dije xD
27/06/2019 0:36:27 Dijo: y tambien los npcs
27/06/2019 0:36:34 Dijo: que tiran hechiz
27/06/2019 0:36:37 Dijo: no atacan fisicamente
27/06/2019 0:36:49 Dijo: Si
27/06/2019 0:36:52 Dijo: este hechizo
27/06/2019 0:36:54 Dijo: no cura completo
27/06/2019 0:37:02 Dijo: digo no llena la fuerza completo
27/06/2019 0:37:12 Dijo: la deja en 34
27/06/2019 0:37:19 Dijo: y puedes darte curar con la vida full
27/06/2019 0:37:30 Dijo: una ultima cosa
27/06/2019 0:37:33 Dijo: las fracciones
27/06/2019 0:37:42 Dijo: estan habilitadas ya?
27/06/2019 0:37:50 Dijo: o sera por sistema de muertes
27/06/2019 0:37:56 Dijo: me puedes llevar alla
27/06/2019 0:38:06 Dijo: caos
27/06/2019 0:38:10 Dijo:  
27/06/2019 0:38:53 Dijo: 10 ciudadanos
27/06/2019 0:38:57 Dijo: me pide
27/06/2019 0:39:07 Dijo: viejo
27/06/2019 0:39:11 Dijo: solo estaran estas 2 fracciones
27/06/2019 0:39:28 Dijo: habra una 5ta?
27/06/2019 0:39:34 Dijo: aa esta bien
27/06/2019 0:39:38 Dijo: y te hablare
27/06/2019 0:39:42 Dijo: de algo importante
27/06/2019 0:39:44 Dijo: las expes
27/06/2019 0:39:46 Dijo: de los npcs
27/06/2019 0:39:57 Dijo: dan muy poca al estar el juego x10
27/06/2019 0:40:10 Dijo: y ven quiero probar algo
27/06/2019 0:40:24 Dijo: no pego remo
27/06/2019 0:40:38 Dijo: no peudo removerlo
27/06/2019 0:40:50 Dijo:  
27/06/2019 0:41:11 Dijo: seth necesitare 2 cosas mas
27/06/2019 0:41:14 Dijo: Sip
27/06/2019 0:41:21 Dijo: 1 es una espada mas fuerte que esta verga
27/06/2019 0:41:29 Dijo: y la otra un casco
27/06/2019 0:41:35 Dijo: aunque soy hermoso lo necesito
27/06/2019 0:41:37 Dijo: bardo
27/06/2019 0:42:12 Dijo: estos son la de seth
27/06/2019 0:42:13 Dijo: ?
27/06/2019 0:42:15 Dijo: la de set
27/06/2019 0:42:18 Dijo: diria yo
27/06/2019 0:42:30 Dijo: xD
27/06/2019 0:42:34 Dijo: me gusta
27/06/2019 0:42:42 Dijo: esta bien}
27/06/2019 0:42:44 Dijo: xD
27/06/2019 0:44:06 Dijo: dale
30/06/2019 2:59:48 Dijo:  
30/06/2019 3:00:30 Dijo:  
30/06/2019 3:01:34 Dijo:  
30/06/2019 3:01:52 Dijo:  
30/06/2019 3:02:17 Dijo:  
30/06/2019 3:02:32 Dijo:  
30/06/2019 3:02:42 Dijo:  
30/06/2019 3:02:58 Dijo:  
30/06/2019 3:03:37 Dijo:  
30/06/2019 3:04:08 Dijo:  
30/06/2019 3:06:15 Dijo: lll
