24/04/2020 4:09:56 Dijo: we
24/04/2020 4:10:02 Dijo: 4
24/04/2020 4:10:02 Dijo: 40
24/04/2020 4:10:05 Dijo: o 45
24/04/2020 4:10:24 Dijo: we
24/04/2020 4:10:29 Dijo: tremendo bug en inventario
24/04/2020 4:10:37 Dijo: interfaz sorry eso
24/04/2020 4:10:51 Dijo: tirame 1 objeto
24/04/2020 4:10:54 Dijo: aver si se vee
24/04/2020 4:10:57 Dijo: obv
24/04/2020 4:11:30 Dijo: we
24/04/2020 4:12:22 Dijo: che
24/04/2020 4:12:29 Dijo: yo me hice un arke pero si no sirve probarlo me hagoe l mago
24/04/2020 4:12:37 Dijo: xq al pedo sino
24/04/2020 4:12:58 Dijo: se
24/04/2020 4:13:01 Dijo: no te sirve?
24/04/2020 4:13:40 Dijo: a vece sno me veo
24/04/2020 4:13:44 Dijo: toy bugeado ahoramismo
24/04/2020 4:13:50 Dijo: pero si me muevo ta bien
24/04/2020 4:13:54 Dijo: ya
24/04/2020 4:14:12 Dijo: uh
24/04/2020 4:14:15 Dijo: intervalo pijisima aka
24/04/2020 4:14:17 Dijo: XDDD
24/04/2020 4:14:24 Dijo: si ta re alto
24/04/2020 4:14:26 Dijo: altisimo ta
24/04/2020 4:14:46 Dijo: rojas
24/04/2020 4:14:46 Dijo: y
24/04/2020 4:14:47 Dijo: voy
24/04/2020 4:14:49 Dijo:  
24/04/2020 4:14:59 Dijo: 0 rojas
24/04/2020 4:15:09 Dijo: nose la vida qtengo
24/04/2020 4:15:11 Dijo: voy sin rojas
24/04/2020 4:15:28 Dijo: 104
24/04/2020 4:15:29 Dijo: 103
24/04/2020 4:16:11 Dijo: cuando tiro flechas a veces aparecen cartelitos a la derecha del mapa
24/04/2020 4:16:55 Dijo: q tocaste?¿
24/04/2020 4:16:57 Dijo:  
24/04/2020 4:16:59 Dijo: re bug
24/04/2020 4:17:10 Dijo: toy re bug loco
24/04/2020 4:24:25 Dijo: jajaj
24/04/2020 4:24:45 Dijo: agarra porfavor
24/04/2020 4:24:53 Dijo: ah?
24/04/2020 4:24:57 Dijo: la gramatica
24/04/2020 4:24:58 Dijo: jajaj
24/04/2020 4:25:04 Dijo: NOOO
24/04/2020 4:25:05 Dijo:  
24/04/2020 4:25:14 Dijo: che
24/04/2020 4:25:16 Dijo: flaco
24/04/2020 4:25:20 Dijo: no te podes meter en llamada discord
24/04/2020 4:25:23 Dijo: asi no chateamos?
24/04/2020 4:25:34 Dijo: ?¿
24/04/2020 4:25:42 Dijo: s
24/04/2020 4:25:51 Dijo: che
24/04/2020 4:25:59 Dijo: qe te metas en discord q en vez de chatear hablamos
24/04/2020 4:26:05 Dijo: que tamos todos en llamada
24/04/2020 4:26:23 Dijo: we
24/04/2020 4:26:24 Dijo:  
