09/05/2020 7:04:27 Dijo: hola
09/05/2020 7:04:39 Dijo: gilipichiii
09/05/2020 7:04:58 Dijo: dsfdfs
09/05/2020 7:05:11 Dijo: dfdsf
09/05/2020 7:32:01 Dijo: fdgfg
09/05/2020 7:33:20 Dice en privado a cabron: ok
09/05/2020 7:37:38 Dice en Clan: holaaaa
09/05/2020 7:38:25 Dijo: holaaa
09/05/2020 7:41:15 Dijo: dsfdsfd
09/05/2020 7:41:22 Dice en Clan: ok
09/05/2020 7:42:05 Dijo: ggggg
09/05/2020 7:42:08 Dice en Clan: ggggg
09/05/2020 7:45:23 Dice en Clan: putoooooooo
09/05/2020 7:46:08 Dijo: fdgfdg
09/05/2020 7:47:43 Dice en Clan: que raro
09/05/2020 7:48:57 Dice en Clan: cabron
09/05/2020 7:52:47 Dice en privado a cabron: ola
09/05/2020 7:55:42 Dice en privado a cabron: ola
09/05/2020 7:56:02 Dice en privado a cabron: ola
09/05/2020 7:56:26 Dice en privado a cabron: ola
09/05/2020 7:57:54 Dice en privado a cabron: ola
09/05/2020 8:00:00 Dice en privado a cabron: ola
