25/06/2019 20:47:15 Dijo: y el oro¿
25/06/2019 20:47:54 Dijo: y elo oro?
25/06/2019 20:47:57 Dijo: y el oro de donde?
25/06/2019 20:48:06 Dijo: enserio? lool
25/06/2019 20:48:10 Dijo: oki
25/06/2019 20:48:46 Dijo: oki
25/06/2019 20:48:51 Dijo: 47
25/06/2019 20:48:54 Dijo: no cambia mucho xd
25/06/2019 20:49:55 Dijo: deme oro JAJA
25/06/2019 20:50:08 Dijo: soy mago
25/06/2019 20:50:11 Dijo: no brujo
25/06/2019 20:51:13 Dijo:  
25/06/2019 20:51:51 Dijo: ropa
25/06/2019 20:51:52 Dijo: xd
25/06/2019 20:51:57 Dijo: pera
25/06/2019 20:52:07 Dijo: pera
25/06/2019 20:52:15 Dijo: no veo nada lol
25/06/2019 20:52:16 Dijo: bugazo
25/06/2019 20:52:28 Dijo: reinicio
25/06/2019 20:52:49 Dijo: Sigo sin ver NADA!
25/06/2019 20:52:56 Dijo: No veo NADA en la pantalla
25/06/2019 20:52:59 Dijo: es NEGRO!
25/06/2019 20:53:05 Dijo: VOy a logarme con el otro
25/06/2019 20:53:09 Dijo: Bugazo...!!!!
25/06/2019 20:53:15 Dijo: Te oigo los pasos al menos JAJAJ
25/06/2019 20:55:20 Dijo: potas
25/06/2019 20:56:30 Dijo: no
25/06/2019 20:56:34 Dijo: xd
25/06/2019 20:56:56 Dijo: ya
25/06/2019 20:56:59 Dijo: xd
25/06/2019 20:57:20 Dijo: oye el asterisco como sepone
25/06/2019 20:57:36 Dijo: debajo del seguro de tirar objetos
25/06/2019 20:57:45 Dijo: hay un asterisco
25/06/2019 20:57:53 Dijo: debajo de la X de seguro de tirar objetos
25/06/2019 20:57:59 Dijo: claro, lo quiero bloquear
25/06/2019 20:58:04 Dijo: que tecla?
25/06/2019 20:58:09 Dijo: no funciona xd
25/06/2019 20:58:22 Dijo: aaaah
25/06/2019 20:58:24 Dijo: OKI
25/06/2019 20:58:26 Dijo: hice shift xD
25/06/2019 20:58:39 Dijo: nop
25/06/2019 20:58:42 Dijo: mago ¨(
25/06/2019 20:58:49 Dijo:  
25/06/2019 20:59:00 Dijo:  
25/06/2019 20:59:00 Dijo:  
25/06/2019 20:59:03 Dijo:  
25/06/2019 20:59:10 Dijo: flipa xd
25/06/2019 20:59:12 Dijo: 47
25/06/2019 20:59:15 Dijo: tienes resis?
25/06/2019 20:59:42 Dijo: 46 xDDDDDDDDDDDDDDDDDDDD
25/06/2019 20:59:50 Dijo:  
25/06/2019 20:59:50 Dijo:  
25/06/2019 20:59:59 Dijo:  
25/06/2019 21:00:03 Dijo: tienes resis?
25/06/2019 21:00:08 Dijo: loL
25/06/2019 21:00:17 Dijo: osti
25/06/2019 21:00:19 Dijo: bugazo
25/06/2019 21:00:22 Dijo: como se raya
25/06/2019 21:00:25 Dijo: Un segundo lo reporta
25/06/2019 21:00:27 Dijo: lo reporto
25/06/2019 21:01:24 Dijo: eso se cambiara
25/06/2019 21:01:27 Dijo: mira este bug
25/06/2019 21:01:41 Dijo: xD
25/06/2019 21:03:09 Dijo: no se puede 
25/06/2019 21:03:15 Dijo: si, otra cosa que cambiar
25/06/2019 21:04:18 Dijo: lol
25/06/2019 21:04:50 Dijo: lol
25/06/2019 21:04:54 Dijo: extramas esta bug
25/06/2019 21:05:05 Dijo: reporto xD
25/06/2019 21:05:44 Dijo: pero
25/06/2019 21:05:49 Dijo: xk con el druida has mureto?
25/06/2019 21:05:55 Dijo: aaa porque el pala tiene vida
25/06/2019 21:06:01 Dijo: pero es raro
25/06/2019 21:06:04 Dijo: que no mueras de combo
25/06/2019 21:06:15 Dijo: pero SIEMPRE DEBERIAas morir
25/06/2019 21:06:18 Dijo: aaaaaaaj
25/06/2019 21:06:20 Dijo: si..
25/06/2019 21:06:23 Dijo: el combo es combo maxo
25/06/2019 21:06:29 Dijo: miras las tablas
25/06/2019 21:06:38 Dijo: tu de espadazo magia deberias matarme
25/06/2019 21:06:57 Dijo: ya
25/06/2019 21:07:02 Dijo: pero de golpe magia si
25/06/2019 21:07:08 Dijo: igual que magia magia, es combo al final
25/06/2019 21:07:15 Dijo: para hacer combo
25/06/2019 21:07:21 Dijo: Si
25/06/2019 21:07:25 Dijo: es lo suyo
25/06/2019 21:07:31 Dijo: ya, es que el ase hay que cambiarlo
25/06/2019 21:07:50 Dijo: el ase solo deneria tener mana para inmo xdc
25/06/2019 21:07:57 Dijo: ..
25/06/2019 21:08:00 Dijo: no tiene mana?
25/06/2019 21:08:07 Dijo: Si que tiene... 1000 no?
25/06/2019 21:08:10 Dijo: bueno
25/06/2019 21:08:12 Dijo: inmo rayo
25/06/2019 21:08:32 Dijo: LOL
25/06/2019 21:08:34 Dijo: es que eso...
25/06/2019 21:08:38 Dijo: doble apoca y rayo
25/06/2019 21:08:46 Dijo: no
25/06/2019 21:08:49 Dijo: no se
25/06/2019 21:08:58 Dijo: pero el mago es complicado
25/06/2019 21:09:02 Dijo: creo que las mixtas es mas dificl
25/06/2019 21:09:17 Dijo:  
25/06/2019 21:09:19 Dijo: Puf
25/06/2019 21:09:22 Dijo: demasiado lo evo
25/06/2019 21:09:32 Dijo: todos deberian matar con sus respectivos combos
25/06/2019 21:09:43 Dijo: si los magos no matan con combos todos se harán mixtas
25/06/2019 21:09:52 Dijo: bueno, puede
25/06/2019 21:10:21 Dijo: triple apoca no agauntas no?
25/06/2019 21:10:30 Dijo: ..
25/06/2019 21:10:43 Dijo: aah
25/06/2019 21:10:47 Dijo: jajaj
25/06/2019 21:10:50 Dijo: ganaste vida? xd
25/06/2019 21:11:34 Dijo: 474 maxo
25/06/2019 21:11:36 Dijo: 4/4
25/06/2019 21:12:29 Dijo: ups dime
25/06/2019 21:12:58 Dijo: como un mago va a matar a un pala en un duelo?
25/06/2019 21:13:10 Dijo: tenemos que mirar las tablas
25/06/2019 21:13:22 Dijo: a si?
25/06/2019 21:13:31 Dijo: vaya
25/06/2019 21:13:35 Dijo: voy a mirar la tabla
25/06/2019 21:13:46 Dijo: ahora vengo
25/06/2019 21:13:54 Dijo: mas
25/06/2019 21:13:58 Dijo: no te muevas
25/06/2019 21:14:03 Dijo: que voy a mirar la table
25/06/2019 21:14:06 Dijo: tabla
25/06/2019 21:14:37 Dijo: eres 45?
25/06/2019 21:15:03 Dijo: ostia
25/06/2019 21:15:04 Dijo: esta bien
25/06/2019 21:15:11 Dijo: no te deberia matar claro, la tabla esta bien
25/06/2019 21:15:22 Dijo: druida siempre si
25/06/2019 21:15:50 Dijo: dime con que vidas te quedas
25/06/2019 21:16:02 Dijo: deberias quedarte con 16
25/06/2019 21:16:13 Dijo: 19 de vida
25/06/2019 21:16:24 Dijo: ?
25/06/2019 21:16:38 Dijo:  
25/06/2019 21:16:40 Dijo: ok
25/06/2019 21:17:01 Dijo: que media de vida tienes?
25/06/2019 21:17:09 Dijo: Diria que 9.3 o asi
25/06/2019 21:17:12 Dijo: LOL
25/06/2019 21:17:25 Dijo: pues a ver, porque deberias quedarte con 19 de media
25/06/2019 21:17:34 Dijo: 9.7 esta encima de la media
25/06/2019 21:17:39 Dijo: Oki
25/06/2019 21:17:45 Dijo: jajaja
25/06/2019 21:17:50 Dijo: ?
25/06/2019 21:18:05 Dijo: nooo
25/06/2019 21:18:10 Dijo: mejor sin enlistar
25/06/2019 21:18:30 Dijo: con respecto a que?
25/06/2019 21:18:37 Dijo: ya
25/06/2019 21:18:45 Dijo: al final lo malo de las mixtas som los objetos
25/06/2019 21:18:51 Dijo: nono no te rayes
25/06/2019 21:19:03 Dijo: la tabla esta asi, es raro que cambien la filosofia
25/06/2019 21:19:16 Dijo: l
25/06/2019 21:19:20 Dijo: ya
25/06/2019 21:19:27 Dijo: a ver la tabla del pala..
25/06/2019 21:19:45 Dijo: al 45 matas a todas las clases excepto pala xD
25/06/2019 21:19:51 Dijo: ok
25/06/2019 21:20:47 Dijo: me has dejado a 3 xd
25/06/2019 21:20:55 Dijo: mmm
25/06/2019 21:20:59 Dijo: porque aguantas combo
25/06/2019 21:21:30 Dijo: pero mueres de combo
25/06/2019 21:21:35 Dijo: el pala no
25/06/2019 21:21:43 Dijo: y el pala mata 
25/06/2019 21:21:48 Dijo: mejor el pala loco
25/06/2019 21:21:58 Dijo: me suena
25/06/2019 21:22:06 Dijo: me suena Homer Simpson mas bien jaja
25/06/2019 21:22:11 Dijo: el mago
25/06/2019 21:22:25 Dijo: a si
25/06/2019 21:22:27 Dijo: ciero
25/06/2019 21:22:56 Dijo: nop
25/06/2019 21:23:35 Dijo: w8
25/06/2019 21:24:10 Dijo: tienes resu?
25/06/2019 21:24:38 Dijo: quie
25/06/2019 21:24:40 Dijo: quien eres en discord?
25/06/2019 21:24:44 Dijo: u
25/06/2019 21:24:49 Dijo: quien eres en discord?
25/06/2019 21:25:04 Dijo: Por cierto la fuerza no se te va enseguida? a si max11
25/06/2019 21:27:11 Dijo: has mirado la tabla?
25/06/2019 21:27:24 Dijo: OKi
25/06/2019 21:28:01 Dijo: sip
25/06/2019 21:28:08 Dijo: para comprobar
25/06/2019 21:28:17 Dijo: pero tio vamos a balancear SEGURO
25/06/2019 21:28:23 Dijo: Hay cosas que tiene que cambiar
25/06/2019 21:28:45 Dijo:  
25/06/2019 21:28:50 Dijo: unos duelos? jajaj
25/06/2019 21:29:11 Dijo: ok no pasa nada
25/06/2019 21:29:20 Dijo:  da giual
25/06/2019 21:29:27 Dijo: esta el bug de la fuerza
25/06/2019 21:29:33 Dijo: te dura 5 s
25/06/2019 21:29:42 Dijo: no? WTF
25/06/2019 21:29:50 Dijo: mmmm
25/06/2019 21:29:52 Dijo: pero
25/06/2019 21:30:25 Dijo: te dura mas de 5 s=?
25/06/2019 21:30:28 Dijo: no tengo...
25/06/2019 21:30:36 Dijo: lo hice con potas
25/06/2019 21:30:45 Dijo: nop dura
25/06/2019 21:30:52 Dijo: pues sera el clerigo o las potas newbies verdes
25/06/2019 21:31:09 Dijo: sisi 
25/06/2019 21:31:11 Dijo: pues duelemos
25/06/2019 21:31:20 Dijo: toy oxidado
25/06/2019 21:31:26 Dijo: espera que me dura el invi
25/06/2019 21:31:30 Dijo: lo ves el invi?
25/06/2019 21:31:37 Dijo: a no?
25/06/2019 21:31:42 Dijo: aaaaaaaaaaaaaaaaaaaaaaaaaaaa
25/06/2019 21:31:45 Dijo: espera
25/06/2019 21:31:53 Dijo: me ves?
25/06/2019 21:31:57 Dijo: aaaaaa
25/06/2019 21:32:00 Dijo: es el bug del tiempo
25/06/2019 21:32:04 Dijo: un s
25/06/2019 21:32:48 Dijo: nop
25/06/2019 21:32:57 Dijo: LOL
25/06/2019 21:33:18 Dijo: la fuerza me dura creo
25/06/2019 21:33:25 Dijo: o es que esta siempre ahi
25/06/2019 21:35:26 Dijo: 126
25/06/2019 21:35:31 Dijo: xd
25/06/2019 21:35:34 Dijo: a
25/06/2019 21:35:35 Dijo:  
25/06/2019 21:35:43 Dijo:  
25/06/2019 21:35:51 Dijo: ?
25/06/2019 21:36:02 Dijo: mmm
25/06/2019 21:36:11 Dijo: nop
25/06/2019 21:36:25 Dijo:  
25/06/2019 21:39:55 Dijo: duelO?
25/06/2019 21:40:30 Dijo: ponte resis xd
25/06/2019 21:40:41 Dijo: lol
25/06/2019 21:40:49 Dijo: dale
25/06/2019 21:41:15 Dijo: tan abajo xd
25/06/2019 21:41:25 Dijo: hazme combo
25/06/2019 21:41:29 Dijo: pero comprate resu
25/06/2019 21:41:52 Dijo: +comprate resu
25/06/2019 21:41:57 Dijo: lol
25/06/2019 21:42:01 Dijo: lillill
25/06/2019 21:42:17 Dijo: eso es clero?
25/06/2019 21:42:22 Dijo: yo tenia clero con nucle
25/06/2019 21:42:42 Dijo: xd
25/06/2019 21:42:49 Dijo: lo del intervalo es la risa xd
25/06/2019 21:43:00 Dijo: bueno con el hobbit
25/06/2019 21:43:06 Dijo: nono si es igual
25/06/2019 21:43:12 Dijo: pero es mana infinito con aapocas xd
25/06/2019 21:43:19 Dijo: dime=
25/06/2019 21:43:27 Dijo: que se vayan los carteles dan asco
25/06/2019 21:43:38 Dijo: YAVES LA LLUVIA XDDDDDDDDDDD
25/06/2019 21:43:42 Dijo: AJAJAJA
25/06/2019 21:44:22 Dijo: duelaaa
25/06/2019 21:44:34 Dijo: licantropo por la noche fuerza y agilidad a tope y mas vida
25/06/2019 21:44:45 Dijo: vampiro no me acuerdo
25/06/2019 21:44:56 Dijo: ven
25/06/2019 21:45:25 Dijo: duela
25/06/2019 21:45:39 Dijo: pera
25/06/2019 21:45:43 Dijo: testeo de limpieza
25/06/2019 21:45:57 Dijo:  
25/06/2019 21:46:28 Dijo:  
25/06/2019 21:46:31 Dijo: nice
25/06/2019 21:47:11 Dijo: ahora combeo xd
25/06/2019 21:47:20 Dijo: okkk, siempre he ido con inmo
25/06/2019 21:47:31 Dijo: voy combo
25/06/2019 21:47:35 Dijo: estoy muuuy oxidado
25/06/2019 21:47:46 Dijo: como xupas tan rapido? xD
25/06/2019 21:48:05 Dijo:  
25/06/2019 21:48:08 Dijo: x
25/06/2019 21:48:08 Dijo: d
25/06/2019 21:48:13 Dijo: pero he combeado es lo suyo
25/06/2019 21:48:24 Dijo:  
25/06/2019 21:48:32 Dijo: cierto
25/06/2019 21:48:36 Dijo: a ver, tanquea
25/06/2019 21:48:51 Dijo: xDDD
25/06/2019 21:49:40 Dijo: sip
25/06/2019 21:50:33 Dijo: nice
25/06/2019 21:50:43 Dijo: que va xd
25/06/2019 21:51:04 Dijo: D
25/06/2019 21:51:05 Dijo: xDDD
25/06/2019 21:51:31 Dijo: subir un hobbit al 47 no es facil
25/06/2019 21:52:33 Dijo:  
25/06/2019 21:52:34 Dijo:  
25/06/2019 21:53:23 Dijo: 270
25/06/2019 21:56:35 Dijo: sip
25/06/2019 21:57:31 Dijo: xupapota xd
25/06/2019 21:58:02 Dijo: a ok xd
25/06/2019 21:58:29 Dijo:  
25/06/2019 21:59:27 Dijo: no rojees xd
25/06/2019 21:59:35 Dijo: combeo vale
25/06/2019 21:59:38 Dijo: Oki yo igual!
25/06/2019 21:59:48 Dijo: buena suerte! gracias por eoss duelos xd
25/06/2019 21:59:52 Dijo: muerte a UBER!
25/06/2019 22:00:00 Dijo:  
25/06/2019 22:00:02 Dijo: x
25/06/2019 22:00:03 Dijo: d
25/06/2019 22:00:05 Dijo: e
26/06/2019 21:36:52 Dijo:  
26/06/2019 21:37:05 Dijo:  
26/06/2019 21:37:06 Dijo:  
26/06/2019 21:37:08 Dijo:  
26/06/2019 21:37:10 Dijo:  
26/06/2019 21:37:12 Dijo:  
26/06/2019 21:37:13 Dijo:  
26/06/2019 21:37:16 Dijo:  
26/06/2019 21:37:19 Dijo:  
26/06/2019 21:37:20 Dijo:  
26/06/2019 21:37:21 Dijo:  u
26/06/2019 21:37:22 Dijo:  
26/06/2019 21:37:24 Dijo:  u
26/06/2019 21:37:26 Dijo:  
26/06/2019 21:37:30 Dijo:  
26/06/2019 21:37:34 Dijo:  
26/06/2019 21:37:38 Dijo:  u
26/06/2019 21:37:38 Dijo:  
26/06/2019 21:37:55 Dijo:  
26/06/2019 21:37:56 Dijo:  u
26/06/2019 21:38:00 Dijo:  
26/06/2019 21:38:02 Dijo:  u
26/06/2019 21:38:03 Dijo:  
26/06/2019 21:38:10 Dijo:  
26/06/2019 21:38:12 Dijo:  u
26/06/2019 21:38:13 Dijo:  
26/06/2019 21:38:14 Dijo:  u
26/06/2019 21:38:15 Dijo:  
26/06/2019 21:38:17 Dijo:  
26/06/2019 21:38:18 Dijo:  u
26/06/2019 21:38:35 Dijo:  
26/06/2019 21:38:39 Dijo:  
26/06/2019 21:38:41 Dijo:  u
26/06/2019 21:38:42 Dijo:  
26/06/2019 21:38:43 Dijo:  
26/06/2019 21:38:44 Dijo:  u
26/06/2019 21:38:46 Dijo: u 
26/06/2019 21:38:47 Dijo:  u
26/06/2019 21:38:49 Dijo:  u
26/06/2019 21:38:50 Dijo:  
26/06/2019 21:38:52 Dijo:  
26/06/2019 21:38:54 Dijo:  
26/06/2019 21:38:55 Dijo:  
26/06/2019 21:39:05 Dijo:  
26/06/2019 21:39:10 Dijo:  
26/06/2019 21:39:30 Dijo:  
26/06/2019 21:39:33 Dijo:  
26/06/2019 21:39:35 Dijo:  
26/06/2019 21:39:37 Dijo:  u
26/06/2019 21:39:39 Dijo:  
26/06/2019 21:39:41 Dijo:  
26/06/2019 21:39:43 Dijo:  
26/06/2019 21:39:44 Dijo:  
26/06/2019 21:39:46 Dijo:  
26/06/2019 21:39:48 Dijo:  
26/06/2019 21:39:49 Dijo:  
26/06/2019 21:39:50 Dijo: u 
26/06/2019 21:39:51 Dijo:  
26/06/2019 21:39:53 Dijo:  
26/06/2019 21:39:54 Dijo:  
26/06/2019 21:39:56 Dijo:  
26/06/2019 21:39:59 Dijo:  
26/06/2019 21:40:23 Dijo:  
26/06/2019 21:40:25 Dijo:  u
26/06/2019 21:40:26 Dijo:  
26/06/2019 21:40:27 Dijo:  
26/06/2019 21:40:30 Dijo:  u
26/06/2019 21:40:36 Dijo:  
26/06/2019 21:40:36 Dijo:  
26/06/2019 21:40:38 Dijo:  
26/06/2019 21:40:40 Dijo:  
26/06/2019 21:40:47 Dijo:  
26/06/2019 21:40:48 Dijo:  
26/06/2019 21:40:50 Dijo: u 
26/06/2019 21:40:51 Dijo:  
26/06/2019 21:40:59 Dijo:  
26/06/2019 21:41:01 Dijo:  
26/06/2019 21:41:03 Dijo:  u
26/06/2019 21:41:06 Dijo:  
26/06/2019 21:41:10 Dijo:  
26/06/2019 21:41:11 Dijo:  u
26/06/2019 21:41:13 Dijo: uu 
26/06/2019 21:41:14 Dijo: uuuu
26/06/2019 21:41:19 Dijo: uuuuuuu
26/06/2019 21:41:21 Dijo: uuuu
26/06/2019 21:41:24 Dijo: uuu
26/06/2019 21:41:27 Dijo: uuuuu
26/06/2019 21:41:30 Dijo: uuuu
26/06/2019 21:41:33 Dijo: u 
26/06/2019 21:41:34 Dijo:  
26/06/2019 21:41:36 Dijo:  
26/06/2019 21:41:39 Dijo:  u
26/06/2019 21:41:39 Dijo:  
26/06/2019 21:42:59 Dijo:  
26/06/2019 21:43:02 Dijo:  
26/06/2019 21:43:04 Dijo:  
26/06/2019 21:43:11 Dijo:  
26/06/2019 21:43:13 Dijo:  
26/06/2019 21:43:21 Dijo:  
26/06/2019 21:43:44 Dijo:  
26/06/2019 21:45:58 Dijo:  
26/06/2019 21:46:01 Dijo:  
26/06/2019 21:46:06 Dijo:  
26/06/2019 21:46:07 Dijo:  
26/06/2019 21:46:43 Dijo:  
26/06/2019 21:47:00 Dijo:  
29/06/2019 16:44:31 Dijo:  
29/06/2019 16:50:06 Dijo:  
29/06/2019 16:50:13 Dijo:  
29/06/2019 16:50:26 Dijo: u 
29/06/2019 16:50:27 Dijo:  
29/06/2019 16:50:31 Dijo:  
29/06/2019 16:50:46 Dijo:  
29/06/2019 16:50:49 Dijo:  
29/06/2019 16:50:52 Dijo:  
29/06/2019 16:50:58 Dijo:  
29/06/2019 16:51:01 Dijo:  
29/06/2019 16:51:11 Dijo:  
29/06/2019 16:51:28 Dijo:  
29/06/2019 16:51:30 Dijo:  
29/06/2019 16:51:31 Dijo:  
29/06/2019 16:51:33 Dijo:  
29/06/2019 16:51:34 Dijo:  
29/06/2019 16:51:35 Dijo:  
29/06/2019 16:51:36 Dijo:  
29/06/2019 16:51:39 Dijo:  
29/06/2019 16:51:39 Dijo:  
29/06/2019 16:51:42 Dijo:  
29/06/2019 16:51:44 Dijo:  
29/06/2019 20:09:35 Dijo:  
