25/06/2019 20:30:39 Dijo:  
25/06/2019 20:42:27 Dijo: 13
25/06/2019 20:42:35 Dijo: Hay bastantes bugs eh
25/06/2019 20:42:39 Dijo: Si manual
25/06/2019 20:42:45 Dijo: Oki
25/06/2019 20:42:55 Dijo: me oculto 5 s xd
25/06/2019 20:43:06 Dijo: No tengo ninguno
25/06/2019 20:43:13 Dijo: no se ni como se edita
25/06/2019 20:43:19 Dijo: Ni levea sin jugar
25/06/2019 20:43:24 Dijo: A no
25/06/2019 20:43:32 Dijo: A ti te lo han creado?
25/06/2019 20:43:47 Dijo: Has leveado normal?
25/06/2019 20:43:56 Dijo: a
25/06/2019 20:43:59 Dijo: donde vendian?
25/06/2019 20:44:10 Dijo: Se supone que soy de balance pero estoy probando mundo
25/06/2019 20:44:24 Dijo: quieres duelar?
25/06/2019 20:44:30 Dijo: A
25/06/2019 20:44:35 Dijo: AAA oki
25/06/2019 20:44:40 Dijo: tankear?
25/06/2019 20:44:48 Dijo: Vale voy
25/06/2019 20:45:03 Dijo: un s
25/06/2019 20:45:08 Dijo: que estoy apuntando bugs
25/06/2019 20:46:03 Dijo: Ahora vuelvo
25/06/2019 20:53:24 Dijo: NADA IGUAL
25/06/2019 20:53:27 Dijo: n veo
25/06/2019 20:53:29 Dijo: No veo nada
25/06/2019 20:53:37 Dijo: voy a reportalo
25/06/2019 20:53:40 Dijo: reinicio entero el Ao
25/06/2019 20:54:48 Dijo: ahora veo
25/06/2019 20:54:52 Dijo: joe
25/06/2019 20:54:54 Dijo: voy
25/06/2019 20:54:55 Dijo: rop
25/06/2019 20:55:01 Dijo: buscame
25/06/2019 20:55:04 Dijo: el de la ropa de hobbit
25/06/2019 20:55:07 Dijo: Oki
