28/06/2019 13:49:05 Dijo:   
28/06/2019 13:49:17 Dijo:  
28/06/2019 13:53:45 Dijo:  
28/06/2019 13:53:48 Dijo:  
28/06/2019 13:53:49 Dijo:  
28/06/2019 15:17:22 Dijo: m,mm,m,
28/06/2019 15:51:17 Dijo: kkkk
28/06/2019 16:25:13 Dijo: suco
28/06/2019 16:25:20 Dijo: mira las piernas q me estan saliendo **
28/06/2019 16:25:36 Dijo: joder
28/06/2019 16:25:44 Dijo: tengo las piernas pa recoger aceituna hermano
28/06/2019 16:26:01 Dijo: acercame al mapa de la entrada de veril 
28/06/2019 16:26:30 Dijo: (_)(_)=============D
28/06/2019 16:27:35 Dijo: si me lees, estoy bugueado
28/06/2019 16:27:37 Dijo: ahora
28/06/2019 16:27:52 Dijo: a puñetazos? **
28/06/2019 16:28:02 Dijo: no tengo arma
28/06/2019 16:28:09 Dijo: por eo te peedia ir a la entrada de veril
28/06/2019 16:28:14 Dijo: tengo ahi las cosas
28/06/2019 16:28:18 Dijo: **
28/06/2019 16:28:53 Dijo: Bassinger Z
28/06/2019 16:29:22 Dijo: x coierto
28/06/2019 16:29:29 Dijo: has visto el grafico?
28/06/2019 16:29:37 Dijo: sale 2 veces la " sangre"
28/06/2019 16:29:55 Dijo: es aposta?
28/06/2019 16:30:00 Dijo: 1 u.U
28/06/2019 16:30:04 Dijo: 2 si apuñala **
28/06/2019 16:30:21 Dijo: ehm...
28/06/2019 16:30:30 Dijo: era el dia de la exp
28/06/2019 16:31:06 Dijo: a todo esto
28/06/2019 16:31:14 Dijo: las armas en condiciones, donde se venden ahora?
28/06/2019 16:31:23 Dijo: siguen en ice?
28/06/2019 16:31:35 Dijo: y ahi hay tp de vuelta?
28/06/2019 16:31:38 Dijo: vamos
28/06/2019 16:32:23 Dijo: xq el mercado de nix, tevas, yanhamun, arghal y tal es practicamente lo mismo en todos
28/06/2019 16:36:36 Dijo: temgp ima 
28/06/2019 16:36:49 Dijo: entro en el mago
28/06/2019 16:36:53 Dijo: que ess feisimo
28/06/2019 16:36:56 Dijo: un segundo
28/06/2019 16:39:29 Dijo: soy el unico con lagazo no?
28/06/2019 16:39:59 Dijo: esta x2?
28/06/2019 16:40:49 Dijo: nada
28/06/2019 16:40:54 Dijo: me ha dado todo.
28/06/2019 16:41:05 Dijo: No lo entiendo hm
28/06/2019 16:41:17 Dijo: has ido a sires?
28/06/2019 16:41:36 Dijo: hm
28/06/2019 16:41:46 Dijo: hass puesto tps en veril, ñañas y arghal?
28/06/2019 16:41:50 Dijo: y x cierto
28/06/2019 16:41:59 Dijo: sabeis q no se puede entrar o es x el nivel?
28/06/2019 16:42:09 Dijo: xq no me dejaba entrar
28/06/2019 16:42:12 Dijo: ok
28/06/2019 16:42:17 Dijo: y armadaas tmp
28/06/2019 16:42:26 Dijo: y hay un npc de enlistar en mitad de tebas
28/06/2019 16:42:37 Dijo: como si fuera un cobrador del frac el hijode perra
28/06/2019 16:43:04 Dijo: hay curro eh
28/06/2019 16:43:16 Dijo: Digo, los codecs os los ha dado el viejo ya?
28/06/2019 16:43:29 Dijo: u.U
28/06/2019 16:43:44 Dijo: El nota tendra 80 años y los tendra bajoj llave
28/06/2019 16:43:56 Dijo: habeis hablado con Doris?
28/06/2019 16:44:18 Dijo: Doris junto a Heken y Helios es la fundadora del Aom
28/06/2019 16:44:49 Dijo: de los 3 es la unica que tenia 2 dedos de frente pero se piro del proyecto porque los 2 yayos son unos narcisistas
28/06/2019 16:45:02 Dijo: Aham... no creo que lo que busque el hombre sea dinero
28/06/2019 16:45:11 Dijo: Le habeis ofrecido formar parte del proyecto?
28/06/2019 16:45:27 Dijo: o venderle que lo vais a publicitar bastote?
28/06/2019 16:45:45 Dijo: hm
28/06/2019 16:46:12 Dijo: mira a ver
28/06/2019 16:46:18 Dijo: si puedes poner los tps 
28/06/2019 16:46:30 Dijo: aunque sea para ir y volver de veril u.u
28/06/2019 16:47:47 Dijo: Prrr
28/06/2019 16:47:52 Dijo: los iluminati cabron
28/06/2019 16:47:56 Dijo: oyelo
28/06/2019 16:55:52 Dijo: lll
28/06/2019 17:34:23 Dijo: has visto lo q te dije?
28/06/2019 17:34:31 Dijo: deja de dar exp a mitaad
28/06/2019 17:35:55 Dijo: tambien
28/06/2019 17:35:58 Dijo: pasa todo el rato
28/06/2019 17:36:03 Dijo: es lo q le e dicho a setg
28/06/2019 17:36:09 Dijo: :S
28/06/2019 17:36:13 Dijo: si?
28/06/2019 17:36:21 Dijo: a mi no :S
28/06/2019 17:36:37 Dijo: w8
28/06/2019 17:37:23 Dijo: esta ulima si
28/06/2019 17:37:36 Dijo: ahora si k me dio todo
28/06/2019 17:37:52 Dijo: x cierto, soy pala, te mola la nueva de mbappe q llevo o q
28/06/2019 17:40:03 Dijo: puede ser q sea q una vez renacen ya lo hacen con la exp total
28/06/2019 17:50:16 Dijo:   
28/06/2019 17:51:01 Dijo:  
28/06/2019 17:51:04 Dijo:  
28/06/2019 17:55:17 Dijo:    
28/06/2019 18:33:53 Dijo:     
29/06/2019 11:34:10 Dijo: q nivel es eso?
29/06/2019 11:34:20 Dijo: dejame ver por cuanto pego
29/06/2019 11:34:51 Dijo: se
29/06/2019 11:35:29 Dijo: 251?
29/06/2019 11:35:33 Dijo: que mierda ?
29/06/2019 11:35:36 Dijo: pala
29/06/2019 11:35:41 Dijo: WTF
29/06/2019 11:35:49 Dijo: 40
29/06/2019 11:35:57 Dijo: pega muy poco...
29/06/2019 11:36:00 Dijo: ya ya
29/06/2019 11:36:05 Dijo: pero pega muy poco igual
29/06/2019 11:36:14 Dijo: un pala con diablo 250 es una mierda xD
29/06/2019 11:36:29 Dijo: si? donde
29/06/2019 11:36:58 Dijo: tienes micro tio?
29/06/2019 11:37:05 Dijo: asi no tenemos q escribir omo retracas? xD
29/06/2019 11:37:12 Dijo: vamos a algun canal
29/06/2019 11:38:16 Dijo: dale
29/06/2019 11:38:22 Dijo: (_)(_)============D
29/06/2019 14:40:22 Dijo:   
29/06/2019 14:40:27 Dijo:   
29/06/2019 14:40:30 Dijo:  
29/06/2019 14:40:32 Dijo:  
29/06/2019 14:40:34 Dijo:  
29/06/2019 14:40:36 Dijo:   
29/06/2019 14:40:38 Dijo:   
29/06/2019 14:40:40 Dijo:  
29/06/2019 15:18:18 Dijo: DuveL
29/06/2019 15:19:41 Dijo: JAJAJAJA
29/06/2019 15:30:31 Dijo: JAJAJJAJAa
29/06/2019 16:06:00 Dijo:  
29/06/2019 16:06:03 Dijo:  
29/06/2019 16:06:27 Dijo:  
29/06/2019 16:06:48 Dijo:  
29/06/2019 16:06:50 Dijo:  
29/06/2019 16:06:52 Dijo:  
29/06/2019 16:06:54 Dijo:  
29/06/2019 16:06:55 Dijo:  u
29/06/2019 16:06:56 Dijo:  
29/06/2019 16:07:02 Dijo:  
29/06/2019 16:07:03 Dijo:  
29/06/2019 16:07:05 Dijo:  
29/06/2019 16:07:07 Dijo:  
29/06/2019 16:07:09 Dijo:  u
29/06/2019 16:07:09 Dijo:  
29/06/2019 16:07:10 Dijo:  
29/06/2019 16:07:16 Dijo:  
29/06/2019 16:07:19 Dijo:  
29/06/2019 16:07:23 Dijo:  
29/06/2019 16:07:25 Dijo:  
29/06/2019 16:07:28 Dijo:  
29/06/2019 16:07:30 Dijo:  u
29/06/2019 16:07:31 Dijo:  
29/06/2019 16:07:43 Dijo:  
29/06/2019 16:07:49 Dijo:  
29/06/2019 16:07:51 Dijo:  
29/06/2019 16:07:58 Dijo:  
29/06/2019 16:08:04 Dijo:  
29/06/2019 16:08:06 Dijo:  
29/06/2019 16:08:09 Dijo:  
29/06/2019 16:08:20 Dijo:  
29/06/2019 16:08:26 Dijo:  u
29/06/2019 16:08:28 Dijo:  
29/06/2019 16:08:36 Dijo:  
29/06/2019 16:08:43 Dijo:  
29/06/2019 16:08:49 Dijo:  
29/06/2019 16:08:51 Dijo:  
29/06/2019 16:08:58 Dijo:  
29/06/2019 16:09:08 Dijo:  
29/06/2019 16:09:22 Dijo:  
29/06/2019 16:09:24 Dijo:  
29/06/2019 16:09:36 Dijo:  
29/06/2019 16:09:38 Dijo:  
29/06/2019 16:09:46 Dijo:  
29/06/2019 16:09:48 Dijo:  
29/06/2019 16:09:49 Dijo:  
29/06/2019 16:10:07 Dijo:  
29/06/2019 16:10:08 Dijo:  
29/06/2019 16:10:11 Dijo:  
29/06/2019 16:10:20 Dijo:  
29/06/2019 16:10:21 Dijo:  
29/06/2019 16:10:25 Dijo:  
29/06/2019 16:10:26 Dijo:  
29/06/2019 16:10:28 Dijo:  
29/06/2019 16:10:40 Dijo:  
29/06/2019 16:11:01 Dijo:  
29/06/2019 16:11:04 Dijo:  
29/06/2019 16:11:06 Dijo:  
29/06/2019 16:11:12 Dijo:  
29/06/2019 16:11:13 Dijo:  
29/06/2019 16:11:56 Dijo:  
29/06/2019 16:12:04 Dijo:  
29/06/2019 16:12:08 Dijo:  
29/06/2019 16:12:10 Dijo:  
29/06/2019 16:12:39 Dijo:  
29/06/2019 16:12:43 Dijo:  
29/06/2019 16:12:45 Dijo:  
29/06/2019 16:12:56 Dijo:  
29/06/2019 16:13:11 Dijo:  
29/06/2019 16:13:13 Dijo:  
29/06/2019 16:13:16 Dijo:  
29/06/2019 16:13:20 Dijo:  
29/06/2019 16:13:26 Dijo:  
29/06/2019 16:13:43 Dijo:  
29/06/2019 16:13:45 Dijo:  
29/06/2019 16:14:16 Dijo: u 
29/06/2019 16:14:18 Dijo:  
29/06/2019 16:14:21 Dijo:  
29/06/2019 16:14:48 Dijo:  
29/06/2019 16:14:57 Dijo:  
29/06/2019 16:15:04 Dijo:  
29/06/2019 16:15:15 Dijo:  
29/06/2019 16:15:16 Dijo:  
29/06/2019 16:15:18 Dijo:  
29/06/2019 16:15:20 Dijo:  
29/06/2019 16:15:22 Dijo:  
29/06/2019 16:15:24 Dijo:  
29/06/2019 16:15:25 Dijo:  
29/06/2019 16:15:55 Dijo:  
29/06/2019 16:16:36 Dijo:  
29/06/2019 16:16:39 Dijo:  
29/06/2019 16:16:43 Dijo:  
29/06/2019 16:16:45 Dijo:  
29/06/2019 16:16:51 Dijo:  
29/06/2019 16:16:53 Dijo:  
29/06/2019 16:17:02 Dijo:  
29/06/2019 16:17:14 Dijo:  
29/06/2019 16:17:34 Dijo:  
29/06/2019 16:17:35 Dijo:  
29/06/2019 16:17:49 Dijo:  
29/06/2019 16:18:22 Dijo:  
29/06/2019 16:18:24 Dijo:  
29/06/2019 16:18:26 Dijo:  
29/06/2019 16:18:29 Dijo:  
29/06/2019 16:18:31 Dijo:  
29/06/2019 16:18:33 Dijo:  
29/06/2019 16:18:49 Dijo:  
29/06/2019 16:19:15 Dijo:  
29/06/2019 16:19:18 Dijo:  
29/06/2019 16:19:19 Dijo:  
29/06/2019 16:19:36 Dijo:  
29/06/2019 16:20:03 Dijo:  
29/06/2019 16:20:40 Dijo:  
29/06/2019 16:20:40 Dijo:  
29/06/2019 16:21:04 Dijo:  
29/06/2019 16:21:23 Dijo:  
29/06/2019 16:21:31 Dijo:  
29/06/2019 16:21:58 Dijo:  
29/06/2019 16:22:18 Dijo:  
29/06/2019 16:22:35 Dijo:  
29/06/2019 16:22:37 Dijo:  
29/06/2019 16:22:39 Dijo:  
29/06/2019 16:22:41 Dijo:  
29/06/2019 16:22:56 Dijo:  
29/06/2019 16:22:58 Dijo:  
29/06/2019 16:23:35 Dijo:  
29/06/2019 16:23:37 Dijo:  
29/06/2019 16:23:40 Dijo:  
29/06/2019 16:24:27 Dijo:  
29/06/2019 16:24:30 Dijo:  
29/06/2019 16:25:30 Dijo:  
29/06/2019 16:25:34 Dijo:  
29/06/2019 16:25:53 Dijo:  
29/06/2019 16:26:00 Dijo:  
29/06/2019 16:27:31 Dijo:  
29/06/2019 16:27:36 Dijo:  
29/06/2019 16:27:52 Dijo:  
29/06/2019 20:03:23 Dijo: hm
29/06/2019 20:03:31 Dijo: no me des la espalda que estoy mu loco
29/06/2019 20:03:42 Dijo: Pues etoy esperando a este
29/06/2019 20:03:49 Dijo: Pêro vaya, Seth sube hoy cliente nuevo no?
29/06/2019 20:03:57 Dijo: a Ray
29/06/2019 20:04:12 Dijo: Igual estoy redactando un .txt que a quien os toque leer os va a dar x culo xD
29/06/2019 20:04:19 Dijo: No, esta comprando vainas
29/06/2019 20:07:25 Dijo: tengo el raton en el sofa **
29/06/2019 20:12:05 Dijo: Quien eres, manifiestate
29/06/2019 20:12:16 Dijo: ALABAME HDP
29/06/2019 20:12:17 Dijo: :$
29/06/2019 20:12:25 Dijo: Bonica cabeza
29/06/2019 20:12:28 Dijo: wi
29/06/2019 20:12:30 Dijo:  
29/06/2019 20:12:33 Dijo: que cojones? XD
29/06/2019 20:12:40 Dijo: Paladin
29/06/2019 20:12:46 Dijo: JAJAJAJAJAJA
29/06/2019 20:12:51 Dijo: Asi estás mas guapa :$
29/06/2019 20:13:02 Dijo: Si es brujo hobit tenemos uno creado  ya
29/06/2019 20:13:06 Dijo: lo quieres?
29/06/2019 20:13:08 Dijo:  
29/06/2019 20:20:57 Dijo: AJAJAJAJA
29/06/2019 20:21:00 Dijo: q feo es el grafico
29/06/2019 20:29:48 Dijo: vas sin equipo no? JAJAJAJAJA
29/06/2019 20:29:53 Dijo:  
29/06/2019 21:19:52 Dijo: Comida y bebida DO EULO AMIGO
29/06/2019 21:24:32 Dijo:  
29/06/2019 21:29:36 Dijo: Loh iluminariiiiiiii
29/06/2019 21:29:39 Dijo: PRRRRRRRRRRRRRRr
29/06/2019 21:29:39 Dijo:  
29/06/2019 22:06:36 Dijo:  
