25/06/2019 0:13:08 Dijo: yep
25/06/2019 0:13:08 Dijo:  
25/06/2019 0:13:10 Dijo: asd
25/06/2019 0:13:11 Dijo:  
25/06/2019 0:13:13 Dijo: se
25/06/2019 0:13:14 Dijo: dime
25/06/2019 0:13:15 Dijo:  
25/06/2019 0:13:18 Dijo: diome
25/06/2019 0:13:20 Dijo:  
25/06/2019 0:13:24 Dijo: q pasa
25/06/2019 0:13:25 Dijo:  
25/06/2019 0:13:31 Dijo: soy 21
25/06/2019 0:13:34 Dijo: soy 21
25/06/2019 0:13:36 Dijo:  xDDD
25/06/2019 0:13:38 Dijo: q mierda XD
25/06/2019 0:13:51 Dijo: no esta bloqeuado a 1 ticket por lvl
25/06/2019 0:14:05 Dijo: 4 on
25/06/2019 0:14:08 Dijo: odin esta online
25/06/2019 0:14:15 Dijo: holi
25/06/2019 0:14:22 Dijo:  q lvl
25/06/2019 0:14:25 Dijo: 1v1 sin cami
25/06/2019 0:14:45 Dijo: espero a tomarlos
25/06/2019 0:14:48 Dijo:  
25/06/2019 0:14:49 Dijo: soy 21
25/06/2019 0:14:50 Dijo: ya
25/06/2019 0:14:50 Dijo:  xd
25/06/2019 0:14:56 Dijo: jaja
25/06/2019 0:14:59 Dijo: dsp seth me caga a palos x.x
25/06/2019 0:15:02 Dijo: ayuda a krusty
25/06/2019 0:15:07 Dijo: q tiene el error
25/06/2019 0:15:10 Dijo: del direct x
25/06/2019 0:15:11 Dijo: xd
25/06/2019 0:15:36 Dijo: q dice ODIn
25/06/2019 0:15:50 Dijo: A PLENO
25/06/2019 0:15:54 Dijo:  
25/06/2019 0:16:01 Dijo: comentame
25/06/2019 0:16:04 Dijo:  
25/06/2019 0:16:11 Dijo: NO PARA ODIN
25/06/2019 0:16:18 Dijo: dont stop
25/06/2019 0:16:25 Dijo: seth
25/06/2019 0:16:26 Dijo: hasta q lvl subo
25/06/2019 0:16:32 Dijo: bassinger me tiro 50 cheques xD
25/06/2019 0:16:38 Dijo: JAJAJA
25/06/2019 0:16:45 Dijo: un poco de ventaja agarraste
25/06/2019 0:16:48 Dijo:  
25/06/2019 0:17:08 Dijo: aham
25/06/2019 0:17:11 Dijo:  
25/06/2019 0:17:13 Dijo: hehe
25/06/2019 0:17:14 Dijo:  
25/06/2019 0:17:39 Dijo: subo lvl?
25/06/2019 0:17:47 Dijo: tengo 50 cheques
25/06/2019 0:17:51 Dijo:  
25/06/2019 0:17:59 Dijo: si boludo pero como te asustaste cuando viste q subi 21lvl
25/06/2019 0:18:04 Dijo: capaz q notenia q subir
25/06/2019 0:18:05 Dijo: xD
25/06/2019 0:18:19 Dijo: 41 quede max
25/06/2019 0:18:30 Dijo: la vida del mago la bajaron o me parece a mi xd
25/06/2019 0:18:41 Dijo:  no sube mas
25/06/2019 0:18:43 Dijo: no tengo mas
25/06/2019 0:18:50 Dijo: chekes
25/06/2019 0:18:51 Dijo: xd
25/06/2019 0:18:51 Dijo:  
25/06/2019 0:20:14 Dijo: tirame oro
25/06/2019 0:20:19 Dijo: se me esta volviendo loco con la estamina
25/06/2019 0:20:30 Dijo: oro plis
25/06/2019 0:20:35 Dijo:  
25/06/2019 0:20:42 Dijo: ceh
25/06/2019 0:20:46 Dijo: no cambia la resolucion del game
25/06/2019 0:20:53 Dijo: ni tildeando la opcion de cambiar
25/06/2019 0:20:56 Dijo: nup
25/06/2019 0:21:02 Dijo:  
25/06/2019 0:22:15 Dijo: aca
25/06/2019 0:22:24 Dijo: f1 me abre el mapa wtf
25/06/2019 0:22:51 Dijo: bien ahi
25/06/2019 0:23:18 Dijo: q mas falta
25/06/2019 0:23:19 Dijo: hm
25/06/2019 0:23:26 Dijo: hmm
25/06/2019 0:23:31 Dijo: QUIETO HDP
25/06/2019 0:23:32 Dijo:  
25/06/2019 0:23:49 Dijo: q mas falta bassinger pensa
25/06/2019 0:23:57 Dijo:  
25/06/2019 0:24:04 Dijo: hdp
25/06/2019 0:24:07 Dijo: digo para nosotros
25/06/2019 0:24:10 Dijo: kb la sagra
25/06/2019 0:24:14 Dijo:  
25/06/2019 0:24:18 Dijo: xd
25/06/2019 0:24:19 Dijo:  
25/06/2019 0:24:24 Dijo: Hm
25/06/2019 0:24:25 Dijo:  
25/06/2019 0:24:30 Dijo: espadas venden todso estos no?
25/06/2019 0:24:34 Dijo: se
25/06/2019 0:24:34 Dijo:  
25/06/2019 0:24:41 Dijo: flechas?
25/06/2019 0:24:45 Dijo: venden alla donde siempre?
25/06/2019 0:24:57 Dijo: flechas venden alla en medio den ix?
25/06/2019 0:25:22 Dijo: sabe
25/06/2019 0:25:24 Dijo:  
25/06/2019 0:25:30 Dijo: q mas falta
25/06/2019 0:25:38 Dijo: las armadas influyen en daño etc?
25/06/2019 0:25:43 Dijo: ok
25/06/2019 0:25:44 Dijo:  
25/06/2019 0:25:56 Dijo: ese es mi gordo >
25/06/2019 0:26:00 Dijo:  
25/06/2019 0:27:11 Dijo: dani
25/06/2019 0:27:13 Dijo: 10kk es el oro max?
25/06/2019 0:27:19 Dijo: 10kk es el oro max?
25/06/2019 0:27:24 Dijo: dame mas, 
25/06/2019 0:27:29 Dijo: por si entra alguno y no estan le paso yo
25/06/2019 0:28:03 Dijo: q hago
25/06/2019 0:28:04 Dijo: chatin
25/06/2019 0:28:05 Dijo:  
25/06/2019 0:28:08 Dijo: q hago chato
25/06/2019 0:28:13 Dijo:  
25/06/2019 0:28:23 Dijo: sabe
25/06/2019 0:28:37 Dijo: se
25/06/2019 0:28:39 Dijo: voy a rear 1 de cada
25/06/2019 0:28:45 Dijo: dale
25/06/2019 0:28:49 Dijo: porq no creas un canal
25/06/2019 0:28:50 Dijo: para balance
25/06/2019 0:28:53 Dijo: q se llame Personajes
25/06/2019 0:28:55 Dijo: de testeo
25/06/2019 0:28:56 Dijo: o algoa si
25/06/2019 0:29:03 Dijo: asi ponemost odo ahi
25/06/2019 0:29:11 Dijo: dale
25/06/2019 0:29:12 Dijo: voy creando
25/06/2019 0:29:13 Dijo:  
25/06/2019 1:27:46 Dijo: decime
25/06/2019 1:27:54 Dijo: AH SABE
25/06/2019 1:27:56 Dijo: nuevo sistema
25/06/2019 1:27:57 Dijo: amiguin
25/06/2019 1:28:04 Dijo: pero
25/06/2019 1:28:08 Dijo: sabes que nos cagas a varios con esto
25/06/2019 1:28:13 Dijo: ah ok
25/06/2019 1:28:14 Dijo: menos mal
25/06/2019 1:28:16 Dijo: xd
25/06/2019 1:28:20 Dijo: nice
25/06/2019 1:28:22 Dijo: escuchame
25/06/2019 1:28:27 Dijo: como se resolvia lo de las bandas negras a los costados?
25/06/2019 1:28:42 Dijo: se
25/06/2019 1:28:48 Dijo: osea tengo nvidia pero no se si pasa solo an osotros xD
25/06/2019 1:29:49 Dijo: si
25/06/2019 1:30:02 Dijo: se
25/06/2019 1:30:04 Dijo: en ciudad newbie
25/06/2019 1:30:07 Dijo: la q vende cheques
25/06/2019 1:30:44 Dijo: esta deshabilitado
25/06/2019 1:30:46 Dijo: o no?
25/06/2019 1:30:49 Dijo: el q vennde sagras
25/06/2019 1:33:38 Dijo: q te pasa gil
25/06/2019 1:33:40 Dijo: ah re
25/06/2019 1:33:43 Dijo: no funcioan este gordo
25/06/2019 1:33:48 Dijo: muestreme
25/06/2019 1:33:54 Dijo: ver
25/06/2019 1:34:06 Dijo: ah bueno
25/06/2019 1:34:09 Dijo: esta mas bug q la mierda
25/06/2019 1:34:21 Dijo: como el mago va a usar casco
25/06/2019 1:34:33 Dijo: lo de equipar con doble click?
25/06/2019 1:34:40 Dijo: ah sabe
25/06/2019 1:34:43 Dijo: lo de arrastrar por el inven
25/06/2019 1:34:45 Dijo: SABEE
25/06/2019 1:34:55 Dijo: ANDA
25/06/2019 1:34:57 Dijo: ANDAAAAAAAAAA
25/06/2019 1:35:00 Dijo: JAJAJA
25/06/2019 1:35:01 Dijo: RE CHETO
25/06/2019 1:35:03 Dijo: SI LO HICE
25/06/2019 1:35:05 Dijo: TE PASE UN CHEQUE
25/06/2019 1:35:11 Dijo: WTF
25/06/2019 1:35:12 Dijo: NO FUNCA ESTE
25/06/2019 1:35:19 Dijo:  
25/06/2019 1:35:39 Dijo: toma po wn
25/06/2019 1:35:45 Dijo: xD
25/06/2019 1:35:51 Dijo: cje
25/06/2019 1:35:57 Dijo: los sagrados tambien se van a poder arrastrar?
25/06/2019 1:36:03 Dijo: ya veo mas de 1 perdiendolo asi
25/06/2019 1:36:09 Dijo: ah con razon xd
25/06/2019 1:36:13 Dijo:  
25/06/2019 1:36:18 Dijo: seee
25/06/2019 1:36:20 Dijo: pero puede pasar xd
25/06/2019 1:36:29 Dijo: xD
25/06/2019 1:36:33 Dijo:  
25/06/2019 1:36:37 Dijo: toy solo abandonado
25/06/2019 1:36:47 Dijo: fuck mi testeo
25/06/2019 1:36:54 Dijo: voy a mandarle una foto a kumba pa hacerle envidia
25/06/2019 1:36:57 Dijo: EH 
25/06/2019 1:36:57 Dijo:  
25/06/2019 1:37:10 Dijo: q onda
25/06/2019 1:37:11 Dijo:  
25/06/2019 1:37:20 Dijo: toy en discord
25/06/2019 1:37:23 Dijo: ah
25/06/2019 1:37:24 Dijo: meteme
25/06/2019 1:37:52 Dijo: APAGA LOS PAJARITOS
25/06/2019 1:37:56 Dijo: GATO
25/06/2019 1:37:57 Dijo:  
25/06/2019 1:38:01 Dijo: yo los tengo apagadso
25/06/2019 1:38:08 Dijo:  
25/06/2019 1:38:11 Dijo: HDP
25/06/2019 1:38:37 Dijo: dani
25/06/2019 1:38:41 Dijo: no me funciona mas lo de cambiar magia
25/06/2019 1:39:00 Dijo:  K PASO
25/06/2019 1:39:01 Dijo:  
25/06/2019 1:39:03 Dijo:  
28/06/2019 2:35:48 Dijo:  
28/06/2019 2:36:10 Dijo:  
28/06/2019 2:36:13 Dijo:  
02/07/2019 2:25:54 Dijo: WTF
02/07/2019 2:25:54 Dijo:  
02/07/2019 2:25:56 Dijo: 29999
02/07/2019 2:26:23 Dijo: ENTIENDEH?
02/07/2019 2:26:28 Dijo:  
02/07/2019 2:26:30 Dijo: ahora te funca?
02/07/2019 2:26:35 Dijo: WTF?
02/07/2019 2:26:36 Dijo:  
02/07/2019 2:26:44 Dijo: sdasd
02/07/2019 2:26:45 Dijo: asdasd
02/07/2019 2:26:46 Dijo:  
17/07/2019 14:34:33 Dijo: oka
17/07/2019 14:34:49 Dijo: donde vas pulpo
17/07/2019 14:34:54 Dijo:  
17/07/2019 14:34:58 Dijo: ok
17/07/2019 14:34:58 Dijo:  
17/07/2019 14:35:29 Dijo:  
17/07/2019 14:36:40 Dijo: estos no pegan
17/07/2019 14:36:43 Dijo: a qhaces gato
17/07/2019 14:36:48 Dijo: ahi me pego
17/07/2019 14:36:51 Dijo:  
17/07/2019 14:36:52 Dijo:  
17/07/2019 14:37:00 Dijo: curame
17/07/2019 14:37:02 Dijo: sd
17/07/2019 14:37:03 Dijo:  
17/07/2019 14:37:09 Dijo: ee
17/07/2019 14:37:11 Dijo: xd
17/07/2019 14:37:13 Dijo:  
17/07/2019 14:37:18 Dijo: calmaros
17/07/2019 14:37:20 Dijo:  
17/07/2019 14:37:46 Dijo: sigue ahi
17/07/2019 14:37:49 Dijo: jeje
17/07/2019 14:37:50 Dijo:  
17/07/2019 14:37:56 Dijo: estos funcan
17/07/2019 14:37:58 Dijo: son los caos
17/07/2019 14:38:00 Dijo: q tan bug
17/07/2019 14:38:08 Dijo: esta la city caosbilL?
17/07/2019 14:43:10 Dijo: a onde
17/07/2019 14:43:11 Dijo: ok
17/07/2019 14:43:12 Dijo:  
17/07/2019 14:43:25 Dijo: no es mas intelignte
17/07/2019 14:43:50 Dijo: xd
17/07/2019 14:43:55 Dijo: uh
17/07/2019 14:44:15 Dijo:  
17/07/2019 14:44:18 Dijo:  
17/07/2019 14:44:19 Dijo:  
17/07/2019 14:44:21 Dijo: ta re bugeado
17/07/2019 14:44:22 Dijo: xd
17/07/2019 14:44:22 Dijo:  
17/07/2019 14:44:28 Dijo:  
17/07/2019 14:44:29 Dijo:  
17/07/2019 14:44:42 Dijo:  
17/07/2019 14:47:32 Dijo: eaaa
17/07/2019 14:47:34 Dijo: klk
17/07/2019 14:47:37 Dijo: xd
17/07/2019 14:47:49 Dijo: es normal q suab?
17/07/2019 14:47:51 Dijo: suba?
23/12/2019 18:33:58 Dijo: de1
23/12/2019 18:34:01 Dijo:  tec cago a palos
23/12/2019 18:42:02 Dijo: potas
23/12/2019 18:42:02 Dijo:  
23/12/2019 18:42:03 Dijo: potas
23/12/2019 18:42:03 Dijo:  
23/12/2019 18:42:05 Dijo: asease
23/12/2019 18:42:06 Dijo:  
23/12/2019 18:42:07 Dijo: ssesese
23/12/2019 18:42:08 Dijo: se
23/12/2019 18:42:09 Dijo: sesese
23/12/2019 18:42:10 Dijo:  
23/12/2019 18:42:30 Dijo: helios 
23/12/2019 18:42:31 Dijo:  
24/04/2020 4:09:26 Dijo: nuse
24/04/2020 4:09:28 Dijo: al q tu qieras
24/04/2020 4:09:31 Dijo: sigue el error de la q
24/04/2020 4:09:58 Dijo: nose 35 o 45
24/04/2020 4:10:20 Dijo: de1
24/04/2020 4:10:25 Dijo: pelate los hechizo
24/04/2020 4:10:34 Dijo: es la interfaz
24/04/2020 4:10:54 Dijo: de1
24/04/2020 4:11:36 Dijo: dani
24/04/2020 4:11:40 Dijo: uri tiene error
24/04/2020 4:11:43 Dijo: ahi te digo cual es
24/04/2020 4:11:45 Dijo:  
24/04/2020 4:13:46 Dijo: se le bugeo y esta como transparente
24/04/2020 4:14:55 Dijo: no tengo magias
24/04/2020 4:14:57 Dijo: xD
24/04/2020 4:15:08 Dijo: ah
24/04/2020 4:15:08 Dijo: se
24/04/2020 4:15:08 Dijo: axd
24/04/2020 4:15:11 Dijo: dale
24/04/2020 4:15:15 Dijo:  
24/04/2020 4:15:21 Dijo: 104
24/04/2020 4:15:25 Dijo: 104
24/04/2020 4:15:26 Dijo:  asd
24/04/2020 4:15:26 Dijo:  
24/04/2020 4:15:28 Dijo: ta bug duelo
24/04/2020 4:15:29 Dijo: xD
24/04/2020 4:15:32 Dijo: como no
24/04/2020 4:15:36 Dijo: ah es verdad
24/04/2020 4:15:36 Dijo: DDx
24/04/2020 4:22:16 Dijo: sc*
24/04/2020 4:23:38 Dijo: pela el oro
24/04/2020 4:23:41 Dijo:  
24/04/2020 4:23:57 Dijo: ahi ta
24/04/2020 4:23:58 Dijo: che
24/04/2020 4:23:59 Dijo: y qusa el mago
24/04/2020 4:24:03 Dijo: si no usa paralizar
24/04/2020 4:24:54 Dijo: man
24/04/2020 4:24:57 Dijo: ALTOS RECUERDOS
24/04/2020 4:25:05 Dijo: ALTOS RECUERDOS
24/04/2020 4:25:07 Dijo: DEL ABOGADO
24/04/2020 4:25:09 Dijo: la oficina
24/04/2020 4:25:09 Dijo: odo
24/04/2020 4:25:21 Dijo: dani
24/04/2020 4:25:24 Dijo: ponenos unas skills
24/04/2020 4:26:03 Dijo: pasame mas cheqes qfaltan 2 mas
24/04/2020 4:26:21 Dijo: aksjjkasjkas
24/04/2020 4:26:25 Dijo: estos cheqes no rinden como los del abogado
24/04/2020 4:26:36 Dijo: pasa mas cheqes
24/04/2020 4:26:54 Dijo: si
24/04/2020 4:26:58 Dijo: pasate mas cehques qe no dan expe
24/04/2020 4:39:26 Dijo: uUUU/UUUUuuuuduuuuuuueuuuuluuuouuuuuuuuuuuuuuuuuuuuu
24/04/2020 4:39:29 Dijo: UUU/UUUuuuuuuduuuuuuuueuuuuuluuouusuuuuu
24/04/2020 4:39:35 Dijo: uuuuuuuuuuuuuuuuu
24/04/2020 4:39:38 Dijo: uuuuuuuuuuuuuuu
24/04/2020 4:39:42 Dijo: uuuuuuuuuuuuuu
24/04/2020 4:39:43 Dijo: uuuuuuuuuuuuuuuuuuuuuuuuuuuuuu
24/04/2020 4:39:45 Dijo: uuuuuuuuuuuuuuu
24/04/2020 4:39:53 Dijo: uuuuuuuuuuuuuuuu
24/04/2020 4:43:09 Dijo: WE
24/04/2020 4:43:10 Dijo:  
24/04/2020 4:43:11 Dijo: asjjasasas
24/04/2020 4:43:12 Dijo:  
25/04/2020 6:56:40 Dijo: ssc*
25/04/2020 6:57:20 Dijo: no te veo
25/04/2020 6:59:36 Dijo: pinta 2v2
25/04/2020 6:59:56 Dijo: no puedo
25/04/2020 6:59:57 Dijo: zona segura
25/04/2020 7:00:23 Dijo: movete qparece qme estuvieses diciendo cabron todo el rato
25/04/2020 7:00:35 Dijo: ahi esta
25/04/2020 7:00:37 Dijo: ahora te reviento
25/04/2020 7:00:58 Dijo: ya esta el eze
25/04/2020 7:01:02 Dijo: x si qeres desloguear de un cliente
25/04/2020 7:01:11 Dijo: ya ta el eze logueado
25/04/2020 7:01:16 Dijo: x si qeres desloguear de 1
25/04/2020 7:01:53 Dijo: saca
25/04/2020 7:01:53 Dijo: zona
25/04/2020 7:01:55 Dijo: qlos reviento
25/04/2020 7:02:31 Dijo: man este sonido es 1 pija
25/04/2020 7:02:36 Dijo: pone el sonido normal
25/04/2020 7:02:55 Dijo: op
25/04/2020 7:02:56 Dijo: nop
25/04/2020 7:03:10 Dijo: en zona segura no se pueden atacar a otros usuarios
25/04/2020 7:03:53 Dijo: se
25/04/2020 7:03:54 Dijo: los mato?
25/04/2020 7:04:14 Dijo: creo q no nos dio nada
25/04/2020 7:05:06 Dijo: <<<<<<<<<<<<<
25/04/2020 7:05:11 Dijo: jkasjkas
25/04/2020 7:09:01 Dijo: asd
25/04/2020 7:10:44 Dijo: de1
25/04/2020 7:10:46 Dijo: los hacemos mierda
25/04/2020 7:12:16 Dijo: ?
25/04/2020 7:12:17 Dijo:  
25/04/2020 7:13:35 Dijo:  
25/04/2020 7:13:36 Dijo: asd
25/04/2020 7:13:36 Dijo: asd
25/04/2020 7:13:36 Dijo: asd
25/04/2020 7:13:37 Dijo: sda
25/04/2020 7:13:38 Dijo: asd
25/04/2020 7:13:38 Dijo: asd
25/04/2020 7:13:39 Dijo: asd
25/04/2020 7:13:40 Dijo: asd
25/04/2020 7:13:40 Dijo: asd
25/04/2020 7:13:41 Dijo: asd
25/04/2020 7:13:42 Dijo:  
25/04/2020 7:14:02 Dijo: <
25/04/2020 7:14:09 Dijo:  
25/04/2020 7:14:13 Dijo:  
25/04/2020 7:14:15 Dijo:  
25/04/2020 7:14:16 Dijo: asd
25/04/2020 7:14:16 Dijo:  
25/04/2020 7:14:19 Dijo: klk
25/04/2020 7:14:20 Dijo: klk
25/04/2020 7:14:21 Dijo: klk
25/04/2020 7:14:22 Dijo: klkk
25/04/2020 7:14:23 Dijo: klk
25/04/2020 7:14:24 Dijo: kl
25/04/2020 7:14:25 Dijo:  
25/04/2020 7:14:26 Dijo: NADA
25/04/2020 7:14:28 Dijo:         
25/04/2020 7:14:31 Dijo: asd
25/04/2020 7:14:32 Dijo:  
25/04/2020 7:14:32 Dijo:  
25/04/2020 7:14:34 Dijo: asddddddddddddddd
25/04/2020 7:14:35 Dijo:  
25/04/2020 7:14:36 Dijo:  
25/04/2020 7:15:22 Dijo:  
25/04/2020 7:15:24 Dijo:  
25/04/2020 7:15:25 Dijo:  
25/04/2020 7:15:27 Dijo:  
25/04/2020 7:15:28 Dijo:  
25/04/2020 7:15:32 Dijo: de1
25/04/2020 7:15:32 Dijo:  
25/04/2020 7:15:33 Dijo: de1
25/04/2020 7:15:34 Dijo:  
25/04/2020 7:15:46 Dijo: 1v1
25/04/2020 7:15:46 Dijo:  
25/04/2020 7:15:47 Dijo: 1v1
25/04/2020 7:15:48 Dijo: v1v
25/04/2020 7:15:49 Dijo: 1v1
25/04/2020 7:15:49 Dijo:  
25/04/2020 7:15:50 Dijo: 2v2
25/04/2020 7:15:51 Dijo:  
