16/07/2019 16:47:53 Dijo: paleo
16/07/2019 16:49:41 Dijo: ye
16/07/2019 16:49:44 Dijo: hay oro?
16/07/2019 16:50:14 Dijo: tienes oro??
16/07/2019 16:50:17 Dijo: xDDDDDDD
16/07/2019 16:50:19 Dijo: vale
16/07/2019 16:50:57 Dijo: los guerres
16/07/2019 16:51:13 Dijo: los guerres
16/07/2019 16:51:16 Dijo: suben 13 de vida :S
16/07/2019 16:51:28 Dijo: y 9 de minima
16/07/2019 16:51:46 Dijo: hi!
16/07/2019 16:51:55 Dijo: necesito oro :S
16/07/2019 16:54:04 Dijo: ?
16/07/2019 20:11:53 Dijo: no puedo
16/07/2019 20:11:56 Dijo: no
16/07/2019 20:12:09 Dijo: este item es para personajes de otra raza
16/07/2019 20:12:17 Dijo: vale
16/07/2019 20:12:28 Dijo: pero pasa con todo eh menos con los cascos que te puse en discord
16/07/2019 20:19:15 Dijo: arrastrando no me deja
16/07/2019 20:19:21 Dijo: con el raton
16/07/2019 20:19:42 Dijo: tu clase, genero o raza no puede usar este objeto
16/07/2019 20:20:28 Dijo: aqui esta
16/07/2019 21:08:54 Dijo: voy a mirar si el resto de armaduras ya puedo usarlas
17/07/2019 16:52:42 Dijo: tienen que dar alguna modificacion?
17/07/2019 16:52:48 Dijo: o solo va a ser enlistarte y ya?
30/07/2019 0:14:10 Dijo: va bien?
30/07/2019 0:14:18 Dijo: que no te sale?
30/07/2019 0:14:41 Dijo: arriba dices?
30/07/2019 0:14:44 Dijo: en la consola?=
30/07/2019 0:15:04 Dijo: pero en la interfaz
30/07/2019 0:15:08 Dijo: no tiene que salir no?
30/07/2019 0:15:16 Dijo: sale arriba
30/07/2019 0:15:18 Dijo: en el chat
30/07/2019 0:15:30 Dijo: ahi tiene que salir
30/07/2019 0:15:40 Dijo: y si te dopas?
30/07/2019 0:15:57 Dijo: toma
30/07/2019 0:16:33 Dijo: a cuanto te sube?
30/07/2019 0:17:03 Dijo: como que suben mucho?
30/07/2019 0:17:27 Dijo: a mi me va bie
30/07/2019 0:17:31 Dijo: me dejas darte un toque?
30/07/2019 0:18:11 Dijo: vente
30/07/2019 0:18:13 Dijo: otra vez
30/07/2019 0:18:17 Dijo: soy guerre
30/07/2019 0:21:05 Dijo: jajaa
30/07/2019 0:21:08 Dijo: vas a tardar eh
30/07/2019 0:21:09 Dijo: ajajajaja
30/07/2019 0:21:22 Dijo: donde vas=ç
30/07/2019 0:21:48 Dijo: no sube nada los skills
30/07/2019 0:21:51 Dijo: vaya mierda
30/07/2019 0:22:31 Dijo: vewn
30/07/2019 0:23:04 Dijo: mat
30/07/2019 0:23:36 Dijo: me da 34 de mana al guerrero ajaja
30/07/2019 0:26:02 Dijo: te dieron algun poder
30/07/2019 0:26:03 Dijo: ??
