Línea 23: la clase AoManiaCliente.ChameleonBtn del control cmdSalir no era una clase de control cargada.
Línea 61: la clase AoManiaCliente.ChameleonBtn del control cmdEntregar no era una clase de control cargada.
Línea 99: la clase AoManiaCliente.ChameleonBtn del control cmdIniciar no era una clase de control cargada.
Línea 29: el nombre de la propiedad _ExtentX de cmdSalir no es válido.
Línea 30: el nombre de la propiedad _ExtentY de cmdSalir no es válido.
Línea 31: el nombre de la propiedad BTYPE de cmdSalir no es válido.
Línea 32: el nombre de la propiedad TX de cmdSalir no es válido.
Línea 33: el nombre de la propiedad ENAB de cmdSalir no es válido.
Línea 43: el nombre de la propiedad COLTYPE de cmdSalir no es válido.
Línea 44: el nombre de la propiedad FOCUSR de cmdSalir no es válido.
Línea 45: el nombre de la propiedad BCOL de cmdSalir no es válido.
Línea 46: el nombre de la propiedad BCOLO de cmdSalir no es válido.
Línea 47: el nombre de la propiedad FCOL de cmdSalir no es válido.
Línea 48: el nombre de la propiedad FCOLO de cmdSalir no es válido.
Línea 49: el nombre de la propiedad MCOL de cmdSalir no es válido.
Línea 50: el nombre de la propiedad MPTR de cmdSalir no es válido.
Línea 51: el nombre de la propiedad MICON de cmdSalir no es válido.
Línea 52: el nombre de la propiedad UMCOL de cmdSalir no es válido.
Línea 53: el nombre de la propiedad SOFT de cmdSalir no es válido.
Línea 54: el nombre de la propiedad PICPOS de cmdSalir no es válido.
Línea 55: el nombre de la propiedad NGREY de cmdSalir no es válido.
Línea 56: el nombre de la propiedad FX de cmdSalir no es válido.
Línea 57: el nombre de la propiedad HAND de cmdSalir no es válido.
Línea 58: el nombre de la propiedad CHECK de cmdSalir no es válido.
Línea 59: el nombre de la propiedad VALUE de cmdSalir no es válido.
Línea 67: el nombre de la propiedad _ExtentX de cmdEntregar no es válido.
Línea 68: el nombre de la propiedad _ExtentY de cmdEntregar no es válido.
Línea 69: el nombre de la propiedad BTYPE de cmdEntregar no es válido.
Línea 70: el nombre de la propiedad TX de cmdEntregar no es válido.
Línea 71: el nombre de la propiedad ENAB de cmdEntregar no es válido.
Línea 81: el nombre de la propiedad COLTYPE de cmdEntregar no es válido.
Línea 82: el nombre de la propiedad FOCUSR de cmdEntregar no es válido.
Línea 83: el nombre de la propiedad BCOL de cmdEntregar no es válido.
Línea 84: el nombre de la propiedad BCOLO de cmdEntregar no es válido.
Línea 85: el nombre de la propiedad FCOL de cmdEntregar no es válido.
Línea 86: el nombre de la propiedad FCOLO de cmdEntregar no es válido.
Línea 87: el nombre de la propiedad MCOL de cmdEntregar no es válido.
Línea 88: el nombre de la propiedad MPTR de cmdEntregar no es válido.
Línea 89: el nombre de la propiedad MICON de cmdEntregar no es válido.
Línea 90: el nombre de la propiedad UMCOL de cmdEntregar no es válido.
Línea 91: el nombre de la propiedad SOFT de cmdEntregar no es válido.
Línea 92: el nombre de la propiedad PICPOS de cmdEntregar no es válido.
Línea 93: el nombre de la propiedad NGREY de cmdEntregar no es válido.
Línea 94: el nombre de la propiedad FX de cmdEntregar no es válido.
Línea 95: el nombre de la propiedad HAND de cmdEntregar no es válido.
Línea 96: el nombre de la propiedad CHECK de cmdEntregar no es válido.
Línea 97: el nombre de la propiedad VALUE de cmdEntregar no es válido.
Línea 105: el nombre de la propiedad _ExtentX de cmdIniciar no es válido.
Línea 106: el nombre de la propiedad _ExtentY de cmdIniciar no es válido.
Línea 107: el nombre de la propiedad BTYPE de cmdIniciar no es válido.
Línea 108: el nombre de la propiedad TX de cmdIniciar no es válido.
Línea 109: el nombre de la propiedad ENAB de cmdIniciar no es válido.
Línea 119: el nombre de la propiedad COLTYPE de cmdIniciar no es válido.
Línea 120: el nombre de la propiedad FOCUSR de cmdIniciar no es válido.
Línea 121: el nombre de la propiedad BCOL de cmdIniciar no es válido.
Línea 122: el nombre de la propiedad BCOLO de cmdIniciar no es válido.
Línea 123: el nombre de la propiedad FCOL de cmdIniciar no es válido.
Línea 124: el nombre de la propiedad FCOLO de cmdIniciar no es válido.
Línea 125: el nombre de la propiedad MCOL de cmdIniciar no es válido.
Línea 126: el nombre de la propiedad MPTR de cmdIniciar no es válido.
Línea 127: el nombre de la propiedad MICON de cmdIniciar no es válido.
Línea 128: el nombre de la propiedad UMCOL de cmdIniciar no es válido.
Línea 129: el nombre de la propiedad SOFT de cmdIniciar no es válido.
Línea 130: el nombre de la propiedad PICPOS de cmdIniciar no es válido.
Línea 131: el nombre de la propiedad NGREY de cmdIniciar no es válido.
Línea 132: el nombre de la propiedad FX de cmdIniciar no es válido.
Línea 133: el nombre de la propiedad HAND de cmdIniciar no es válido.
Línea 134: el nombre de la propiedad CHECK de cmdIniciar no es válido.
Línea 135: el nombre de la propiedad VALUE de cmdIniciar no es válido.
