16/05/2020 23:52:51 Se conecto con ip:127.0.0.1Hora: 16/05/2020 23:52:51
16/05/2020 23:53:17 Comando: /TELEP YO 47 62 17
16/05/2020 23:53:17 Transporto a Bassinger hacia Mapa47 X:62 Y:17
16/05/2020 23:53:18 Comando: /TELEP YO 34 31 47
16/05/2020 23:53:18 Transporto a Bassinger hacia Mapa34 X:31 Y:47
16/05/2020 23:53:19 Comando: /TELEP YO 34 27 40
16/05/2020 23:53:19 Transporto a Bassinger hacia Mapa34 X:27 Y:40
16/05/2020 23:53:19 Comando: /TELEP YO 34 23 33
16/05/2020 23:53:19 Transporto a Bassinger hacia Mapa34 X:23 Y:33
16/05/2020 23:53:20 Comando: /TELEP YO 34 22 26
16/05/2020 23:53:20 Transporto a Bassinger hacia Mapa34 X:22 Y:26
16/05/2020 23:53:20 Comando: /TELEP YO 34 23 19
16/05/2020 23:53:20 Transporto a Bassinger hacia Mapa34 X:23 Y:19
16/05/2020 23:53:21 Comando: /TELEP YO 34 24 12
16/05/2020 23:53:21 Transporto a Bassinger hacia Mapa34 X:24 Y:12
16/05/2020 23:53:35 Comando: /telep yo 48 50 50
16/05/2020 23:53:35 Transporto a Bassinger hacia Mapa48 X:50 Y:50
16/05/2020 23:53:46 Comando: /telep yo 84 40 40
16/05/2020 23:53:46 Transporto a Bassinger hacia Mapa84 X:40 Y:40
17/05/2020 0:01:25 Se conecto con ip:127.0.0.1Hora: 17/05/2020 0:01:25
17/05/2020 0:01:38 Comando: /telep yo 1 50 50
17/05/2020 0:01:38 Transporto a Bassinger hacia Mapa1 X:50 Y:50
17/05/2020 0:02:57 Se conecto con ip:127.0.0.1Hora: 17/05/2020 0:02:57
17/05/2020 0:02:59 Se conecto con ip:127.0.0.1Hora: 17/05/2020 0:02:59
17/05/2020 0:03:06 Comando: /telep yo 1 50 50
17/05/2020 0:03:06 Transporto a bassinger hacia Mapa1 X:50 Y:50
17/05/2020 3:07:03 Se conecto con ip:127.0.0.1Hora: 17/05/2020 3:07:03
17/05/2020 3:07:11 Comando: /telep yo 50 50 50
17/05/2020 3:07:11 Transporto a Bassinger hacia Mapa50 X:50 Y:50
17/05/2020 3:07:14 Comando: /TELEP YO 50 46 48
17/05/2020 3:07:14 Transporto a Bassinger hacia Mapa50 X:46 Y:48
17/05/2020 3:07:34 Comando: /sum keoh
17/05/2020 3:07:34 /SUM KeoH Map:50 X:46 Y:48
17/05/2020 3:07:42 Comando: /panelgm
17/05/2020 3:07:53 Comando: /SEARCHITEMS nosf
17/05/2020 3:07:59 Comando: /SEARCHNPCSH nos
17/05/2020 3:08:01 Comando: /ACC 662
17/05/2020 3:08:01  Sumoneo un Nosferatu en mapa 50
18/05/2020 7:59:53 Se conecto con ip:127.0.0.1Hora: 18/05/2020 7:59:53
18/05/2020 7:59:59 Comando: /seguir
18/05/2020 8:00:15 Comando: /seguir
18/05/2020 8:00:27 Comando: /Acc 10
18/05/2020 8:00:27  Sumoneo un Guardia Del Caos en mapa 34
18/05/2020 8:00:36 Comando: /mata
18/05/2020 8:00:45 Comando: /acc 11
18/05/2020 8:00:45  Sumoneo un Organizar duelos en mapa 34
18/05/2020 8:00:52 Comando: /mata
18/05/2020 8:00:54 Comando: /acc 12
18/05/2020 8:00:54  Sumoneo un Banquero en mapa 34
18/05/2020 8:00:58 Comando: /acc 13
18/05/2020 8:00:58  Sumoneo un Sacerdote en mapa 34
18/05/2020 8:01:02 Comando: /mata
18/05/2020 8:01:07 Comando: /mata
18/05/2020 8:01:14 Comando: /panelgm
18/05/2020 8:01:24 Comando: /SEARCHITEMS 
18/05/2020 8:01:32 Comando: /SEARCHITEMS inmo
18/05/2020 8:01:36 Comando: /CI 530 1
18/05/2020 8:01:36 Creo: 1 Inmovilizar
18/05/2020 8:01:40 Comando: /SEARCHITEMS remo
18/05/2020 8:01:43 Comando: /CI 207 1
18/05/2020 8:01:43 Creo: 1 Remover paralisis
18/05/2020 8:01:47 Comando: /SEARCHITEMS inv
18/05/2020 8:01:51 Comando: /CI 318 1
18/05/2020 8:01:51 Creo: 1 Invisibilidad
18/05/2020 8:01:59 Comando: /SEARCHNPCS rey
18/05/2020 8:02:06 Comando: /ACC 22
18/05/2020 8:02:06  Sumoneo un Rey de Banderbill en mapa 34
18/05/2020 8:02:24 Comando: /panelgm
18/05/2020 8:02:32 Comando: /SEARCHITEMS frag
18/05/2020 8:02:36 Comando: /CI 1983 1
18/05/2020 8:02:36 Creo: 1 Fragata
18/05/2020 8:02:38 Comando: /SEARCHITEMS exp
18/05/2020 8:02:41 Comando: /CI 1702 33
18/05/2020 8:02:41 Creo: 33 Vale por 500k de experiencia
18/05/2020 8:02:48 Comando: /CI 1702 33
18/05/2020 8:02:48 Creo: 33 Vale por 500k de experiencia
18/05/2020 8:02:59 Comando: /SEARCHITEMS ele
18/05/2020 8:03:07 Comando: /CI 537 1
18/05/2020 8:03:07 Creo: 1 Invocar elemental de agua
18/05/2020 8:03:12  tiró 1 Invisibilidad
18/05/2020 8:03:14  tiró 1 Fragata
18/05/2020 8:03:17  tiró 1 Inmovilizar
18/05/2020 8:03:20  tiró 1 Invocar elemental de agua
18/05/2020 8:03:23  tiró 66 Vale por 500k de experiencia
18/05/2020 8:03:26  tiró 1 Remover paralisis
19/05/2020 12:22:06 Se conecto con ip:127.0.0.1Hora: 19/05/2020 12:22:06
19/05/2020 12:22:34 Se conecto con ip:127.0.0.1Hora: 19/05/2020 12:22:34
19/05/2020 12:24:59 Comando: /ira paladin
19/05/2020 12:24:59 /IRA Paladin Mapa:37 X:35 Y:
19/05/2020 12:25:03 Comando: /panelgm
19/05/2020 12:25:09 Comando: /SEARCHITEMS inmo
19/05/2020 12:25:13 Comando: /CI 530 1
19/05/2020 12:25:13 Creo: 1 Inmovilizar
19/05/2020 12:25:16 Comando: /SEARCHITEMS para
19/05/2020 12:25:19 Comando: /CI 206 1
19/05/2020 12:25:19 Creo: 1 Paralizar
19/05/2020 12:25:24  tiró 1 Paralizar
19/05/2020 12:25:29 Agarro:1 Objeto:Paralizar
19/05/2020 12:25:31  tiró 1 Inmovilizar
19/05/2020 12:25:34  tiró 1 Paralizar
19/05/2020 12:25:37 Comando: /TELEP YO 37 38 68
19/05/2020 12:25:37 Transporto a Bassinger hacia Mapa37 X:38 Y:68
19/05/2020 12:28:09 Se conecto con ip:127.0.0.1Hora: 19/05/2020 12:28:09
19/05/2020 12:29:40 Comando: /mod paladin nivel 55
19/05/2020 12:57:07 Se conecto con ip:127.0.0.1Hora: 19/05/2020 12:57:07
19/05/2020 14:03:54 Se conecto con ip:127.0.0.1Hora: 19/05/2020 14:03:54
19/05/2020 14:04:02 Comando: /mod yo nivel 55
19/05/2020 14:04:10 Comando: /panelgm
19/05/2020 14:04:19 Comando: /SEARCHITEMS tun
19/05/2020 14:04:23 Comando: /CI 1182 1
19/05/2020 14:04:23 Creo: 1 Tunica Sagrada GM
19/05/2020 14:04:31 Comando: /panelgm
19/05/2020 14:04:37 Comando: /SEARCHITEMS tort
19/05/2020 14:04:40 Comando: /CI 978 1
19/05/2020 14:04:40 Creo: 1 Invocar Tortugas
19/05/2020 14:04:55 Dijo:  
19/05/2020 14:05:13 Dijo:  
19/05/2020 14:05:17 Comando: /TELEP YO 47 62 17
19/05/2020 14:05:17 Transporto a Bassinger hacia Mapa47 X:62 Y:17
19/05/2020 14:05:19 Comando: /TELEP YO 34 29 15
19/05/2020 14:05:19 Transporto a Bassinger hacia Mapa34 X:29 Y:15
19/05/2020 14:05:25 Dijo:  
19/05/2020 14:05:29 Dijo:  
19/05/2020 14:05:30 Dijo:  
19/05/2020 14:05:45 Comando: /panelgm
19/05/2020 14:05:53 Comando: /SEARCHITEMS elemental
19/05/2020 14:05:57 Comando: /CI 536 1
19/05/2020 14:05:57 Creo: 1 Invocar elemental de fuego
19/05/2020 14:06:00 Comando: /CI 537 1
19/05/2020 14:06:00 Creo: 1 Invocar elemental de agua
19/05/2020 14:06:03 Comando: /CI 538 1
19/05/2020 14:06:03 Creo: 1 Invocar elemental de tierra
19/05/2020 14:06:06 Comando: /CI 1766 1
19/05/2020 14:06:06 Creo: 1 Invocar elemental de Aire
19/05/2020 14:08:11 Se conecto con ip:127.0.0.1Hora: 19/05/2020 14:08:11
19/05/2020 14:08:14 Comando: /TELEP YO 47 61 17
19/05/2020 14:08:14 Transporto a Bassinger hacia Mapa47 X:61 Y:17
19/05/2020 14:08:16 Comando: /TELEP YO 34 35 49
19/05/2020 14:08:16 Transporto a Bassinger hacia Mapa34 X:35 Y:49
19/05/2020 14:08:17 Comando: /TELEP YO 34 30 42
19/05/2020 14:08:17 Transporto a Bassinger hacia Mapa34 X:30 Y:42
19/05/2020 14:08:18 Comando: /TELEP YO 34 26 37
19/05/2020 14:08:18 Transporto a Bassinger hacia Mapa34 X:26 Y:37
19/05/2020 14:08:18 Comando: /TELEP YO 34 24 30
19/05/2020 14:08:18 Transporto a Bassinger hacia Mapa34 X:24 Y:30
19/05/2020 14:08:18 Comando: /TELEP YO 34 25 21
19/05/2020 14:08:18 Transporto a Bassinger hacia Mapa34 X:25 Y:21
19/05/2020 14:08:19 Comando: /TELEP YO 34 25 12
19/05/2020 14:08:19 Transporto a Bassinger hacia Mapa34 X:25 Y:12
19/05/2020 14:08:20 Comando: /TELEP YO 35 25 83
19/05/2020 14:08:20 Transporto a Bassinger hacia Mapa35 X:25 Y:83
19/05/2020 14:08:29 Dijo:  
19/05/2020 14:08:31 Dijo:  
19/05/2020 14:08:32 Dijo:  
19/05/2020 14:12:22 Dijo:  
19/05/2020 14:12:24 Dijo:  
19/05/2020 14:17:14 Se conecto con ip:127.0.0.1Hora: 19/05/2020 14:17:14
19/05/2020 14:17:17 Comando: /TELEP YO 47 63 17
19/05/2020 14:17:17 Transporto a Bassinger hacia Mapa47 X:63 Y:17
19/05/2020 14:17:18 Comando: /TELEP YO 47 62 17
19/05/2020 14:17:18 Transporto a Bassinger hacia Mapa47 X:62 Y:17
19/05/2020 14:17:19 Comando: /TELEP YO 34 36 48
19/05/2020 14:17:19 Transporto a Bassinger hacia Mapa34 X:36 Y:48
19/05/2020 14:17:20 Comando: /TELEP YO 34 30 43
19/05/2020 14:17:20 Transporto a Bassinger hacia Mapa34 X:30 Y:43
19/05/2020 14:17:20 Comando: /TELEP YO 34 24 37
19/05/2020 14:17:20 Transporto a Bassinger hacia Mapa34 X:24 Y:37
19/05/2020 14:17:21 Comando: /TELEP YO 34 24 31
19/05/2020 14:17:21 Transporto a Bassinger hacia Mapa34 X:24 Y:31
19/05/2020 14:17:21 Comando: /TELEP YO 34 25 24
19/05/2020 14:17:21 Transporto a Bassinger hacia Mapa34 X:25 Y:24
19/05/2020 14:17:21 Comando: /TELEP YO 34 26 18
19/05/2020 14:17:21 Transporto a Bassinger hacia Mapa34 X:26 Y:18
19/05/2020 14:17:22 Comando: /TELEP YO 34 27 12
19/05/2020 14:17:22 Transporto a Bassinger hacia Mapa34 X:27 Y:12
19/05/2020 14:17:27 Dijo:  
19/05/2020 14:21:26 Se conecto con ip:127.0.0.1Hora: 19/05/2020 14:21:26
19/05/2020 14:21:28 Se conecto con ip:127.0.0.1Hora: 19/05/2020 14:21:28
19/05/2020 14:21:29 Comando: /TELEP YO 47 62 17
19/05/2020 14:21:29 Transporto a Bassinger hacia Mapa47 X:62 Y:17
19/05/2020 14:21:31 Comando: /TELEP YO 34 28 45
19/05/2020 14:21:31 Transporto a Bassinger hacia Mapa34 X:28 Y:45
19/05/2020 14:21:31 Comando: /TELEP YO 34 25 38
19/05/2020 14:21:31 Transporto a Bassinger hacia Mapa34 X:25 Y:38
19/05/2020 14:21:32 Comando: /TELEP YO 34 27 30
19/05/2020 14:21:32 Transporto a Bassinger hacia Mapa34 X:27 Y:30
19/05/2020 14:21:32 Comando: /TELEP YO 34 27 22
19/05/2020 14:21:32 Transporto a Bassinger hacia Mapa34 X:27 Y:22
19/05/2020 14:21:33 Comando: /TELEP YO 34 27 14
19/05/2020 14:21:33 Transporto a Bassinger hacia Mapa34 X:27 Y:14
19/05/2020 14:21:37 Dijo:  
19/05/2020 14:27:41 Se conecto con ip:127.0.0.1Hora: 19/05/2020 14:27:41
19/05/2020 14:27:45 Comando: /TELEP YO 34 30 43
19/05/2020 14:27:45 Transporto a Bassinger hacia Mapa34 X:30 Y:43
19/05/2020 14:27:45 Comando: /TELEP YO 34 26 35
19/05/2020 14:27:45 Transporto a Bassinger hacia Mapa34 X:26 Y:35
19/05/2020 14:27:46 Comando: /TELEP YO 34 26 27
19/05/2020 14:27:46 Transporto a Bassinger hacia Mapa34 X:26 Y:27
19/05/2020 14:27:47 Comando: /TELEP YO 34 27 19
19/05/2020 14:27:47 Transporto a Bassinger hacia Mapa34 X:27 Y:19
19/05/2020 14:27:47 Comando: /TELEP YO 34 26 11
19/05/2020 14:27:47 Transporto a Bassinger hacia Mapa34 X:26 Y:11
19/05/2020 14:27:52 Dijo:  
19/05/2020 14:29:18 Dijo: GFHGFH
19/05/2020 14:33:44 Se conecto con ip:127.0.0.1Hora: 19/05/2020 14:33:44
19/05/2020 14:33:47 Se conecto con ip:127.0.0.1Hora: 19/05/2020 14:33:47
19/05/2020 14:33:48 Se conecto con ip:127.0.0.1Hora: 19/05/2020 14:33:48
19/05/2020 14:33:50 Comando: /TELEP YO 47 62 17
19/05/2020 14:33:50 Transporto a Bassinger hacia Mapa47 X:62 Y:17
19/05/2020 14:33:51 Comando: /TELEP YO 34 32 44
19/05/2020 14:33:51 Transporto a Bassinger hacia Mapa34 X:32 Y:44
19/05/2020 14:33:52 Comando: /TELEP YO 34 27 37
19/05/2020 14:33:52 Transporto a Bassinger hacia Mapa34 X:27 Y:37
19/05/2020 14:33:53 Comando: /TELEP YO 34 28 27
19/05/2020 14:33:53 Transporto a Bassinger hacia Mapa34 X:28 Y:27
19/05/2020 14:33:53 Comando: /TELEP YO 34 28 18
19/05/2020 14:33:53 Transporto a Bassinger hacia Mapa34 X:28 Y:18
19/05/2020 14:33:53 Comando: /TELEP YO 34 27 10
19/05/2020 14:33:53 Transporto a Bassinger hacia Mapa34 X:27 Y:10
19/05/2020 14:33:58 Dijo:  
19/05/2020 14:34:00 Dijo:  
19/05/2020 14:34:10 Dijo:  
19/05/2020 14:34:16 Dijo:  
19/05/2020 14:38:12 Se conecto con ip:127.0.0.1Hora: 19/05/2020 14:38:12
19/05/2020 14:38:17 Dijo:  
19/05/2020 14:38:18 Comando: /TELEP YO 34 36 47
19/05/2020 14:38:18 Transporto a Bassinger hacia Mapa34 X:36 Y:47
19/05/2020 14:38:18 Comando: /TELEP YO 34 29 42
19/05/2020 14:38:18 Transporto a Bassinger hacia Mapa34 X:29 Y:42
19/05/2020 14:38:19 Comando: /TELEP YO 34 26 35
19/05/2020 14:38:19 Transporto a Bassinger hacia Mapa34 X:26 Y:35
19/05/2020 14:38:19 Comando: /TELEP YO 34 23 29
19/05/2020 14:38:19 Transporto a Bassinger hacia Mapa34 X:23 Y:29
19/05/2020 14:38:20 Comando: /TELEP YO 34 23 21
19/05/2020 14:38:20 Transporto a Bassinger hacia Mapa34 X:23 Y:21
19/05/2020 14:38:20 Comando: /TELEP YO 34 24 13
19/05/2020 14:38:20 Transporto a Bassinger hacia Mapa34 X:24 Y:13
19/05/2020 14:38:24 Dijo:  
19/05/2020 14:38:34 Dijo:  
19/05/2020 14:38:37 Dijo:  
19/05/2020 14:38:38 Dijo:  
19/05/2020 14:38:40 Dijo:  
19/05/2020 14:38:44 Dijo:  
19/05/2020 14:38:47 Dijo:  
19/05/2020 14:39:28 Comando: /sum trabajador
19/05/2020 14:39:28 /SUM trabajadoR Map:35 X:21 Y:90
19/05/2020 14:41:06 Dijo:  
19/05/2020 14:41:08 Dijo:  
19/05/2020 14:41:10 Dijo:  
19/05/2020 14:46:17 Se conecto con ip:127.0.0.1Hora: 19/05/2020 14:46:17
19/05/2020 14:46:25 Comando: /mod keoh vida 30000
19/05/2020 14:46:29 Comando: /mod keoh mana 30000
19/05/2020 14:46:39 Comando: /telep keoh 141 34 30 50
19/05/2020 14:46:39 Transporto a KeoH hacia Mapa141 X:34 Y:30
19/05/2020 14:46:39 Transporto a KeoH hacia Mapa141 X:34 Y:30
19/05/2020 14:46:49 Se conecto con ip:127.0.0.1Hora: 19/05/2020 14:46:49
19/05/2020 14:46:52 Comando: /ira k
19/05/2020 14:46:52 /IRA KeoH Mapa:141 X:34 Y:
19/05/2020 14:46:53 Comando: /TELEP YO 141 37 32
19/05/2020 14:46:53 Transporto a Bassinger hacia Mapa141 X:37 Y:32
19/05/2020 14:46:57 Comando: /sum keoh
19/05/2020 14:46:57 /SUM KeoH Map:141 X:37 Y:32
19/05/2020 15:38:46 Se conecto con ip:127.0.0.1Hora: 19/05/2020 15:38:46
19/05/2020 15:39:08 Comando: /PANELGM
19/05/2020 15:39:37 Comando: /SEARCHITEMS vene
19/05/2020 15:39:41 Comando: /CI 596 1
19/05/2020 15:39:41 Creo: 1 Escudo Venenciano
19/05/2020 15:41:45 Se conecto con ip:127.0.0.1Hora: 19/05/2020 15:41:45
19/05/2020 15:42:06 Se conecto con ip:127.0.0.1Hora: 19/05/2020 15:42:06
20/05/2020 11:32:01 Se conecto con ip:127.0.0.1Hora: 20/05/2020 11:32:01
20/05/2020 11:33:00 Se conecto con ip:127.0.0.1Hora: 20/05/2020 11:33:00
20/05/2020 11:33:04 Comando: /TELEP YO 34 33 49
20/05/2020 11:33:04 Transporto a Bassinger hacia Mapa34 X:33 Y:49
20/05/2020 11:33:05 Comando: /TELEP YO 34 28 43
20/05/2020 11:33:05 Transporto a Bassinger hacia Mapa34 X:28 Y:43
20/05/2020 11:33:14 Comando: /TELEP YO 34 26 26
20/05/2020 11:33:14 Transporto a Bassinger hacia Mapa34 X:26 Y:26
20/05/2020 11:33:15 Comando: /TELEP YO 34 26 19
20/05/2020 11:33:15 Transporto a Bassinger hacia Mapa34 X:26 Y:19
20/05/2020 11:33:25 Comando: /panelgm
20/05/2020 11:33:33 Comando: /SEARCHNPCSH nosfe
20/05/2020 11:33:36 Comando: /ACC 662
20/05/2020 11:33:36  Sumoneo un Nosferatu en mapa 35
20/05/2020 11:50:58 Se conecto con ip:127.0.0.1Hora: 20/05/2020 11:50:58
20/05/2020 11:51:04 Comando: /ira keoh
20/05/2020 11:51:04 /IRA KeoH Mapa:190 X:32 Y:
20/05/2020 11:51:09 Comando: /acc 553
20/05/2020 11:51:09  Sumoneo un Medusa en mapa 190
20/05/2020 11:51:37 Comando: /mata
20/05/2020 11:51:40 Comando: /panelgm
20/05/2020 11:51:44 Comando: /SEARCHITEMS sant
20/05/2020 11:51:47 Comando: /CI 989 3
20/05/2020 11:51:47 Creo: 3 Santus divina
20/05/2020 11:52:05 Dijo:  
20/05/2020 11:52:08 Dijo:  
20/05/2020 11:52:56 Dijo:  
20/05/2020 11:53:01 Dijo:  
20/05/2020 14:08:34 Se conecto con ip:127.0.0.1Hora: 20/05/2020 14:08:34
20/05/2020 14:08:41  tiró 1 Escudo Venenciano
20/05/2020 14:08:50  tiró 1 Santus divina
20/05/2020 14:08:56 Comando: /telep yo 47 50 50
20/05/2020 14:08:56 Transporto a Bassinger hacia Mapa47 X:50 Y:50
20/05/2020 14:08:58 Comando: /TELEP YO 47 55 42
20/05/2020 14:08:58 Transporto a Bassinger hacia Mapa47 X:55 Y:42
20/05/2020 14:08:59 Comando: /TELEP YO 47 58 33
20/05/2020 14:08:59 Transporto a Bassinger hacia Mapa47 X:58 Y:33
20/05/2020 14:08:59 Comando: /TELEP YO 47 62 25
20/05/2020 14:08:59 Transporto a Bassinger hacia Mapa47 X:62 Y:25
20/05/2020 14:13:51 Dijo: jkjk
20/05/2020 14:14:01 Comando: /TELEP YO 34 33 50
20/05/2020 14:14:01 Transporto a Bassinger hacia Mapa34 X:33 Y:50
20/05/2020 14:14:03 Comando: /TELEP YO 34 29 50
20/05/2020 14:14:03 Transporto a Bassinger hacia Mapa34 X:29 Y:50
20/05/2020 14:14:19 Comando: /telep yo 47 50 50
20/05/2020 14:14:19 Transporto a Bassinger hacia Mapa47 X:50 Y:50
20/05/2020 14:14:21 Comando: /TELEP YO 47 54 45
20/05/2020 14:14:21 Transporto a Bassinger hacia Mapa47 X:54 Y:45
20/05/2020 14:14:21 Comando: /TELEP YO 47 57 37
20/05/2020 14:14:21 Transporto a Bassinger hacia Mapa47 X:57 Y:37
20/05/2020 14:14:22 Comando: /TELEP YO 47 62 29
20/05/2020 14:14:22 Transporto a Bassinger hacia Mapa47 X:62 Y:29
20/05/2020 14:14:22 Comando: /TELEP YO 47 65 25
20/05/2020 14:14:22 Transporto a Bassinger hacia Mapa47 X:65 Y:25
20/05/2020 14:14:29 Comando: /TELEP YO 34 29 55
20/05/2020 14:14:29 Transporto a Bassinger hacia Mapa34 X:29 Y:55
20/05/2020 14:14:29 Comando: /TELEP YO 34 29 60
20/05/2020 14:14:29 Transporto a Bassinger hacia Mapa34 X:29 Y:60
20/05/2020 14:14:30 Comando: /TELEP YO 34 29 66
20/05/2020 14:14:30 Transporto a Bassinger hacia Mapa34 X:29 Y:66
20/05/2020 14:14:32 Comando: /TELEP YO 34 23 68
20/05/2020 14:14:32 Transporto a Bassinger hacia Mapa34 X:23 Y:68
20/05/2020 14:18:22 Se conecto con ip:127.0.0.1Hora: 20/05/2020 14:18:22
20/05/2020 14:18:32 Comando: /TELEP YO 47 62 17
20/05/2020 14:18:32 Transporto a Bassinger hacia Mapa47 X:62 Y:17
20/05/2020 14:18:33 Comando: /TELEP YO 34 33 50
20/05/2020 14:18:33 Transporto a Bassinger hacia Mapa34 X:33 Y:50
20/05/2020 14:18:34 Comando: /TELEP YO 34 30 51
20/05/2020 14:18:34 Transporto a Bassinger hacia Mapa34 X:30 Y:51
20/05/2020 14:18:48 Comando: /panelgm
20/05/2020 14:18:58 Comando: /SEARCHITEMS mana
20/05/2020 14:19:16 Comando: /CI 1284 1
20/05/2020 14:19:16 Creo: 1 Túnica lujo azulón (+300 Mana)
20/05/2020 14:19:20  tiró 1 Túnica lujo azulón (+300 Mana)
20/05/2020 14:19:24 Comando: /mover keoh
20/05/2020 14:37:17 Se conecto con ip:127.0.0.1Hora: 20/05/2020 14:37:17
20/05/2020 14:40:21 Dijo:  
20/05/2020 14:40:28 Comando: /panelgm
20/05/2020 14:40:32 Comando: /SEARCHITEMS huev
20/05/2020 14:40:35 Comando: /CI 1659 1
20/05/2020 14:40:35 Creo: 1 Huevo de la gloria eterna
20/05/2020 14:40:51 Comando: /mod yo oro 10000000
20/05/2020 14:42:53 Comando: /sum keoh
20/05/2020 14:42:53 /SUM KeoH Map:47 X:62 Y:23
20/05/2020 14:42:58  tiró 1 Huevo de la gloria eterna
20/05/2020 14:43:22 Comando: /mod keoh skill liderazgo 90
20/05/2020 14:43:32 Comando: /revivir keoh
20/05/2020 14:43:57 Comando: /mod keoh skills liderazgo 100
20/05/2020 15:15:11 Se conecto con ip:127.0.0.1Hora: 20/05/2020 15:15:11
20/05/2020 17:54:47 Se conecto con ip:127.0.0.1Hora: 20/05/2020 17:54:47
20/05/2020 21:06:01 Se conecto con ip:127.0.0.1Hora: 20/05/2020 21:06:01
20/05/2020 21:06:23 Comando: /telep yo 47 50 50
20/05/2020 21:06:23 Transporto a Bassinger hacia Mapa47 X:50 Y:50
20/05/2020 21:06:24 Comando: /TELEP YO 47 56 45
20/05/2020 21:06:24 Transporto a Bassinger hacia Mapa47 X:56 Y:45
20/05/2020 21:06:25 Comando: /TELEP YO 47 59 38
20/05/2020 21:06:25 Transporto a Bassinger hacia Mapa47 X:59 Y:38
20/05/2020 21:06:26 Comando: /TELEP YO 47 63 33
20/05/2020 21:06:26 Transporto a Bassinger hacia Mapa47 X:63 Y:33
20/05/2020 21:06:37 Se conecto con ip:127.0.0.1Hora: 20/05/2020 21:06:37
20/05/2020 21:14:33 Se conecto con ip:127.0.0.1Hora: 20/05/2020 21:14:33
20/05/2020 21:14:39 Se conecto con ip:127.0.0.1Hora: 20/05/2020 21:14:39
20/05/2020 21:14:52 Se conecto con ip:127.0.0.1Hora: 20/05/2020 21:14:52
20/05/2020 21:14:59 Se conecto con ip:127.0.0.1Hora: 20/05/2020 21:14:59
20/05/2020 21:15:12 Se conecto con ip:127.0.0.1Hora: 20/05/2020 21:15:12
20/05/2020 21:15:25 Se conecto con ip:127.0.0.1Hora: 20/05/2020 21:15:25
20/05/2020 21:15:33 Se conecto con ip:127.0.0.1Hora: 20/05/2020 21:15:33
20/05/2020 21:15:39 Se conecto con ip:127.0.0.1Hora: 20/05/2020 21:15:39
20/05/2020 21:16:02 Se conecto con ip:127.0.0.1Hora: 20/05/2020 21:16:02
20/05/2020 21:16:35 Se conecto con ip:127.0.0.1Hora: 20/05/2020 21:16:35
20/05/2020 21:19:17 Se conecto con ip:127.0.0.1Hora: 20/05/2020 21:19:17
20/05/2020 21:19:45 Se conecto con ip:127.0.0.1Hora: 20/05/2020 21:19:45
20/05/2020 21:28:31 Se conecto con ip:127.0.0.1Hora: 20/05/2020 21:28:31
20/05/2020 21:28:40 Se conecto con ip:127.0.0.1Hora: 20/05/2020 21:28:40
20/05/2020 21:28:47 Se conecto con ip:127.0.0.1Hora: 20/05/2020 21:28:47
20/05/2020 21:32:18 Se conecto con ip:127.0.0.1Hora: 20/05/2020 21:32:18
20/05/2020 21:37:12 Se conecto con ip:127.0.0.1Hora: 20/05/2020 21:37:12
20/05/2020 21:37:34 Se conecto con ip:127.0.0.1Hora: 20/05/2020 21:37:34
20/05/2020 21:52:52 Se conecto con ip:127.0.0.1Hora: 20/05/2020 21:52:52
20/05/2020 22:46:31 Se conecto con ip:127.0.0.1Hora: 20/05/2020 22:46:31
20/05/2020 22:47:14 Se conecto con ip:127.0.0.1Hora: 20/05/2020 22:47:14
20/05/2020 22:47:20 Comando: /telep yo 192 50 50
20/05/2020 22:47:20 Transporto a Bassinger hacia Mapa192 X:50 Y:50
20/05/2020 22:47:40 Comando: /TELEP YO 192 29 41
20/05/2020 22:47:40 Transporto a Bassinger hacia Mapa192 X:29 Y:41
20/05/2020 22:47:41 Comando: /TELEP YO 192 30 45
20/05/2020 22:47:41 Transporto a Bassinger hacia Mapa192 X:30 Y:45
20/05/2020 22:47:41 Comando: /TELEP YO 192 31 49
20/05/2020 22:47:41 Transporto a Bassinger hacia Mapa192 X:31 Y:49
20/05/2020 22:47:42 Comando: /TELEP YO 192 32 53
20/05/2020 22:47:42 Transporto a Bassinger hacia Mapa192 X:32 Y:53
20/05/2020 22:47:42 Comando: /TELEP YO 192 33 57
20/05/2020 22:47:42 Transporto a Bassinger hacia Mapa192 X:33 Y:57
20/05/2020 22:47:42 Comando: /TELEP YO 192 34 61
20/05/2020 22:47:42 Transporto a Bassinger hacia Mapa192 X:34 Y:61
20/05/2020 22:47:42 Comando: /TELEP YO 192 35 65
20/05/2020 22:47:42 Transporto a Bassinger hacia Mapa192 X:35 Y:65
20/05/2020 22:47:43 Comando: /TELEP YO 192 36 69
20/05/2020 22:47:43 Transporto a Bassinger hacia Mapa192 X:36 Y:69
20/05/2020 22:47:43 Comando: /TELEP YO 192 36 73
20/05/2020 22:47:43 Transporto a Bassinger hacia Mapa192 X:36 Y:73
20/05/2020 22:47:43 Comando: /TELEP YO 192 36 78
20/05/2020 22:47:43 Transporto a Bassinger hacia Mapa192 X:36 Y:78
20/05/2020 22:47:43 Comando: /TELEP YO 192 36 83
20/05/2020 22:47:43 Transporto a Bassinger hacia Mapa192 X:36 Y:83
20/05/2020 22:47:43 Comando: /TELEP YO 192 38 88
20/05/2020 22:47:43 Transporto a Bassinger hacia Mapa192 X:38 Y:88
20/05/2020 22:47:44 Comando: /TELEP YO 192 42 93
20/05/2020 22:47:44 Comando: /TELEP YO 192 43 92
20/05/2020 22:47:44 Comando: /TELEP YO 192 44 91
20/05/2020 22:47:44 Transporto a Bassinger hacia Mapa192 X:44 Y:91
20/05/2020 22:47:44 Comando: /TELEP YO 192 51 93
20/05/2020 22:47:44 Comando: /TELEP YO 192 51 92
20/05/2020 22:47:45 Comando: /TELEP YO 192 51 92
20/05/2020 22:47:45 Comando: /TELEP YO 192 51 91
20/05/2020 22:47:45 Transporto a Bassinger hacia Mapa192 X:51 Y:91
20/05/2020 22:47:45 Comando: /TELEP YO 192 58 90
20/05/2020 22:47:45 Transporto a Bassinger hacia Mapa192 X:58 Y:90
20/05/2020 22:47:45 Comando: /TELEP YO 192 65 89
20/05/2020 22:47:45 Transporto a Bassinger hacia Mapa192 X:65 Y:89
20/05/2020 22:47:45 Comando: /TELEP YO 192 72 87
20/05/2020 22:47:45 Transporto a Bassinger hacia Mapa192 X:72 Y:87
20/05/2020 22:47:45 Comando: /TELEP YO 192 79 85
20/05/2020 22:47:45 Transporto a Bassinger hacia Mapa192 X:79 Y:85
20/05/2020 22:47:46 Comando: /TELEP YO 192 85 82
20/05/2020 22:47:46 Transporto a Bassinger hacia Mapa192 X:85 Y:82
20/05/2020 22:47:46 Comando: /TELEP YO 192 90 78
20/05/2020 22:47:46 Comando: /TELEP YO 192 89 78
20/05/2020 22:47:46 Transporto a Bassinger hacia Mapa192 X:89 Y:78
20/05/2020 22:47:46 Comando: /TELEP YO 192 93 73
20/05/2020 22:47:46 Comando: /TELEP YO 192 93 73
20/05/2020 22:47:47 Comando: /TELEP YO 192 91 73
20/05/2020 22:47:47 Comando: /TELEP YO 192 91 73
20/05/2020 22:47:47 Comando: /TELEP YO 192 90 73
20/05/2020 22:47:47 Comando: /TELEP YO 192 90 73
20/05/2020 22:47:48 Comando: /TELEP YO 192 87 77
20/05/2020 22:47:48 Transporto a Bassinger hacia Mapa192 X:87 Y:77
20/05/2020 22:47:49 Comando: /TELEP YO 192 85 76
20/05/2020 22:47:49 Transporto a Bassinger hacia Mapa192 X:85 Y:76
20/05/2020 22:47:49 Comando: /TELEP YO 192 83 75
20/05/2020 22:47:49 Transporto a Bassinger hacia Mapa192 X:83 Y:75
20/05/2020 22:47:49 Comando: /TELEP YO 192 81 74
20/05/2020 22:47:49 Transporto a Bassinger hacia Mapa192 X:81 Y:74
20/05/2020 22:47:49 Comando: /TELEP YO 192 79 72
20/05/2020 22:47:49 Transporto a Bassinger hacia Mapa192 X:79 Y:72
20/05/2020 22:47:50 Comando: /TELEP YO 192 76 70
20/05/2020 22:47:50 Transporto a Bassinger hacia Mapa192 X:76 Y:70
20/05/2020 22:47:50 Comando: /TELEP YO 192 73 68
20/05/2020 22:47:50 Transporto a Bassinger hacia Mapa192 X:73 Y:68
20/05/2020 22:47:50 Comando: /TELEP YO 192 69 66
20/05/2020 22:47:50 Transporto a Bassinger hacia Mapa192 X:69 Y:66
20/05/2020 22:47:50 Comando: /TELEP YO 192 65 65
20/05/2020 22:47:50 Transporto a Bassinger hacia Mapa192 X:65 Y:65
20/05/2020 22:47:50 Comando: /TELEP YO 192 61 64
20/05/2020 22:47:50 Transporto a Bassinger hacia Mapa192 X:61 Y:64
20/05/2020 22:47:51 Comando: /TELEP YO 192 57 63
20/05/2020 22:47:51 Transporto a Bassinger hacia Mapa192 X:57 Y:63
20/05/2020 22:47:51 Comando: /TELEP YO 192 53 63
20/05/2020 22:47:51 Transporto a Bassinger hacia Mapa192 X:53 Y:63
20/05/2020 22:47:51 Comando: /TELEP YO 192 49 65
20/05/2020 22:47:51 Transporto a Bassinger hacia Mapa192 X:49 Y:65
20/05/2020 22:47:51 Comando: /TELEP YO 192 45 67
20/05/2020 22:47:51 Transporto a Bassinger hacia Mapa192 X:45 Y:67
20/05/2020 22:47:51 Comando: /TELEP YO 192 41 68
20/05/2020 22:47:51 Transporto a Bassinger hacia Mapa192 X:41 Y:68
20/05/2020 22:47:51 Comando: /TELEP YO 192 37 69
20/05/2020 22:47:51 Transporto a Bassinger hacia Mapa192 X:37 Y:69
20/05/2020 22:47:52 Comando: /TELEP YO 192 33 69
20/05/2020 22:47:52 Transporto a Bassinger hacia Mapa192 X:33 Y:69
20/05/2020 22:47:52 Comando: /TELEP YO 192 29 69
20/05/2020 22:47:52 Transporto a Bassinger hacia Mapa192 X:29 Y:69
20/05/2020 22:47:52 Comando: /TELEP YO 192 24 69
20/05/2020 22:47:52 Transporto a Bassinger hacia Mapa192 X:24 Y:69
20/05/2020 22:47:52 Comando: /TELEP YO 192 20 68
20/05/2020 22:47:52 Transporto a Bassinger hacia Mapa192 X:20 Y:68
20/05/2020 22:47:52 Comando: /TELEP YO 192 16 66
20/05/2020 22:47:52 Transporto a Bassinger hacia Mapa192 X:16 Y:66
20/05/2020 22:47:53 Comando: /TELEP YO 192 12 63
20/05/2020 22:47:53 Transporto a Bassinger hacia Mapa192 X:12 Y:63
20/05/2020 22:47:53 Comando: /TELEP YO 192 9 59
20/05/2020 22:47:53 Comando: /TELEP YO 192 11 58
20/05/2020 22:47:53 Comando: /TELEP YO 192 13 58
20/05/2020 22:47:53 Transporto a Bassinger hacia Mapa192 X:13 Y:58
20/05/2020 22:47:53 Comando: /TELEP YO 192 15 53
20/05/2020 22:47:53 Transporto a Bassinger hacia Mapa192 X:15 Y:53
20/05/2020 22:47:54 Comando: /TELEP YO 192 17 47
20/05/2020 22:47:54 Transporto a Bassinger hacia Mapa192 X:17 Y:47
20/05/2020 22:47:54 Comando: /TELEP YO 192 19 41
20/05/2020 22:47:54 Transporto a Bassinger hacia Mapa192 X:19 Y:41
20/05/2020 22:47:54 Comando: /TELEP YO 192 22 35
20/05/2020 22:47:54 Transporto a Bassinger hacia Mapa192 X:22 Y:35
20/05/2020 22:47:54 Comando: /TELEP YO 192 25 29
20/05/2020 22:47:54 Transporto a Bassinger hacia Mapa192 X:25 Y:29
20/05/2020 22:47:59 Comando: /TELEP YO 192 28 24
20/05/2020 22:47:59 Transporto a Bassinger hacia Mapa192 X:28 Y:24
20/05/2020 22:47:59 Comando: /TELEP YO 192 30 19
20/05/2020 22:47:59 Transporto a Bassinger hacia Mapa192 X:30 Y:19
20/05/2020 22:47:59 Comando: /TELEP YO 192 32 14
20/05/2020 22:47:59 Transporto a Bassinger hacia Mapa192 X:32 Y:14
20/05/2020 22:47:59 Comando: /TELEP YO 192 35 9
20/05/2020 22:48:00 Comando: /TELEP YO 192 35 9
20/05/2020 22:48:00 Comando: /TELEP YO 192 36 10
20/05/2020 22:48:00 Transporto a Bassinger hacia Mapa192 X:36 Y:10
20/05/2020 22:48:00 Comando: /TELEP YO 192 40 6
20/05/2020 22:48:00 Comando: /TELEP YO 192 40 7
20/05/2020 22:48:00 Comando: /TELEP YO 192 39 8
20/05/2020 22:48:01 Comando: /TELEP YO 192 36 12
20/05/2020 22:48:01 Transporto a Bassinger hacia Mapa192 X:36 Y:12
20/05/2020 22:58:35 Comando: /sum newbie
20/05/2020 22:58:35 /SUM Newbie Map:192 X:36 Y:12
20/05/2020 22:58:53 Tiro cantidad:10000 Objeto:Monedas de oro
20/05/2020 22:58:53 Tiro cantidad:10000 Objeto:Monedas de oro
20/05/2020 22:58:53 Tiro cantidad:10000 Objeto:Monedas de oro
20/05/2020 22:58:53 Tiro cantidad:10000 Objeto:Monedas de oro
20/05/2020 22:58:53 Tiro cantidad:10000 Objeto:Monedas de oro
20/05/2020 22:58:53 Tiro cantidad:10000 Objeto:Monedas de oro
20/05/2020 22:58:53 Tiro cantidad:10000 Objeto:Monedas de oro
20/05/2020 22:58:53 Tiro cantidad:10000 Objeto:Monedas de oro
20/05/2020 22:58:53 Tiro cantidad:10000 Objeto:Monedas de oro
20/05/2020 22:58:53 Tiro cantidad:10000 Objeto:Monedas de oro
20/05/2020 22:59:03 Comando: /telep yo 34 30 50
20/05/2020 22:59:18 Comando: /sum new
20/05/2020 22:59:18 /SUM Newbie Map:34 X:30 Y:50
20/05/2020 22:59:25 Tiro cantidad:10000 Objeto:Monedas de oro
20/05/2020 22:59:25 Tiro cantidad:10000 Objeto:Monedas de oro
20/05/2020 22:59:25 Tiro cantidad:10000 Objeto:Monedas de oro
20/05/2020 22:59:25 Tiro cantidad:10000 Objeto:Monedas de oro
20/05/2020 22:59:25 Tiro cantidad:10000 Objeto:Monedas de oro
20/05/2020 22:59:25 Tiro cantidad:10000 Objeto:Monedas de oro
20/05/2020 22:59:25 Tiro cantidad:10000 Objeto:Monedas de oro
20/05/2020 22:59:25 Tiro cantidad:10000 Objeto:Monedas de oro
20/05/2020 22:59:25 Tiro cantidad:10000 Objeto:Monedas de oro
20/05/2020 22:59:25 Tiro cantidad:10000 Objeto:Monedas de oro
20/05/2020 22:59:45 Tiro cantidad:1 Objeto:Monedas de oro
20/05/2020 23:00:01 Comando: /TELEP YO 34 29 69
20/05/2020 23:00:04 Tiro cantidad:1 Objeto:Monedas de oro
20/05/2020 23:04:15 Tiro cantidad:10000 Objeto:Monedas de oro
20/05/2020 23:05:11 Tiro cantidad:10000 Objeto:Monedas de oro
20/05/2020 23:05:49 Dijo: dfdf
20/05/2020 23:26:42 Se conecto con ip:127.0.0.1Hora: 20/05/2020 23:26:42
20/05/2020 23:27:25 Tiro cantidad:10000 Objeto:Monedas de oro
20/05/2020 23:27:25 Tiro cantidad:1110 Objeto:Monedas de oro
20/05/2020 23:27:56 Tiro cantidad:10000 Objeto:Monedas de oro
20/05/2020 23:27:56 Tiro cantidad:10000 Objeto:Monedas de oro
20/05/2020 23:27:56 Tiro cantidad:10000 Objeto:Monedas de oro
20/05/2020 23:27:56 Tiro cantidad:10000 Objeto:Monedas de oro
20/05/2020 23:27:56 Tiro cantidad:10000 Objeto:Monedas de oro
20/05/2020 23:27:56 Tiro cantidad:10000 Objeto:Monedas de oro
20/05/2020 23:27:56 Tiro cantidad:10000 Objeto:Monedas de oro
20/05/2020 23:27:56 Tiro cantidad:10000 Objeto:Monedas de oro
20/05/2020 23:27:56 Tiro cantidad:10000 Objeto:Monedas de oro
20/05/2020 23:27:56 Tiro cantidad:10000 Objeto:Monedas de oro
20/05/2020 23:29:15 Comando: /echar newbie
20/05/2020 23:29:15 Echo a Newbie
20/05/2020 23:29:22 Comando: /telep yo 153 50 50
20/05/2020 23:29:35 Comando: /panelgm
20/05/2020 23:29:40 Comando: /SEARCHITEMS gn
20/05/2020 23:30:31 Comando: /SEARCHITEMS gm
20/05/2020 23:30:35 Comando: /CI 1057 1
20/05/2020 23:30:35 Creo: 1 Solo GMs
20/05/2020 23:30:48 Dijo:  
20/05/2020 23:30:52 Dijo:  
20/05/2020 23:30:54 Dijo:  
20/05/2020 23:30:57 Dijo:  
20/05/2020 23:31:00 Dijo:  
20/05/2020 23:31:02 Dijo:  
20/05/2020 23:43:33 Se conecto con ip:127.0.0.1Hora: 20/05/2020 23:43:33
20/05/2020 23:43:39 Se conecto con ip:127.0.0.1Hora: 20/05/2020 23:43:39
20/05/2020 23:43:46 Se conecto con ip:127.0.0.1Hora: 20/05/2020 23:43:46
20/05/2020 23:43:47 Se conecto con ip:127.0.0.1Hora: 20/05/2020 23:43:47
20/05/2020 23:43:59 Se conecto con ip:127.0.0.1Hora: 20/05/2020 23:43:59
20/05/2020 23:44:00 Se conecto con ip:127.0.0.1Hora: 20/05/2020 23:44:00
20/05/2020 23:44:01 Se conecto con ip:127.0.0.1Hora: 20/05/2020 23:44:01
20/05/2020 23:44:51 Se conecto con ip:127.0.0.1Hora: 20/05/2020 23:44:51
20/05/2020 23:45:03 Comando: /telep yo 153 50 50
20/05/2020 23:45:03 Transporto a Bassinger hacia Mapa153 X:50 Y:50
20/05/2020 23:45:25 Comando: /panelgm
20/05/2020 23:45:30 Comando: /SEARCHITEMS gm
20/05/2020 23:45:33 Comando: /CI 1057 1
20/05/2020 23:45:33 Creo: 1 Solo GMs
20/05/2020 23:45:43 Dijo:  
20/05/2020 23:45:46 Dijo:  
20/05/2020 23:45:48 Dijo:  
20/05/2020 23:45:50 Dijo:  
20/05/2020 23:45:52 Dijo:  
20/05/2020 23:45:53 Dijo:  
20/05/2020 23:45:55 Dijo:  
20/05/2020 23:46:09 Dijo:  
20/05/2020 23:46:12 Dijo:  
20/05/2020 23:46:16 Dijo:  
20/05/2020 23:46:21 Dijo:  
20/05/2020 23:46:22 Dijo:  
20/05/2020 23:46:24 Dijo:  
20/05/2020 23:46:27 Dijo:  
20/05/2020 23:46:29 Dijo:  
20/05/2020 23:48:02 Comando: /telep yo 34 30 50
20/05/2020 23:48:02 Transporto a Bassinger hacia Mapa34 X:30 Y:50
20/05/2020 23:48:12 Se conecto con ip:127.0.0.1Hora: 20/05/2020 23:48:12
20/05/2020 23:54:03 Se conecto con ip:127.0.0.1Hora: 20/05/2020 23:54:03
20/05/2020 23:54:51 Se conecto con ip:127.0.0.1Hora: 20/05/2020 23:54:51
20/05/2020 23:55:12  tiró 1 Santus divina
20/05/2020 23:55:14 Agarro:1 Objeto:Santus divina
20/05/2020 23:55:28 Tiro cantidad:10000 Objeto:Monedas de oro
21/05/2020 1:13:57 Se conecto con ip:127.0.0.1Hora: 21/05/2020 1:13:57
21/05/2020 1:14:01 Se conecto con ip:127.0.0.1Hora: 21/05/2020 1:14:01
21/05/2020 1:14:02 Se conecto con ip:127.0.0.1Hora: 21/05/2020 1:14:02
21/05/2020 1:14:03 Se conecto con ip:127.0.0.1Hora: 21/05/2020 1:14:03
21/05/2020 1:15:05 Se conecto con ip:127.0.0.1Hora: 21/05/2020 1:15:05
21/05/2020 1:15:07 Se conecto con ip:127.0.0.1Hora: 21/05/2020 1:15:07
21/05/2020 14:05:02 Se conecto con ip:127.0.0.1Hora: 21/05/2020 14:05:02
21/05/2020 14:09:38 Se conecto con ip:127.0.0.1Hora: 21/05/2020 14:09:38
21/05/2020 14:09:40 Se conecto con ip:127.0.0.1Hora: 21/05/2020 14:09:40
21/05/2020 14:09:48 Comando: /TELEP YO 34 31 50
21/05/2020 14:09:48 Transporto a Bassinger hacia Mapa34 X:31 Y:50
21/05/2020 14:09:49 Comando: /TELEP YO 34 29 50
21/05/2020 14:09:49 Transporto a Bassinger hacia Mapa34 X:29 Y:50
21/05/2020 14:09:50 Comando: /TELEP YO 34 30 50
21/05/2020 14:09:50 Transporto a Bassinger hacia Mapa34 X:30 Y:50
21/05/2020 14:09:51 Comando: /TELEP YO 34 32 50
21/05/2020 14:09:51 Transporto a Bassinger hacia Mapa34 X:32 Y:50
21/05/2020 14:09:54 Comando: /TELEP YO 34 27 48
21/05/2020 14:09:54 Transporto a Bassinger hacia Mapa34 X:27 Y:48
21/05/2020 14:09:54 Comando: /TELEP YO 34 26 44
21/05/2020 14:09:54 Transporto a Bassinger hacia Mapa34 X:26 Y:44
21/05/2020 14:09:55 Comando: /TELEP YO 34 25 41
21/05/2020 14:09:55 Transporto a Bassinger hacia Mapa34 X:25 Y:41
21/05/2020 14:09:55 Comando: /TELEP YO 34 24 36
21/05/2020 14:09:55 Transporto a Bassinger hacia Mapa34 X:24 Y:36
21/05/2020 14:09:55 Comando: /TELEP YO 34 24 31
21/05/2020 14:09:55 Transporto a Bassinger hacia Mapa34 X:24 Y:31
21/05/2020 14:09:56 Comando: /TELEP YO 34 25 32
21/05/2020 14:09:56 Transporto a Bassinger hacia Mapa34 X:25 Y:32
21/05/2020 14:09:56 Comando: /TELEP YO 34 25 30
21/05/2020 14:09:56 Transporto a Bassinger hacia Mapa34 X:25 Y:30
21/05/2020 14:09:57 Comando: /TELEP YO 34 25 27
21/05/2020 14:09:57 Transporto a Bassinger hacia Mapa34 X:25 Y:27
21/05/2020 14:09:57 Comando: /TELEP YO 34 25 23
21/05/2020 14:09:57 Transporto a Bassinger hacia Mapa34 X:25 Y:23
21/05/2020 14:09:57 Comando: /TELEP YO 34 25 21
21/05/2020 14:09:57 Transporto a Bassinger hacia Mapa34 X:25 Y:21
21/05/2020 14:09:57 Comando: /TELEP YO 34 25 17
21/05/2020 14:09:57 Transporto a Bassinger hacia Mapa34 X:25 Y:17
21/05/2020 14:09:57 Comando: /TELEP YO 34 25 14
21/05/2020 14:09:57 Transporto a Bassinger hacia Mapa34 X:25 Y:14
21/05/2020 14:09:58 Comando: /TELEP YO 34 25 11
21/05/2020 14:09:58 Transporto a Bassinger hacia Mapa34 X:25 Y:11
21/05/2020 14:09:58 Comando: /TELEP YO 34 26 8
21/05/2020 14:09:58 Comando: /TELEP YO 34 26 9
21/05/2020 14:10:03 Comando: /TELEP YO 34 25 7
21/05/2020 14:10:04 Comando: /TELEP YO 34 26 9
21/05/2020 14:10:08 Comando: /TELEP YO 34 26 19
21/05/2020 14:10:08 Transporto a Bassinger hacia Mapa34 X:26 Y:19
21/05/2020 14:10:09 Comando: /TELEP YO 34 26 25
21/05/2020 14:10:09 Transporto a Bassinger hacia Mapa34 X:26 Y:25
21/05/2020 14:10:10 Comando: /TELEP YO 34 26 32
21/05/2020 14:10:10 Transporto a Bassinger hacia Mapa34 X:26 Y:32
21/05/2020 14:10:11 Comando: /TELEP YO 34 26 36
21/05/2020 14:10:11 Transporto a Bassinger hacia Mapa34 X:26 Y:36
21/05/2020 14:10:12 Comando: /TELEP YO 34 26 43
21/05/2020 14:10:12 Transporto a Bassinger hacia Mapa34 X:26 Y:43
21/05/2020 14:10:13 Comando: /TELEP YO 34 26 48
21/05/2020 14:10:13 Transporto a Bassinger hacia Mapa34 X:26 Y:48
21/05/2020 14:10:15 Comando: /TELEP YO 34 29 55
21/05/2020 14:10:15 Transporto a Bassinger hacia Mapa34 X:29 Y:55
21/05/2020 14:10:16 Comando: /TELEP YO 34 30 59
21/05/2020 14:10:16 Transporto a Bassinger hacia Mapa34 X:30 Y:59
21/05/2020 14:10:16 Comando: /TELEP YO 34 30 63
21/05/2020 14:10:16 Transporto a Bassinger hacia Mapa34 X:30 Y:63
21/05/2020 14:10:16 Comando: /TELEP YO 34 30 67
21/05/2020 14:10:16 Transporto a Bassinger hacia Mapa34 X:30 Y:67
21/05/2020 14:10:19 Comando: /TELEP YO 34 33 73
21/05/2020 14:10:19 Transporto a Bassinger hacia Mapa34 X:33 Y:73
21/05/2020 14:10:19 Comando: /TELEP YO 34 33 77
21/05/2020 14:10:19 Transporto a Bassinger hacia Mapa34 X:33 Y:77
21/05/2020 14:10:20 Comando: /TELEP YO 34 33 81
21/05/2020 14:10:20 Transporto a Bassinger hacia Mapa34 X:33 Y:81
21/05/2020 14:10:21 Comando: /TELEP YO 34 35 75
21/05/2020 14:10:21 Transporto a Bassinger hacia Mapa34 X:35 Y:75
21/05/2020 14:10:25 Comando: /TELEP YO 34 30 63
21/05/2020 14:10:25 Transporto a Bassinger hacia Mapa34 X:30 Y:63
21/05/2020 14:10:26 Comando: /TELEP YO 34 30 58
21/05/2020 14:10:26 Transporto a Bassinger hacia Mapa34 X:30 Y:58
21/05/2020 14:10:27 Comando: /TELEP YO 34 30 52
21/05/2020 14:10:27 Transporto a Bassinger hacia Mapa34 X:30 Y:52
21/05/2020 14:10:28 Comando: /TELEP YO 34 35 49
21/05/2020 14:10:28 Transporto a Bassinger hacia Mapa34 X:35 Y:49
21/05/2020 14:11:42 Se conecto con ip:127.0.0.1Hora: 21/05/2020 14:11:42
21/05/2020 14:12:13 Comando: /TELEP YO 34 29 52
21/05/2020 14:12:13 Transporto a Bassinger hacia Mapa34 X:29 Y:52
21/05/2020 14:12:16 Comando: /TELEP YO 34 29 50
21/05/2020 14:12:16 Transporto a Bassinger hacia Mapa34 X:29 Y:50
21/05/2020 14:12:17 Comando: /TELEP YO 34 29 50
21/05/2020 14:12:17 Transporto a Bassinger hacia Mapa34 X:29 Y:50
21/05/2020 14:12:17 Comando: /TELEP YO 34 29 50
21/05/2020 14:12:17 Transporto a Bassinger hacia Mapa34 X:29 Y:50
21/05/2020 14:14:13 Se conecto con ip:127.0.0.1Hora: 21/05/2020 14:14:13
21/05/2020 14:14:39 Comando: /TELEP YO 34 27 49
21/05/2020 14:14:39 Transporto a Bassinger hacia Mapa34 X:27 Y:49
21/05/2020 14:14:40 Comando: /TELEP YO 34 26 43
21/05/2020 14:14:41 Transporto a Bassinger hacia Mapa34 X:26 Y:43
21/05/2020 14:14:41 Comando: /TELEP YO 34 26 38
21/05/2020 14:14:41 Transporto a Bassinger hacia Mapa34 X:26 Y:38
21/05/2020 14:14:42 Comando: /TELEP YO 34 26 31
21/05/2020 14:14:42 Transporto a Bassinger hacia Mapa34 X:26 Y:31
21/05/2020 14:14:47 Comando: /TELEP YO 34 26 10
21/05/2020 14:14:47 Transporto a Bassinger hacia Mapa34 X:26 Y:10
21/05/2020 14:14:51 Comando: /TELEP YO 35 26 93
21/05/2020 14:14:51 Transporto a Bassinger hacia Mapa35 X:26 Y:93
21/05/2020 14:14:54 Comando: /TELEP YO 35 26 95
21/05/2020 14:14:59 Comando: /TELEP YO 35 26 91
21/05/2020 14:14:59 Transporto a Bassinger hacia Mapa35 X:26 Y:91
21/05/2020 14:15:04 Comando: /TELEP YO 34 27 35
21/05/2020 14:15:04 Transporto a Bassinger hacia Mapa34 X:27 Y:35
21/05/2020 14:15:04 Comando: /TELEP YO 34 27 41
21/05/2020 14:15:04 Transporto a Bassinger hacia Mapa34 X:27 Y:41
21/05/2020 14:15:05 Comando: /TELEP YO 34 27 48
21/05/2020 14:15:05 Transporto a Bassinger hacia Mapa34 X:27 Y:48
21/05/2020 14:15:05 Comando: /TELEP YO 34 27 54
21/05/2020 14:15:05 Transporto a Bassinger hacia Mapa34 X:27 Y:54
21/05/2020 14:15:05 Comando: /TELEP YO 34 27 60
21/05/2020 14:15:05 Transporto a Bassinger hacia Mapa34 X:27 Y:60
21/05/2020 14:15:06 Comando: /TELEP YO 34 28 66
21/05/2020 14:15:06 Transporto a Bassinger hacia Mapa34 X:28 Y:66
21/05/2020 14:15:06 Comando: /TELEP YO 34 29 72
21/05/2020 14:15:06 Transporto a Bassinger hacia Mapa34 X:29 Y:72
21/05/2020 14:15:08 Comando: /TELEP YO 34 30 83
21/05/2020 14:15:08 Transporto a Bassinger hacia Mapa34 X:30 Y:83
21/05/2020 14:15:18 Comando: /TELEP YO 34 13 85
21/05/2020 14:15:18 Transporto a Bassinger hacia Mapa34 X:13 Y:85
21/05/2020 14:15:21 Comando: /TELEP YO 34 13 84
21/05/2020 14:15:21 Transporto a Bassinger hacia Mapa34 X:13 Y:84
21/05/2020 14:15:27 Comando: /TELEP YO 34 13 83
21/05/2020 14:15:27 Transporto a Bassinger hacia Mapa34 X:13 Y:83
21/05/2020 14:15:33 Comando: /TELEP YO 45 5 74
21/05/2020 14:15:34 Comando: /TELEP YO 45 3 75
21/05/2020 14:15:35 Comando: /TELEP YO 45 3 75
21/05/2020 14:16:47 Se conecto con ip:127.0.0.1Hora: 21/05/2020 14:16:47
21/05/2020 14:16:50 Comando: /TELEP YO 47 62 16
21/05/2020 14:16:50 Transporto a Bassinger hacia Mapa47 X:62 Y:16
21/05/2020 14:16:52 Comando: /TELEP YO 34 38 56
21/05/2020 14:16:52 Transporto a Bassinger hacia Mapa34 X:38 Y:56
21/05/2020 14:16:52 Comando: /TELEP YO 34 36 62
21/05/2020 14:16:52 Transporto a Bassinger hacia Mapa34 X:36 Y:62
21/05/2020 14:16:52 Comando: /TELEP YO 34 34 68
21/05/2020 14:16:52 Transporto a Bassinger hacia Mapa34 X:34 Y:68
21/05/2020 14:16:53 Comando: /TELEP YO 34 33 74
21/05/2020 14:16:53 Transporto a Bassinger hacia Mapa34 X:33 Y:74
21/05/2020 14:16:54 Comando: /TELEP YO 34 31 83
21/05/2020 14:16:54 Transporto a Bassinger hacia Mapa34 X:31 Y:83
21/05/2020 14:18:29 Se conecto con ip:127.0.0.1Hora: 21/05/2020 14:18:29
21/05/2020 14:18:33 Comando: /TELEP YO 34 34 54
21/05/2020 14:18:33 Transporto a Bassinger hacia Mapa34 X:34 Y:54
21/05/2020 14:18:34 Comando: /TELEP YO 34 33 58
21/05/2020 14:18:34 Transporto a Bassinger hacia Mapa34 X:33 Y:58
21/05/2020 14:18:34 Comando: /TELEP YO 34 32 64
21/05/2020 14:18:34 Transporto a Bassinger hacia Mapa34 X:32 Y:64
21/05/2020 14:18:35 Comando: /TELEP YO 34 34 72
21/05/2020 14:18:35 Transporto a Bassinger hacia Mapa34 X:34 Y:72
21/05/2020 14:21:26 Se conecto con ip:127.0.0.1Hora: 21/05/2020 14:21:26
21/05/2020 14:21:31 Comando: /TELEP YO 47 62 21
21/05/2020 14:21:31 Transporto a Bassinger hacia Mapa47 X:62 Y:21
21/05/2020 14:21:33 Comando: /TELEP YO 47 63 22
21/05/2020 14:21:33 Transporto a Bassinger hacia Mapa47 X:63 Y:22
21/05/2020 14:21:35 Comando: /TELEP YO 47 62 17
21/05/2020 14:21:35 Transporto a Bassinger hacia Mapa47 X:62 Y:17
21/05/2020 14:21:36 Comando: /TELEP YO 34 34 55
21/05/2020 14:21:36 Transporto a Bassinger hacia Mapa34 X:34 Y:55
21/05/2020 14:21:36 Comando: /TELEP YO 34 31 60
21/05/2020 14:21:36 Transporto a Bassinger hacia Mapa34 X:31 Y:60
21/05/2020 14:21:38 Comando: /TELEP YO 34 28 74
21/05/2020 14:21:38 Transporto a Bassinger hacia Mapa34 X:28 Y:74
21/05/2020 14:21:40 Comando: /TELEP YO 34 21 83
21/05/2020 14:21:40 Transporto a Bassinger hacia Mapa34 X:21 Y:83
21/05/2020 14:21:45 Comando: /TELEP YO 34 13 83
21/05/2020 14:21:45 Transporto a Bassinger hacia Mapa34 X:13 Y:83
21/05/2020 14:22:59 Se conecto con ip:127.0.0.1Hora: 21/05/2020 14:22:59
21/05/2020 14:23:04 Comando: /TELEP YO 47 62 17
21/05/2020 14:23:04 Transporto a Bassinger hacia Mapa47 X:62 Y:17
21/05/2020 14:23:05 Comando: /TELEP YO 34 39 58
21/05/2020 14:23:05 Transporto a Bassinger hacia Mapa34 X:39 Y:58
21/05/2020 14:23:05 Comando: /TELEP YO 34 38 64
21/05/2020 14:23:05 Transporto a Bassinger hacia Mapa34 X:38 Y:64
21/05/2020 14:23:05 Comando: /TELEP YO 34 37 70
21/05/2020 14:23:05 Transporto a Bassinger hacia Mapa34 X:37 Y:70
21/05/2020 14:23:05 Comando: /TELEP YO 34 36 77
21/05/2020 14:23:05 Transporto a Bassinger hacia Mapa34 X:36 Y:77
21/05/2020 14:23:05 Comando: /TELEP YO 34 35 84
21/05/2020 14:23:05 Transporto a Bassinger hacia Mapa34 X:35 Y:84
21/05/2020 15:43:27 Se conecto con ip:127.0.0.1Hora: 21/05/2020 15:43:27
21/05/2020 15:43:42 Se conecto con ip:127.0.0.1Hora: 21/05/2020 15:43:42
21/05/2020 15:44:34 Se conecto con ip:127.0.0.1Hora: 21/05/2020 15:44:34
21/05/2020 15:44:39 Comando: /panelgm
21/05/2020 15:44:44 Comando: /SEARCHITEMS arc
21/05/2020 15:44:57 Comando: /CI 1312 1
21/05/2020 15:44:57 Creo: 1 Arco Mágico (75% ahorro flechas)
21/05/2020 15:45:01 Comando: /SEARCHITEMS fech
21/05/2020 15:45:04 Comando: /SEARCHITEMS fl
21/05/2020 15:45:14 Comando: /CI 553 1000
21/05/2020 15:45:14 Creo: 1000 Flecha + 3
21/05/2020 15:45:23  tiró 1 Arco Mágico (75% ahorro flechas)
21/05/2020 15:45:26  tiró 1000 Flecha + 3
21/05/2020 16:06:32 Se conecto con ip:127.0.0.1Hora: 21/05/2020 16:06:32
21/05/2020 16:06:42 Comando: /panelgm
21/05/2020 16:06:46 Comando: /SEARCHITEMS amu
21/05/2020 16:06:51 Comando: /SEARCHITEMS amule
21/05/2020 16:06:56 Comando: /CI 1273 1000
21/05/2020 16:06:56 Creo: 1000 Amuleto Teletransportador
21/05/2020 16:32:20 Se conecto con ip:127.0.0.1Hora: 21/05/2020 16:32:20
21/05/2020 16:32:36 Comando: /telep yo 125 50 50
21/05/2020 16:32:36 Transporto a Bassinger hacia Mapa125 X:50 Y:50
21/05/2020 16:32:38 Comando: /TELEP YO 125 45 52
21/05/2020 16:32:38 Transporto a Bassinger hacia Mapa125 X:45 Y:52
21/05/2020 16:32:38 Comando: /TELEP YO 125 38 54
21/05/2020 16:32:38 Transporto a Bassinger hacia Mapa125 X:38 Y:54
21/05/2020 16:32:38 Comando: /TELEP YO 125 30 55
21/05/2020 16:32:38 Transporto a Bassinger hacia Mapa125 X:30 Y:55
21/05/2020 16:32:39 Comando: /TELEP YO 125 22 55
21/05/2020 16:32:39 Transporto a Bassinger hacia Mapa125 X:22 Y:55
21/05/2020 16:32:39 Comando: /TELEP YO 125 14 55
21/05/2020 16:32:39 Transporto a Bassinger hacia Mapa125 X:14 Y:55
21/05/2020 16:33:09 Comando: /telep yo 50 50 50
21/05/2020 16:33:09 Transporto a Bassinger hacia Mapa50 X:50 Y:50
21/05/2020 16:33:11 Comando: /TELEP YO 50 46 51
21/05/2020 16:33:11 Transporto a Bassinger hacia Mapa50 X:46 Y:51
21/05/2020 16:33:12 Comando: /TELEP YO 50 42 53
21/05/2020 16:33:12 Transporto a Bassinger hacia Mapa50 X:42 Y:53
21/05/2020 16:33:13 Comando: /TELEP YO 50 36 54
21/05/2020 16:33:13 Transporto a Bassinger hacia Mapa50 X:36 Y:54
21/05/2020 16:33:14 Comando: /TELEP YO 50 27 50
21/05/2020 16:33:14 Transporto a Bassinger hacia Mapa50 X:27 Y:50
21/05/2020 16:33:15 Comando: /TELEP YO 50 24 43
21/05/2020 16:33:15 Transporto a Bassinger hacia Mapa50 X:24 Y:43
21/05/2020 16:33:25 Comando: /TELEP YO 50 22 29
21/05/2020 16:33:25 Transporto a Bassinger hacia Mapa50 X:22 Y:29
21/05/2020 16:33:25 Comando: /TELEP YO 50 22 35
21/05/2020 16:33:25 Transporto a Bassinger hacia Mapa50 X:22 Y:35
21/05/2020 16:33:25 Comando: /TELEP YO 50 24 42
21/05/2020 16:33:25 Transporto a Bassinger hacia Mapa50 X:24 Y:42
21/05/2020 16:33:26 Comando: /TELEP YO 50 28 48
21/05/2020 16:33:26 Transporto a Bassinger hacia Mapa50 X:28 Y:48
21/05/2020 16:33:26 Comando: /TELEP YO 50 30 53
21/05/2020 16:33:26 Transporto a Bassinger hacia Mapa50 X:30 Y:53
21/05/2020 16:33:26 Comando: /TELEP YO 50 33 60
21/05/2020 16:33:26 Transporto a Bassinger hacia Mapa50 X:33 Y:60
21/05/2020 16:33:27 Comando: /TELEP YO 50 36 65
21/05/2020 16:33:27 Transporto a Bassinger hacia Mapa50 X:36 Y:65
21/05/2020 16:33:27 Comando: /TELEP YO 50 39 70
21/05/2020 16:33:27 Transporto a Bassinger hacia Mapa50 X:39 Y:70
21/05/2020 16:33:27 Comando: /TELEP YO 50 43 75
21/05/2020 16:33:28 Transporto a Bassinger hacia Mapa50 X:43 Y:75
21/05/2020 16:33:28 Comando: /TELEP YO 50 48 81
21/05/2020 16:33:28 Transporto a Bassinger hacia Mapa50 X:48 Y:81
21/05/2020 16:33:29 Comando: /TELEP YO 50 58 83
21/05/2020 16:33:29 Transporto a Bassinger hacia Mapa50 X:58 Y:83
21/05/2020 16:33:30 Comando: /TELEP YO 50 69 83
21/05/2020 16:33:30 Transporto a Bassinger hacia Mapa50 X:69 Y:83
21/05/2020 17:04:51 Se conecto con ip:127.0.0.1Hora: 21/05/2020 17:04:51
21/05/2020 17:04:54 Comando: /TELEP YO 47 62 17
21/05/2020 17:04:54 Transporto a Bassinger hacia Mapa47 X:62 Y:17
21/05/2020 17:04:55 Comando: /TELEP YO 34 32 48
21/05/2020 17:04:55 Transporto a Bassinger hacia Mapa34 X:32 Y:48
21/05/2020 17:04:55 Comando: /TELEP YO 34 27 43
21/05/2020 17:04:55 Transporto a Bassinger hacia Mapa34 X:27 Y:43
21/05/2020 17:04:56 Comando: /TELEP YO 34 27 37
21/05/2020 17:04:56 Transporto a Bassinger hacia Mapa34 X:27 Y:37
21/05/2020 17:04:56 Comando: /TELEP YO 34 27 30
21/05/2020 17:04:56 Transporto a Bassinger hacia Mapa34 X:27 Y:30
21/05/2020 17:04:57 Comando: /TELEP YO 34 27 24
21/05/2020 17:04:57 Transporto a Bassinger hacia Mapa34 X:27 Y:24
21/05/2020 17:04:57 Comando: /TELEP YO 34 27 18
21/05/2020 17:04:57 Transporto a Bassinger hacia Mapa34 X:27 Y:18
21/05/2020 17:04:58 Comando: /TELEP YO 34 27 12
21/05/2020 17:04:58 Transporto a Bassinger hacia Mapa34 X:27 Y:12
21/05/2020 17:04:58 Comando: /TELEP YO 34 37 9
21/05/2020 17:04:59 Comando: /TELEP YO 34 37 9
21/05/2020 17:05:02 Comando: /TELEP YO 35 43 85
21/05/2020 17:05:02 Transporto a Bassinger hacia Mapa35 X:43 Y:85
21/05/2020 17:05:03 Comando: /TELEP YO 35 55 81
21/05/2020 17:05:03 Transporto a Bassinger hacia Mapa35 X:55 Y:81
21/05/2020 17:05:03 Comando: /TELEP YO 35 66 78
21/05/2020 17:05:03 Transporto a Bassinger hacia Mapa35 X:66 Y:78
21/05/2020 17:05:10 Comando: /TELEP YO 4 23 72
21/05/2020 17:05:10 Transporto a Bassinger hacia Mapa4 X:23 Y:72
21/05/2020 17:05:13 Comando: /TELEP YO 4 37 64
21/05/2020 17:05:13 Transporto a Bassinger hacia Mapa4 X:37 Y:64
21/05/2020 17:05:14 Comando: /TELEP YO 4 47 64
21/05/2020 17:05:14 Transporto a Bassinger hacia Mapa4 X:47 Y:64
21/05/2020 17:05:15 Comando: /TELEP YO 4 55 65
21/05/2020 17:05:15 Transporto a Bassinger hacia Mapa4 X:55 Y:65
21/05/2020 17:05:15 Comando: /TELEP YO 4 63 66
21/05/2020 17:05:15 Transporto a Bassinger hacia Mapa4 X:63 Y:66
21/05/2020 17:05:26 Comando: /invisible
21/05/2020 17:05:31 Comando: /invisible
21/05/2020 17:08:01 Comando: /TELEP YO 4 69 72
21/05/2020 17:08:01 Transporto a Bassinger hacia Mapa4 X:69 Y:72
21/05/2020 17:08:02 Comando: /TELEP YO 4 71 77
21/05/2020 17:08:02 Transporto a Bassinger hacia Mapa4 X:71 Y:77
21/05/2020 17:08:02 Comando: /TELEP YO 4 73 78
21/05/2020 17:08:02 Transporto a Bassinger hacia Mapa4 X:73 Y:78
21/05/2020 17:08:03 Comando: /TELEP YO 4 77 76
21/05/2020 17:08:03 Transporto a Bassinger hacia Mapa4 X:77 Y:76
21/05/2020 17:08:03 Comando: /TELEP YO 4 80 74
21/05/2020 17:08:03 Transporto a Bassinger hacia Mapa4 X:80 Y:74
21/05/2020 17:08:04 Comando: /TELEP YO 4 81 71
21/05/2020 17:08:04 Transporto a Bassinger hacia Mapa4 X:81 Y:71
21/05/2020 17:08:04 Comando: /TELEP YO 4 79 68
21/05/2020 17:08:04 Transporto a Bassinger hacia Mapa4 X:79 Y:68
21/05/2020 17:08:04 Comando: /TELEP YO 4 76 64
21/05/2020 17:08:04 Transporto a Bassinger hacia Mapa4 X:76 Y:64
21/05/2020 17:08:06 Comando: /TELEP YO 4 77 58
21/05/2020 17:08:06 Transporto a Bassinger hacia Mapa4 X:77 Y:58
21/05/2020 17:10:05 Comando: /TELEP YO 4 85 42
21/05/2020 17:10:05 Transporto a Bassinger hacia Mapa4 X:85 Y:42
21/05/2020 17:10:05 Comando: /TELEP YO 4 85 35
21/05/2020 17:10:05 Transporto a Bassinger hacia Mapa4 X:85 Y:35
21/05/2020 17:10:06 Comando: /TELEP YO 4 85 26
21/05/2020 17:10:06 Transporto a Bassinger hacia Mapa4 X:85 Y:26
21/05/2020 17:10:11 Comando: /TELEP YO 3 79 85
21/05/2020 17:10:11 Transporto a Bassinger hacia Mapa3 X:79 Y:85
21/05/2020 17:10:12 Comando: /TELEP YO 3 74 79
21/05/2020 17:10:12 Transporto a Bassinger hacia Mapa3 X:74 Y:79
21/05/2020 17:10:13 Comando: /TELEP YO 3 70 73
21/05/2020 17:10:13 Transporto a Bassinger hacia Mapa3 X:70 Y:73
21/05/2020 17:10:13 Comando: /TELEP YO 3 66 67
21/05/2020 17:10:13 Transporto a Bassinger hacia Mapa3 X:66 Y:67
21/05/2020 17:10:14 Comando: /TELEP YO 3 62 62
21/05/2020 17:10:14 Transporto a Bassinger hacia Mapa3 X:62 Y:62
21/05/2020 17:10:15 Comando: /TELEP YO 3 57 56
21/05/2020 17:10:15 Transporto a Bassinger hacia Mapa3 X:57 Y:56
21/05/2020 17:10:16 Comando: /TELEP YO 3 51 49
21/05/2020 17:10:16 Transporto a Bassinger hacia Mapa3 X:51 Y:49
21/05/2020 17:10:17 Comando: /TELEP YO 3 47 41
21/05/2020 17:10:17 Transporto a Bassinger hacia Mapa3 X:47 Y:41
21/05/2020 17:10:18 Comando: /TELEP YO 3 41 35
21/05/2020 17:10:18 Transporto a Bassinger hacia Mapa3 X:41 Y:35
21/05/2020 17:10:19 Comando: /TELEP YO 3 34 26
21/05/2020 17:10:19 Transporto a Bassinger hacia Mapa3 X:34 Y:26
21/05/2020 17:10:26 Comando: /TELEP YO 3 13 17
21/05/2020 17:10:26 Transporto a Bassinger hacia Mapa3 X:13 Y:17
21/05/2020 17:10:27 Comando: /TELEP YO 27 80 14
21/05/2020 17:10:27 Transporto a Bassinger hacia Mapa27 X:80 Y:14
21/05/2020 17:10:28 Comando: /TELEP YO 27 76 10
21/05/2020 17:10:28 Transporto a Bassinger hacia Mapa27 X:76 Y:10
21/05/2020 17:10:29 Comando: /TELEP YO 11 74 81
21/05/2020 17:10:29 Transporto a Bassinger hacia Mapa11 X:74 Y:81
21/05/2020 17:10:30 Comando: /TELEP YO 11 73 74
21/05/2020 17:10:30 Transporto a Bassinger hacia Mapa11 X:73 Y:74
21/05/2020 17:10:31 Comando: /TELEP YO 11 72 68
21/05/2020 17:10:31 Transporto a Bassinger hacia Mapa11 X:72 Y:68
21/05/2020 17:10:32 Comando: /TELEP YO 11 70 65
21/05/2020 17:10:32 Transporto a Bassinger hacia Mapa11 X:70 Y:65
21/05/2020 17:10:35 Comando: /TELEP YO 11 68 55
21/05/2020 17:10:35 Transporto a Bassinger hacia Mapa11 X:68 Y:55
21/05/2020 17:10:35 Comando: /TELEP YO 11 66 49
21/05/2020 17:10:35 Transporto a Bassinger hacia Mapa11 X:66 Y:49
21/05/2020 17:10:36 Comando: /TELEP YO 11 63 45
21/05/2020 17:10:36 Transporto a Bassinger hacia Mapa11 X:63 Y:45
21/05/2020 17:10:37 Comando: /TELEP YO 11 60 42
21/05/2020 17:10:37 Transporto a Bassinger hacia Mapa11 X:60 Y:42
21/05/2020 17:10:38 Comando: /TELEP YO 11 58 36
21/05/2020 17:10:38 Transporto a Bassinger hacia Mapa11 X:58 Y:36
21/05/2020 17:14:52 Se conecto con ip:127.0.0.1Hora: 21/05/2020 17:14:52
21/05/2020 17:15:08 Comando: /panelgm
21/05/2020 17:15:18 Comando: /SEARCHITEMS invisi
21/05/2020 17:15:22 Comando: /CI 318 1
21/05/2020 17:15:22 Creo: 1 Invisibilidad
21/05/2020 17:15:25 Comando: /CI 630 10
21/05/2020 17:15:25 Creo: 10 Poción de invisibilidad
21/05/2020 17:15:36 Dijo:  
21/05/2020 17:15:40 Dijo:  
21/05/2020 17:22:20 Se conecto con ip:127.0.0.1Hora: 21/05/2020 17:22:20
21/05/2020 17:22:31 Dijo:  
21/05/2020 17:23:17 Comando: /sum arq
21/05/2020 17:23:17 /SUM ArqueroII Map:47 X:70 Y:22
21/05/2020 17:23:21 Dijo:  
21/05/2020 17:34:09 Se conecto con ip:127.0.0.1Hora: 21/05/2020 17:34:09
21/05/2020 17:34:16 Dijo:  
21/05/2020 17:35:08 Comando: /sum arq
21/05/2020 17:35:08 /SUM arqueroII Map:47 X:70 Y:22
21/05/2020 17:35:14 Dijo:  
21/05/2020 17:50:14 Se conecto con ip:127.0.0.1Hora: 21/05/2020 17:50:14
21/05/2020 17:50:19 Dijo:  
21/05/2020 17:52:19 Se conecto con ip:127.0.0.1Hora: 21/05/2020 17:52:19
21/05/2020 17:52:29 Dijo:  
21/05/2020 17:52:33 Dijo:  
21/05/2020 17:57:32 Se conecto con ip:127.0.0.1Hora: 21/05/2020 17:57:32
21/05/2020 17:57:40 Dijo:  
21/05/2020 17:58:49 Se conecto con ip:127.0.0.1Hora: 21/05/2020 17:58:49
21/05/2020 17:59:33 Comando: /mod yo clase guerrero
21/05/2020 18:01:04 Se conecto con ip:127.0.0.1Hora: 21/05/2020 18:01:04
21/05/2020 18:01:12 Dijo:  
21/05/2020 18:03:03 Se conecto con ip:127.0.0.1Hora: 21/05/2020 18:03:03
21/05/2020 18:03:08 Dijo:  
21/05/2020 18:05:57 Se conecto con ip:127.0.0.1Hora: 21/05/2020 18:05:57
21/05/2020 18:06:03 Dijo:  
21/05/2020 18:08:39 Se conecto con ip:127.0.0.1Hora: 21/05/2020 18:08:39
21/05/2020 18:08:46 Dijo:  
21/05/2020 18:12:19 Se conecto con ip:127.0.0.1Hora: 21/05/2020 18:12:19
21/05/2020 18:12:27 Dijo:  
21/05/2020 18:12:37 Dijo:  
21/05/2020 18:15:55 Dijo:  
21/05/2020 18:16:11 Dijo:  
21/05/2020 18:16:14 Se conecto con ip:127.0.0.1Hora: 21/05/2020 18:16:14
21/05/2020 18:16:25 Dijo:  
21/05/2020 18:17:34 Se conecto con ip:127.0.0.1Hora: 21/05/2020 18:17:34
21/05/2020 18:18:32 Se conecto con ip:127.0.0.1Hora: 21/05/2020 18:18:32
21/05/2020 18:19:22 Se conecto con ip:127.0.0.1Hora: 21/05/2020 18:19:22
21/05/2020 18:21:32 Se conecto con ip:127.0.0.1Hora: 21/05/2020 18:21:32
21/05/2020 18:21:41 Dijo:  
21/05/2020 18:22:00 Comando: /telep yo 153 50 50
21/05/2020 18:22:00 Transporto a Bassinger hacia Mapa153 X:50 Y:50
21/05/2020 18:22:06 Dijo:  
21/05/2020 18:22:08 Dijo:  
21/05/2020 18:22:10 Dijo:  
21/05/2020 18:22:12 Dijo:  
21/05/2020 18:22:14 Dijo:  
21/05/2020 18:22:15 Dijo:  
21/05/2020 18:22:16 Dijo:  
21/05/2020 18:22:18 Dijo:  
21/05/2020 18:22:19 Dijo:  
21/05/2020 18:22:21 Dijo:  
21/05/2020 18:22:23 Dijo:  
21/05/2020 18:22:24 Dijo:  
21/05/2020 18:22:26 Dijo:  
21/05/2020 18:22:27 Dijo:  
21/05/2020 18:22:28 Dijo:  
21/05/2020 18:22:30 Dijo:  
21/05/2020 18:22:32 Dijo:  
21/05/2020 18:22:33 Dijo:  
21/05/2020 18:22:35 Dijo:  
21/05/2020 18:22:36 Dijo:  
21/05/2020 18:22:38 Dijo:  
21/05/2020 18:22:39 Dijo:  
21/05/2020 18:22:41 Dijo:  
21/05/2020 18:22:42 Dijo:  
21/05/2020 18:22:44 Dijo:  
21/05/2020 18:22:47 Dijo:  
21/05/2020 18:22:48 Se conecto con ip:127.0.0.1Hora: 21/05/2020 18:22:48
21/05/2020 18:25:51 Se conecto con ip:127.0.0.1Hora: 21/05/2020 18:25:51
21/05/2020 18:26:51 Dijo:  
21/05/2020 18:27:38 Comando: /mod yo skills Ocultarse 100
21/05/2020 18:27:42 Se conecto con ip:127.0.0.1Hora: 21/05/2020 18:27:42
21/05/2020 21:09:54 Se conecto con ip:127.0.0.1Hora: 21/05/2020 21:09:54
21/05/2020 21:10:02 Se conecto con ip:127.0.0.1Hora: 21/05/2020 21:10:02
21/05/2020 21:10:09 Se conecto con ip:127.0.0.1Hora: 21/05/2020 21:10:09
21/05/2020 21:10:24 Se conecto con ip:127.0.0.1Hora: 21/05/2020 21:10:24
21/05/2020 21:10:31 Se conecto con ip:127.0.0.1Hora: 21/05/2020 21:10:31
21/05/2020 21:10:39 Se conecto con ip:127.0.0.1Hora: 21/05/2020 21:10:39
21/05/2020 21:10:48 Se conecto con ip:127.0.0.1Hora: 21/05/2020 21:10:48
21/05/2020 21:11:31 Se conecto con ip:127.0.0.1Hora: 21/05/2020 21:11:31
21/05/2020 21:12:02 Se conecto con ip:127.0.0.1Hora: 21/05/2020 21:12:02
21/05/2020 21:12:44 Comando: /panelgm
21/05/2020 21:12:47 Comando: /SEARCHITEMS 
21/05/2020 21:12:51 Comando: /SEARCHITEMS arc
21/05/2020 21:12:59 Comando: /CI 1312 1
21/05/2020 21:12:59 Creo: 1 Arco Mágico (75% ahorro flechas)
21/05/2020 21:13:05 Comando: /SEARCHITEMS fl
21/05/2020 21:16:38 Se conecto con ip:127.0.0.1Hora: 21/05/2020 21:16:38
21/05/2020 21:16:45 Se conecto con ip:127.0.0.1Hora: 21/05/2020 21:16:45
21/05/2020 21:16:46 Se conecto con ip:127.0.0.1Hora: 21/05/2020 21:16:46
21/05/2020 21:16:49 Se conecto con ip:127.0.0.1Hora: 21/05/2020 21:16:49
21/05/2020 21:16:50 Se conecto con ip:127.0.0.1Hora: 21/05/2020 21:16:50
21/05/2020 21:16:51 Se conecto con ip:127.0.0.1Hora: 21/05/2020 21:16:51
21/05/2020 21:16:52 Se conecto con ip:127.0.0.1Hora: 21/05/2020 21:16:52
21/05/2020 21:16:54 Se conecto con ip:127.0.0.1Hora: 21/05/2020 21:16:54
21/05/2020 21:16:55 Se conecto con ip:127.0.0.1Hora: 21/05/2020 21:16:55
21/05/2020 21:17:04 Se conecto con ip:127.0.0.1Hora: 21/05/2020 21:17:04
21/05/2020 21:17:05 Se conecto con ip:127.0.0.1Hora: 21/05/2020 21:17:05
21/05/2020 21:21:24 Se conecto con ip:127.0.0.1Hora: 21/05/2020 21:21:24
21/05/2020 21:21:27 Se conecto con ip:127.0.0.1Hora: 21/05/2020 21:21:27
21/05/2020 21:22:54 Se conecto con ip:127.0.0.1Hora: 21/05/2020 21:22:54
21/05/2020 21:26:07 Se conecto con ip:127.0.0.1Hora: 21/05/2020 21:26:07
21/05/2020 21:26:46 Se conecto con ip:127.0.0.1Hora: 21/05/2020 21:26:46
21/05/2020 21:26:51 Se conecto con ip:127.0.0.1Hora: 21/05/2020 21:26:51
21/05/2020 21:27:09 Comando: /TELEP YO 47 62 17
21/05/2020 21:27:10 Comando: /TELEP YO 34 36 50
21/05/2020 21:27:10 Comando: /TELEP YO 34 31 50
21/05/2020 21:27:11 Comando: /TELEP YO 34 28 50
21/05/2020 21:27:17  tiró 1 Arco Mágico (75% ahorro flechas)
21/05/2020 21:27:21 Comando: /pANELGM
21/05/2020 21:27:35 Comando: /SEARCHITEMS flec
21/05/2020 21:27:41 Comando: /CI 553 1200
21/05/2020 21:27:41 Creo: 1200 Flecha + 3
21/05/2020 21:28:02  tiró 1200 Flecha + 3
21/05/2020 22:54:21 Se conecto con ip:127.0.0.1Hora: 21/05/2020 22:54:21
21/05/2020 22:54:27 Comando: /telep yo 181 50 50
21/05/2020 22:54:27 Transporto a Bassinger hacia Mapa181 X:50 Y:50
21/05/2020 22:54:47 Comando: /TELEP YO 181 61 25
21/05/2020 22:54:47 Transporto a Bassinger hacia Mapa181 X:61 Y:25
21/05/2020 22:54:49 Comando: /TELEP YO 181 51 27
21/05/2020 22:54:49 Transporto a Bassinger hacia Mapa181 X:51 Y:27
21/05/2020 22:55:22 Dijo:  
21/05/2020 22:55:24 Dijo:  
21/05/2020 22:55:26 Dijo:  
21/05/2020 23:04:30 Se conecto con ip:127.0.0.1Hora: 21/05/2020 23:04:30
21/05/2020 23:04:46 Se conecto con ip:127.0.0.1Hora: 21/05/2020 23:04:46
21/05/2020 23:06:10 Dijo:  
21/05/2020 23:06:16 Dijo:  
21/05/2020 23:06:18 Dijo:  
21/05/2020 23:06:22 Comando: /TELEP YO 47 63 17
21/05/2020 23:06:22 Transporto a Bassinger hacia Mapa47 X:63 Y:17
21/05/2020 23:06:25 Comando: /TELEP YO 34 27 42
21/05/2020 23:06:25 Transporto a Bassinger hacia Mapa34 X:27 Y:42
21/05/2020 23:06:26 Comando: /TELEP YO 34 26 32
21/05/2020 23:06:26 Transporto a Bassinger hacia Mapa34 X:26 Y:32
21/05/2020 23:06:26 Comando: /TELEP YO 34 26 24
21/05/2020 23:06:26 Transporto a Bassinger hacia Mapa34 X:26 Y:24
21/05/2020 23:06:34 Dijo:  
21/05/2020 23:06:36 Dijo:  
21/05/2020 23:06:37 Dijo:  
21/05/2020 23:07:56 Comando: /telep yo 47 50 50
21/05/2020 23:07:56 Transporto a Bassinger hacia Mapa47 X:50 Y:50
21/05/2020 23:08:45 Comando: /telep yo 9 50 50
21/05/2020 23:08:45 Transporto a Bassinger hacia Mapa9 X:50 Y:50
22/05/2020 0:16:56 Se conecto con ip:127.0.0.1Hora: 22/05/2020 0:16:56
22/05/2020 0:17:00 Dijo: hola
22/05/2020 0:17:03 Dijo: mierda
22/05/2020 0:17:05 Dijo: :(
