04/06/2019 21:57:01 Se conecto con ip:127.0.0.1Hora: 04/06/2019 21:57:01
04/06/2019 21:57:05 Comando: /TELEP YO 37 32 68
04/06/2019 21:57:05 Transporto a HEIMDAL hacia Mapa37 X:32 Y:68
04/06/2019 21:57:05 Comando: /TELEP YO 37 33 64
04/06/2019 21:57:05 Transporto a HEIMDAL hacia Mapa37 X:33 Y:64
04/06/2019 21:57:05 Comando: /TELEP YO 37 30 61
04/06/2019 21:57:05 Transporto a HEIMDAL hacia Mapa37 X:30 Y:61
04/06/2019 21:57:06 Comando: /TELEP YO 37 29 66
04/06/2019 21:57:06 Transporto a HEIMDAL hacia Mapa37 X:29 Y:66
04/06/2019 21:57:06 Comando: /TELEP YO 37 31 69
04/06/2019 21:57:06 Transporto a HEIMDAL hacia Mapa37 X:31 Y:69
04/06/2019 21:57:09 Comando: /panelgm
04/06/2019 21:57:13 Comando: /SEARCHITEMS armadura
04/06/2019 21:57:16 Comando: /CI 243 1
04/06/2019 21:57:16 Creo: 1 Armadura de placas completa enanos
25/06/2019 0:52:27 Se conecto con ip:89.141.249.53Hora: 25/06/2019 0:52:27
25/06/2019 0:52:42 Comando: /panelgm
25/06/2019 0:52:46 Comando: /ira bassinger
25/06/2019 0:52:46 /IRA Bassinger Mapa:4 X:29 Y:
25/06/2019 0:52:54 Comando: /ira conquer
25/06/2019 0:52:59 Comando: /ira papanoel
25/06/2019 0:52:59 /IRA papanoel Mapa:4 X:53 Y:
25/06/2019 0:53:29 Dijo: escribelo en discord
25/06/2019 0:53:37 Comando: /telep yo 34 50 50
25/06/2019 0:53:37 Transporto a Heimdal hacia Mapa34 X:50 Y:50
25/06/2019 0:53:46 Comando: /mod heimdal nivel 50
25/06/2019 0:53:50 Comando: /mod heimdal nivel 50
25/06/2019 0:54:02 Comando: /mod heimdal mana 19999
25/06/2019 0:54:08 Comando: /mod heimdal vida 19000
25/06/2019 0:54:14 Comando: /mod heimdal vida 19999
25/06/2019 0:54:25 Comando: /mod heimdal oro 99999999
25/06/2019 0:54:44 Comando: /panelgm
25/06/2019 0:54:51 Comando: /SEARCHITEMS resu
25/06/2019 0:54:54 Comando: /CI 208 1
25/06/2019 0:54:54 Creo: 1 Resucitar
25/06/2019 0:54:57 Comando: /SEARCHITEMS invi
25/06/2019 0:54:59 Comando: /CI 318 1
25/06/2019 0:54:59 Creo: 1 Invisibilidad
25/06/2019 0:55:04 Comando: /SEARCHITEMS gm
25/06/2019 0:55:06 Comando: /CI 986 1
25/06/2019 0:55:06 Creo: 1 Curo Mundial (Solo GM)
25/06/2019 0:55:09 Comando: /CI 1057 1
25/06/2019 0:55:09 Creo: 1 Solo GMs
25/06/2019 0:55:13 Comando: /SEARCHITEMS parali
25/06/2019 0:55:16 Comando: /CI 206 1
25/06/2019 0:55:16 Creo: 1 Paralizar
25/06/2019 0:55:18 Comando: /CI 207 1
25/06/2019 0:55:18 Creo: 1 Quitar paralisis
25/06/2019 0:55:20 Comando: /SEARCHITEMS nucle
25/06/2019 0:55:24 Comando: /CI 1180 1
25/06/2019 0:55:24 Creo: 1 Apocalipsis Nuclear
25/06/2019 0:56:26 Dijo: panelgm
25/06/2019 0:56:28 Comando: /panelgm
25/06/2019 0:56:38 Comando: /SEARCHITEMS diab
25/06/2019 0:56:41 Comando: /CI 636 1
25/06/2019 0:56:41 Creo: 1 Espada Diabolica
25/06/2019 0:56:43 Comando: /SEARCHITEMS heke
25/06/2019 0:56:46 Comando: /CI 1228 1
25/06/2019 0:56:46 Creo: 1 Armadura Heken
25/06/2019 0:56:50 Comando: /SEARCHITEMS rojo
25/06/2019 0:56:52 Comando: /CI 607 1
25/06/2019 0:56:52 Creo: 1 Casco Rojo
25/06/2019 0:57:01 Dijo: pollo
25/06/2019 0:57:06 Dijo: el seguro de hechizos
25/06/2019 0:57:08 Dijo: cual es
25/06/2019 0:57:22 Dijo: no funciona el asterisco
25/06/2019 0:57:23 Dijo: pavo
25/06/2019 0:57:31  tiró 1 Armadura de placas completa enanos
25/06/2019 0:57:34 Comando: /dest
25/06/2019 0:57:36 Dijo: bah
25/06/2019 0:57:43 Comando: /mod clase heimdal dios
25/06/2019 0:58:07 Comando: /mod hei
25/06/2019 0:58:11 Dijo: como me edito la clase
25/06/2019 0:58:14 Dijo: no me deja usar nucle
25/06/2019 0:58:32 Dijo: no es mod heimdal clase dios?
25/06/2019 0:58:47 Dijo: vale
25/06/2019 0:58:54 Se conecto con ip:89.141.249.53Hora: 25/06/2019 0:58:54
25/06/2019 0:59:03 Comando: /ira bassinger
25/06/2019 0:59:03 /IRA Bassinger Mapa:34 X:58 Y:
25/06/2019 0:59:15 Comando: /TELEP YO 34 54 53
25/06/2019 0:59:15 Transporto a Heimdal hacia Mapa34 X:54 Y:53
25/06/2019 0:59:16 Comando: /TELEP YO 34 47 53
25/06/2019 0:59:16 Transporto a Heimdal hacia Mapa34 X:47 Y:53
25/06/2019 0:59:16 Comando: /TELEP YO 62 62 42
25/06/2019 0:59:16 Transporto a Heimdal hacia Mapa62 X:62 Y:42
25/06/2019 0:59:19 Comando: /ira bassinger
25/06/2019 0:59:19 /IRA Bassinger Mapa:34 X:58 Y:
25/06/2019 0:59:20 Comando: /TELEP YO 34 51 49
25/06/2019 0:59:20 Transporto a Heimdal hacia Mapa34 X:51 Y:49
25/06/2019 0:59:21 Comando: /TELEP YO 34 44 49
25/06/2019 0:59:21 Transporto a Heimdal hacia Mapa34 X:44 Y:49
25/06/2019 0:59:21 Comando: /TELEP YO 34 39 51
25/06/2019 0:59:21 Transporto a Heimdal hacia Mapa34 X:39 Y:51
25/06/2019 0:59:22 Comando: /TELEP YO 34 34 54
25/06/2019 0:59:22 Transporto a Heimdal hacia Mapa34 X:34 Y:54
25/06/2019 0:59:31 Comando: /TELEP YO 34 21 51
25/06/2019 0:59:31 Transporto a Heimdal hacia Mapa34 X:21 Y:51
25/06/2019 0:59:32 Comando: /TELEP YO 34 20 55
25/06/2019 0:59:32 Transporto a Heimdal hacia Mapa34 X:20 Y:55
25/06/2019 0:59:34 Comando: /TELEP YO 34 30 60
25/06/2019 0:59:34 Transporto a Heimdal hacia Mapa34 X:30 Y:60
25/06/2019 0:59:43 Comando: /TELEP YO 34 37 56
25/06/2019 0:59:43 Transporto a Heimdal hacia Mapa34 X:37 Y:56
25/06/2019 0:59:44 Comando: /TELEP YO 34 43 53
25/06/2019 0:59:44 Transporto a Heimdal hacia Mapa34 X:43 Y:53
25/06/2019 0:59:45 Comando: /TELEP YO 34 50 49
25/06/2019 0:59:45 Transporto a Heimdal hacia Mapa34 X:50 Y:49
25/06/2019 0:59:46 Comando: /TELEP YO 34 56 49
25/06/2019 0:59:46 Transporto a Heimdal hacia Mapa34 X:56 Y:49
25/06/2019 0:59:47 Dijo: tu
25/06/2019 0:59:53 Dijo: pa que estan todos esos npcs ahi jajajaja
25/06/2019 1:00:03 Dijo: jajajajaja
25/06/2019 1:00:22 Dijo: no puedo mover los hechizos
25/06/2019 1:01:03 Comando: /ira seth
25/06/2019 1:01:03 /IRA seth Mapa:47 X:63 Y:
25/06/2019 1:01:13  tiró 1 Apocalipsis Nuclear
25/06/2019 1:01:16 Agarro:1 Objeto:Apocalipsis Nuclear
25/06/2019 1:01:27 Comando: /ira guerrenano
25/06/2019 1:01:41 Comando: /mod heimdal clase mago
25/06/2019 1:01:56 Comando: /ira guerreenano
25/06/2019 1:01:56 /IRA GUERREENANO Mapa:34 X:36 Y:
25/06/2019 1:02:05 Dijo: lo se
25/06/2019 1:02:15 Dijo: los bugs al doiscord
25/06/2019 1:02:17 Dijo: todos
25/06/2019 1:02:34 Dijo: no lei
25/06/2019 1:02:46 Dijo: pero que dijiste antes
25/06/2019 1:02:53 Dijo: ah vale
25/06/2019 1:02:57 Dijo: jajjajaja
25/06/2019 1:03:03 Dijo: como te guardes algun bug baneo
25/06/2019 1:03:04 Dijo: jajajaja
25/06/2019 1:03:10 Dijo: jajajaja
25/06/2019 1:03:13 Dijo: venga tira a subir
25/06/2019 1:03:19 Dijo: quien ahi?
25/06/2019 1:03:29 Dijo: vale
25/06/2019 1:03:33 Comando: /panelgm
25/06/2019 1:04:25 Comando: /ira papanoel
25/06/2019 1:04:25 /IRA papanoel Mapa:4 X:80 Y:
25/06/2019 1:04:48 Dijo: quien ahi
25/06/2019 1:04:57 Dijo: vale
25/06/2019 1:05:00 Dijo: eres guerre no?
25/06/2019 1:05:09 Dijo: ocultate
25/06/2019 1:05:23 Dijo: vale
25/06/2019 1:05:26 Dijo: ponlo en discord
25/06/2019 1:05:42 Dijo: te llevo de vuelta a nw?
25/06/2019 1:05:54 Comando: /telep yo 50 50 50
25/06/2019 1:05:54 Transporto a Heimdal hacia Mapa50 X:50 Y:50
25/06/2019 1:06:14 Comando: /telep yo 37 50 50
25/06/2019 1:06:14 Transporto a Heimdal hacia Mapa37 X:50 Y:50
25/06/2019 1:06:17 Comando: /sum papanoel
25/06/2019 1:06:17 /SUM papanoel Map:37 X:50 Y:50
25/06/2019 1:06:41 Dijo: como quieras
25/06/2019 1:06:45 Dijo: tb puedes describir el bug
25/06/2019 1:06:59 Tiro cantidad:10000 Objeto:Monedas de oro
25/06/2019 1:06:59 Tiro cantidad:10000 Objeto:Monedas de oro
25/06/2019 1:06:59 Tiro cantidad:10000 Objeto:Monedas de oro
25/06/2019 1:06:59 Tiro cantidad:10000 Objeto:Monedas de oro
25/06/2019 1:06:59 Tiro cantidad:10000 Objeto:Monedas de oro
25/06/2019 1:06:59 Tiro cantidad:10000 Objeto:Monedas de oro
25/06/2019 1:06:59 Tiro cantidad:10000 Objeto:Monedas de oro
25/06/2019 1:06:59 Tiro cantidad:10000 Objeto:Monedas de oro
25/06/2019 1:06:59 Tiro cantidad:10000 Objeto:Monedas de oro
25/06/2019 1:06:59 Tiro cantidad:10000 Objeto:Monedas de oro
25/06/2019 1:07:03 Tiro cantidad:10000 Objeto:Monedas de oro
25/06/2019 1:07:03 Tiro cantidad:10000 Objeto:Monedas de oro
25/06/2019 1:07:03 Tiro cantidad:10000 Objeto:Monedas de oro
25/06/2019 1:07:03 Tiro cantidad:10000 Objeto:Monedas de oro
25/06/2019 1:07:03 Tiro cantidad:10000 Objeto:Monedas de oro
25/06/2019 1:07:03 Tiro cantidad:10000 Objeto:Monedas de oro
25/06/2019 1:07:03 Tiro cantidad:10000 Objeto:Monedas de oro
25/06/2019 1:07:03 Tiro cantidad:10000 Objeto:Monedas de oro
25/06/2019 1:07:03 Tiro cantidad:10000 Objeto:Monedas de oro
25/06/2019 1:07:03 Tiro cantidad:10000 Objeto:Monedas de oro
25/06/2019 1:07:06 Dijo: pilla
25/06/2019 1:07:12 Dijo: pa que testees espadas del nw
25/06/2019 1:07:14 Dijo: y demas
25/06/2019 1:07:24 Dijo: cualquier cosa que quieras avisame
25/06/2019 1:07:29 Dijo: que estais pa testear clases
25/06/2019 1:07:35 Dijo: perfecto
25/06/2019 1:07:40 Dijo: dime
25/06/2019 1:07:57 Dijo: eso te lo responde el! Estara al llegar
25/06/2019 1:08:05 Dijo: kk
25/06/2019 1:08:07 Dijo: suerte
25/06/2019 1:08:13 Comando: /ira ampere
25/06/2019 1:08:15 Comando: /ira seth
25/06/2019 1:08:15 /IRA seth Mapa:34 X:30 Y:
25/06/2019 1:08:35 Comando: /ira syn
25/06/2019 1:10:35 Comando: /TELEP YO 34 39 61
25/06/2019 1:10:35 Transporto a Heimdal hacia Mapa34 X:39 Y:61
25/06/2019 1:10:36 Comando: /TELEP YO 34 32 65
25/06/2019 1:10:36 Transporto a Heimdal hacia Mapa34 X:32 Y:65
25/06/2019 1:11:17 Comando: /seguir
25/06/2019 1:11:20 Comando: /seguir
25/06/2019 1:11:26 Comando: /seguir
25/06/2019 1:11:36 Comando: /seguir
25/06/2019 1:11:45 Comando: /telep yo 81 50 50
25/06/2019 1:11:45 Transporto a Heimdal hacia Mapa81 X:50 Y:50
25/06/2019 1:11:47 Comando: /TELEP YO 81 54 48
25/06/2019 1:11:47 Transporto a Heimdal hacia Mapa81 X:54 Y:48
25/06/2019 1:11:48 Comando: /TELEP YO 81 59 44
25/06/2019 1:11:48 Transporto a Heimdal hacia Mapa81 X:59 Y:44
25/06/2019 1:11:49 Comando: /TELEP YO 81 62 43
25/06/2019 1:11:49 Transporto a Heimdal hacia Mapa81 X:62 Y:43
25/06/2019 1:11:54 Comando: /sum seth
25/06/2019 1:11:54 /SUM seth Map:81 X:62 Y:43
25/06/2019 1:12:08 Dijo:  
25/06/2019 1:12:11 Dijo:  
25/06/2019 1:14:42 Comando: /sum bassinger
25/06/2019 1:14:42 /SUM Bassinger Map:81 X:57 Y:40
25/06/2019 1:14:44 Dijo: pollo
25/06/2019 1:14:46 Dijo: mira esto
25/06/2019 1:14:49 Comando: /TELEP YO 81 61 40
25/06/2019 1:14:49 Transporto a Heimdal hacia Mapa81 X:61 Y:40
25/06/2019 1:14:52 Dijo: 7sum bassinger
25/06/2019 1:14:53 Dijo:  
25/06/2019 1:14:55 Comando: /sum bassinger
25/06/2019 1:14:55 /SUM Bassinger Map:81 X:61 Y:40
25/06/2019 1:15:33 Comando: /mod heimdal clase dios
25/06/2019 1:16:15  tiró 1 Armadura Heken
25/06/2019 1:16:18 Comando: /dest
25/06/2019 1:16:19 Comando: /panelgm
25/06/2019 1:16:25 Comando: /SEARCHITEMS colores
25/06/2019 1:16:29 Comando: /CI 584 1
25/06/2019 1:16:29 Creo: 1 Escudo Colores (+100 mana)
25/06/2019 1:16:54 Comando: /mod heimdal skills 500
25/06/2019 1:16:59 Comando: /mod heimdal skill 500
25/06/2019 1:17:09 Comando: /mod heimdal skillslibres 500
25/06/2019 1:17:19 Comando: /mod heimdal skillslibres 200
25/06/2019 1:17:32 Se conecto con ip:89.141.249.53Hora: 25/06/2019 1:17:32
25/06/2019 1:17:58 Comando: /panelgm
25/06/2019 1:18:03 Comando: /SEARCHITEMS huevo
25/06/2019 1:18:05 Comando: /CI 1659 1
25/06/2019 1:18:05 Creo: 1 Huevo de la gloria eterna
25/06/2019 1:18:14 Comando: /ira seth
25/06/2019 1:18:14 /IRA seth Mapa:81 X:63 Y:
25/06/2019 1:18:29 Agarro:1 Objeto:Casco Rojo
25/06/2019 1:18:33 Agarro:1 Objeto:Casco Rojo
25/06/2019 1:18:38 Agarro:1 Objeto:Casco Rojo
25/06/2019 1:20:15 Se conecto con ip:89.141.249.53Hora: 25/06/2019 1:20:15
25/06/2019 1:20:48 Comando: /ira seth
25/06/2019 1:20:48 /IRA seth Mapa:81 X:61 Y:
25/06/2019 1:20:52  tiró 1 Huevo de la gloria eterna
25/06/2019 1:20:53 Agarro:1 Objeto:Huevo de la gloria eterna
25/06/2019 1:20:54  tiró 1 Huevo de la gloria eterna
25/06/2019 1:20:55 Agarro:1 Objeto:Huevo de la gloria eterna
25/06/2019 1:20:56  tiró 1 Huevo de la gloria eterna
25/06/2019 1:20:57 Agarro:1 Objeto:Huevo de la gloria eterna
25/06/2019 1:21:07 Comando: /invisible
25/06/2019 1:21:15 Comando: /invisible
25/06/2019 1:21:47 Comando: /telep yo 67 50 50
25/06/2019 1:21:47 Transporto a Heimdal hacia Mapa67 X:50 Y:50
25/06/2019 1:21:49 Comando: /TELEP YO 67 50 47
25/06/2019 1:21:49 Transporto a Heimdal hacia Mapa67 X:50 Y:47
25/06/2019 1:21:49 Comando: /TELEP YO 67 50 43
25/06/2019 1:21:49 Transporto a Heimdal hacia Mapa67 X:50 Y:43
25/06/2019 1:21:55 Comando: /telep yo 57 50 50
25/06/2019 1:21:55 Transporto a Heimdal hacia Mapa57 X:50 Y:50
25/06/2019 1:22:01 Comando: /telep yo 65 50 50
25/06/2019 1:22:01 Transporto a Heimdal hacia Mapa65 X:50 Y:50
25/06/2019 1:23:27 Se conecto con ip:89.141.249.53Hora: 25/06/2019 1:23:27
25/06/2019 1:23:38 Dijo: 7salir
25/06/2019 1:23:47 Se conecto con ip:89.141.249.53Hora: 25/06/2019 1:23:47
25/06/2019 1:24:20 Se conecto con ip:89.141.249.53Hora: 25/06/2019 1:24:20
25/06/2019 1:25:31 Se conecto con ip:89.141.249.53Hora: 25/06/2019 1:25:31
25/06/2019 1:26:01 Se conecto con ip:89.141.249.53Hora: 25/06/2019 1:26:01
25/06/2019 1:26:09 Comando: /invisible
25/06/2019 1:26:15 Comando: /invisible
25/06/2019 1:26:40 Se conecto con ip:89.141.249.53Hora: 25/06/2019 1:26:40
25/06/2019 1:26:42 Dijo: sdfsdfs
25/06/2019 1:26:42 Dijo: sdfsdfs
25/06/2019 1:26:48 Comando: /invisible
25/06/2019 1:26:49 Dijo: asdsad
25/06/2019 1:26:49 Dijo: asdsad
25/06/2019 1:27:42 Se conecto con ip:89.141.249.53Hora: 25/06/2019 1:27:42
25/06/2019 1:29:28 Se conecto con ip:89.141.249.53Hora: 25/06/2019 1:29:28
25/06/2019 1:33:17 Se conecto con ip:89.141.249.53Hora: 25/06/2019 1:33:17
25/06/2019 1:33:21 Comando: /ira swee
25/06/2019 1:33:27 Comando: /ira swee
25/06/2019 1:33:30 Comando: /ira sweety
25/06/2019 1:33:30 /IRA Sweety Mapa:34 X:45 Y:
25/06/2019 1:33:35 Dijo: que te pica
25/06/2019 1:33:43 Dijo: quieres ver un trucazo?
25/06/2019 1:33:51 Dijo: atento a tu inventario
25/06/2019 1:34:02 Dijo: JAJAJAJAJA
25/06/2019 1:34:12 Dijo: NO
25/06/2019 1:34:17 Dijo: COGE ESOS OBJETOS
25/06/2019 1:34:23 Dijo: clicalos en el inventario
25/06/2019 1:34:33 Dijo: y arrastralos con el boton secundario
25/06/2019 1:34:36 Dijo: no
25/06/2019 1:34:42 Dijo: clica el objeto
25/06/2019 1:34:47 Dijo: no
25/06/2019 1:34:50 Dijo: pero a otras personas
25/06/2019 1:34:54 Dijo: arrastralo hacia mi
25/06/2019 1:35:00 Dijo: hazlo
25/06/2019 1:35:07 Dijo: jajajajaja
25/06/2019 1:35:12 Dijo: trucazo
25/06/2019 1:35:22  tiró 2 Cheque por valor de 10k
25/06/2019 1:35:29 Dijo: dejame mi casco y escudo
25/06/2019 1:35:35 Dijo: que me da pereza crear otro
25/06/2019 1:35:42 Dijo: jajajajajajaja
25/06/2019 1:36:00 Dijo: si
25/06/2019 1:36:01 Dijo: todo
25/06/2019 1:36:03 Dijo: pero habra un seguro
25/06/2019 1:37:13 Dijo: jajajajajaja
25/06/2019 1:37:18 Comando: /TELEP YO 34 37 28
25/06/2019 1:37:18 Transporto a Heimdal hacia Mapa34 X:37 Y:28
25/06/2019 1:37:19 Comando: /TELEP YO 34 44 30
25/06/2019 1:37:19 Transporto a Heimdal hacia Mapa34 X:44 Y:30
25/06/2019 1:39:06 Comando: /ira seth
25/06/2019 1:39:06 /IRA seth Mapa:34 X:29 Y:
25/06/2019 2:13:08 Se conecto con ip:89.141.249.53Hora: 25/06/2019 2:13:08
25/06/2019 2:13:25 Comando: /ira max
25/06/2019 2:13:25 /IRA max Mapa:45 X:27 Y:
25/06/2019 2:13:29 Dijo: necesitas algo max?
25/06/2019 2:13:44 Dijo: te llego
25/06/2019 2:13:48 Comando: /telep yo 57 50 50
25/06/2019 2:13:48 Transporto a Heimdal hacia Mapa57 X:50 Y:50
25/06/2019 2:13:56 Comando: /telep yo 37 50 50
25/06/2019 2:13:56 Transporto a Heimdal hacia Mapa37 X:50 Y:50
25/06/2019 2:14:02 Comando: /sum max
25/06/2019 2:14:02 /SUM max Map:37 X:50 Y:50
25/06/2019 2:14:07 Dijo: ven
25/06/2019 2:14:12 Comando: /TELEP YO 37 56 71
25/06/2019 2:14:12 Transporto a Heimdal hacia Mapa37 X:56 Y:71
25/06/2019 2:14:13 Comando: /TELEP YO 37 64 69
25/06/2019 2:14:13 Transporto a Heimdal hacia Mapa37 X:64 Y:69
25/06/2019 2:14:13 Comando: /TELEP YO 37 69 64
25/06/2019 2:14:13 Transporto a Heimdal hacia Mapa37 X:69 Y:64
25/06/2019 2:14:14 Comando: /TELEP YO 37 73 59
25/06/2019 2:14:14 Transporto a Heimdal hacia Mapa37 X:73 Y:59
25/06/2019 2:14:14 Comando: /TELEP YO 37 66 55
25/06/2019 2:14:14 Transporto a Heimdal hacia Mapa37 X:66 Y:55
25/06/2019 2:14:15 Comando: /TELEP YO 37 56 56
25/06/2019 2:14:15 Transporto a Heimdal hacia Mapa37 X:56 Y:56
25/06/2019 2:14:16 Comando: /TELEP YO 37 49 54
25/06/2019 2:14:16 Transporto a Heimdal hacia Mapa37 X:49 Y:54
25/06/2019 2:14:17 Comando: /TELEP YO 37 51 48
25/06/2019 2:14:17 Transporto a Heimdal hacia Mapa37 X:51 Y:48
25/06/2019 2:14:17 Comando: /TELEP YO 37 50 41
25/06/2019 2:14:17 Transporto a Heimdal hacia Mapa37 X:50 Y:41
25/06/2019 2:14:18 Comando: /TELEP YO 37 41 40
25/06/2019 2:14:18 Transporto a Heimdal hacia Mapa37 X:41 Y:40
25/06/2019 2:14:19 Comando: /TELEP YO 37 37 42
25/06/2019 2:14:19 Transporto a Heimdal hacia Mapa37 X:37 Y:42
25/06/2019 2:14:19 Comando: /TELEP YO 37 37 47
25/06/2019 2:14:19 Transporto a Heimdal hacia Mapa37 X:37 Y:47
25/06/2019 2:14:20 Comando: /TELEP YO 37 35 53
25/06/2019 2:14:20 Transporto a Heimdal hacia Mapa37 X:35 Y:53
25/06/2019 2:14:20 Comando: /TELEP YO 37 33 60
25/06/2019 2:14:20 Transporto a Heimdal hacia Mapa37 X:33 Y:60
25/06/2019 2:14:30 Comando: /sum max
25/06/2019 2:14:30 /SUM max Map:37 X:32 Y:64
25/06/2019 2:14:33 Dijo: aqui estan los npcs
25/06/2019 2:14:41 Dijo: de exp
25/06/2019 2:14:59 Comando: /ira papanoel
25/06/2019 2:14:59 /IRA papanoel Mapa:34 X:31 Y:
25/06/2019 2:15:19 Dijo: vete probando con sweety las clases
25/06/2019 2:15:48 Comando: /panelgm
25/06/2019 2:15:55 Comando: /SEARCHITEMS oro
25/06/2019 2:16:03 Comando: /SEARCHITEMS cheque
25/06/2019 2:16:08 Comando: /CI 1944 10000
25/06/2019 2:16:12 Comando: /CI 1944 9999
25/06/2019 2:16:18 Comando: /CI 1944 1200
25/06/2019 2:16:18 Creo: 1200 Cheque por valor de 10k
25/06/2019 2:16:20 Comando: /CI 1944 1200
25/06/2019 2:16:20 Creo: 1200 Cheque por valor de 10k
25/06/2019 2:16:22 Comando: /CI 1944 1200
25/06/2019 2:16:22 Creo: 1200 Cheque por valor de 10k
25/06/2019 2:16:25 Comando: /CI 1944 1200
25/06/2019 2:16:25 Creo: 1200 Cheque por valor de 10k
25/06/2019 2:16:27 Comando: /CI 1944 1200
25/06/2019 2:16:27 Creo: 1200 Cheque por valor de 10k
25/06/2019 2:16:29 Comando: /CI 1944 1200
25/06/2019 2:16:29 Creo: 1200 Cheque por valor de 10k
25/06/2019 2:16:32 Comando: /CI 1944 1200
25/06/2019 2:16:32 Creo: 1200 Cheque por valor de 10k
25/06/2019 2:16:49  tiró 8400 Cheque por valor de 10k
25/06/2019 2:17:35 Comando: /TELEP YO 34 38 52
25/06/2019 2:17:35 Transporto a Heimdal hacia Mapa34 X:38 Y:52
25/06/2019 2:17:39 Comando: /TELEP YO 34 62 43
25/06/2019 2:17:39 Transporto a Heimdal hacia Mapa34 X:62 Y:43
25/06/2019 2:17:40 Comando: /TELEP YO 34 70 40
25/06/2019 2:17:40 Transporto a Heimdal hacia Mapa34 X:70 Y:40
25/06/2019 2:17:46 Comando: /TELEP YO 34 67 39
25/06/2019 2:17:46 Transporto a Heimdal hacia Mapa34 X:67 Y:39
25/06/2019 2:17:46 Comando: /TELEP YO 34 59 40
25/06/2019 2:17:46 Transporto a Heimdal hacia Mapa34 X:59 Y:40
25/06/2019 2:17:47 Comando: /TELEP YO 34 51 43
25/06/2019 2:17:47 Transporto a Heimdal hacia Mapa34 X:51 Y:43
25/06/2019 2:17:48 Comando: /TELEP YO 34 42 47
25/06/2019 2:17:48 Transporto a Heimdal hacia Mapa34 X:42 Y:47
25/06/2019 2:17:48 Comando: /TELEP YO 34 33 49
25/06/2019 2:17:48 Transporto a Heimdal hacia Mapa34 X:33 Y:49
25/06/2019 2:18:45 Dijo: max
25/06/2019 2:18:51 Dijo: cuanta carisma tienes?
25/06/2019 2:19:06 Dijo: miralo en /est
25/06/2019 2:19:23 Dijo: vale
25/06/2019 2:19:26 Dijo: te doy skills
25/06/2019 2:19:31 Dijo: subete 100 en liderazgo
25/06/2019 2:19:44 Comando: /mod skillslibres max 500
25/06/2019 2:19:57 Comando: /mod skillslibres max 500
25/06/2019 2:20:03 Dijo: reloguea
25/06/2019 2:20:11 Comando: /echar max
25/06/2019 2:20:11 Echo a max
25/06/2019 2:20:16 Dijo: subete 100
25/06/2019 2:20:23 Dijo: un momento conquer
25/06/2019 2:20:44 Dijo: fijate en el oro que tienes
25/06/2019 2:20:57 Dijo: funda un clan
25/06/2019 2:21:01 Dijo: u mira cuanto oro te baja
25/06/2019 2:21:51 Dijo: cuanto oro bajo?
25/06/2019 2:22:15 Dijo: vale
25/06/2019 2:22:18 Dijo: perfecto
25/06/2019 2:22:25 Dijo: dimeconquer
25/06/2019 2:29:21 Se conecto con ip:89.141.249.53Hora: 25/06/2019 2:29:21
25/06/2019 2:29:29 Comando: /ira mago
25/06/2019 2:29:33 Comando: /ira mago humano
25/06/2019 2:29:40 Comando: /ira magoelfo
25/06/2019 2:29:40 /IRA MagoElfo Mapa:35 X:48 Y:
25/06/2019 2:29:50 Comando: /mod max skillslibres 500
25/06/2019 2:29:53 Dijo: reloguea max
25/06/2019 2:30:02 Comando: /echar max
25/06/2019 2:30:02 Echo a max
25/06/2019 2:30:10 Dijo: tienes skills?
25/06/2019 2:30:18 Dijo: opnte 100 rm
25/06/2019 2:30:37 Comando: /echar heimdal
25/06/2019 2:30:37 Echo a Heimdal
25/06/2019 22:06:03 Se conecto con ip:89.141.249.53Hora: 25/06/2019 22:06:03
25/06/2019 22:08:12 Comando: /telep yo 34 50 50
25/06/2019 22:08:12 Transporto a Heimdal hacia Mapa34 X:50 Y:50
25/06/2019 22:08:13 Comando: /TELEP YO 34 45 50
25/06/2019 22:08:13 Transporto a Heimdal hacia Mapa34 X:45 Y:50
25/06/2019 22:08:14 Comando: /TELEP YO 34 39 52
25/06/2019 22:08:14 Transporto a Heimdal hacia Mapa34 X:39 Y:52
25/06/2019 22:08:14 Comando: /TELEP YO 34 33 56
25/06/2019 22:08:14 Transporto a Heimdal hacia Mapa34 X:33 Y:56
25/06/2019 22:08:15 Comando: /TELEP YO 34 31 61
25/06/2019 22:08:15 Transporto a Heimdal hacia Mapa34 X:31 Y:61
25/06/2019 22:08:16 Comando: /TELEP YO 34 31 66
25/06/2019 22:08:16 Transporto a Heimdal hacia Mapa34 X:31 Y:66
25/06/2019 22:08:17 Comando: /TELEP YO 34 33 72
25/06/2019 22:08:17 Transporto a Heimdal hacia Mapa34 X:33 Y:72
25/06/2019 22:08:58 Comando: /telep yo 81 50 50
25/06/2019 22:08:58 Transporto a Heimdal hacia Mapa81 X:50 Y:50
25/06/2019 22:08:59 Comando: /TELEP YO 81 54 48
25/06/2019 22:08:59 Transporto a Heimdal hacia Mapa81 X:54 Y:48
25/06/2019 22:09:00 Comando: /TELEP YO 81 59 44
25/06/2019 22:09:00 Transporto a Heimdal hacia Mapa81 X:59 Y:44
25/06/2019 22:09:00 Comando: /TELEP YO 81 63 40
25/06/2019 22:09:00 Transporto a Heimdal hacia Mapa81 X:63 Y:40
25/06/2019 22:09:34 Agarro:1 Objeto:Casco Rojo
25/06/2019 22:09:35 Agarro:1 Objeto:Espada Diabolica
25/06/2019 22:09:35 Agarro:1 Objeto:Escudo Colores (+100 mana)
25/06/2019 22:10:16 Comando: /telep yo 34 50 50
25/06/2019 22:10:16 Transporto a Heimdal hacia Mapa34 X:50 Y:50
25/06/2019 22:10:17 Comando: /TELEP YO 34 46 50
25/06/2019 22:10:17 Transporto a Heimdal hacia Mapa34 X:46 Y:50
25/06/2019 22:10:18 Comando: /TELEP YO 34 41 50
25/06/2019 22:10:18 Transporto a Heimdal hacia Mapa34 X:41 Y:50
25/06/2019 22:10:19 Comando: /TELEP YO 34 36 52
25/06/2019 22:10:19 Transporto a Heimdal hacia Mapa34 X:36 Y:52
25/06/2019 22:10:20 Comando: /TELEP YO 34 32 54
25/06/2019 22:10:20 Transporto a Heimdal hacia Mapa34 X:32 Y:54
25/06/2019 22:10:21 Comando: /TELEP YO 34 33 58
25/06/2019 22:10:21 Transporto a Heimdal hacia Mapa34 X:33 Y:58
25/06/2019 22:10:21 Comando: /TELEP YO 34 30 61
25/06/2019 22:10:21 Transporto a Heimdal hacia Mapa34 X:30 Y:61
25/06/2019 22:20:46 Comando: /lluvia
25/06/2019 22:20:50 Dijo: 7salir
25/06/2019 22:20:52 Comando: /echar heimdal
25/06/2019 22:20:52 Echo a Heimdal
26/06/2019 23:41:46 Se conecto con ip:89.141.249.53Hora: 26/06/2019 23:41:46
26/06/2019 23:41:56 Comando: /ira papanoel
26/06/2019 23:41:56 /IRA Papanoel Mapa:35 X:18 Y:
26/06/2019 23:41:58 Dijo: buenas
26/06/2019 23:42:24 Comando: /panelgm
26/06/2019 23:42:28 Comando: /SEARCHITEMS canje
26/06/2019 23:42:34 Comando: /SEARCHITEMS sagra
26/06/2019 23:42:39 Comando: /CI 1064 1
26/06/2019 23:42:39 Creo: 1 Espada Sagrada
26/06/2019 23:42:42 Comando: /SEARCHITEMS gm
26/06/2019 23:42:49 Comando: /CI 1188 1
26/06/2019 23:42:49 Creo: 1 Espada Sagrada GM
26/06/2019 23:42:52 Comando: /CI 1193 1
26/06/2019 23:42:52 Creo: 1 Espada Gm
26/06/2019 23:46:31 Comando: /telep yo 30 50 50
26/06/2019 23:46:31 Transporto a Heimdal hacia Mapa30 X:50 Y:50
26/06/2019 23:46:34 Comando: /TELEP YO 30 45 42
26/06/2019 23:46:34 Transporto a Heimdal hacia Mapa30 X:45 Y:42
26/06/2019 23:46:35 Comando: /TELEP YO 30 42 37
26/06/2019 23:46:35 Transporto a Heimdal hacia Mapa30 X:42 Y:37
26/06/2019 23:46:36 Comando: /TELEP YO 30 36 33
26/06/2019 23:46:36 Transporto a Heimdal hacia Mapa30 X:36 Y:33
26/06/2019 23:46:36 Comando: /TELEP YO 30 31 29
26/06/2019 23:46:36 Transporto a Heimdal hacia Mapa30 X:31 Y:29
26/06/2019 23:46:37 Comando: /TELEP YO 30 25 24
26/06/2019 23:46:37 Transporto a Heimdal hacia Mapa30 X:25 Y:24
26/06/2019 23:46:40 Comando: /TELEP YO 30 19 28
26/06/2019 23:46:40 Transporto a Heimdal hacia Mapa30 X:19 Y:28
26/06/2019 23:46:41 Comando: /TELEP YO 30 21 38
26/06/2019 23:46:41 Transporto a Heimdal hacia Mapa30 X:21 Y:38
26/06/2019 23:46:42 Comando: /TELEP YO 30 18 45
26/06/2019 23:46:42 Transporto a Heimdal hacia Mapa30 X:18 Y:45
26/06/2019 23:46:43 Comando: /TELEP YO 30 19 52
26/06/2019 23:46:43 Transporto a Heimdal hacia Mapa30 X:19 Y:52
26/06/2019 23:46:44 Comando: /TELEP YO 30 20 59
26/06/2019 23:46:44 Transporto a Heimdal hacia Mapa30 X:20 Y:59
26/06/2019 23:46:44 Comando: /TELEP YO 30 21 63
26/06/2019 23:46:44 Transporto a Heimdal hacia Mapa30 X:21 Y:63
26/06/2019 23:46:45 Comando: /TELEP YO 30 21 70
26/06/2019 23:46:45 Transporto a Heimdal hacia Mapa30 X:21 Y:70
26/06/2019 23:46:46 Comando: /TELEP YO 30 19 78
26/06/2019 23:46:46 Transporto a Heimdal hacia Mapa30 X:19 Y:78
26/06/2019 23:46:46 Comando: /TELEP YO 30 21 83
26/06/2019 23:46:46 Transporto a Heimdal hacia Mapa30 X:21 Y:83
26/06/2019 23:46:47 Comando: /TELEP YO 30 21 90
26/06/2019 23:46:47 Transporto a Heimdal hacia Mapa30 X:21 Y:90
26/06/2019 23:46:52 Comando: /TELEP YO 30 29 88
26/06/2019 23:46:52 Transporto a Heimdal hacia Mapa30 X:29 Y:88
26/06/2019 23:46:52 Comando: /TELEP YO 30 34 85
26/06/2019 23:46:52 Transporto a Heimdal hacia Mapa30 X:34 Y:85
26/06/2019 23:46:53 Comando: /TELEP YO 30 40 85
26/06/2019 23:46:53 Transporto a Heimdal hacia Mapa30 X:40 Y:85
26/06/2019 23:46:53 Comando: /TELEP YO 30 47 86
26/06/2019 23:46:53 Transporto a Heimdal hacia Mapa30 X:47 Y:86
26/06/2019 23:46:54 Comando: /TELEP YO 30 55 86
26/06/2019 23:46:54 Transporto a Heimdal hacia Mapa30 X:55 Y:86
26/06/2019 23:46:55 Comando: /TELEP YO 30 63 86
26/06/2019 23:46:55 Transporto a Heimdal hacia Mapa30 X:63 Y:86
26/06/2019 23:46:57 Comando: /TELEP YO 30 75 83
26/06/2019 23:46:57 Transporto a Heimdal hacia Mapa30 X:75 Y:83
26/06/2019 23:46:59 Comando: /TELEP YO 30 70 75
26/06/2019 23:46:59 Transporto a Heimdal hacia Mapa30 X:70 Y:75
26/06/2019 23:46:59 Comando: /TELEP YO 30 67 70
26/06/2019 23:46:59 Transporto a Heimdal hacia Mapa30 X:67 Y:70
26/06/2019 23:47:00 Comando: /TELEP YO 30 65 63
26/06/2019 23:47:00 Transporto a Heimdal hacia Mapa30 X:65 Y:63
26/06/2019 23:47:01 Comando: /TELEP YO 30 69 57
26/06/2019 23:47:01 Transporto a Heimdal hacia Mapa30 X:69 Y:57
26/06/2019 23:47:01 Comando: /TELEP YO 30 66 50
26/06/2019 23:47:01 Transporto a Heimdal hacia Mapa30 X:66 Y:50
26/06/2019 23:47:02 Comando: /TELEP YO 30 70 44
26/06/2019 23:47:02 Transporto a Heimdal hacia Mapa30 X:70 Y:44
26/06/2019 23:47:03 Comando: /TELEP YO 30 70 35
26/06/2019 23:47:03 Transporto a Heimdal hacia Mapa30 X:70 Y:35
26/06/2019 23:47:04 Comando: /TELEP YO 30 65 28
26/06/2019 23:47:04 Transporto a Heimdal hacia Mapa30 X:65 Y:28
26/06/2019 23:47:05 Comando: /TELEP YO 30 68 22
26/06/2019 23:47:05 Transporto a Heimdal hacia Mapa30 X:68 Y:22
26/06/2019 23:47:10 Comando: /TELEP YO 30 60 13
26/06/2019 23:47:10 Transporto a Heimdal hacia Mapa30 X:60 Y:13
26/06/2019 23:47:13 Comando: /TELEP YO 30 53 20
26/06/2019 23:47:13 Transporto a Heimdal hacia Mapa30 X:53 Y:20
26/06/2019 23:47:14 Comando: /TELEP YO 30 54 27
26/06/2019 23:47:14 Transporto a Heimdal hacia Mapa30 X:54 Y:27
26/06/2019 23:47:14 Comando: /TELEP YO 30 54 33
26/06/2019 23:47:14 Transporto a Heimdal hacia Mapa30 X:54 Y:33
26/06/2019 23:47:15 Comando: /TELEP YO 30 54 40
26/06/2019 23:47:15 Transporto a Heimdal hacia Mapa30 X:54 Y:40
26/06/2019 23:47:16 Comando: /TELEP YO 30 54 47
26/06/2019 23:47:16 Transporto a Heimdal hacia Mapa30 X:54 Y:47
26/06/2019 23:47:16 Comando: /TELEP YO 30 54 54
26/06/2019 23:47:16 Transporto a Heimdal hacia Mapa30 X:54 Y:54
26/06/2019 23:47:17 Comando: /TELEP YO 30 54 61
26/06/2019 23:47:17 Transporto a Heimdal hacia Mapa30 X:54 Y:61
26/06/2019 23:47:18 Comando: /TELEP YO 30 54 68
26/06/2019 23:47:18 Transporto a Heimdal hacia Mapa30 X:54 Y:68
26/06/2019 23:47:18 Comando: /TELEP YO 30 54 76
26/06/2019 23:47:18 Transporto a Heimdal hacia Mapa30 X:54 Y:76
26/06/2019 23:47:19 Comando: /TELEP YO 30 54 83
26/06/2019 23:47:19 Transporto a Heimdal hacia Mapa30 X:54 Y:83
26/06/2019 23:47:20 Comando: /TELEP YO 30 54 89
26/06/2019 23:47:20 Transporto a Heimdal hacia Mapa30 X:54 Y:89
26/06/2019 23:47:24 Comando: /TELEP YO 30 39 86
26/06/2019 23:47:24 Transporto a Heimdal hacia Mapa30 X:39 Y:86
26/06/2019 23:47:25 Comando: /TELEP YO 30 39 79
26/06/2019 23:47:25 Transporto a Heimdal hacia Mapa30 X:39 Y:79
26/06/2019 23:47:26 Comando: /TELEP YO 30 39 70
26/06/2019 23:47:26 Transporto a Heimdal hacia Mapa30 X:39 Y:70
26/06/2019 23:47:27 Comando: /TELEP YO 30 39 62
26/06/2019 23:47:27 Transporto a Heimdal hacia Mapa30 X:39 Y:62
26/06/2019 23:47:28 Comando: /TELEP YO 30 39 55
26/06/2019 23:47:28 Transporto a Heimdal hacia Mapa30 X:39 Y:55
26/06/2019 23:47:28 Comando: /TELEP YO 30 39 49
26/06/2019 23:47:28 Transporto a Heimdal hacia Mapa30 X:39 Y:49
26/06/2019 23:47:29 Comando: /TELEP YO 30 39 41
26/06/2019 23:47:29 Transporto a Heimdal hacia Mapa30 X:39 Y:41
26/06/2019 23:47:30 Comando: /TELEP YO 30 39 34
26/06/2019 23:47:30 Transporto a Heimdal hacia Mapa30 X:39 Y:34
26/06/2019 23:47:30 Comando: /TELEP YO 30 39 27
26/06/2019 23:47:30 Transporto a Heimdal hacia Mapa30 X:39 Y:27
26/06/2019 23:47:31 Comando: /TELEP YO 30 39 19
26/06/2019 23:47:31 Transporto a Heimdal hacia Mapa30 X:39 Y:19
26/06/2019 23:47:32 Comando: /TELEP YO 30 39 12
26/06/2019 23:47:32 Transporto a Heimdal hacia Mapa30 X:39 Y:12
26/06/2019 23:47:32 Comando: /TELEP YO 29 39 84
26/06/2019 23:47:32 Transporto a Heimdal hacia Mapa29 X:39 Y:84
26/06/2019 23:47:37 Comando: /TELEP YO 30 32 13
26/06/2019 23:47:37 Transporto a Heimdal hacia Mapa30 X:32 Y:13
26/06/2019 23:47:39 Comando: /TELEP YO 30 24 19
26/06/2019 23:47:39 Transporto a Heimdal hacia Mapa30 X:24 Y:19
26/06/2019 23:47:40 Comando: /TELEP YO 30 25 24
26/06/2019 23:47:40 Transporto a Heimdal hacia Mapa30 X:25 Y:24
26/06/2019 23:47:59 Comando: /TELEP YO 30 25 40
26/06/2019 23:47:59 Transporto a Heimdal hacia Mapa30 X:25 Y:40
26/06/2019 23:48:00 Comando: /TELEP YO 30 25 46
26/06/2019 23:48:00 Transporto a Heimdal hacia Mapa30 X:25 Y:46
26/06/2019 23:48:01 Comando: /TELEP YO 30 25 50
26/06/2019 23:48:01 Transporto a Heimdal hacia Mapa30 X:25 Y:50
26/06/2019 23:48:01 Comando: /TELEP YO 30 25 56
26/06/2019 23:48:01 Transporto a Heimdal hacia Mapa30 X:25 Y:56
26/06/2019 23:48:02 Comando: /TELEP YO 30 25 61
26/06/2019 23:48:02 Transporto a Heimdal hacia Mapa30 X:25 Y:61
26/06/2019 23:48:02 Comando: /TELEP YO 30 25 66
26/06/2019 23:48:02 Transporto a Heimdal hacia Mapa30 X:25 Y:66
26/06/2019 23:48:03 Comando: /TELEP YO 30 25 72
26/06/2019 23:48:03 Transporto a Heimdal hacia Mapa30 X:25 Y:72
26/06/2019 23:48:03 Comando: /TELEP YO 30 25 77
26/06/2019 23:48:03 Transporto a Heimdal hacia Mapa30 X:25 Y:77
26/06/2019 23:48:04 Comando: /TELEP YO 30 25 82
26/06/2019 23:48:04 Transporto a Heimdal hacia Mapa30 X:25 Y:82
26/06/2019 23:48:04 Comando: /TELEP YO 30 25 88
26/06/2019 23:48:04 Transporto a Heimdal hacia Mapa30 X:25 Y:88
26/06/2019 23:48:05 Comando: /TELEP YO 30 25 94
26/06/2019 23:48:05 Transporto a Heimdal hacia Mapa30 X:25 Y:94
26/06/2019 23:48:06 Comando: /TELEP YO 30 25 89
26/06/2019 23:48:06 Transporto a Heimdal hacia Mapa30 X:25 Y:89
26/06/2019 23:48:07 Comando: /TELEP YO 30 25 84
26/06/2019 23:48:07 Transporto a Heimdal hacia Mapa30 X:25 Y:84
26/06/2019 23:48:08 Comando: /TELEP YO 30 25 76
26/06/2019 23:48:08 Transporto a Heimdal hacia Mapa30 X:25 Y:76
26/06/2019 23:50:01 Comando: /echar heimdal
26/06/2019 23:50:01 Echo a Heimdal
29/06/2019 20:02:55 Se conecto con ip:47.63.69.234Hora: 29/06/2019 20:02:55
29/06/2019 20:03:09 Comando: /ira coberbio
29/06/2019 20:03:13 Comando: /ira soberbio
29/06/2019 20:03:13 /IRA Soberbio Mapa:35 X:48 Y:
29/06/2019 20:03:21 Comando: /ira bigun
29/06/2019 20:03:29 Dijo: necesitas algo?
29/06/2019 20:03:35 Dijo: jajajaja
29/06/2019 20:03:52 Dijo: a quien
29/06/2019 20:04:08 Dijo: lo traigo?
29/06/2019 20:04:12 Comando: /ira bigun
29/06/2019 20:04:19 Comando: /ira bigum
29/06/2019 20:04:19 /IRA BiGuM Mapa:34 X:29 Y:
29/06/2019 20:04:25 Dijo: necesirtas algo?
29/06/2019 20:04:37 Comando: /panelgm
29/06/2019 20:04:40 Comando: /SEARCHITEMS demoled
29/06/2019 20:04:42 Comando: /CI 599 11
29/06/2019 20:04:42 Creo: 11 Espada Demoledora
29/06/2019 20:04:47  tiró 11 Espada Demoledora
29/06/2019 20:05:02 Comando: /ira garca
29/06/2019 20:05:12 Dijo: si necesitan algo avisen
29/06/2019 20:05:18 Dijo: dime
29/06/2019 20:05:28 Comando: /panelgm
29/06/2019 20:05:36 Comando: /SEARCHITEMS diab
29/06/2019 20:05:38 Comando: /CI 640 11
29/06/2019 20:05:38 Creo: 11 Espada Diablo
29/06/2019 20:05:42  tiró 11 Espada Diablo
29/06/2019 20:06:01 Comando: /echar heimdal
29/06/2019 20:06:01 Echo a Heimdal
30/06/2019 4:30:15 Se conecto con ip:47.63.69.234Hora: 30/06/2019 4:30:15
30/06/2019 4:30:38 Comando: /telep yo 34 50 50
30/06/2019 4:30:38 Transporto a Heimdal hacia Mapa34 X:50 Y:50
30/06/2019 4:30:41 Comando: /TELEP YO 34 46 48
30/06/2019 4:30:42 Comando: /TELEP YO 34 47 49
30/06/2019 4:30:43 Comando: /TELEP YO 34 45 48
30/06/2019 4:30:46 Comando: /TELEP YO 34 44 46
30/06/2019 4:30:46 Comando: /TELEP YO 34 44 46
30/06/2019 4:30:46 Comando: /TELEP YO 34 45 49
30/06/2019 4:30:46 Comando: /TELEP YO 34 45 49
30/06/2019 4:31:13 Comando: /TELEP YO 34 44 47
30/06/2019 4:31:13 Comando: /TELEP YO 34 47 49
30/06/2019 4:31:14 Comando: /TELEP YO 34 46 49
30/06/2019 4:31:14 Comando: /TELEP YO 34 46 49
30/06/2019 4:31:17 Comando: /echar heimdal
30/06/2019 4:31:17 Echo a Heimdal
30/06/2019 21:58:04 Se conecto con ip:47.63.69.234Hora: 30/06/2019 21:58:04
30/06/2019 21:58:26 Comando: /echar heimdal
30/06/2019 21:58:26 Echo a Heimdal
01/07/2019 2:01:49 Se conecto con ip:47.63.69.234Hora: 01/07/2019 2:01:49
01/07/2019 2:02:02 Comando: /echar heimdal
01/07/2019 2:02:02 Echo a Heimdal
01/07/2019 2:40:39 Se conecto con ip:47.63.69.234Hora: 01/07/2019 2:40:39
01/07/2019 2:40:47 Comando: /ira seth
01/07/2019 2:40:47 /IRA Seth Mapa:34 X:29 Y:
01/07/2019 2:41:04 Dijo: esta bug esto?
01/07/2019 2:41:11 Comando: /TELEP YO 34 28 67
01/07/2019 2:41:11 Transporto a Heimdal hacia Mapa34 X:28 Y:67
01/07/2019 2:41:14 Comando: /bloq
01/07/2019 2:41:16 Comando: /TELEP YO 34 30 67
01/07/2019 2:41:16 Transporto a Heimdal hacia Mapa34 X:30 Y:67
01/07/2019 2:49:15 Comando: /echar heimdal
01/07/2019 2:49:16 Echo a Heimdal
02/07/2019 3:26:40 Se conecto con ip:47.63.69.234Hora: 02/07/2019 3:26:40
02/07/2019 3:26:45 Dijo: 7salir
02/07/2019 3:26:47 Comando: /echar heimdal
02/07/2019 3:26:47 Echo a Heimdal
16/07/2019 0:33:04 Se conecto con ip:95.60.65.59Hora: 16/07/2019 0:33:04
16/07/2019 0:34:23 Se conecto con ip:95.60.65.59Hora: 16/07/2019 0:34:23
16/07/2019 23:49:44 Se conecto con ip:95.60.65.59Hora: 16/07/2019 23:49:44
16/07/2019 23:49:57 Comando: /rmsg necesitas algo?
16/07/2019 23:50:15 Comando: /ira maguete
16/07/2019 23:50:15 /IRA maguete Mapa:34 X:32 Y:
16/07/2019 23:50:27 Dijo: 7salir
16/07/2019 23:50:30 Comando: /echar heimdal
16/07/2019 23:50:30 Echo a Heimdal
