24/05/2020 2:26:26 Se conecto con ip:127.0.0.1Hora: 24/05/2020 2:26:26
24/05/2020 2:26:34 Dijo: jkj
24/05/2020 2:26:51 Comando: /invisible
24/05/2020 2:26:54 Comando: /invisible
24/05/2020 2:28:11 Se conecto con ip:127.0.0.1Hora: 24/05/2020 2:28:11
24/05/2020 2:29:54 Se conecto con ip:127.0.0.1Hora: 24/05/2020 2:29:54
24/05/2020 2:29:58 Comando: /invisible
24/05/2020 2:30:02 Comando: /invisible
24/05/2020 2:33:07 Comando: /invisible
24/05/2020 2:33:18 Comando: /invisible
24/05/2020 2:44:15 Se conecto con ip:127.0.0.1Hora: 24/05/2020 2:44:15
24/05/2020 2:44:47 Comando: /invisible
24/05/2020 2:48:53 Se conecto con ip:127.0.0.1Hora: 24/05/2020 2:48:53
24/05/2020 2:49:01 Comando: /invisible
24/05/2020 2:50:31 Se conecto con ip:127.0.0.1Hora: 24/05/2020 2:50:31
24/05/2020 2:50:55 Se conecto con ip:127.0.0.1Hora: 24/05/2020 2:50:55
24/05/2020 2:51:36 Comando: /invisible
24/05/2020 2:55:52 Se conecto con ip:127.0.0.1Hora: 24/05/2020 2:55:52
24/05/2020 2:56:13 Comando: /invisible
24/05/2020 2:57:50 Se conecto con ip:127.0.0.1Hora: 24/05/2020 2:57:50
24/05/2020 2:57:52 Se conecto con ip:127.0.0.1Hora: 24/05/2020 2:57:52
24/05/2020 2:57:55 Se conecto con ip:127.0.0.1Hora: 24/05/2020 2:57:55
24/05/2020 2:58:07 Comando: /invisible
24/05/2020 2:59:31 Se conecto con ip:127.0.0.1Hora: 24/05/2020 2:59:31
24/05/2020 2:59:37 Se conecto con ip:127.0.0.1Hora: 24/05/2020 2:59:37
24/05/2020 2:59:38 Se conecto con ip:127.0.0.1Hora: 24/05/2020 2:59:38
24/05/2020 2:59:50 Comando: /invisible
24/05/2020 3:00:02 Comando: /invisible
24/05/2020 3:00:32 Se conecto con ip:127.0.0.1Hora: 24/05/2020 3:00:32
24/05/2020 3:03:19 Se conecto con ip:127.0.0.1Hora: 24/05/2020 3:03:19
24/05/2020 3:03:30 Comando: /invisible
24/05/2020 3:12:34 Se conecto con ip:127.0.0.1Hora: 24/05/2020 3:12:34
24/05/2020 11:40:04 Se conecto con ip:127.0.0.1Hora: 24/05/2020 11:40:04
24/05/2020 11:46:48 Se conecto con ip:127.0.0.1Hora: 24/05/2020 11:46:48
24/05/2020 11:47:02 Comando: /ci 1089
24/05/2020 11:47:10 Comando: /ci 1089 1
24/05/2020 11:47:10 Creo: 1 Túnica del agua 2º Jerarquia (hobbit)
24/05/2020 11:47:25 Comando: /panelgm
24/05/2020 11:47:30 Comando: /panelgm
24/05/2020 11:51:33 Se conecto con ip:127.0.0.1Hora: 24/05/2020 11:51:33
24/05/2020 11:52:13 Se conecto con ip:127.0.0.1Hora: 24/05/2020 11:52:13
24/05/2020 12:00:20 Se conecto con ip:127.0.0.1Hora: 24/05/2020 12:00:20
24/05/2020 12:01:54 Se conecto con ip:127.0.0.1Hora: 24/05/2020 12:01:54
24/05/2020 12:03:20 Se conecto con ip:127.0.0.1Hora: 24/05/2020 12:03:20
24/05/2020 12:06:46 Se conecto con ip:127.0.0.1Hora: 24/05/2020 12:06:46
24/05/2020 12:07:04 Comando: /TELEP YO 47 63 18
24/05/2020 12:07:04 Transporto a KeoH hacia Mapa47 X:63 Y:18
24/05/2020 12:07:05 Comando: /TELEP YO 47 61 17
24/05/2020 12:07:05 Transporto a KeoH hacia Mapa47 X:61 Y:17
24/05/2020 12:07:07 Comando: /TELEP YO 34 34 51
24/05/2020 12:07:07 Transporto a KeoH hacia Mapa34 X:34 Y:51
24/05/2020 12:07:07 Comando: /TELEP YO 34 30 53
24/05/2020 12:07:07 Transporto a KeoH hacia Mapa34 X:30 Y:53
24/05/2020 12:07:08 Comando: /TELEP YO 34 28 55
24/05/2020 12:07:08 Transporto a KeoH hacia Mapa34 X:28 Y:55
24/05/2020 12:07:08 Comando: /TELEP YO 34 26 58
24/05/2020 12:07:08 Transporto a KeoH hacia Mapa34 X:26 Y:58
24/05/2020 12:07:08 Comando: /TELEP YO 34 26 63
24/05/2020 12:07:08 Transporto a KeoH hacia Mapa34 X:26 Y:63
24/05/2020 12:07:10 Comando: /TELEP YO 34 24 70
24/05/2020 12:07:10 Transporto a KeoH hacia Mapa34 X:24 Y:70
24/05/2020 12:07:11 Comando: /TELEP YO 34 18 72
24/05/2020 12:07:11 Transporto a KeoH hacia Mapa34 X:18 Y:72
24/05/2020 12:07:11 Comando: /TELEP YO 34 13 74
24/05/2020 12:07:11 Transporto a KeoH hacia Mapa34 X:13 Y:74
24/05/2020 12:07:11 Comando: /TELEP YO 34 8 75
24/05/2020 12:07:11 Comando: /TELEP YO 34 8 75
24/05/2020 12:07:12 Comando: /TELEP YO 34 10 75
24/05/2020 12:07:12 Comando: /TELEP YO 34 10 75
24/05/2020 12:07:12 Comando: /TELEP YO 34 10 74
24/05/2020 12:07:12 Comando: /TELEP YO 34 10 74
24/05/2020 12:07:12 Comando: /TELEP YO 34 10 74
24/05/2020 12:07:12 Comando: /TELEP YO 34 10 74
24/05/2020 12:07:13 Comando: /TELEP YO 34 10 74
24/05/2020 12:07:13 Comando: /TELEP YO 34 11 74
24/05/2020 12:07:13 Comando: /TELEP YO 34 12 74
24/05/2020 12:07:13 Transporto a KeoH hacia Mapa34 X:12 Y:74
24/05/2020 12:07:13 Comando: /TELEP YO 34 11 74
24/05/2020 12:07:13 Comando: /TELEP YO 34 11 74
24/05/2020 12:07:14 Comando: /TELEP YO 34 10 74
24/05/2020 12:07:14 Comando: /TELEP YO 34 11 74
24/05/2020 12:07:14 Comando: /TELEP YO 34 11 74
24/05/2020 12:07:14 Comando: /TELEP YO 34 11 74
24/05/2020 12:07:14 Comando: /TELEP YO 34 10 74
24/05/2020 12:07:14 Comando: /TELEP YO 34 10 74
24/05/2020 12:07:15 Comando: /TELEP YO 34 13 74
24/05/2020 12:07:15 Transporto a KeoH hacia Mapa34 X:13 Y:74
24/05/2020 12:07:15 Comando: /TELEP YO 34 14 74
24/05/2020 12:07:15 Transporto a KeoH hacia Mapa34 X:14 Y:74
24/05/2020 12:07:15 Comando: /TELEP YO 34 13 74
24/05/2020 12:07:15 Transporto a KeoH hacia Mapa34 X:13 Y:74
24/05/2020 12:07:15 Comando: /TELEP YO 34 12 74
24/05/2020 12:07:15 Transporto a KeoH hacia Mapa34 X:12 Y:74
24/05/2020 12:07:16 Comando: /TELEP YO 34 11 74
24/05/2020 12:07:16 Comando: /TELEP YO 34 11 74
24/05/2020 12:07:16 Comando: /TELEP YO 34 11 74
24/05/2020 12:07:16 Comando: /TELEP YO 34 12 74
24/05/2020 12:07:16 Transporto a KeoH hacia Mapa34 X:12 Y:74
24/05/2020 12:07:16 Comando: /TELEP YO 34 12 74
24/05/2020 12:07:16 Transporto a KeoH hacia Mapa34 X:12 Y:74
24/05/2020 12:07:17 Comando: /TELEP YO 34 12 73
24/05/2020 12:07:17 Transporto a KeoH hacia Mapa34 X:12 Y:73
24/05/2020 12:07:17 Comando: /TELEP YO 34 12 72
24/05/2020 12:07:17 Transporto a KeoH hacia Mapa34 X:12 Y:72
24/05/2020 12:07:17 Comando: /TELEP YO 34 11 71
24/05/2020 12:07:17 Comando: /TELEP YO 34 11 71
24/05/2020 12:07:17 Comando: /TELEP YO 34 11 72
24/05/2020 12:07:18 Comando: /TELEP YO 34 11 72
24/05/2020 12:07:18 Comando: /TELEP YO 34 11 71
24/05/2020 12:07:18 Comando: /TELEP YO 34 12 71
24/05/2020 12:07:18 Transporto a KeoH hacia Mapa34 X:12 Y:71
24/05/2020 12:07:18 Comando: /TELEP YO 34 12 70
24/05/2020 12:07:18 Transporto a KeoH hacia Mapa34 X:12 Y:70
24/05/2020 12:07:18 Comando: /TELEP YO 34 12 69
24/05/2020 12:07:18 Transporto a KeoH hacia Mapa34 X:12 Y:69
24/05/2020 12:07:18 Comando: /TELEP YO 34 12 69
24/05/2020 12:07:18 Transporto a KeoH hacia Mapa34 X:12 Y:69
24/05/2020 12:07:19 Comando: /TELEP YO 34 11 71
24/05/2020 12:07:19 Comando: /TELEP YO 34 12 71
24/05/2020 12:07:19 Transporto a KeoH hacia Mapa34 X:12 Y:71
24/05/2020 12:07:19 Comando: /TELEP YO 34 12 73
24/05/2020 12:07:19 Transporto a KeoH hacia Mapa34 X:12 Y:73
24/05/2020 12:07:19 Comando: /TELEP YO 34 12 75
24/05/2020 12:07:19 Transporto a KeoH hacia Mapa34 X:12 Y:75
24/05/2020 12:07:19 Comando: /TELEP YO 34 12 77
24/05/2020 12:07:19 Transporto a KeoH hacia Mapa34 X:12 Y:77
24/05/2020 12:07:20 Comando: /TELEP YO 34 11 78
24/05/2020 12:07:20 Comando: /TELEP YO 34 11 77
24/05/2020 12:07:20 Comando: /TELEP YO 34 11 77
24/05/2020 12:07:20 Comando: /TELEP YO 34 11 77
24/05/2020 12:07:20 Comando: /TELEP YO 34 10 76
24/05/2020 12:07:20 Comando: /TELEP YO 34 10 76
24/05/2020 12:07:21 Comando: /TELEP YO 34 11 76
24/05/2020 12:07:21 Comando: /TELEP YO 34 12 75
24/05/2020 12:07:21 Transporto a KeoH hacia Mapa34 X:12 Y:75
24/05/2020 12:07:21 Comando: /TELEP YO 34 12 73
24/05/2020 12:07:21 Transporto a KeoH hacia Mapa34 X:12 Y:73
24/05/2020 12:07:21 Comando: /TELEP YO 34 12 71
24/05/2020 12:07:21 Transporto a KeoH hacia Mapa34 X:12 Y:71
24/05/2020 12:07:21 Comando: /TELEP YO 34 12 70
24/05/2020 12:07:21 Transporto a KeoH hacia Mapa34 X:12 Y:70
24/05/2020 12:07:22 Comando: /TELEP YO 34 12 70
24/05/2020 12:07:22 Transporto a KeoH hacia Mapa34 X:12 Y:70
24/05/2020 12:07:22 Comando: /TELEP YO 34 12 70
24/05/2020 12:07:22 Transporto a KeoH hacia Mapa34 X:12 Y:70
24/05/2020 12:07:22 Comando: /TELEP YO 34 12 70
24/05/2020 12:07:22 Transporto a KeoH hacia Mapa34 X:12 Y:70
24/05/2020 12:07:22 Comando: /TELEP YO 34 12 70
24/05/2020 12:07:22 Transporto a KeoH hacia Mapa34 X:12 Y:70
24/05/2020 12:07:22 Comando: /TELEP YO 34 12 70
24/05/2020 12:07:22 Transporto a KeoH hacia Mapa34 X:12 Y:70
24/05/2020 12:07:23 Comando: /TELEP YO 34 12 70
24/05/2020 12:07:23 Transporto a KeoH hacia Mapa34 X:12 Y:70
24/05/2020 12:07:23 Comando: /TELEP YO 34 12 70
24/05/2020 12:07:23 Transporto a KeoH hacia Mapa34 X:12 Y:70
24/05/2020 12:07:23 Comando: /TELEP YO 34 12 70
24/05/2020 12:07:23 Transporto a KeoH hacia Mapa34 X:12 Y:70
24/05/2020 12:07:23 Comando: /TELEP YO 34 12 70
24/05/2020 12:07:23 Transporto a KeoH hacia Mapa34 X:12 Y:70
24/05/2020 12:07:24 Comando: /TELEP YO 34 12 70
24/05/2020 12:07:24 Transporto a KeoH hacia Mapa34 X:12 Y:70
24/05/2020 12:07:24 Comando: /TELEP YO 34 12 70
24/05/2020 12:07:24 Transporto a KeoH hacia Mapa34 X:12 Y:70
24/05/2020 12:07:24 Comando: /TELEP YO 34 12 70
24/05/2020 12:07:24 Transporto a KeoH hacia Mapa34 X:12 Y:70
24/05/2020 12:07:24 Comando: /TELEP YO 34 12 70
24/05/2020 12:07:24 Transporto a KeoH hacia Mapa34 X:12 Y:70
24/05/2020 12:07:24 Comando: /TELEP YO 34 10 72
24/05/2020 12:07:24 Comando: /TELEP YO 34 11 73
24/05/2020 12:07:25 Comando: /TELEP YO 34 11 72
24/05/2020 12:07:25 Comando: /TELEP YO 34 12 72
24/05/2020 12:07:25 Transporto a KeoH hacia Mapa34 X:12 Y:72
24/05/2020 12:07:25 Comando: /TELEP YO 34 12 74
24/05/2020 12:07:25 Transporto a KeoH hacia Mapa34 X:12 Y:74
24/05/2020 12:07:25 Comando: /TELEP YO 34 12 76
24/05/2020 12:07:25 Transporto a KeoH hacia Mapa34 X:12 Y:76
24/05/2020 12:07:25 Comando: /TELEP YO 34 11 77
24/05/2020 12:07:26 Comando: /TELEP YO 34 10 77
24/05/2020 12:07:26 Comando: /TELEP YO 34 10 76
24/05/2020 12:07:26 Comando: /TELEP YO 34 10 76
24/05/2020 12:07:26 Comando: /TELEP YO 34 10 75
24/05/2020 12:07:26 Comando: /TELEP YO 34 10 75
24/05/2020 12:07:27 Comando: /TELEP YO 34 10 75
24/05/2020 12:07:27 Comando: /TELEP YO 34 12 74
24/05/2020 12:07:27 Transporto a KeoH hacia Mapa34 X:12 Y:74
24/05/2020 12:07:27 Comando: /TELEP YO 34 12 72
24/05/2020 12:07:27 Transporto a KeoH hacia Mapa34 X:12 Y:72
24/05/2020 12:07:27 Comando: /TELEP YO 34 13 70
24/05/2020 12:07:27 Transporto a KeoH hacia Mapa34 X:13 Y:70
24/05/2020 12:07:28 Comando: /TELEP YO 34 14 69
24/05/2020 12:07:28 Transporto a KeoH hacia Mapa34 X:14 Y:69
24/05/2020 12:07:28 Comando: /TELEP YO 34 15 67
24/05/2020 12:07:28 Transporto a KeoH hacia Mapa34 X:15 Y:67
24/05/2020 12:07:28 Comando: /TELEP YO 34 18 66
24/05/2020 12:07:28 Transporto a KeoH hacia Mapa34 X:18 Y:66
24/05/2020 12:07:28 Comando: /TELEP YO 34 20 67
24/05/2020 12:07:28 Transporto a KeoH hacia Mapa34 X:20 Y:67
24/05/2020 12:07:28 Comando: /TELEP YO 34 23 68
24/05/2020 12:07:28 Transporto a KeoH hacia Mapa34 X:23 Y:68
24/05/2020 12:07:29 Comando: /TELEP YO 34 27 69
24/05/2020 12:07:29 Transporto a KeoH hacia Mapa34 X:27 Y:69
24/05/2020 12:07:29 Comando: /TELEP YO 34 30 70
24/05/2020 12:07:29 Transporto a KeoH hacia Mapa34 X:30 Y:70
24/05/2020 12:07:29 Comando: /TELEP YO 34 32 71
24/05/2020 12:07:29 Transporto a KeoH hacia Mapa34 X:32 Y:71
24/05/2020 12:07:30 Comando: /TELEP YO 34 34 72
24/05/2020 12:07:30 Transporto a KeoH hacia Mapa34 X:34 Y:72
24/05/2020 12:07:30 Comando: /TELEP YO 34 34 74
24/05/2020 12:07:30 Transporto a KeoH hacia Mapa34 X:34 Y:74
24/05/2020 12:07:30 Comando: /TELEP YO 34 33 75
24/05/2020 12:07:30 Transporto a KeoH hacia Mapa34 X:33 Y:75
24/05/2020 12:07:30 Comando: /TELEP YO 34 32 77
24/05/2020 12:07:30 Transporto a KeoH hacia Mapa34 X:32 Y:77
24/05/2020 12:07:33 Comando: /TELEP YO 34 31 66
24/05/2020 12:07:33 Transporto a KeoH hacia Mapa34 X:31 Y:66
24/05/2020 12:07:34 Comando: /TELEP YO 34 29 62
24/05/2020 12:07:34 Transporto a KeoH hacia Mapa34 X:29 Y:62
24/05/2020 12:07:34 Comando: /TELEP YO 34 28 59
24/05/2020 12:07:34 Transporto a KeoH hacia Mapa34 X:28 Y:59
24/05/2020 12:07:34 Comando: /TELEP YO 34 27 55
24/05/2020 12:07:34 Transporto a KeoH hacia Mapa34 X:27 Y:55
24/05/2020 12:07:34 Comando: /TELEP YO 34 27 51
24/05/2020 12:07:34 Transporto a KeoH hacia Mapa34 X:27 Y:51
24/05/2020 12:07:35 Comando: /TELEP YO 34 27 47
24/05/2020 12:07:35 Transporto a KeoH hacia Mapa34 X:27 Y:47
24/05/2020 12:07:35 Comando: /TELEP YO 34 27 42
24/05/2020 12:07:35 Transporto a KeoH hacia Mapa34 X:27 Y:42
24/05/2020 12:07:35 Comando: /TELEP YO 34 27 38
24/05/2020 12:07:35 Transporto a KeoH hacia Mapa34 X:27 Y:38
24/05/2020 12:07:35 Comando: /TELEP YO 34 27 33
24/05/2020 12:07:35 Transporto a KeoH hacia Mapa34 X:27 Y:33
24/05/2020 12:07:35 Comando: /TELEP YO 34 27 29
24/05/2020 12:07:35 Transporto a KeoH hacia Mapa34 X:27 Y:29
24/05/2020 12:07:36 Comando: /TELEP YO 34 27 23
24/05/2020 12:07:36 Transporto a KeoH hacia Mapa34 X:27 Y:23
24/05/2020 12:07:36 Comando: /TELEP YO 34 27 18
24/05/2020 12:07:36 Transporto a KeoH hacia Mapa34 X:27 Y:18
24/05/2020 12:07:36 Comando: /TELEP YO 34 27 14
24/05/2020 12:07:36 Transporto a KeoH hacia Mapa34 X:27 Y:14
24/05/2020 12:07:36 Comando: /TELEP YO 34 27 9
24/05/2020 12:07:37 Comando: /TELEP YO 34 26 8
24/05/2020 12:07:37 Comando: /TELEP YO 35 26 87
24/05/2020 12:07:37 Transporto a KeoH hacia Mapa35 X:26 Y:87
24/05/2020 12:07:38 Comando: /TELEP YO 35 21 85
24/05/2020 12:07:38 Transporto a KeoH hacia Mapa35 X:21 Y:85
24/05/2020 12:07:38 Comando: /TELEP YO 35 18 82
24/05/2020 12:07:38 Transporto a KeoH hacia Mapa35 X:18 Y:82
24/05/2020 12:07:38 Comando: /TELEP YO 35 16 79
24/05/2020 12:07:38 Transporto a KeoH hacia Mapa35 X:16 Y:79
24/05/2020 12:07:38 Comando: /TELEP YO 35 14 77
24/05/2020 12:07:38 Transporto a KeoH hacia Mapa35 X:14 Y:77
24/05/2020 12:07:39 Comando: /TELEP YO 35 14 75
24/05/2020 12:07:39 Transporto a KeoH hacia Mapa35 X:14 Y:75
24/05/2020 12:07:39 Comando: /TELEP YO 35 14 73
24/05/2020 12:07:39 Transporto a KeoH hacia Mapa35 X:14 Y:73
24/05/2020 12:07:39 Comando: /TELEP YO 35 13 73
24/05/2020 12:07:39 Transporto a KeoH hacia Mapa35 X:13 Y:73
24/05/2020 12:07:39 Comando: /TELEP YO 35 9 73
24/05/2020 12:07:39 Comando: /TELEP YO 35 9 73
24/05/2020 12:07:40 Comando: /TELEP YO 35 10 73
24/05/2020 12:07:40 Comando: /TELEP YO 35 10 72
24/05/2020 12:07:40 Comando: /TELEP YO 35 10 72
24/05/2020 12:07:40 Comando: /TELEP YO 35 13 74
24/05/2020 12:07:40 Transporto a KeoH hacia Mapa35 X:13 Y:74
24/05/2020 12:07:40 Comando: /TELEP YO 35 13 77
24/05/2020 12:07:40 Transporto a KeoH hacia Mapa35 X:13 Y:77
24/05/2020 12:07:41 Comando: /TELEP YO 35 13 80
24/05/2020 12:07:41 Transporto a KeoH hacia Mapa35 X:13 Y:80
24/05/2020 12:07:41 Comando: /TELEP YO 35 13 82
24/05/2020 12:07:41 Transporto a KeoH hacia Mapa35 X:13 Y:82
24/05/2020 12:08:56 Comando: /TELEP YO 35 14 84
24/05/2020 12:08:56 Transporto a KeoH hacia Mapa35 X:14 Y:84
24/05/2020 12:08:56 Comando: /TELEP YO 35 13 81
24/05/2020 12:08:56 Transporto a KeoH hacia Mapa35 X:13 Y:81
24/05/2020 12:08:56 Comando: /TELEP YO 35 12 78
24/05/2020 12:08:56 Transporto a KeoH hacia Mapa35 X:12 Y:78
24/05/2020 12:08:57 Comando: /TELEP YO 35 13 76
24/05/2020 12:08:57 Transporto a KeoH hacia Mapa35 X:13 Y:76
24/05/2020 12:08:57 Comando: /TELEP YO 35 14 74
24/05/2020 12:08:57 Transporto a KeoH hacia Mapa35 X:14 Y:74
24/05/2020 12:08:58 Comando: /TELEP YO 35 14 71
24/05/2020 12:08:58 Transporto a KeoH hacia Mapa35 X:14 Y:71
24/05/2020 12:08:59 Comando: /TELEP YO 35 14 73
24/05/2020 12:08:59 Transporto a KeoH hacia Mapa35 X:14 Y:73
24/05/2020 12:08:59 Comando: /TELEP YO 35 14 73
24/05/2020 12:08:59 Transporto a KeoH hacia Mapa35 X:14 Y:73
24/05/2020 12:08:59 Comando: /TELEP YO 35 14 75
24/05/2020 12:08:59 Transporto a KeoH hacia Mapa35 X:14 Y:75
24/05/2020 12:08:59 Comando: /TELEP YO 35 14 77
24/05/2020 12:08:59 Transporto a KeoH hacia Mapa35 X:14 Y:77
24/05/2020 12:08:59 Comando: /TELEP YO 35 14 79
24/05/2020 12:08:59 Transporto a KeoH hacia Mapa35 X:14 Y:79
24/05/2020 12:09:02 Se conecto con ip:127.0.0.1Hora: 24/05/2020 12:09:02
24/05/2020 12:09:10 Comando: /TELEP YO 34 27 43
24/05/2020 12:09:10 Transporto a KeoH hacia Mapa34 X:27 Y:43
24/05/2020 12:09:11 Comando: /TELEP YO 34 26 32
24/05/2020 12:09:11 Transporto a KeoH hacia Mapa34 X:26 Y:32
24/05/2020 12:09:12 Comando: /TELEP YO 34 26 24
24/05/2020 12:09:12 Transporto a KeoH hacia Mapa34 X:26 Y:24
24/05/2020 12:09:13 Comando: /TELEP YO 34 26 16
24/05/2020 12:09:13 Transporto a KeoH hacia Mapa34 X:26 Y:16
24/05/2020 12:11:15 Comando: /TELEP YO 35 17 69
24/05/2020 12:11:15 Transporto a KeoH hacia Mapa35 X:17 Y:69
24/05/2020 12:11:16 Comando: /TELEP YO 35 17 69
24/05/2020 12:11:16 Transporto a KeoH hacia Mapa35 X:17 Y:69
24/05/2020 12:11:16 Comando: /TELEP YO 35 17 74
24/05/2020 12:11:16 Transporto a KeoH hacia Mapa35 X:17 Y:74
24/05/2020 12:11:17 Comando: /TELEP YO 35 16 78
24/05/2020 12:11:17 Transporto a KeoH hacia Mapa35 X:16 Y:78
24/05/2020 12:11:18 Comando: /TELEP YO 35 13 79
24/05/2020 12:11:18 Transporto a KeoH hacia Mapa35 X:13 Y:79
24/05/2020 12:11:19 Comando: /TELEP YO 35 13 78
24/05/2020 12:11:19 Transporto a KeoH hacia Mapa35 X:13 Y:78
24/05/2020 12:11:19 Comando: /TELEP YO 35 13 76
24/05/2020 12:11:19 Transporto a KeoH hacia Mapa35 X:13 Y:76
24/05/2020 12:11:19 Comando: /TELEP YO 35 13 74
24/05/2020 12:11:19 Transporto a KeoH hacia Mapa35 X:13 Y:74
24/05/2020 12:11:20 Comando: /TELEP YO 35 13 74
24/05/2020 12:11:20 Transporto a KeoH hacia Mapa35 X:13 Y:74
24/05/2020 12:11:20 Comando: /TELEP YO 35 13 73
24/05/2020 12:11:20 Transporto a KeoH hacia Mapa35 X:13 Y:73
24/05/2020 12:11:23 Se conecto con ip:127.0.0.1Hora: 24/05/2020 12:11:23
24/05/2020 12:11:26 Comando: /TELEP YO 34 33 49
24/05/2020 12:11:26 Transporto a KeoH hacia Mapa34 X:33 Y:49
24/05/2020 12:11:27 Comando: /TELEP YO 34 28 42
24/05/2020 12:11:27 Transporto a KeoH hacia Mapa34 X:28 Y:42
24/05/2020 12:11:27 Comando: /TELEP YO 34 27 35
24/05/2020 12:11:27 Transporto a KeoH hacia Mapa34 X:27 Y:35
24/05/2020 12:11:28 Comando: /TELEP YO 34 26 29
24/05/2020 12:11:28 Transporto a KeoH hacia Mapa34 X:26 Y:29
24/05/2020 12:11:28 Comando: /TELEP YO 34 25 22
24/05/2020 12:11:28 Transporto a KeoH hacia Mapa34 X:25 Y:22
24/05/2020 12:11:28 Comando: /TELEP YO 34 24 15
24/05/2020 12:11:28 Transporto a KeoH hacia Mapa34 X:24 Y:15
24/05/2020 12:11:33 Comando: /TELEP YO 35 14 78
24/05/2020 12:11:33 Transporto a KeoH hacia Mapa35 X:14 Y:78
24/05/2020 12:14:26 Se conecto con ip:127.0.0.1Hora: 24/05/2020 12:14:26
24/05/2020 12:14:28 Se conecto con ip:127.0.0.1Hora: 24/05/2020 12:14:28
24/05/2020 12:14:34 Dijo: kp
24/05/2020 12:14:34 Dijo: kp
24/05/2020 12:14:34 Comando: /TELEP YO 47 61 22
24/05/2020 12:14:34 Transporto a KeoH hacia Mapa47 X:61 Y:22
24/05/2020 12:14:36 Comando: /TELEP YO 47 62 22
24/05/2020 12:14:36 Transporto a KeoH hacia Mapa47 X:62 Y:22
24/05/2020 12:14:37 Comando: /TELEP YO 47 62 20
24/05/2020 12:14:37 Transporto a KeoH hacia Mapa47 X:62 Y:20
24/05/2020 12:15:10 Dijo: j
24/05/2020 12:15:10 Dijo: j
24/05/2020 12:17:45 Se conecto con ip:127.0.0.1Hora: 24/05/2020 12:17:45
24/05/2020 12:17:46 Se conecto con ip:127.0.0.1Hora: 24/05/2020 12:17:46
24/05/2020 12:19:07 Se conecto con ip:127.0.0.1Hora: 24/05/2020 12:19:07
24/05/2020 12:20:16 Comando: /TELEP YO 35 14 74
24/05/2020 12:20:16 Transporto a KeoH hacia Mapa35 X:14 Y:74
24/05/2020 12:20:16 Comando: /TELEP YO 35 14 73
24/05/2020 12:20:16 Transporto a KeoH hacia Mapa35 X:14 Y:73
24/05/2020 12:20:16 Comando: /TELEP YO 35 14 72
24/05/2020 12:20:16 Transporto a KeoH hacia Mapa35 X:14 Y:72
24/05/2020 12:20:16 Comando: /TELEP YO 35 13 74
24/05/2020 12:20:16 Transporto a KeoH hacia Mapa35 X:13 Y:74
24/05/2020 12:20:16 Comando: /TELEP YO 35 13 77
24/05/2020 12:20:16 Transporto a KeoH hacia Mapa35 X:13 Y:77
24/05/2020 12:20:16 Comando: /TELEP YO 35 14 80
24/05/2020 12:20:16 Transporto a KeoH hacia Mapa35 X:14 Y:80
24/05/2020 12:20:17 Comando: /TELEP YO 35 15 83
24/05/2020 12:20:17 Transporto a KeoH hacia Mapa35 X:15 Y:83
24/05/2020 12:20:17 Comando: /TELEP YO 35 16 85
24/05/2020 12:20:17 Transporto a KeoH hacia Mapa35 X:16 Y:85
24/05/2020 12:20:17 Comando: /TELEP YO 35 17 86
24/05/2020 12:20:17 Transporto a KeoH hacia Mapa35 X:17 Y:86
24/05/2020 12:20:17 Comando: /TELEP YO 35 16 85
24/05/2020 12:20:17 Transporto a KeoH hacia Mapa35 X:16 Y:85
24/05/2020 12:20:17 Comando: /TELEP YO 35 15 85
24/05/2020 12:20:17 Transporto a KeoH hacia Mapa35 X:15 Y:85
24/05/2020 12:20:17 Comando: /TELEP YO 35 13 85
24/05/2020 12:20:17 Transporto a KeoH hacia Mapa35 X:13 Y:85
24/05/2020 12:20:18 Comando: /TELEP YO 35 13 83
24/05/2020 12:20:18 Transporto a KeoH hacia Mapa35 X:13 Y:83
24/05/2020 12:20:18 Comando: /TELEP YO 35 13 82
24/05/2020 12:20:18 Transporto a KeoH hacia Mapa35 X:13 Y:82
24/05/2020 12:20:18 Comando: /TELEP YO 35 13 80
24/05/2020 12:20:18 Transporto a KeoH hacia Mapa35 X:13 Y:80
24/05/2020 12:20:18 Comando: /TELEP YO 35 13 78
24/05/2020 12:20:18 Transporto a KeoH hacia Mapa35 X:13 Y:78
24/05/2020 12:20:18 Comando: /TELEP YO 35 13 78
24/05/2020 12:20:18 Transporto a KeoH hacia Mapa35 X:13 Y:78
24/05/2020 12:20:18 Comando: /TELEP YO 35 13 77
24/05/2020 12:20:18 Transporto a KeoH hacia Mapa35 X:13 Y:77
24/05/2020 12:20:19 Comando: /TELEP YO 35 13 76
24/05/2020 12:20:19 Transporto a KeoH hacia Mapa35 X:13 Y:76
24/05/2020 12:20:19 Comando: /TELEP YO 35 13 76
24/05/2020 12:20:19 Transporto a KeoH hacia Mapa35 X:13 Y:76
24/05/2020 12:20:19 Comando: /TELEP YO 35 13 75
24/05/2020 12:20:19 Transporto a KeoH hacia Mapa35 X:13 Y:75
24/05/2020 12:20:19 Comando: /TELEP YO 35 13 74
24/05/2020 12:20:19 Transporto a KeoH hacia Mapa35 X:13 Y:74
24/05/2020 12:20:19 Comando: /TELEP YO 35 13 75
24/05/2020 12:20:19 Transporto a KeoH hacia Mapa35 X:13 Y:75
24/05/2020 12:20:19 Comando: /TELEP YO 35 12 76
24/05/2020 12:20:19 Transporto a KeoH hacia Mapa35 X:12 Y:76
24/05/2020 12:20:20 Comando: /TELEP YO 35 12 78
24/05/2020 12:20:20 Transporto a KeoH hacia Mapa35 X:12 Y:78
24/05/2020 12:20:20 Comando: /TELEP YO 35 13 79
24/05/2020 12:20:20 Transporto a KeoH hacia Mapa35 X:13 Y:79
24/05/2020 12:20:20 Comando: /TELEP YO 35 15 80
24/05/2020 12:20:20 Transporto a KeoH hacia Mapa35 X:15 Y:80
24/05/2020 12:20:20 Comando: /TELEP YO 35 16 81
24/05/2020 12:20:20 Transporto a KeoH hacia Mapa35 X:16 Y:81
24/05/2020 12:20:20 Comando: /TELEP YO 35 16 82
24/05/2020 12:20:20 Transporto a KeoH hacia Mapa35 X:16 Y:82
24/05/2020 12:20:20 Comando: /TELEP YO 35 16 83
24/05/2020 12:20:20 Transporto a KeoH hacia Mapa35 X:16 Y:83
24/05/2020 12:20:21 Comando: /TELEP YO 35 15 83
24/05/2020 12:20:21 Transporto a KeoH hacia Mapa35 X:15 Y:83
24/05/2020 12:20:21 Comando: /TELEP YO 35 14 83
24/05/2020 12:20:21 Transporto a KeoH hacia Mapa35 X:14 Y:83
24/05/2020 12:20:21 Comando: /TELEP YO 35 14 82
24/05/2020 12:20:21 Transporto a KeoH hacia Mapa35 X:14 Y:82
24/05/2020 12:20:21 Comando: /TELEP YO 35 14 81
24/05/2020 12:20:21 Transporto a KeoH hacia Mapa35 X:14 Y:81
24/05/2020 12:20:21 Comando: /TELEP YO 35 14 79
24/05/2020 12:20:21 Transporto a KeoH hacia Mapa35 X:14 Y:79
24/05/2020 12:20:22 Comando: /TELEP YO 35 14 78
24/05/2020 12:20:22 Transporto a KeoH hacia Mapa35 X:14 Y:78
24/05/2020 12:20:22 Comando: /TELEP YO 35 14 76
24/05/2020 12:20:22 Transporto a KeoH hacia Mapa35 X:14 Y:76
24/05/2020 12:20:22 Comando: /TELEP YO 35 14 74
24/05/2020 12:20:22 Transporto a KeoH hacia Mapa35 X:14 Y:74
24/05/2020 12:20:22 Comando: /TELEP YO 35 14 74
24/05/2020 12:20:22 Transporto a KeoH hacia Mapa35 X:14 Y:74
24/05/2020 12:20:22 Comando: /TELEP YO 35 14 73
24/05/2020 12:20:22 Transporto a KeoH hacia Mapa35 X:14 Y:73
24/05/2020 12:20:22 Comando: /TELEP YO 35 13 73
24/05/2020 12:20:22 Transporto a KeoH hacia Mapa35 X:13 Y:73
24/05/2020 12:20:23 Comando: /TELEP YO 35 13 73
24/05/2020 12:20:23 Transporto a KeoH hacia Mapa35 X:13 Y:73
24/05/2020 12:20:23 Comando: /TELEP YO 35 13 74
24/05/2020 12:20:23 Transporto a KeoH hacia Mapa35 X:13 Y:74
24/05/2020 12:20:23 Comando: /TELEP YO 35 13 76
24/05/2020 12:20:23 Transporto a KeoH hacia Mapa35 X:13 Y:76
24/05/2020 12:20:23 Comando: /TELEP YO 35 13 78
24/05/2020 12:20:23 Transporto a KeoH hacia Mapa35 X:13 Y:78
24/05/2020 12:20:23 Comando: /TELEP YO 35 13 78
24/05/2020 12:20:23 Transporto a KeoH hacia Mapa35 X:13 Y:78
24/05/2020 12:20:23 Comando: /TELEP YO 35 13 79
24/05/2020 12:20:23 Transporto a KeoH hacia Mapa35 X:13 Y:79
24/05/2020 12:20:24 Comando: /TELEP YO 35 13 80
24/05/2020 12:20:24 Transporto a KeoH hacia Mapa35 X:13 Y:80
24/05/2020 12:20:24 Comando: /TELEP YO 35 13 80
24/05/2020 12:20:24 Transporto a KeoH hacia Mapa35 X:13 Y:80
24/05/2020 12:20:24 Comando: /TELEP YO 35 14 80
24/05/2020 12:20:24 Transporto a KeoH hacia Mapa35 X:14 Y:80
24/05/2020 12:20:24 Comando: /TELEP YO 35 13 80
24/05/2020 12:20:24 Transporto a KeoH hacia Mapa35 X:13 Y:80
24/05/2020 12:20:25 Comando: /TELEP YO 35 13 79
24/05/2020 12:20:25 Transporto a KeoH hacia Mapa35 X:13 Y:79
24/05/2020 12:20:25 Comando: /TELEP YO 35 13 79
24/05/2020 12:20:25 Transporto a KeoH hacia Mapa35 X:13 Y:79
24/05/2020 12:20:25 Comando: /TELEP YO 35 13 78
24/05/2020 12:20:25 Transporto a KeoH hacia Mapa35 X:13 Y:78
24/05/2020 12:20:25 Comando: /TELEP YO 35 13 77
24/05/2020 12:20:25 Transporto a KeoH hacia Mapa35 X:13 Y:77
24/05/2020 12:20:25 Comando: /TELEP YO 35 13 77
24/05/2020 12:20:25 Transporto a KeoH hacia Mapa35 X:13 Y:77
24/05/2020 12:20:25 Comando: /TELEP YO 35 14 77
24/05/2020 12:20:25 Transporto a KeoH hacia Mapa35 X:14 Y:77
24/05/2020 12:20:26 Comando: /TELEP YO 35 14 77
24/05/2020 12:20:26 Transporto a KeoH hacia Mapa35 X:14 Y:77
24/05/2020 12:20:26 Comando: /TELEP YO 35 14 78
24/05/2020 12:20:26 Transporto a KeoH hacia Mapa35 X:14 Y:78
24/05/2020 12:20:26 Comando: /TELEP YO 35 13 78
24/05/2020 12:20:26 Transporto a KeoH hacia Mapa35 X:13 Y:78
24/05/2020 12:20:26 Comando: /TELEP YO 35 13 79
24/05/2020 12:20:26 Transporto a KeoH hacia Mapa35 X:13 Y:79
24/05/2020 12:20:26 Comando: /TELEP YO 35 13 78
24/05/2020 12:20:26 Transporto a KeoH hacia Mapa35 X:13 Y:78
24/05/2020 12:20:27 Comando: /TELEP YO 35 13 77
24/05/2020 12:20:27 Transporto a KeoH hacia Mapa35 X:13 Y:77
24/05/2020 12:20:27 Comando: /TELEP YO 35 13 78
24/05/2020 12:20:27 Transporto a KeoH hacia Mapa35 X:13 Y:78
24/05/2020 12:20:27 Comando: /TELEP YO 35 14 77
24/05/2020 12:20:27 Transporto a KeoH hacia Mapa35 X:14 Y:77
24/05/2020 12:20:27 Comando: /TELEP YO 35 14 76
24/05/2020 12:20:27 Transporto a KeoH hacia Mapa35 X:14 Y:76
24/05/2020 12:20:28 Comando: /TELEP YO 35 14 75
24/05/2020 12:20:28 Transporto a KeoH hacia Mapa35 X:14 Y:75
24/05/2020 12:20:28 Comando: /TELEP YO 35 14 75
24/05/2020 12:20:28 Transporto a KeoH hacia Mapa35 X:14 Y:75
24/05/2020 12:20:28 Comando: /TELEP YO 35 14 74
24/05/2020 12:20:28 Transporto a KeoH hacia Mapa35 X:14 Y:74
24/05/2020 12:20:28 Comando: /TELEP YO 35 15 74
24/05/2020 12:20:28 Transporto a KeoH hacia Mapa35 X:15 Y:74
24/05/2020 12:20:28 Comando: /TELEP YO 35 16 74
24/05/2020 12:20:28 Transporto a KeoH hacia Mapa35 X:16 Y:74
24/05/2020 12:20:28 Comando: /TELEP YO 35 16 74
24/05/2020 12:20:28 Transporto a KeoH hacia Mapa35 X:16 Y:74
24/05/2020 12:20:29 Comando: /TELEP YO 35 16 75
24/05/2020 12:20:29 Transporto a KeoH hacia Mapa35 X:16 Y:75
24/05/2020 12:20:29 Comando: /TELEP YO 35 15 76
24/05/2020 12:20:29 Transporto a KeoH hacia Mapa35 X:15 Y:76
24/05/2020 12:20:29 Comando: /TELEP YO 35 15 76
24/05/2020 12:20:29 Transporto a KeoH hacia Mapa35 X:15 Y:76
24/05/2020 12:20:29 Comando: /TELEP YO 35 14 76
24/05/2020 12:20:29 Transporto a KeoH hacia Mapa35 X:14 Y:76
24/05/2020 12:20:30 Comando: /TELEP YO 35 14 77
24/05/2020 12:20:30 Transporto a KeoH hacia Mapa35 X:14 Y:77
24/05/2020 12:20:30 Comando: /TELEP YO 35 14 78
24/05/2020 12:20:30 Transporto a KeoH hacia Mapa35 X:14 Y:78
24/05/2020 12:20:30 Comando: /TELEP YO 35 14 78
24/05/2020 12:20:30 Transporto a KeoH hacia Mapa35 X:14 Y:78
24/05/2020 12:20:30 Comando: /TELEP YO 35 14 80
24/05/2020 12:20:30 Transporto a KeoH hacia Mapa35 X:14 Y:80
24/05/2020 12:20:30 Comando: /TELEP YO 35 14 81
24/05/2020 12:20:30 Transporto a KeoH hacia Mapa35 X:14 Y:81
24/05/2020 12:20:31 Comando: /TELEP YO 35 14 83
24/05/2020 12:20:31 Transporto a KeoH hacia Mapa35 X:14 Y:83
24/05/2020 12:20:31 Comando: /TELEP YO 35 13 83
24/05/2020 12:20:31 Transporto a KeoH hacia Mapa35 X:13 Y:83
24/05/2020 12:20:31 Comando: /TELEP YO 35 13 83
24/05/2020 12:20:31 Transporto a KeoH hacia Mapa35 X:13 Y:83
24/05/2020 12:20:31 Comando: /TELEP YO 35 13 82
24/05/2020 12:20:31 Transporto a KeoH hacia Mapa35 X:13 Y:82
24/05/2020 12:20:31 Comando: /TELEP YO 35 13 81
24/05/2020 12:20:31 Transporto a KeoH hacia Mapa35 X:13 Y:81
24/05/2020 12:20:32 Comando: /TELEP YO 35 13 81
24/05/2020 12:20:32 Transporto a KeoH hacia Mapa35 X:13 Y:81
24/05/2020 12:20:32 Comando: /TELEP YO 35 13 81
24/05/2020 12:20:32 Transporto a KeoH hacia Mapa35 X:13 Y:81
24/05/2020 12:20:32 Comando: /TELEP YO 35 13 80
24/05/2020 12:20:32 Transporto a KeoH hacia Mapa35 X:13 Y:80
24/05/2020 12:20:32 Comando: /TELEP YO 35 13 79
24/05/2020 12:20:32 Transporto a KeoH hacia Mapa35 X:13 Y:79
24/05/2020 12:20:32 Comando: /TELEP YO 35 13 79
24/05/2020 12:20:32 Transporto a KeoH hacia Mapa35 X:13 Y:79
24/05/2020 12:20:33 Comando: /TELEP YO 35 13 77
24/05/2020 12:20:33 Transporto a KeoH hacia Mapa35 X:13 Y:77
24/05/2020 12:20:33 Comando: /TELEP YO 35 13 77
24/05/2020 12:20:33 Transporto a KeoH hacia Mapa35 X:13 Y:77
24/05/2020 12:20:33 Comando: /TELEP YO 35 13 77
24/05/2020 12:20:33 Transporto a KeoH hacia Mapa35 X:13 Y:77
24/05/2020 12:20:33 Comando: /TELEP YO 35 13 76
24/05/2020 12:20:33 Transporto a KeoH hacia Mapa35 X:13 Y:76
24/05/2020 12:20:33 Comando: /TELEP YO 35 13 75
24/05/2020 12:20:33 Transporto a KeoH hacia Mapa35 X:13 Y:75
24/05/2020 12:20:33 Comando: /TELEP YO 35 13 75
24/05/2020 12:20:33 Transporto a KeoH hacia Mapa35 X:13 Y:75
24/05/2020 12:20:34 Comando: /TELEP YO 35 13 73
24/05/2020 12:20:34 Transporto a KeoH hacia Mapa35 X:13 Y:73
24/05/2020 12:20:34 Comando: /TELEP YO 35 13 72
24/05/2020 12:20:34 Transporto a KeoH hacia Mapa35 X:13 Y:72
24/05/2020 12:20:34 Comando: /TELEP YO 35 12 72
24/05/2020 12:20:34 Transporto a KeoH hacia Mapa35 X:12 Y:72
24/05/2020 12:20:35 Comando: /TELEP YO 35 12 73
24/05/2020 12:20:35 Transporto a KeoH hacia Mapa35 X:12 Y:73
24/05/2020 12:20:35 Comando: /TELEP YO 35 12 73
24/05/2020 12:20:35 Transporto a KeoH hacia Mapa35 X:12 Y:73
24/05/2020 12:20:35 Comando: /TELEP YO 35 12 75
24/05/2020 12:20:35 Transporto a KeoH hacia Mapa35 X:12 Y:75
24/05/2020 12:20:35 Comando: /TELEP YO 35 13 75
24/05/2020 12:20:35 Transporto a KeoH hacia Mapa35 X:13 Y:75
24/05/2020 12:20:35 Comando: /TELEP YO 35 13 76
24/05/2020 12:20:35 Transporto a KeoH hacia Mapa35 X:13 Y:76
24/05/2020 12:20:35 Comando: /TELEP YO 35 13 76
24/05/2020 12:20:35 Transporto a KeoH hacia Mapa35 X:13 Y:76
24/05/2020 12:20:36 Comando: /TELEP YO 35 13 79
24/05/2020 12:20:36 Transporto a KeoH hacia Mapa35 X:13 Y:79
24/05/2020 12:20:36 Comando: /TELEP YO 35 13 81
24/05/2020 12:20:36 Transporto a KeoH hacia Mapa35 X:13 Y:81
24/05/2020 12:20:36 Comando: /TELEP YO 35 13 81
24/05/2020 12:20:36 Transporto a KeoH hacia Mapa35 X:13 Y:81
24/05/2020 12:20:36 Comando: /TELEP YO 35 13 82
24/05/2020 12:20:36 Transporto a KeoH hacia Mapa35 X:13 Y:82
24/05/2020 12:20:37 Comando: /TELEP YO 35 13 83
24/05/2020 12:20:37 Transporto a KeoH hacia Mapa35 X:13 Y:83
24/05/2020 12:20:37 Comando: /TELEP YO 35 13 83
24/05/2020 12:20:37 Transporto a KeoH hacia Mapa35 X:13 Y:83
24/05/2020 12:20:37 Comando: /TELEP YO 35 13 82
24/05/2020 12:20:37 Transporto a KeoH hacia Mapa35 X:13 Y:82
24/05/2020 12:20:37 Comando: /TELEP YO 35 13 81
24/05/2020 12:20:37 Transporto a KeoH hacia Mapa35 X:13 Y:81
24/05/2020 12:20:37 Comando: /TELEP YO 35 13 80
24/05/2020 12:20:37 Transporto a KeoH hacia Mapa35 X:13 Y:80
24/05/2020 12:20:37 Comando: /TELEP YO 35 13 80
24/05/2020 12:20:37 Transporto a KeoH hacia Mapa35 X:13 Y:80
24/05/2020 12:20:38 Comando: /TELEP YO 35 13 77
24/05/2020 12:20:38 Transporto a KeoH hacia Mapa35 X:13 Y:77
24/05/2020 12:20:38 Comando: /TELEP YO 35 13 74
24/05/2020 12:20:38 Transporto a KeoH hacia Mapa35 X:13 Y:74
24/05/2020 12:20:38 Comando: /TELEP YO 35 13 72
24/05/2020 12:20:38 Transporto a KeoH hacia Mapa35 X:13 Y:72
24/05/2020 12:20:38 Comando: /TELEP YO 35 14 71
24/05/2020 12:20:38 Transporto a KeoH hacia Mapa35 X:14 Y:71
24/05/2020 12:20:38 Comando: /TELEP YO 35 15 71
24/05/2020 12:20:38 Transporto a KeoH hacia Mapa35 X:15 Y:71
24/05/2020 12:20:39 Comando: /TELEP YO 35 15 73
24/05/2020 12:20:39 Transporto a KeoH hacia Mapa35 X:15 Y:73
24/05/2020 12:20:39 Comando: /TELEP YO 35 15 75
24/05/2020 12:20:39 Transporto a KeoH hacia Mapa35 X:15 Y:75
24/05/2020 12:20:39 Comando: /TELEP YO 35 15 78
24/05/2020 12:20:39 Transporto a KeoH hacia Mapa35 X:15 Y:78
24/05/2020 12:20:39 Comando: /TELEP YO 35 15 80
24/05/2020 12:20:39 Transporto a KeoH hacia Mapa35 X:15 Y:80
24/05/2020 12:20:39 Comando: /TELEP YO 35 15 82
24/05/2020 12:20:39 Transporto a KeoH hacia Mapa35 X:15 Y:82
24/05/2020 12:20:40 Comando: /TELEP YO 35 15 84
24/05/2020 12:20:40 Transporto a KeoH hacia Mapa35 X:15 Y:84
24/05/2020 12:20:40 Comando: /TELEP YO 35 15 86
24/05/2020 12:20:40 Transporto a KeoH hacia Mapa35 X:15 Y:86
24/05/2020 12:20:40 Comando: /TELEP YO 35 14 87
24/05/2020 12:20:40 Transporto a KeoH hacia Mapa35 X:14 Y:87
24/05/2020 12:20:40 Comando: /TELEP YO 35 14 88
24/05/2020 12:20:40 Transporto a KeoH hacia Mapa35 X:14 Y:88
24/05/2020 12:20:40 Comando: /TELEP YO 35 13 88
24/05/2020 12:20:40 Transporto a KeoH hacia Mapa35 X:13 Y:88
24/05/2020 12:20:41 Comando: /TELEP YO 35 14 86
24/05/2020 12:20:41 Transporto a KeoH hacia Mapa35 X:14 Y:86
24/05/2020 12:20:41 Comando: /TELEP YO 35 15 84
24/05/2020 12:20:41 Transporto a KeoH hacia Mapa35 X:15 Y:84
24/05/2020 12:20:41 Comando: /TELEP YO 35 15 82
24/05/2020 12:20:41 Transporto a KeoH hacia Mapa35 X:15 Y:82
24/05/2020 12:20:41 Comando: /TELEP YO 35 15 81
24/05/2020 12:20:41 Transporto a KeoH hacia Mapa35 X:15 Y:81
24/05/2020 12:20:41 Comando: /TELEP YO 35 15 80
24/05/2020 12:20:41 Transporto a KeoH hacia Mapa35 X:15 Y:80
24/05/2020 12:20:41 Comando: /TELEP YO 35 15 79
24/05/2020 12:20:41 Transporto a KeoH hacia Mapa35 X:15 Y:79
24/05/2020 12:20:42 Comando: /TELEP YO 35 15 78
24/05/2020 12:20:42 Transporto a KeoH hacia Mapa35 X:15 Y:78
24/05/2020 12:20:42 Comando: /TELEP YO 35 15 77
24/05/2020 12:20:42 Transporto a KeoH hacia Mapa35 X:15 Y:77
24/05/2020 12:20:42 Comando: /TELEP YO 35 15 76
24/05/2020 12:20:42 Transporto a KeoH hacia Mapa35 X:15 Y:76
24/05/2020 12:20:42 Comando: /TELEP YO 35 15 75
24/05/2020 12:20:42 Transporto a KeoH hacia Mapa35 X:15 Y:75
24/05/2020 12:20:43 Comando: /TELEP YO 35 14 75
24/05/2020 12:20:43 Transporto a KeoH hacia Mapa35 X:14 Y:75
24/05/2020 12:20:43 Comando: /TELEP YO 35 14 76
24/05/2020 12:20:43 Transporto a KeoH hacia Mapa35 X:14 Y:76
24/05/2020 12:20:43 Comando: /TELEP YO 35 14 76
24/05/2020 12:20:43 Transporto a KeoH hacia Mapa35 X:14 Y:76
24/05/2020 12:20:43 Comando: /TELEP YO 35 14 79
24/05/2020 12:20:43 Transporto a KeoH hacia Mapa35 X:14 Y:79
24/05/2020 12:20:43 Comando: /TELEP YO 35 13 80
24/05/2020 12:20:43 Transporto a KeoH hacia Mapa35 X:13 Y:80
24/05/2020 12:20:44 Comando: /TELEP YO 35 13 81
24/05/2020 12:20:44 Transporto a KeoH hacia Mapa35 X:13 Y:81
24/05/2020 12:20:44 Comando: /TELEP YO 35 13 83
24/05/2020 12:20:44 Transporto a KeoH hacia Mapa35 X:13 Y:83
24/05/2020 12:20:44 Comando: /TELEP YO 35 13 84
24/05/2020 12:20:44 Transporto a KeoH hacia Mapa35 X:13 Y:84
24/05/2020 12:20:44 Comando: /TELEP YO 35 13 85
24/05/2020 12:20:44 Transporto a KeoH hacia Mapa35 X:13 Y:85
24/05/2020 12:20:44 Comando: /TELEP YO 35 13 85
24/05/2020 12:20:44 Transporto a KeoH hacia Mapa35 X:13 Y:85
24/05/2020 12:20:45 Comando: /TELEP YO 35 13 86
24/05/2020 12:20:45 Transporto a KeoH hacia Mapa35 X:13 Y:86
24/05/2020 12:20:45 Comando: /TELEP YO 35 13 85
24/05/2020 12:20:45 Transporto a KeoH hacia Mapa35 X:13 Y:85
24/05/2020 12:20:45 Comando: /TELEP YO 35 13 83
24/05/2020 12:20:45 Transporto a KeoH hacia Mapa35 X:13 Y:83
24/05/2020 12:20:45 Comando: /TELEP YO 35 13 81
24/05/2020 12:20:45 Transporto a KeoH hacia Mapa35 X:13 Y:81
24/05/2020 12:20:45 Comando: /TELEP YO 35 13 80
24/05/2020 12:20:45 Transporto a KeoH hacia Mapa35 X:13 Y:80
24/05/2020 12:20:46 Comando: /TELEP YO 35 13 78
24/05/2020 12:20:46 Transporto a KeoH hacia Mapa35 X:13 Y:78
24/05/2020 12:20:46 Comando: /TELEP YO 35 13 76
24/05/2020 12:20:46 Transporto a KeoH hacia Mapa35 X:13 Y:76
24/05/2020 12:20:46 Comando: /TELEP YO 35 13 75
24/05/2020 12:20:46 Transporto a KeoH hacia Mapa35 X:13 Y:75
24/05/2020 12:20:46 Comando: /TELEP YO 35 13 74
24/05/2020 12:20:46 Transporto a KeoH hacia Mapa35 X:13 Y:74
24/05/2020 12:20:46 Comando: /TELEP YO 35 13 73
24/05/2020 12:20:46 Transporto a KeoH hacia Mapa35 X:13 Y:73
24/05/2020 12:20:46 Comando: /TELEP YO 35 13 73
24/05/2020 12:20:46 Transporto a KeoH hacia Mapa35 X:13 Y:73
24/05/2020 12:20:47 Comando: /TELEP YO 35 12 74
24/05/2020 12:20:47 Transporto a KeoH hacia Mapa35 X:12 Y:74
24/05/2020 12:20:47 Comando: /TELEP YO 35 12 76
24/05/2020 12:20:47 Transporto a KeoH hacia Mapa35 X:12 Y:76
24/05/2020 12:20:47 Comando: /TELEP YO 35 13 78
24/05/2020 12:20:47 Transporto a KeoH hacia Mapa35 X:13 Y:78
24/05/2020 12:20:47 Comando: /TELEP YO 35 14 79
24/05/2020 12:20:47 Transporto a KeoH hacia Mapa35 X:14 Y:79
24/05/2020 12:20:48 Comando: /TELEP YO 35 14 82
24/05/2020 12:20:48 Transporto a KeoH hacia Mapa35 X:14 Y:82
24/05/2020 12:20:48 Comando: /TELEP YO 35 14 83
24/05/2020 12:20:48 Transporto a KeoH hacia Mapa35 X:14 Y:83
24/05/2020 12:20:48 Comando: /TELEP YO 35 14 84
24/05/2020 12:20:48 Transporto a KeoH hacia Mapa35 X:14 Y:84
24/05/2020 12:20:48 Comando: /TELEP YO 35 14 83
24/05/2020 12:20:48 Transporto a KeoH hacia Mapa35 X:14 Y:83
24/05/2020 12:20:48 Comando: /TELEP YO 35 14 83
24/05/2020 12:20:48 Transporto a KeoH hacia Mapa35 X:14 Y:83
24/05/2020 12:20:48 Comando: /TELEP YO 35 14 82
24/05/2020 12:20:48 Transporto a KeoH hacia Mapa35 X:14 Y:82
24/05/2020 12:20:49 Comando: /TELEP YO 35 14 80
24/05/2020 12:20:49 Transporto a KeoH hacia Mapa35 X:14 Y:80
24/05/2020 12:20:49 Comando: /TELEP YO 35 14 78
24/05/2020 12:20:49 Transporto a KeoH hacia Mapa35 X:14 Y:78
24/05/2020 12:20:49 Comando: /TELEP YO 35 14 78
24/05/2020 12:20:49 Transporto a KeoH hacia Mapa35 X:14 Y:78
24/05/2020 12:20:49 Comando: /TELEP YO 35 14 76
24/05/2020 12:20:49 Transporto a KeoH hacia Mapa35 X:14 Y:76
24/05/2020 12:20:49 Comando: /TELEP YO 35 14 74
24/05/2020 12:20:49 Transporto a KeoH hacia Mapa35 X:14 Y:74
24/05/2020 12:20:50 Comando: /TELEP YO 35 14 72
24/05/2020 12:20:50 Transporto a KeoH hacia Mapa35 X:14 Y:72
24/05/2020 12:20:50 Comando: /TELEP YO 35 14 72
24/05/2020 12:20:50 Transporto a KeoH hacia Mapa35 X:14 Y:72
24/05/2020 12:20:50 Comando: /TELEP YO 35 14 73
24/05/2020 12:20:50 Transporto a KeoH hacia Mapa35 X:14 Y:73
24/05/2020 12:20:50 Comando: /TELEP YO 35 14 74
24/05/2020 12:20:50 Transporto a KeoH hacia Mapa35 X:14 Y:74
24/05/2020 12:20:50 Comando: /TELEP YO 35 14 75
24/05/2020 12:20:50 Transporto a KeoH hacia Mapa35 X:14 Y:75
24/05/2020 12:20:51 Comando: /TELEP YO 35 14 75
24/05/2020 12:20:51 Transporto a KeoH hacia Mapa35 X:14 Y:75
24/05/2020 12:20:51 Comando: /TELEP YO 35 14 76
24/05/2020 12:20:51 Transporto a KeoH hacia Mapa35 X:14 Y:76
24/05/2020 12:20:51 Comando: /TELEP YO 35 14 77
24/05/2020 12:20:51 Transporto a KeoH hacia Mapa35 X:14 Y:77
24/05/2020 12:20:51 Comando: /TELEP YO 35 14 78
24/05/2020 12:20:51 Transporto a KeoH hacia Mapa35 X:14 Y:78
24/05/2020 12:20:51 Comando: /TELEP YO 35 14 79
24/05/2020 12:20:51 Transporto a KeoH hacia Mapa35 X:14 Y:79
24/05/2020 12:20:52 Comando: /TELEP YO 35 14 80
24/05/2020 12:20:52 Transporto a KeoH hacia Mapa35 X:14 Y:80
24/05/2020 12:20:52 Comando: /TELEP YO 35 14 79
24/05/2020 12:20:52 Transporto a KeoH hacia Mapa35 X:14 Y:79
24/05/2020 12:20:52 Comando: /TELEP YO 35 14 78
24/05/2020 12:20:52 Transporto a KeoH hacia Mapa35 X:14 Y:78
24/05/2020 12:20:52 Comando: /TELEP YO 35 14 78
24/05/2020 12:20:52 Transporto a KeoH hacia Mapa35 X:14 Y:78
24/05/2020 12:20:52 Comando: /TELEP YO 35 14 78
24/05/2020 12:20:52 Transporto a KeoH hacia Mapa35 X:14 Y:78
24/05/2020 12:20:53 Comando: /TELEP YO 35 14 77
24/05/2020 12:20:53 Transporto a KeoH hacia Mapa35 X:14 Y:77
24/05/2020 12:20:53 Comando: /TELEP YO 35 14 77
24/05/2020 12:20:53 Transporto a KeoH hacia Mapa35 X:14 Y:77
24/05/2020 12:20:53 Comando: /TELEP YO 35 14 77
24/05/2020 12:20:53 Transporto a KeoH hacia Mapa35 X:14 Y:77
24/05/2020 12:20:53 Comando: /TELEP YO 35 14 77
24/05/2020 12:20:53 Transporto a KeoH hacia Mapa35 X:14 Y:77
24/05/2020 12:20:53 Comando: /TELEP YO 35 14 76
24/05/2020 12:20:53 Transporto a KeoH hacia Mapa35 X:14 Y:76
24/05/2020 12:20:53 Comando: /TELEP YO 35 14 76
24/05/2020 12:20:53 Transporto a KeoH hacia Mapa35 X:14 Y:76
24/05/2020 12:20:54 Comando: /TELEP YO 35 14 76
24/05/2020 12:20:54 Transporto a KeoH hacia Mapa35 X:14 Y:76
24/05/2020 12:20:54 Comando: /TELEP YO 35 14 75
24/05/2020 12:20:54 Transporto a KeoH hacia Mapa35 X:14 Y:75
24/05/2020 12:20:54 Comando: /TELEP YO 35 14 75
24/05/2020 12:20:54 Transporto a KeoH hacia Mapa35 X:14 Y:75
24/05/2020 12:20:54 Comando: /TELEP YO 35 14 75
24/05/2020 12:20:54 Transporto a KeoH hacia Mapa35 X:14 Y:75
24/05/2020 12:20:54 Comando: /TELEP YO 35 14 75
24/05/2020 12:20:54 Transporto a KeoH hacia Mapa35 X:14 Y:75
24/05/2020 12:20:55 Comando: /TELEP YO 35 14 74
24/05/2020 12:20:55 Transporto a KeoH hacia Mapa35 X:14 Y:74
24/05/2020 12:20:55 Comando: /TELEP YO 35 14 74
24/05/2020 12:20:55 Transporto a KeoH hacia Mapa35 X:14 Y:74
24/05/2020 12:20:55 Comando: /TELEP YO 35 14 74
24/05/2020 12:20:55 Transporto a KeoH hacia Mapa35 X:14 Y:74
24/05/2020 12:20:55 Comando: /TELEP YO 35 14 73
24/05/2020 12:20:55 Transporto a KeoH hacia Mapa35 X:14 Y:73
24/05/2020 12:20:55 Comando: /TELEP YO 35 14 72
24/05/2020 12:20:55 Transporto a KeoH hacia Mapa35 X:14 Y:72
24/05/2020 12:20:55 Comando: /TELEP YO 35 14 72
24/05/2020 12:20:55 Transporto a KeoH hacia Mapa35 X:14 Y:72
24/05/2020 12:20:56 Comando: /TELEP YO 35 14 72
24/05/2020 12:20:56 Transporto a KeoH hacia Mapa35 X:14 Y:72
24/05/2020 12:20:56 Comando: /TELEP YO 35 14 71
24/05/2020 12:20:56 Transporto a KeoH hacia Mapa35 X:14 Y:71
24/05/2020 12:20:56 Comando: /TELEP YO 35 14 71
24/05/2020 12:20:56 Transporto a KeoH hacia Mapa35 X:14 Y:71
24/05/2020 12:20:56 Comando: /TELEP YO 35 14 73
24/05/2020 12:20:56 Transporto a KeoH hacia Mapa35 X:14 Y:73
24/05/2020 12:20:57 Comando: /TELEP YO 35 14 74
24/05/2020 12:20:57 Transporto a KeoH hacia Mapa35 X:14 Y:74
24/05/2020 12:20:57 Comando: /TELEP YO 35 14 74
24/05/2020 12:20:57 Transporto a KeoH hacia Mapa35 X:14 Y:74
24/05/2020 12:20:57 Comando: /TELEP YO 35 14 76
24/05/2020 12:20:57 Transporto a KeoH hacia Mapa35 X:14 Y:76
24/05/2020 12:20:57 Comando: /TELEP YO 35 14 78
24/05/2020 12:20:57 Transporto a KeoH hacia Mapa35 X:14 Y:78
24/05/2020 12:20:57 Comando: /TELEP YO 35 14 79
24/05/2020 12:20:57 Transporto a KeoH hacia Mapa35 X:14 Y:79
24/05/2020 12:20:58 Comando: /TELEP YO 35 14 79
24/05/2020 12:20:58 Transporto a KeoH hacia Mapa35 X:14 Y:79
24/05/2020 12:20:58 Comando: /TELEP YO 35 14 81
24/05/2020 12:20:58 Transporto a KeoH hacia Mapa35 X:14 Y:81
24/05/2020 12:20:58 Comando: /TELEP YO 35 14 83
24/05/2020 12:20:58 Transporto a KeoH hacia Mapa35 X:14 Y:83
24/05/2020 12:20:58 Comando: /TELEP YO 35 14 83
24/05/2020 12:20:58 Transporto a KeoH hacia Mapa35 X:14 Y:83
24/05/2020 12:20:58 Comando: /TELEP YO 35 14 84
24/05/2020 12:20:58 Transporto a KeoH hacia Mapa35 X:14 Y:84
24/05/2020 12:20:59 Comando: /TELEP YO 35 13 84
24/05/2020 12:20:59 Transporto a KeoH hacia Mapa35 X:13 Y:84
24/05/2020 12:20:59 Comando: /TELEP YO 35 13 82
24/05/2020 12:20:59 Transporto a KeoH hacia Mapa35 X:13 Y:82
24/05/2020 12:20:59 Comando: /TELEP YO 35 13 81
24/05/2020 12:20:59 Transporto a KeoH hacia Mapa35 X:13 Y:81
24/05/2020 12:20:59 Comando: /TELEP YO 35 14 80
24/05/2020 12:20:59 Transporto a KeoH hacia Mapa35 X:14 Y:80
24/05/2020 12:20:59 Comando: /TELEP YO 35 14 78
24/05/2020 12:20:59 Transporto a KeoH hacia Mapa35 X:14 Y:78
24/05/2020 12:20:59 Comando: /TELEP YO 35 14 76
24/05/2020 12:20:59 Transporto a KeoH hacia Mapa35 X:14 Y:76
24/05/2020 12:21:00 Comando: /TELEP YO 35 14 76
24/05/2020 12:21:00 Transporto a KeoH hacia Mapa35 X:14 Y:76
24/05/2020 12:21:00 Comando: /TELEP YO 35 14 75
24/05/2020 12:21:00 Transporto a KeoH hacia Mapa35 X:14 Y:75
24/05/2020 12:21:00 Comando: /TELEP YO 35 14 73
24/05/2020 12:21:00 Transporto a KeoH hacia Mapa35 X:14 Y:73
24/05/2020 12:21:00 Comando: /TELEP YO 35 14 72
24/05/2020 12:21:00 Transporto a KeoH hacia Mapa35 X:14 Y:72
24/05/2020 12:21:00 Comando: /TELEP YO 35 14 72
24/05/2020 12:21:00 Transporto a KeoH hacia Mapa35 X:14 Y:72
24/05/2020 12:21:01 Comando: /TELEP YO 35 14 73
24/05/2020 12:21:01 Transporto a KeoH hacia Mapa35 X:14 Y:73
24/05/2020 12:21:01 Comando: /TELEP YO 35 14 74
24/05/2020 12:21:01 Transporto a KeoH hacia Mapa35 X:14 Y:74
24/05/2020 12:21:01 Comando: /TELEP YO 35 14 75
24/05/2020 12:21:01 Transporto a KeoH hacia Mapa35 X:14 Y:75
24/05/2020 12:21:01 Comando: /TELEP YO 35 14 76
24/05/2020 12:21:01 Transporto a KeoH hacia Mapa35 X:14 Y:76
24/05/2020 12:21:02 Comando: /TELEP YO 35 14 77
24/05/2020 12:21:02 Transporto a KeoH hacia Mapa35 X:14 Y:77
24/05/2020 12:21:02 Comando: /TELEP YO 35 14 78
24/05/2020 12:21:02 Transporto a KeoH hacia Mapa35 X:14 Y:78
24/05/2020 12:21:02 Comando: /TELEP YO 35 14 79
24/05/2020 12:21:02 Transporto a KeoH hacia Mapa35 X:14 Y:79
24/05/2020 12:21:08 Comando: /TELEP YO 35 14 76
24/05/2020 12:21:08 Transporto a KeoH hacia Mapa35 X:14 Y:76
24/05/2020 12:21:08 Comando: /TELEP YO 35 14 75
24/05/2020 12:21:08 Transporto a KeoH hacia Mapa35 X:14 Y:75
24/05/2020 12:21:08 Comando: /TELEP YO 35 14 74
24/05/2020 12:21:08 Transporto a KeoH hacia Mapa35 X:14 Y:74
24/05/2020 12:21:09 Comando: /TELEP YO 35 14 74
24/05/2020 12:21:09 Transporto a KeoH hacia Mapa35 X:14 Y:74
24/05/2020 12:21:09 Comando: /TELEP YO 35 14 75
24/05/2020 12:21:09 Transporto a KeoH hacia Mapa35 X:14 Y:75
24/05/2020 12:21:09 Comando: /TELEP YO 35 13 79
24/05/2020 12:21:09 Transporto a KeoH hacia Mapa35 X:13 Y:79
24/05/2020 12:21:09 Comando: /TELEP YO 35 12 82
24/05/2020 12:21:09 Transporto a KeoH hacia Mapa35 X:12 Y:82
24/05/2020 12:21:09 Comando: /TELEP YO 35 12 85
24/05/2020 12:21:09 Transporto a KeoH hacia Mapa35 X:12 Y:85
24/05/2020 12:21:10 Comando: /TELEP YO 35 13 88
24/05/2020 12:21:10 Transporto a KeoH hacia Mapa35 X:13 Y:88
24/05/2020 12:21:10 Comando: /TELEP YO 35 14 88
24/05/2020 12:21:10 Transporto a KeoH hacia Mapa35 X:14 Y:88
24/05/2020 12:21:10 Comando: /TELEP YO 35 14 88
24/05/2020 12:21:10 Transporto a KeoH hacia Mapa35 X:14 Y:88
24/05/2020 12:21:10 Comando: /TELEP YO 35 14 88
24/05/2020 12:21:10 Transporto a KeoH hacia Mapa35 X:14 Y:88
24/05/2020 12:21:10 Comando: /TELEP YO 35 14 86
24/05/2020 12:21:10 Transporto a KeoH hacia Mapa35 X:14 Y:86
24/05/2020 12:21:10 Comando: /TELEP YO 35 14 84
24/05/2020 12:21:10 Transporto a KeoH hacia Mapa35 X:14 Y:84
24/05/2020 12:21:11 Comando: /TELEP YO 35 14 83
24/05/2020 12:21:11 Transporto a KeoH hacia Mapa35 X:14 Y:83
24/05/2020 12:21:11 Comando: /TELEP YO 35 14 81
24/05/2020 12:21:11 Transporto a KeoH hacia Mapa35 X:14 Y:81
24/05/2020 12:21:11 Comando: /TELEP YO 35 13 78
24/05/2020 12:21:11 Transporto a KeoH hacia Mapa35 X:13 Y:78
24/05/2020 12:21:11 Comando: /TELEP YO 35 13 75
24/05/2020 12:21:11 Transporto a KeoH hacia Mapa35 X:13 Y:75
24/05/2020 12:21:11 Comando: /TELEP YO 35 13 73
24/05/2020 12:21:11 Transporto a KeoH hacia Mapa35 X:13 Y:73
24/05/2020 12:21:12 Comando: /TELEP YO 35 13 70
24/05/2020 12:21:12 Transporto a KeoH hacia Mapa35 X:13 Y:70
24/05/2020 12:21:12 Comando: /TELEP YO 35 14 68
24/05/2020 12:21:12 Transporto a KeoH hacia Mapa35 X:14 Y:68
24/05/2020 12:21:12 Comando: /TELEP YO 35 15 68
24/05/2020 12:21:12 Transporto a KeoH hacia Mapa35 X:15 Y:68
24/05/2020 12:21:12 Comando: /TELEP YO 35 16 69
24/05/2020 12:21:12 Transporto a KeoH hacia Mapa35 X:16 Y:69
24/05/2020 12:21:12 Comando: /TELEP YO 35 16 70
24/05/2020 12:21:12 Transporto a KeoH hacia Mapa35 X:16 Y:70
24/05/2020 12:21:12 Comando: /TELEP YO 35 16 73
24/05/2020 12:21:12 Transporto a KeoH hacia Mapa35 X:16 Y:73
24/05/2020 12:21:13 Comando: /TELEP YO 35 16 75
24/05/2020 12:21:13 Transporto a KeoH hacia Mapa35 X:16 Y:75
24/05/2020 12:21:13 Comando: /TELEP YO 35 16 78
24/05/2020 12:21:13 Transporto a KeoH hacia Mapa35 X:16 Y:78
24/05/2020 12:21:13 Comando: /TELEP YO 35 15 80
24/05/2020 12:21:13 Transporto a KeoH hacia Mapa35 X:15 Y:80
24/05/2020 12:21:13 Comando: /TELEP YO 35 14 81
24/05/2020 12:21:13 Transporto a KeoH hacia Mapa35 X:14 Y:81
24/05/2020 12:21:13 Comando: /TELEP YO 35 12 81
24/05/2020 12:21:13 Transporto a KeoH hacia Mapa35 X:12 Y:81
24/05/2020 12:21:13 Comando: /TELEP YO 35 12 79
24/05/2020 12:21:14 Transporto a KeoH hacia Mapa35 X:12 Y:79
24/05/2020 12:21:14 Comando: /TELEP YO 35 13 77
24/05/2020 12:21:14 Transporto a KeoH hacia Mapa35 X:13 Y:77
24/05/2020 12:21:14 Comando: /TELEP YO 35 14 74
24/05/2020 12:21:14 Transporto a KeoH hacia Mapa35 X:14 Y:74
24/05/2020 12:21:14 Comando: /TELEP YO 35 15 72
24/05/2020 12:21:14 Transporto a KeoH hacia Mapa35 X:15 Y:72
24/05/2020 12:21:14 Comando: /TELEP YO 35 15 72
24/05/2020 12:21:14 Transporto a KeoH hacia Mapa35 X:15 Y:72
24/05/2020 12:21:14 Comando: /TELEP YO 35 14 72
24/05/2020 12:21:14 Transporto a KeoH hacia Mapa35 X:14 Y:72
24/05/2020 12:21:15 Comando: /TELEP YO 35 13 72
24/05/2020 12:21:15 Transporto a KeoH hacia Mapa35 X:13 Y:72
24/05/2020 12:21:15 Comando: /TELEP YO 35 12 73
24/05/2020 12:21:15 Transporto a KeoH hacia Mapa35 X:12 Y:73
24/05/2020 12:21:15 Comando: /TELEP YO 35 12 75
24/05/2020 12:21:15 Transporto a KeoH hacia Mapa35 X:12 Y:75
24/05/2020 12:21:15 Comando: /TELEP YO 35 13 77
24/05/2020 12:21:15 Transporto a KeoH hacia Mapa35 X:13 Y:77
24/05/2020 12:21:15 Comando: /TELEP YO 35 14 80
24/05/2020 12:21:15 Transporto a KeoH hacia Mapa35 X:14 Y:80
24/05/2020 12:21:16 Comando: /TELEP YO 35 15 82
24/05/2020 12:21:16 Transporto a KeoH hacia Mapa35 X:15 Y:82
24/05/2020 12:21:16 Comando: /TELEP YO 35 15 85
24/05/2020 12:21:16 Transporto a KeoH hacia Mapa35 X:15 Y:85
24/05/2020 12:21:16 Comando: /TELEP YO 35 15 87
24/05/2020 12:21:16 Transporto a KeoH hacia Mapa35 X:15 Y:87
24/05/2020 12:21:16 Comando: /TELEP YO 35 15 89
24/05/2020 12:21:16 Transporto a KeoH hacia Mapa35 X:15 Y:89
24/05/2020 12:21:16 Comando: /TELEP YO 35 15 89
24/05/2020 12:21:16 Transporto a KeoH hacia Mapa35 X:15 Y:89
24/05/2020 12:21:16 Comando: /TELEP YO 35 16 88
24/05/2020 12:21:16 Transporto a KeoH hacia Mapa35 X:16 Y:88
24/05/2020 12:21:17 Comando: /TELEP YO 35 16 85
24/05/2020 12:21:17 Transporto a KeoH hacia Mapa35 X:16 Y:85
24/05/2020 12:21:17 Comando: /TELEP YO 35 15 82
24/05/2020 12:21:17 Transporto a KeoH hacia Mapa35 X:15 Y:82
24/05/2020 12:21:17 Comando: /TELEP YO 35 14 80
24/05/2020 12:21:17 Transporto a KeoH hacia Mapa35 X:14 Y:80
24/05/2020 12:21:17 Comando: /TELEP YO 35 13 77
24/05/2020 12:21:17 Transporto a KeoH hacia Mapa35 X:13 Y:77
24/05/2020 12:21:17 Comando: /TELEP YO 35 12 74
24/05/2020 12:21:17 Transporto a KeoH hacia Mapa35 X:12 Y:74
24/05/2020 12:21:18 Comando: /TELEP YO 35 12 71
24/05/2020 12:21:18 Transporto a KeoH hacia Mapa35 X:12 Y:71
24/05/2020 12:21:18 Comando: /TELEP YO 35 13 70
24/05/2020 12:21:18 Transporto a KeoH hacia Mapa35 X:13 Y:70
24/05/2020 12:21:18 Comando: /TELEP YO 35 14 69
24/05/2020 12:21:18 Transporto a KeoH hacia Mapa35 X:14 Y:69
24/05/2020 12:21:18 Comando: /TELEP YO 35 14 69
24/05/2020 12:21:18 Transporto a KeoH hacia Mapa35 X:14 Y:69
24/05/2020 12:21:18 Comando: /TELEP YO 35 14 71
24/05/2020 12:21:18 Transporto a KeoH hacia Mapa35 X:14 Y:71
24/05/2020 12:21:18 Comando: /TELEP YO 35 14 74
24/05/2020 12:21:18 Transporto a KeoH hacia Mapa35 X:14 Y:74
24/05/2020 12:21:19 Comando: /TELEP YO 35 14 76
24/05/2020 12:21:19 Transporto a KeoH hacia Mapa35 X:14 Y:76
24/05/2020 12:21:19 Comando: /TELEP YO 35 14 79
24/05/2020 12:21:19 Transporto a KeoH hacia Mapa35 X:14 Y:79
24/05/2020 12:21:19 Comando: /TELEP YO 35 14 81
24/05/2020 12:21:19 Transporto a KeoH hacia Mapa35 X:14 Y:81
24/05/2020 12:21:19 Comando: /TELEP YO 35 14 82
24/05/2020 12:21:19 Transporto a KeoH hacia Mapa35 X:14 Y:82
24/05/2020 12:21:20 Comando: /TELEP YO 35 14 85
24/05/2020 12:21:20 Transporto a KeoH hacia Mapa35 X:14 Y:85
24/05/2020 12:21:20 Comando: /TELEP YO 35 14 85
24/05/2020 12:21:20 Transporto a KeoH hacia Mapa35 X:14 Y:85
24/05/2020 12:21:20 Comando: /TELEP YO 35 13 84
24/05/2020 12:21:20 Transporto a KeoH hacia Mapa35 X:13 Y:84
24/05/2020 12:21:20 Comando: /TELEP YO 35 13 81
24/05/2020 12:21:20 Transporto a KeoH hacia Mapa35 X:13 Y:81
24/05/2020 12:21:20 Comando: /TELEP YO 35 13 78
24/05/2020 12:21:20 Transporto a KeoH hacia Mapa35 X:13 Y:78
24/05/2020 12:21:21 Comando: /TELEP YO 35 13 76
24/05/2020 12:21:21 Transporto a KeoH hacia Mapa35 X:13 Y:76
24/05/2020 12:21:21 Comando: /TELEP YO 35 14 72
24/05/2020 12:21:21 Transporto a KeoH hacia Mapa35 X:14 Y:72
24/05/2020 12:21:21 Comando: /TELEP YO 35 14 71
24/05/2020 12:21:21 Transporto a KeoH hacia Mapa35 X:14 Y:71
24/05/2020 12:21:21 Comando: /TELEP YO 35 15 72
24/05/2020 12:21:21 Transporto a KeoH hacia Mapa35 X:15 Y:72
24/05/2020 12:21:22 Comando: /TELEP YO 35 16 74
24/05/2020 12:21:22 Transporto a KeoH hacia Mapa35 X:16 Y:74
24/05/2020 12:21:22 Comando: /TELEP YO 35 16 78
24/05/2020 12:21:22 Transporto a KeoH hacia Mapa35 X:16 Y:78
24/05/2020 12:21:22 Comando: /TELEP YO 35 15 81
24/05/2020 12:21:22 Transporto a KeoH hacia Mapa35 X:15 Y:81
24/05/2020 12:21:22 Comando: /TELEP YO 35 14 84
24/05/2020 12:21:22 Transporto a KeoH hacia Mapa35 X:14 Y:84
24/05/2020 12:21:22 Comando: /TELEP YO 35 14 87
24/05/2020 12:21:22 Transporto a KeoH hacia Mapa35 X:14 Y:87
24/05/2020 12:21:23 Comando: /TELEP YO 35 14 90
24/05/2020 12:21:23 Transporto a KeoH hacia Mapa35 X:14 Y:90
24/05/2020 12:21:23 Comando: /TELEP YO 35 13 91
24/05/2020 12:21:23 Transporto a KeoH hacia Mapa35 X:13 Y:91
24/05/2020 12:21:23 Comando: /TELEP YO 35 14 91
24/05/2020 12:21:23 Transporto a KeoH hacia Mapa35 X:14 Y:91
24/05/2020 12:21:23 Comando: /TELEP YO 34 15 10
24/05/2020 12:21:23 Transporto a KeoH hacia Mapa34 X:15 Y:10
24/05/2020 12:21:23 Comando: /TELEP YO 35 15 88
24/05/2020 12:21:23 Transporto a KeoH hacia Mapa35 X:15 Y:88
24/05/2020 12:21:24 Comando: /TELEP YO 35 14 84
24/05/2020 12:21:24 Transporto a KeoH hacia Mapa35 X:14 Y:84
24/05/2020 12:21:24 Comando: /TELEP YO 35 13 83
24/05/2020 12:21:24 Transporto a KeoH hacia Mapa35 X:13 Y:83
24/05/2020 12:21:24 Comando: /TELEP YO 35 13 81
24/05/2020 12:21:24 Transporto a KeoH hacia Mapa35 X:13 Y:81
24/05/2020 12:21:24 Comando: /TELEP YO 35 13 78
24/05/2020 12:21:24 Transporto a KeoH hacia Mapa35 X:13 Y:78
24/05/2020 12:21:25 Comando: /TELEP YO 35 13 75
24/05/2020 12:21:25 Transporto a KeoH hacia Mapa35 X:13 Y:75
24/05/2020 12:21:25 Comando: /TELEP YO 35 13 73
24/05/2020 12:21:25 Transporto a KeoH hacia Mapa35 X:13 Y:73
24/05/2020 12:21:25 Comando: /TELEP YO 35 13 71
24/05/2020 12:21:25 Transporto a KeoH hacia Mapa35 X:13 Y:71
24/05/2020 12:21:25 Comando: /TELEP YO 35 13 70
24/05/2020 12:21:25 Transporto a KeoH hacia Mapa35 X:13 Y:70
24/05/2020 12:21:25 Comando: /TELEP YO 35 13 72
24/05/2020 12:21:25 Transporto a KeoH hacia Mapa35 X:13 Y:72
24/05/2020 12:21:25 Comando: /TELEP YO 35 13 74
24/05/2020 12:21:25 Transporto a KeoH hacia Mapa35 X:13 Y:74
24/05/2020 12:21:26 Comando: /TELEP YO 35 13 76
24/05/2020 12:21:26 Transporto a KeoH hacia Mapa35 X:13 Y:76
24/05/2020 12:21:26 Comando: /TELEP YO 35 13 79
24/05/2020 12:21:26 Transporto a KeoH hacia Mapa35 X:13 Y:79
24/05/2020 12:21:26 Comando: /TELEP YO 35 13 81
24/05/2020 12:21:26 Transporto a KeoH hacia Mapa35 X:13 Y:81
24/05/2020 12:21:26 Comando: /TELEP YO 35 13 83
24/05/2020 12:21:26 Transporto a KeoH hacia Mapa35 X:13 Y:83
24/05/2020 12:21:26 Comando: /TELEP YO 35 14 85
24/05/2020 12:21:26 Transporto a KeoH hacia Mapa35 X:14 Y:85
24/05/2020 12:21:27 Comando: /TELEP YO 35 14 85
24/05/2020 12:21:27 Transporto a KeoH hacia Mapa35 X:14 Y:85
24/05/2020 12:21:27 Comando: /TELEP YO 35 15 83
24/05/2020 12:21:27 Transporto a KeoH hacia Mapa35 X:15 Y:83
24/05/2020 12:21:27 Comando: /TELEP YO 35 16 81
24/05/2020 12:21:27 Transporto a KeoH hacia Mapa35 X:16 Y:81
24/05/2020 12:21:27 Comando: /TELEP YO 35 16 80
24/05/2020 12:21:27 Transporto a KeoH hacia Mapa35 X:16 Y:80
24/05/2020 12:21:27 Comando: /TELEP YO 35 16 79
24/05/2020 12:21:27 Transporto a KeoH hacia Mapa35 X:16 Y:79
24/05/2020 12:21:28 Comando: /TELEP YO 35 15 77
24/05/2020 12:21:28 Transporto a KeoH hacia Mapa35 X:15 Y:77
24/05/2020 12:21:28 Comando: /TELEP YO 35 14 75
24/05/2020 12:21:28 Transporto a KeoH hacia Mapa35 X:14 Y:75
24/05/2020 12:21:28 Comando: /TELEP YO 35 13 74
24/05/2020 12:21:28 Transporto a KeoH hacia Mapa35 X:13 Y:74
24/05/2020 12:21:28 Comando: /TELEP YO 35 12 74
24/05/2020 12:21:28 Transporto a KeoH hacia Mapa35 X:12 Y:74
24/05/2020 12:21:28 Comando: /TELEP YO 35 12 76
24/05/2020 12:21:28 Transporto a KeoH hacia Mapa35 X:12 Y:76
24/05/2020 12:21:29 Comando: /TELEP YO 35 12 77
24/05/2020 12:21:29 Transporto a KeoH hacia Mapa35 X:12 Y:77
24/05/2020 12:21:29 Comando: /TELEP YO 35 13 79
24/05/2020 12:21:29 Transporto a KeoH hacia Mapa35 X:13 Y:79
24/05/2020 12:21:29 Comando: /TELEP YO 35 14 82
24/05/2020 12:21:29 Transporto a KeoH hacia Mapa35 X:14 Y:82
24/05/2020 12:21:29 Comando: /TELEP YO 35 15 83
24/05/2020 12:21:29 Transporto a KeoH hacia Mapa35 X:15 Y:83
24/05/2020 12:21:29 Comando: /TELEP YO 35 17 84
24/05/2020 12:21:29 Transporto a KeoH hacia Mapa35 X:17 Y:84
24/05/2020 12:21:29 Comando: /TELEP YO 35 18 86
24/05/2020 12:21:29 Transporto a KeoH hacia Mapa35 X:18 Y:86
24/05/2020 12:21:30 Comando: /TELEP YO 35 17 86
24/05/2020 12:21:30 Transporto a KeoH hacia Mapa35 X:17 Y:86
24/05/2020 12:21:30 Comando: /TELEP YO 35 17 86
24/05/2020 12:21:30 Transporto a KeoH hacia Mapa35 X:17 Y:86
24/05/2020 12:21:30 Comando: /TELEP YO 35 17 85
24/05/2020 12:21:30 Transporto a KeoH hacia Mapa35 X:17 Y:85
24/05/2020 12:21:30 Comando: /TELEP YO 35 16 84
24/05/2020 12:21:30 Transporto a KeoH hacia Mapa35 X:16 Y:84
24/05/2020 12:21:30 Comando: /TELEP YO 35 15 83
24/05/2020 12:21:30 Transporto a KeoH hacia Mapa35 X:15 Y:83
24/05/2020 12:21:31 Comando: /TELEP YO 35 14 83
24/05/2020 12:21:31 Transporto a KeoH hacia Mapa35 X:14 Y:83
24/05/2020 12:21:31 Comando: /TELEP YO 35 13 81
24/05/2020 12:21:31 Transporto a KeoH hacia Mapa35 X:13 Y:81
24/05/2020 12:21:31 Comando: /TELEP YO 35 12 78
24/05/2020 12:21:31 Transporto a KeoH hacia Mapa35 X:12 Y:78
24/05/2020 12:21:31 Comando: /TELEP YO 35 11 75
24/05/2020 12:21:31 Comando: /TELEP YO 35 12 75
24/05/2020 12:21:31 Transporto a KeoH hacia Mapa35 X:12 Y:75
24/05/2020 12:21:32 Comando: /TELEP YO 35 12 72
24/05/2020 12:21:32 Transporto a KeoH hacia Mapa35 X:12 Y:72
24/05/2020 12:21:32 Comando: /TELEP YO 35 13 70
24/05/2020 12:21:32 Transporto a KeoH hacia Mapa35 X:13 Y:70
24/05/2020 12:21:32 Comando: /TELEP YO 35 13 70
24/05/2020 12:21:32 Transporto a KeoH hacia Mapa35 X:13 Y:70
24/05/2020 12:21:32 Comando: /TELEP YO 35 14 71
24/05/2020 12:21:32 Transporto a KeoH hacia Mapa35 X:14 Y:71
24/05/2020 12:21:32 Comando: /TELEP YO 35 14 74
24/05/2020 12:21:32 Transporto a KeoH hacia Mapa35 X:14 Y:74
24/05/2020 12:21:32 Comando: /TELEP YO 35 15 77
24/05/2020 12:21:32 Transporto a KeoH hacia Mapa35 X:15 Y:77
24/05/2020 12:21:33 Comando: /TELEP YO 35 16 78
24/05/2020 12:21:33 Transporto a KeoH hacia Mapa35 X:16 Y:78
24/05/2020 12:21:33 Comando: /TELEP YO 35 17 79
24/05/2020 12:21:33 Transporto a KeoH hacia Mapa35 X:17 Y:79
24/05/2020 12:21:33 Comando: /TELEP YO 35 17 80
24/05/2020 12:21:33 Transporto a KeoH hacia Mapa35 X:17 Y:80
24/05/2020 12:21:33 Comando: /TELEP YO 35 17 82
24/05/2020 12:21:33 Transporto a KeoH hacia Mapa35 X:17 Y:82
24/05/2020 12:21:33 Comando: /TELEP YO 35 17 84
24/05/2020 12:21:33 Transporto a KeoH hacia Mapa35 X:17 Y:84
24/05/2020 12:21:34 Comando: /TELEP YO 35 17 85
24/05/2020 12:21:34 Transporto a KeoH hacia Mapa35 X:17 Y:85
24/05/2020 12:21:34 Comando: /TELEP YO 35 17 85
24/05/2020 12:21:34 Transporto a KeoH hacia Mapa35 X:17 Y:85
24/05/2020 12:21:34 Comando: /TELEP YO 35 16 82
24/05/2020 12:21:34 Transporto a KeoH hacia Mapa35 X:16 Y:82
24/05/2020 12:21:34 Comando: /TELEP YO 35 15 81
24/05/2020 12:21:34 Transporto a KeoH hacia Mapa35 X:15 Y:81
24/05/2020 12:21:34 Comando: /TELEP YO 35 14 80
24/05/2020 12:21:34 Transporto a KeoH hacia Mapa35 X:14 Y:80
24/05/2020 12:29:29 Se conecto con ip:127.0.0.1Hora: 24/05/2020 12:29:29
24/05/2020 12:29:41 Comando: /TELEP YO 34 26 39
24/05/2020 12:29:41 Transporto a KeoH hacia Mapa34 X:26 Y:39
24/05/2020 12:29:42 Comando: /TELEP YO 34 26 33
24/05/2020 12:29:42 Transporto a KeoH hacia Mapa34 X:26 Y:33
24/05/2020 12:29:43 Comando: /TELEP YO 34 26 26
24/05/2020 12:29:43 Transporto a KeoH hacia Mapa34 X:26 Y:26
24/05/2020 12:29:44 Comando: /TELEP YO 34 26 20
24/05/2020 12:29:44 Transporto a KeoH hacia Mapa34 X:26 Y:20
24/05/2020 12:29:45 Comando: /TELEP YO 34 26 16
24/05/2020 12:29:45 Transporto a KeoH hacia Mapa34 X:26 Y:16
24/05/2020 12:32:29 Comando: /TELEP YO 35 12 76
24/05/2020 12:32:29 Transporto a KeoH hacia Mapa35 X:12 Y:76
24/05/2020 12:32:30 Comando: /TELEP YO 35 12 78
24/05/2020 12:32:30 Transporto a KeoH hacia Mapa35 X:12 Y:78
24/05/2020 12:32:31 Comando: /TELEP YO 35 13 78
24/05/2020 12:32:31 Transporto a KeoH hacia Mapa35 X:13 Y:78
24/05/2020 12:32:31 Comando: /TELEP YO 35 14 76
24/05/2020 12:32:31 Transporto a KeoH hacia Mapa35 X:14 Y:76
24/05/2020 12:32:31 Comando: /TELEP YO 35 15 74
24/05/2020 12:32:31 Transporto a KeoH hacia Mapa35 X:15 Y:74
24/05/2020 12:32:31 Comando: /TELEP YO 35 15 74
24/05/2020 12:32:31 Transporto a KeoH hacia Mapa35 X:15 Y:74
24/05/2020 12:32:31 Comando: /TELEP YO 35 15 74
24/05/2020 12:32:31 Transporto a KeoH hacia Mapa35 X:15 Y:74
24/05/2020 12:32:31 Comando: /TELEP YO 35 14 74
24/05/2020 12:32:31 Transporto a KeoH hacia Mapa35 X:14 Y:74
24/05/2020 12:32:32 Comando: /TELEP YO 35 13 73
24/05/2020 12:32:32 Transporto a KeoH hacia Mapa35 X:13 Y:73
24/05/2020 12:32:32 Comando: /TELEP YO 35 12 74
24/05/2020 12:32:32 Transporto a KeoH hacia Mapa35 X:12 Y:74
24/05/2020 12:32:32 Comando: /TELEP YO 35 12 75
24/05/2020 12:32:32 Transporto a KeoH hacia Mapa35 X:12 Y:75
24/05/2020 12:32:32 Comando: /TELEP YO 35 12 76
24/05/2020 12:32:32 Transporto a KeoH hacia Mapa35 X:12 Y:76
24/05/2020 12:32:32 Comando: /TELEP YO 35 12 78
24/05/2020 12:32:32 Transporto a KeoH hacia Mapa35 X:12 Y:78
24/05/2020 12:32:32 Comando: /TELEP YO 35 12 79
24/05/2020 12:32:32 Transporto a KeoH hacia Mapa35 X:12 Y:79
24/05/2020 12:32:33 Comando: /TELEP YO 35 13 79
24/05/2020 12:32:33 Transporto a KeoH hacia Mapa35 X:13 Y:79
24/05/2020 12:32:33 Comando: /TELEP YO 35 14 79
24/05/2020 12:32:33 Transporto a KeoH hacia Mapa35 X:14 Y:79
24/05/2020 12:32:33 Comando: /TELEP YO 35 14 79
24/05/2020 12:32:33 Transporto a KeoH hacia Mapa35 X:14 Y:79
24/05/2020 12:32:33 Comando: /TELEP YO 35 14 78
24/05/2020 12:32:33 Transporto a KeoH hacia Mapa35 X:14 Y:78
24/05/2020 12:32:34 Comando: /TELEP YO 35 14 76
24/05/2020 12:32:34 Transporto a KeoH hacia Mapa35 X:14 Y:76
24/05/2020 12:32:34 Comando: /TELEP YO 35 14 75
24/05/2020 12:32:34 Transporto a KeoH hacia Mapa35 X:14 Y:75
24/05/2020 12:32:34 Comando: /TELEP YO 35 14 75
24/05/2020 12:32:34 Transporto a KeoH hacia Mapa35 X:14 Y:75
24/05/2020 12:32:34 Comando: /TELEP YO 35 14 76
24/05/2020 12:32:34 Transporto a KeoH hacia Mapa35 X:14 Y:76
24/05/2020 12:32:34 Comando: /TELEP YO 35 13 77
24/05/2020 12:32:34 Transporto a KeoH hacia Mapa35 X:13 Y:77
24/05/2020 12:32:35 Comando: /TELEP YO 35 13 79
24/05/2020 12:32:35 Transporto a KeoH hacia Mapa35 X:13 Y:79
24/05/2020 12:32:35 Comando: /TELEP YO 35 12 79
24/05/2020 12:32:35 Transporto a KeoH hacia Mapa35 X:12 Y:79
24/05/2020 12:32:35 Comando: /TELEP YO 35 11 78
24/05/2020 12:32:35 Comando: /TELEP YO 35 11 77
24/05/2020 12:32:36 Comando: /TELEP YO 35 11 77
24/05/2020 12:32:36 Comando: /TELEP YO 35 12 75
24/05/2020 12:32:36 Transporto a KeoH hacia Mapa35 X:12 Y:75
24/05/2020 12:32:36 Comando: /TELEP YO 35 12 74
24/05/2020 12:32:36 Transporto a KeoH hacia Mapa35 X:12 Y:74
24/05/2020 12:32:36 Comando: /TELEP YO 35 12 75
24/05/2020 12:32:36 Transporto a KeoH hacia Mapa35 X:12 Y:75
24/05/2020 12:32:37 Comando: /TELEP YO 35 12 75
24/05/2020 12:32:37 Transporto a KeoH hacia Mapa35 X:12 Y:75
24/05/2020 12:32:37 Comando: /TELEP YO 35 12 79
24/05/2020 12:32:37 Transporto a KeoH hacia Mapa35 X:12 Y:79
24/05/2020 12:32:37 Comando: /TELEP YO 35 12 83
24/05/2020 12:32:37 Transporto a KeoH hacia Mapa35 X:12 Y:83
24/05/2020 12:32:37 Comando: /TELEP YO 35 12 85
24/05/2020 12:32:37 Transporto a KeoH hacia Mapa35 X:12 Y:85
24/05/2020 13:13:53 Se conecto con ip:127.0.0.1Hora: 24/05/2020 13:13:52
24/05/2020 13:14:02 Se conecto con ip:127.0.0.1Hora: 24/05/2020 13:14:02
24/05/2020 13:48:11 Se conecto con ip:127.0.0.1Hora: 24/05/2020 13:48:11
24/05/2020 13:48:24 Comando: /telep yo 47 61 20
24/05/2020 13:48:24 Transporto a KeoH hacia Mapa47 X:61 Y:20
24/05/2020 13:48:32 Comando: /TELEP YO 47 60 21
24/05/2020 13:48:32 Transporto a KeoH hacia Mapa47 X:60 Y:21
24/05/2020 13:51:08 Comando: /TELEP YO 47 61 21
24/05/2020 13:51:08 Transporto a KeoH hacia Mapa47 X:61 Y:21
24/05/2020 13:51:09 Comando: /TELEP YO 47 60 22
24/05/2020 13:51:09 Transporto a KeoH hacia Mapa47 X:60 Y:22
24/05/2020 13:51:11 Se conecto con ip:127.0.0.1Hora: 24/05/2020 13:51:11
24/05/2020 13:51:19 Comando: /TELEP YO 47 61 22
24/05/2020 13:51:19 Transporto a KeoH hacia Mapa47 X:61 Y:22
24/05/2020 13:51:24 Comando: /TELEP YO 47 62 21
24/05/2020 13:51:24 Transporto a KeoH hacia Mapa47 X:62 Y:21
24/05/2020 13:54:50 Se conecto con ip:127.0.0.1Hora: 24/05/2020 13:54:50
24/05/2020 13:55:55 Se conecto con ip:127.0.0.1Hora: 24/05/2020 13:55:55
24/05/2020 13:56:51 Se conecto con ip:127.0.0.1Hora: 24/05/2020 13:56:51
24/05/2020 13:57:08 Comando: /TELEP YO 47 60 20
24/05/2020 13:57:08 Transporto a KeoH hacia Mapa47 X:60 Y:20
24/05/2020 13:57:09 Comando: /TELEP YO 47 61 21
24/05/2020 13:57:09 Transporto a KeoH hacia Mapa47 X:61 Y:21
24/05/2020 13:57:10 Comando: /TELEP YO 47 62 21
24/05/2020 13:57:10 Transporto a KeoH hacia Mapa47 X:62 Y:21
24/05/2020 13:59:03 Se conecto con ip:127.0.0.1Hora: 24/05/2020 13:59:03
24/05/2020 13:59:08 Comando: /TELEP YO 47 60 23
24/05/2020 13:59:08 Transporto a KeoH hacia Mapa47 X:60 Y:23
24/05/2020 14:00:39 Se conecto con ip:127.0.0.1Hora: 24/05/2020 14:00:39
24/05/2020 14:08:28 Se conecto con ip:127.0.0.1Hora: 24/05/2020 14:08:28
24/05/2020 14:09:14 Se conecto con ip:127.0.0.1Hora: 24/05/2020 14:09:14
24/05/2020 14:11:48 Se conecto con ip:127.0.0.1Hora: 24/05/2020 14:11:48
24/05/2020 14:13:07 Se conecto con ip:127.0.0.1Hora: 24/05/2020 14:13:07
26/05/2020 14:10:25 Se conecto con ip:127.0.0.1Hora: 26/05/2020 14:10:25
26/05/2020 14:36:47 Se conecto con ip:127.0.0.1Hora: 26/05/2020 14:36:47
26/05/2020 14:36:58 Comando: /acc 104
26/05/2020 14:37:02 Comando: /acc 105
26/05/2020 14:37:06 Comando: /acc 105
26/05/2020 14:37:10 Comando: /acc 106
26/05/2020 14:37:16 Comando: /mata
26/05/2020 14:37:21 Comando: /mata
26/05/2020 14:37:24 Comando: /acc 107
26/05/2020 14:37:29 Comando: /Acc 111
26/05/2020 15:33:53 Se conecto con ip:127.0.0.1Hora: 26/05/2020 15:33:53
