11/03/2020 3:10:30 Se conecto con ip:186.168.155.147Hora: 11/03/2020 3:10:30
11/03/2020 3:10:40 Comando: /TELEP YO 157 70 42
11/03/2020 3:10:40 Transporto a nizu hacia Mapa157 X:70 Y:42
11/03/2020 3:10:40 Comando: /TELEP YO 157 66 42
11/03/2020 3:10:40 Transporto a nizu hacia Mapa157 X:66 Y:42
11/03/2020 3:10:40 Comando: /TELEP YO 157 64 42
11/03/2020 3:10:40 Transporto a nizu hacia Mapa157 X:64 Y:42
11/03/2020 3:10:40 Comando: /TELEP YO 157 62 42
11/03/2020 3:10:40 Transporto a nizu hacia Mapa157 X:62 Y:42
11/03/2020 3:10:41 Comando: /TELEP YO 157 66 46
11/03/2020 3:10:41 Transporto a nizu hacia Mapa157 X:66 Y:46
11/03/2020 3:10:41 Comando: /TELEP YO 157 63 50
11/03/2020 3:10:41 Transporto a nizu hacia Mapa157 X:63 Y:50
11/03/2020 3:10:41 Comando: /TELEP YO 157 63 50
11/03/2020 3:10:41 Transporto a nizu hacia Mapa157 X:63 Y:50
11/03/2020 3:10:43 Comando: /TELEP YO 157 65 54
11/03/2020 3:10:43 Transporto a nizu hacia Mapa157 X:65 Y:54
11/03/2020 3:10:43 Comando: /TELEP YO 157 70 59
11/03/2020 3:10:43 Transporto a nizu hacia Mapa157 X:70 Y:59
11/03/2020 3:10:45 Comando: /TELEP YO 157 68 55
11/03/2020 3:10:45 Transporto a nizu hacia Mapa157 X:68 Y:55
11/03/2020 3:10:45 Comando: /TELEP YO 157 68 56
11/03/2020 3:10:45 Transporto a nizu hacia Mapa157 X:68 Y:56
11/03/2020 3:10:46 Comando: /TELEP YO 157 61 54
11/03/2020 3:10:46 Transporto a nizu hacia Mapa157 X:61 Y:54
11/03/2020 3:11:02 Comando: /TELEP YO 157 61 58
11/03/2020 3:11:02 Transporto a nizu hacia Mapa157 X:61 Y:58
11/03/2020 3:11:03 Comando: /TELEP YO 157 68 60
11/03/2020 3:11:03 Transporto a nizu hacia Mapa157 X:68 Y:60
11/03/2020 3:11:04 Comando: /TELEP YO 157 74 60
11/03/2020 3:11:04 Transporto a nizu hacia Mapa157 X:74 Y:60
11/03/2020 3:12:50 Comando: /mod nizu oro 9999999
11/03/2020 3:12:53 Comando: /TELEP YO 157 78 65
11/03/2020 3:12:53 Transporto a nizu hacia Mapa157 X:78 Y:65
11/03/2020 3:12:54 Comando: /TELEP YO 157 78 65
11/03/2020 3:12:54 Transporto a nizu hacia Mapa157 X:78 Y:65
11/03/2020 3:12:54 Comando: /TELEP YO 157 78 63
11/03/2020 3:12:54 Transporto a nizu hacia Mapa157 X:78 Y:63
11/03/2020 3:13:09 Comando: /mod nizu nivel 55
11/03/2020 3:13:55 Dijo: asd
11/03/2020 3:16:48 Tiro cantidad:10000 Objeto:Monedas de oro
11/03/2020 3:16:48 Tiro cantidad:10000 Objeto:Monedas de oro
11/03/2020 3:16:48 Tiro cantidad:10000 Objeto:Monedas de oro
11/03/2020 3:16:48 Tiro cantidad:10000 Objeto:Monedas de oro
11/03/2020 3:16:48 Tiro cantidad:10000 Objeto:Monedas de oro
11/03/2020 3:16:48 Tiro cantidad:10000 Objeto:Monedas de oro
11/03/2020 3:16:48 Tiro cantidad:10000 Objeto:Monedas de oro
11/03/2020 3:16:48 Tiro cantidad:10000 Objeto:Monedas de oro
11/03/2020 3:16:48 Tiro cantidad:10000 Objeto:Monedas de oro
11/03/2020 3:16:48 Tiro cantidad:10000 Objeto:Monedas de oro
11/03/2020 3:16:58 Comando: /mod nizu oro 99999999
11/03/2020 3:17:44  tiró 1 Inmovilizar
11/03/2020 3:18:15 Comando: /TELEP YO 34 23 50
11/03/2020 3:18:15 Transporto a nizu hacia Mapa34 X:23 Y:50
11/03/2020 3:18:18 Comando: /TELEP YO 34 20 46
11/03/2020 3:18:18 Transporto a nizu hacia Mapa34 X:20 Y:46
11/03/2020 3:18:23 Comando: /TELEP YO 34 20 39
11/03/2020 3:18:23 Transporto a nizu hacia Mapa34 X:20 Y:39
11/03/2020 3:18:23 Comando: /TELEP YO 34 16 39
11/03/2020 3:18:23 Transporto a nizu hacia Mapa34 X:16 Y:39
11/03/2020 3:18:24 Comando: /TELEP YO 34 17 39
11/03/2020 3:18:24 Transporto a nizu hacia Mapa34 X:17 Y:39
11/03/2020 3:18:24 Comando: /TELEP YO 34 18 40
11/03/2020 3:18:24 Transporto a nizu hacia Mapa34 X:18 Y:40
11/03/2020 3:18:25 Comando: /TELEP YO 34 16 36
11/03/2020 3:18:25 Transporto a nizu hacia Mapa34 X:16 Y:36
11/03/2020 3:18:25 Comando: /TELEP YO 34 14 36
11/03/2020 3:18:25 Transporto a nizu hacia Mapa34 X:14 Y:36
11/03/2020 3:18:25 Comando: /TELEP YO 34 15 32
11/03/2020 3:18:25 Transporto a nizu hacia Mapa34 X:15 Y:32
11/03/2020 3:18:26 Comando: /TELEP YO 34 15 30
11/03/2020 3:18:26 Transporto a nizu hacia Mapa34 X:15 Y:30
11/03/2020 3:18:32 Comando: /TELEP YO 34 15 33
11/03/2020 3:18:32 Transporto a nizu hacia Mapa34 X:15 Y:33
11/03/2020 3:18:54 Comando: /TELEP YO 34 18 31
11/03/2020 3:18:54 Transporto a nizu hacia Mapa34 X:18 Y:31
11/03/2020 3:18:55 Comando: /TELEP YO 34 19 31
11/03/2020 3:18:55 Transporto a nizu hacia Mapa34 X:19 Y:31
11/03/2020 3:18:55 Comando: /TELEP YO 34 24 28
11/03/2020 3:18:55 Transporto a nizu hacia Mapa34 X:24 Y:28
11/03/2020 3:18:55 Comando: /TELEP YO 34 24 29
11/03/2020 3:18:55 Transporto a nizu hacia Mapa34 X:24 Y:29
11/03/2020 3:18:55 Comando: /TELEP YO 34 22 27
11/03/2020 3:18:55 Transporto a nizu hacia Mapa34 X:22 Y:27
11/03/2020 3:18:56 Comando: /TELEP YO 34 28 24
11/03/2020 3:18:56 Transporto a nizu hacia Mapa34 X:28 Y:24
11/03/2020 3:18:56 Comando: /TELEP YO 34 29 27
11/03/2020 3:18:56 Transporto a nizu hacia Mapa34 X:29 Y:27
11/03/2020 3:18:56 Comando: /TELEP YO 34 33 22
11/03/2020 3:18:56 Transporto a nizu hacia Mapa34 X:33 Y:22
11/03/2020 3:18:56 Comando: /TELEP YO 34 33 22
11/03/2020 3:18:56 Transporto a nizu hacia Mapa34 X:33 Y:22
11/03/2020 3:18:58 Comando: /TELEP YO 34 38 22
11/03/2020 3:18:58 Transporto a nizu hacia Mapa34 X:38 Y:22
11/03/2020 3:18:58 Comando: /TELEP YO 34 38 22
11/03/2020 3:18:58 Transporto a nizu hacia Mapa34 X:38 Y:22
11/03/2020 3:19:06 Comando: /panelgm
11/03/2020 3:19:42 Comando: /IRA nizu
11/03/2020 3:19:42 /IRA nizu Mapa:34 X:38 Y:
11/03/2020 3:20:14 Comando: /telep PaneldeGM 82 52 32
11/03/2020 3:21:25 Comando: /mod nizu nivel 50
11/03/2020 3:21:32 Se conecto con ip:186.168.155.147Hora: 11/03/2020 3:21:32
11/03/2020 3:21:35 Comando: /TELEP YO 47 68 21
11/03/2020 3:21:35 Transporto a nizu hacia Mapa47 X:68 Y:21
11/03/2020 3:21:35 Comando: /TELEP YO 47 68 22
11/03/2020 3:21:35 Transporto a nizu hacia Mapa47 X:68 Y:22
11/03/2020 3:21:35 Comando: /TELEP YO 47 68 22
11/03/2020 3:21:35 Transporto a nizu hacia Mapa47 X:68 Y:22
11/03/2020 3:21:36 Comando: /TELEP YO 47 68 26
11/03/2020 3:21:36 Transporto a nizu hacia Mapa47 X:68 Y:26
11/03/2020 3:21:36 Comando: /TELEP YO 47 68 26
11/03/2020 3:21:36 Transporto a nizu hacia Mapa47 X:68 Y:26
11/03/2020 3:21:36 Comando: /TELEP YO 47 67 30
11/03/2020 3:21:36 Transporto a nizu hacia Mapa47 X:67 Y:30
11/03/2020 3:21:36 Comando: /TELEP YO 47 65 30
11/03/2020 3:21:36 Transporto a nizu hacia Mapa47 X:65 Y:30
11/03/2020 3:21:37 Comando: /TELEP YO 47 63 33
11/03/2020 3:21:37 Transporto a nizu hacia Mapa47 X:63 Y:33
11/03/2020 3:21:37 Comando: /TELEP YO 47 61 31
11/03/2020 3:21:37 Transporto a nizu hacia Mapa47 X:61 Y:31
11/03/2020 3:21:37 Comando: /TELEP YO 47 59 29
11/03/2020 3:21:37 Transporto a nizu hacia Mapa47 X:59 Y:29
11/03/2020 3:21:37 Comando: /TELEP YO 47 55 30
11/03/2020 3:21:37 Transporto a nizu hacia Mapa47 X:55 Y:30
11/03/2020 3:21:37 Comando: /TELEP YO 47 54 26
11/03/2020 3:21:37 Transporto a nizu hacia Mapa47 X:54 Y:26
11/03/2020 3:21:38 Comando: /TELEP YO 47 50 27
11/03/2020 3:21:38 Transporto a nizu hacia Mapa47 X:50 Y:27
11/03/2020 3:21:38 Comando: /TELEP YO 47 46 24
11/03/2020 3:21:38 Transporto a nizu hacia Mapa47 X:46 Y:24
11/03/2020 3:21:39 Comando: /TELEP YO 47 44 20
11/03/2020 3:21:39 Transporto a nizu hacia Mapa47 X:44 Y:20
11/03/2020 3:21:39 Comando: /TELEP YO 47 46 17
11/03/2020 3:21:39 Transporto a nizu hacia Mapa47 X:46 Y:17
11/03/2020 3:21:40 Comando: /TELEP YO 47 40 20
11/03/2020 3:21:40 Transporto a nizu hacia Mapa47 X:40 Y:20
11/03/2020 3:21:40 Comando: /TELEP YO 47 41 18
11/03/2020 3:21:40 Transporto a nizu hacia Mapa47 X:41 Y:18
11/03/2020 3:21:41 Comando: /TELEP YO 47 37 20
11/03/2020 3:21:41 Transporto a nizu hacia Mapa47 X:37 Y:20
11/03/2020 3:21:41 Comando: /TELEP YO 47 37 21
11/03/2020 3:21:41 Transporto a nizu hacia Mapa47 X:37 Y:21
11/03/2020 3:22:23 Comando: /TELEP YO 47 33 26
11/03/2020 3:22:23 Transporto a nizu hacia Mapa47 X:33 Y:26
11/03/2020 3:22:23 Comando: /TELEP YO 47 31 27
11/03/2020 3:22:23 Transporto a nizu hacia Mapa47 X:31 Y:27
11/03/2020 3:22:23 Comando: /TELEP YO 47 30 28
11/03/2020 3:22:23 Transporto a nizu hacia Mapa47 X:30 Y:28
11/03/2020 3:22:24 Comando: /TELEP YO 47 27 30
11/03/2020 3:22:24 Transporto a nizu hacia Mapa47 X:27 Y:30
11/03/2020 3:22:24 Comando: /TELEP YO 47 22 29
11/03/2020 3:22:24 Transporto a nizu hacia Mapa47 X:22 Y:29
11/03/2020 3:22:30 Comando: /TELEP YO 47 25 33
11/03/2020 3:22:30 Transporto a nizu hacia Mapa47 X:25 Y:33
11/03/2020 3:22:30 Comando: /TELEP YO 47 28 37
11/03/2020 3:22:30 Transporto a nizu hacia Mapa47 X:28 Y:37
11/03/2020 3:22:30 Comando: /TELEP YO 47 29 42
11/03/2020 3:22:30 Transporto a nizu hacia Mapa47 X:29 Y:42
11/03/2020 3:22:31 Comando: /TELEP YO 47 26 41
11/03/2020 3:22:31 Transporto a nizu hacia Mapa47 X:26 Y:41
11/03/2020 3:22:31 Comando: /TELEP YO 47 26 45
11/03/2020 3:22:31 Transporto a nizu hacia Mapa47 X:26 Y:45
11/03/2020 3:22:31 Comando: /TELEP YO 47 26 44
11/03/2020 3:22:31 Transporto a nizu hacia Mapa47 X:26 Y:44
11/03/2020 3:22:31 Comando: /TELEP YO 47 26 43
11/03/2020 3:22:31 Transporto a nizu hacia Mapa47 X:26 Y:43
11/03/2020 3:22:32 Comando: /TELEP YO 47 26 43
11/03/2020 3:22:32 Transporto a nizu hacia Mapa47 X:26 Y:43
11/03/2020 3:22:32 Comando: /TELEP YO 47 25 45
11/03/2020 3:22:32 Transporto a nizu hacia Mapa47 X:25 Y:45
11/03/2020 3:22:32 Comando: /TELEP YO 47 28 46
11/03/2020 3:22:32 Transporto a nizu hacia Mapa47 X:28 Y:46
11/03/2020 3:22:32 Comando: /TELEP YO 47 27 48
11/03/2020 3:22:32 Transporto a nizu hacia Mapa47 X:27 Y:48
11/03/2020 3:22:32 Comando: /TELEP YO 47 27 49
11/03/2020 3:22:32 Transporto a nizu hacia Mapa47 X:27 Y:49
11/03/2020 3:22:33 Comando: /TELEP YO 47 30 50
11/03/2020 3:22:33 Transporto a nizu hacia Mapa47 X:30 Y:50
11/03/2020 3:22:33 Comando: /TELEP YO 47 33 49
11/03/2020 3:22:33 Transporto a nizu hacia Mapa47 X:33 Y:49
11/03/2020 3:22:33 Comando: /TELEP YO 47 33 52
11/03/2020 3:22:33 Transporto a nizu hacia Mapa47 X:33 Y:52
11/03/2020 3:22:33 Comando: /TELEP YO 47 36 53
11/03/2020 3:22:33 Transporto a nizu hacia Mapa47 X:36 Y:53
11/03/2020 3:22:33 Comando: /TELEP YO 47 37 50
11/03/2020 3:22:33 Transporto a nizu hacia Mapa47 X:37 Y:50
11/03/2020 3:22:34 Comando: /TELEP YO 47 41 54
11/03/2020 3:22:34 Transporto a nizu hacia Mapa47 X:41 Y:54
11/03/2020 3:22:34 Comando: /TELEP YO 47 43 51
11/03/2020 3:22:34 Transporto a nizu hacia Mapa47 X:43 Y:51
11/03/2020 3:22:34 Comando: /TELEP YO 47 42 48
11/03/2020 3:22:34 Transporto a nizu hacia Mapa47 X:42 Y:48
11/03/2020 3:22:34 Comando: /TELEP YO 47 43 50
11/03/2020 3:22:34 Transporto a nizu hacia Mapa47 X:43 Y:50
11/03/2020 3:22:35 Comando: /TELEP YO 47 47 53
11/03/2020 3:22:35 Transporto a nizu hacia Mapa47 X:47 Y:53
11/03/2020 3:22:39 Comando: /TELEP YO 47 52 48
11/03/2020 3:22:39 Transporto a nizu hacia Mapa47 X:52 Y:48
11/03/2020 3:22:39 Comando: /TELEP YO 47 53 50
11/03/2020 3:22:39 Transporto a nizu hacia Mapa47 X:53 Y:50
11/03/2020 3:22:40 Comando: /TELEP YO 47 54 51
11/03/2020 3:22:40 Transporto a nizu hacia Mapa47 X:54 Y:51
11/03/2020 3:22:40 Comando: /TELEP YO 47 53 52
11/03/2020 3:22:40 Transporto a nizu hacia Mapa47 X:53 Y:52
11/03/2020 3:22:40 Comando: /TELEP YO 47 60 49
11/03/2020 3:22:40 Transporto a nizu hacia Mapa47 X:60 Y:49
11/03/2020 3:22:40 Comando: /TELEP YO 47 58 50
11/03/2020 3:22:40 Transporto a nizu hacia Mapa47 X:58 Y:50
11/03/2020 3:22:41 Comando: /TELEP YO 47 63 48
11/03/2020 3:22:41 Transporto a nizu hacia Mapa47 X:63 Y:48
11/03/2020 3:22:41 Comando: /TELEP YO 47 67 45
11/03/2020 3:22:41 Transporto a nizu hacia Mapa47 X:67 Y:45
11/03/2020 3:22:41 Comando: /TELEP YO 47 66 44
11/03/2020 3:22:41 Transporto a nizu hacia Mapa47 X:66 Y:44
11/03/2020 3:22:42 Comando: /TELEP YO 47 69 42
11/03/2020 3:22:42 Transporto a nizu hacia Mapa47 X:69 Y:42
11/03/2020 3:22:42 Comando: /TELEP YO 47 68 41
11/03/2020 3:22:42 Transporto a nizu hacia Mapa47 X:68 Y:41
11/03/2020 3:22:42 Comando: /TELEP YO 47 67 38
11/03/2020 3:22:42 Transporto a nizu hacia Mapa47 X:67 Y:38
11/03/2020 3:22:43 Comando: /TELEP YO 47 64 37
11/03/2020 3:22:43 Transporto a nizu hacia Mapa47 X:64 Y:37
11/03/2020 3:22:43 Comando: /TELEP YO 47 64 36
11/03/2020 3:22:43 Transporto a nizu hacia Mapa47 X:64 Y:36
11/03/2020 3:22:43 Comando: /TELEP YO 47 62 31
11/03/2020 3:22:43 Transporto a nizu hacia Mapa47 X:62 Y:31
11/03/2020 3:22:44 Comando: /TELEP YO 47 64 32
11/03/2020 3:22:44 Transporto a nizu hacia Mapa47 X:64 Y:32
11/03/2020 3:22:44 Comando: /TELEP YO 47 64 32
11/03/2020 3:22:44 Transporto a nizu hacia Mapa47 X:64 Y:32
11/03/2020 3:22:44 Comando: /TELEP YO 47 65 27
11/03/2020 3:22:44 Transporto a nizu hacia Mapa47 X:65 Y:27
11/03/2020 3:22:44 Comando: /TELEP YO 47 65 28
11/03/2020 3:22:44 Transporto a nizu hacia Mapa47 X:65 Y:28
11/03/2020 3:22:45 Comando: /TELEP YO 47 65 28
11/03/2020 3:22:45 Transporto a nizu hacia Mapa47 X:65 Y:28
11/03/2020 3:22:45 Comando: /TELEP YO 47 67 25
11/03/2020 3:22:45 Transporto a nizu hacia Mapa47 X:67 Y:25
11/03/2020 3:22:45 Comando: /TELEP YO 47 67 25
11/03/2020 3:22:45 Transporto a nizu hacia Mapa47 X:67 Y:25
11/03/2020 3:22:45 Comando: /TELEP YO 47 67 25
11/03/2020 3:22:45 Transporto a nizu hacia Mapa47 X:67 Y:25
11/03/2020 3:22:46 Comando: /TELEP YO 47 64 25
11/03/2020 3:22:46 Transporto a nizu hacia Mapa47 X:64 Y:25
11/03/2020 3:22:46 Comando: /TELEP YO 47 65 21
11/03/2020 3:22:46 Transporto a nizu hacia Mapa47 X:65 Y:21
11/03/2020 3:22:46 Comando: /TELEP YO 47 64 21
11/03/2020 3:22:46 Transporto a nizu hacia Mapa47 X:64 Y:21
11/03/2020 3:22:46 Comando: /TELEP YO 47 63 21
11/03/2020 3:22:46 Transporto a nizu hacia Mapa47 X:63 Y:21
11/03/2020 3:22:47 Comando: /TELEP YO 47 59 17
11/03/2020 3:22:47 Transporto a nizu hacia Mapa47 X:59 Y:17
11/03/2020 3:22:51 Comando: /TELEP YO 47 62 17
11/03/2020 3:22:51 Transporto a nizu hacia Mapa47 X:62 Y:17
11/03/2020 3:22:52 Comando: /TELEP YO 34 35 50
11/03/2020 3:22:52 Transporto a nizu hacia Mapa34 X:35 Y:50
11/03/2020 3:22:52 Comando: /TELEP YO 34 34 49
11/03/2020 3:22:52 Transporto a nizu hacia Mapa34 X:34 Y:49
11/03/2020 3:22:53 Comando: /TELEP YO 34 31 53
11/03/2020 3:22:53 Transporto a nizu hacia Mapa34 X:31 Y:53
11/03/2020 3:22:54 Comando: /TELEP YO 34 31 54
11/03/2020 3:22:54 Transporto a nizu hacia Mapa34 X:31 Y:54
11/03/2020 3:23:21 Comando: /TELEP YO 34 27 52
11/03/2020 3:23:21 Transporto a nizu hacia Mapa34 X:27 Y:52
11/03/2020 3:23:33 Comando: /TELEP YO 34 32 48
11/03/2020 3:23:33 Transporto a nizu hacia Mapa34 X:32 Y:48
11/03/2020 3:23:34 Comando: /TELEP YO 34 38 45
11/03/2020 3:23:34 Transporto a nizu hacia Mapa34 X:38 Y:45
11/03/2020 3:23:38 Comando: /panelgm
11/03/2020 3:24:41 Comando: /ci 1000
11/03/2020 3:24:50 Comando: /ci 780 1
11/03/2020 3:24:50 Creo: 1 Cartel
11/03/2020 3:24:56  tiró 1 Cartel
11/03/2020 3:25:19 Comando: /ci 200 1
11/03/2020 3:25:19 Creo: 1 Curar veneno
11/03/2020 3:25:31 Comando: /ci 500 1
11/03/2020 3:25:31 Creo: 1 Armadura Bruñida (Enanos/Gnomos)
11/03/2020 3:25:35  tiró 1 Armadura Bruñida (Enanos/Gnomos)
11/03/2020 3:25:41 Comando: /ci 800 1
11/03/2020 3:25:41 Creo: 1 Túnica Azul Estrella
11/03/2020 3:25:54 Comando: /ci 1000 1
11/03/2020 3:25:54 Creo: 1 Lampara fuego
11/03/2020 3:26:04  tiró 1 Lampara fuego
11/03/2020 3:26:06 Agarro:1 Objeto:Lampara fuego
11/03/2020 3:26:53 Se conecto con ip:186.168.155.147Hora: 11/03/2020 3:26:53
11/03/2020 3:26:57 Comando: /TELEP YO 47 61 24
11/03/2020 3:26:57 Transporto a nizu hacia Mapa47 X:61 Y:24
11/03/2020 3:26:58 Comando: /TELEP YO 47 64 25
11/03/2020 3:26:58 Transporto a nizu hacia Mapa47 X:64 Y:25
11/03/2020 3:27:00 Comando: /TELEP YO 47 68 26
11/03/2020 3:27:00 Transporto a nizu hacia Mapa47 X:68 Y:26
11/03/2020 3:27:06 Comando: /LLUVIA
11/03/2020 3:27:30 Comando: /lluvia
11/03/2020 3:27:36 Comando: /TELEP YO 47 69 28
11/03/2020 3:27:36 Transporto a nizu hacia Mapa47 X:69 Y:28
11/03/2020 3:27:37 Comando: /TELEP YO 47 66 28
11/03/2020 3:27:37 Transporto a nizu hacia Mapa47 X:66 Y:28
11/03/2020 3:27:37 Comando: /TELEP YO 47 63 31
11/03/2020 3:27:37 Transporto a nizu hacia Mapa47 X:63 Y:31
11/03/2020 3:27:38 Comando: /TELEP YO 47 61 35
11/03/2020 3:27:38 Transporto a nizu hacia Mapa47 X:61 Y:35
11/03/2020 3:27:38 Comando: /TELEP YO 47 63 35
11/03/2020 3:27:38 Transporto a nizu hacia Mapa47 X:63 Y:35
11/03/2020 3:27:38 Comando: /TELEP YO 47 63 39
11/03/2020 3:27:38 Transporto a nizu hacia Mapa47 X:63 Y:39
11/03/2020 3:27:39 Comando: /TELEP YO 47 66 41
11/03/2020 3:27:39 Transporto a nizu hacia Mapa47 X:66 Y:41
11/03/2020 3:27:40 Comando: /TELEP YO 47 69 43
11/03/2020 3:27:40 Transporto a nizu hacia Mapa47 X:69 Y:43
11/03/2020 3:27:40 Comando: /TELEP YO 47 70 40
11/03/2020 3:27:40 Transporto a nizu hacia Mapa47 X:70 Y:40
11/03/2020 3:27:41 Comando: /TELEP YO 47 73 42
11/03/2020 3:27:41 Transporto a nizu hacia Mapa47 X:73 Y:42
11/03/2020 3:27:41 Comando: /TELEP YO 47 74 39
11/03/2020 3:27:41 Transporto a nizu hacia Mapa47 X:74 Y:39
11/03/2020 3:27:42 Comando: /TELEP YO 47 74 34
11/03/2020 3:27:42 Transporto a nizu hacia Mapa47 X:74 Y:34
11/03/2020 3:27:43 Comando: /TELEP YO 47 74 34
11/03/2020 3:27:43 Transporto a nizu hacia Mapa47 X:74 Y:34
11/03/2020 3:27:43 Comando: /TELEP YO 47 74 35
11/03/2020 3:27:43 Transporto a nizu hacia Mapa47 X:74 Y:35
11/03/2020 3:27:44 Comando: /TELEP YO 47 72 32
11/03/2020 3:27:44 Transporto a nizu hacia Mapa47 X:72 Y:32
11/03/2020 3:27:44 Comando: /TELEP YO 47 71 31
11/03/2020 3:27:44 Transporto a nizu hacia Mapa47 X:71 Y:31
11/03/2020 3:27:49 Comando: /panelgm
11/03/2020 3:28:00 Comando: /telep PaneldeGM 142 50 50
11/03/2020 3:28:02 Comando: /TELEP YO 142 54 54
11/03/2020 3:28:02 Transporto a nizu hacia Mapa142 X:54 Y:54
11/03/2020 3:28:02 Comando: /TELEP YO 142 53 56
11/03/2020 3:28:02 Transporto a nizu hacia Mapa142 X:53 Y:56
11/03/2020 3:28:03 Comando: /TELEP YO 142 57 60
11/03/2020 3:28:03 Transporto a nizu hacia Mapa142 X:57 Y:60
11/03/2020 3:28:03 Comando: /TELEP YO 142 57 62
11/03/2020 3:28:03 Transporto a nizu hacia Mapa142 X:57 Y:62
11/03/2020 3:28:04 Comando: /TELEP YO 142 59 63
11/03/2020 3:28:04 Transporto a nizu hacia Mapa142 X:59 Y:63
11/03/2020 3:32:08 Se conecto con ip:186.168.155.147Hora: 11/03/2020 3:32:08
11/03/2020 3:32:22 Se conecto con ip:186.168.155.147Hora: 11/03/2020 3:32:22
11/03/2020 3:32:44 Comando: /TELEP YO 47 70 23
11/03/2020 3:32:44 Transporto a nizu hacia Mapa47 X:70 Y:23
11/03/2020 3:32:55 Comando: /lluvia
11/03/2020 3:33:47 Se conecto con ip:186.168.155.147Hora: 11/03/2020 3:33:47
11/03/2020 3:33:52 Comando: /lluvia
11/03/2020 3:33:54 Comando: /TELEP YO 47 69 22
11/03/2020 3:33:54 Transporto a nizu hacia Mapa47 X:69 Y:22
11/03/2020 3:33:55 Comando: /TELEP YO 47 64 21
11/03/2020 3:33:55 Transporto a nizu hacia Mapa47 X:64 Y:21
11/03/2020 3:33:56 Comando: /TELEP YO 47 60 20
11/03/2020 3:33:56 Transporto a nizu hacia Mapa47 X:60 Y:20
11/03/2020 3:34:19 Comando: /panelgm
11/03/2020 3:35:12 Comando: /MOVER nogood
11/03/2020 3:36:05 Comando: /TELEP nogood 47 60 20 60 20
11/03/2020 3:36:05 Transporto a nogood hacia Mapa47 X:60 Y:20
11/03/2020 3:36:05 Transporto a nogood hacia Mapa47 X:60 Y:20
11/03/2020 3:36:20 Se conecto con ip:186.168.155.147Hora: 11/03/2020 3:36:20
11/03/2020 3:36:37 Comando: /TELEP YO 34 29 50
11/03/2020 3:36:37 Transporto a nizu hacia Mapa34 X:29 Y:50
11/03/2020 3:36:39 Comando: /TELEP YO 34 26 50
11/03/2020 3:36:39 Transporto a nizu hacia Mapa34 X:26 Y:50
11/03/2020 3:36:39 Comando: /TELEP YO 34 19 50
11/03/2020 3:36:39 Transporto a nizu hacia Mapa34 X:19 Y:50
11/03/2020 3:37:02 Comando: /mod nogood nivel 55
11/03/2020 3:37:10 Comando: /TELEP YO 34 17 50
11/03/2020 3:37:10 Transporto a nizu hacia Mapa34 X:17 Y:50
11/03/2020 3:37:11 Comando: /TELEP YO 34 18 48
11/03/2020 3:37:11 Transporto a nizu hacia Mapa34 X:18 Y:48
11/03/2020 3:37:11 Comando: /TELEP YO 34 19 50
11/03/2020 3:37:11 Transporto a nizu hacia Mapa34 X:19 Y:50
11/03/2020 3:39:10 Se conecto con ip:186.168.155.147Hora: 11/03/2020 3:39:10
11/03/2020 3:39:15 Comando: /TELEP YO 47 66 20
11/03/2020 3:39:15 Transporto a nizu hacia Mapa47 X:66 Y:20
11/03/2020 3:39:16 Comando: /TELEP YO 47 60 17
11/03/2020 3:39:16 Transporto a nizu hacia Mapa47 X:60 Y:17
11/03/2020 3:39:16 Comando: /TELEP YO 47 56 14
11/03/2020 3:39:16 Transporto a nizu hacia Mapa47 X:56 Y:14
11/03/2020 3:39:18 Comando: /TELEP YO 47 62 17
11/03/2020 3:39:18 Transporto a nizu hacia Mapa47 X:62 Y:17
11/03/2020 3:39:19 Comando: /TELEP YO 34 33 50
11/03/2020 3:39:19 Transporto a nizu hacia Mapa34 X:33 Y:50
11/03/2020 3:39:20 Comando: /TELEP YO 34 27 51
11/03/2020 3:39:20 Transporto a nizu hacia Mapa34 X:27 Y:51
11/03/2020 3:39:21 Comando: /TELEP YO 34 22 51
11/03/2020 3:39:21 Transporto a nizu hacia Mapa34 X:22 Y:51
11/03/2020 3:39:22 Comando: /TELEP YO 34 17 49
11/03/2020 3:39:22 Transporto a nizu hacia Mapa34 X:17 Y:49
11/03/2020 3:39:23 Comando: /TELEP YO 34 20 51
11/03/2020 3:39:23 Transporto a nizu hacia Mapa34 X:20 Y:51
11/03/2020 3:39:38 Comando: /mod nogood oro 9999999
11/03/2020 3:42:49 Comando: /TELEP YO 34 27 49
11/03/2020 3:42:49 Transporto a nizu hacia Mapa34 X:27 Y:49
11/03/2020 3:42:50 Comando: /TELEP YO 34 31 45
11/03/2020 3:42:50 Transporto a nizu hacia Mapa34 X:31 Y:45
11/03/2020 3:42:51 Comando: /TELEP YO 34 26 48
11/03/2020 3:42:51 Transporto a nizu hacia Mapa34 X:26 Y:48
11/03/2020 3:43:03 Comando: /TELEP YO 34 28 50
11/03/2020 3:43:03 Transporto a nizu hacia Mapa34 X:28 Y:50
11/03/2020 3:43:10 Comando: /TELEP YO 34 27 50
11/03/2020 3:43:10 Transporto a nizu hacia Mapa34 X:27 Y:50
11/03/2020 3:43:17 Comando: /TELEP YO 34 21 49
11/03/2020 3:43:17 Transporto a nizu hacia Mapa34 X:21 Y:49
11/03/2020 3:43:18 Comando: /TELEP YO 34 27 48
11/03/2020 3:43:18 Transporto a nizu hacia Mapa34 X:27 Y:48
11/03/2020 3:43:19 Comando: /TELEP YO 34 35 49
11/03/2020 3:43:19 Transporto a nizu hacia Mapa34 X:35 Y:49
11/03/2020 3:43:20 Comando: /TELEP YO 34 32 49
11/03/2020 3:43:20 Transporto a nizu hacia Mapa34 X:32 Y:49
11/03/2020 3:43:34 Comando: /TELEP YO 34 25 50
11/03/2020 3:43:34 Transporto a nizu hacia Mapa34 X:25 Y:50
11/03/2020 3:43:34 Comando: /TELEP YO 34 17 49
11/03/2020 3:43:34 Transporto a nizu hacia Mapa34 X:17 Y:49
11/03/2020 3:43:36 Comando: /TELEP YO 34 20 49
11/03/2020 3:43:36 Transporto a nizu hacia Mapa34 X:20 Y:49
11/03/2020 3:47:31 Se conecto con ip:186.168.155.147Hora: 11/03/2020 3:47:31
11/03/2020 3:47:39 Comando: /TELEP YO 47 62 17
11/03/2020 3:47:39 Transporto a nizu hacia Mapa47 X:62 Y:17
11/03/2020 3:47:40 Comando: /TELEP YO 34 32 51
11/03/2020 3:47:40 Transporto a nizu hacia Mapa34 X:32 Y:51
11/03/2020 3:47:41 Comando: /TELEP YO 34 27 52
11/03/2020 3:47:41 Transporto a nizu hacia Mapa34 X:27 Y:52
11/03/2020 3:47:42 Comando: /TELEP YO 34 21 51
11/03/2020 3:47:42 Transporto a nizu hacia Mapa34 X:21 Y:51
11/03/2020 3:47:44 Comando: /TELEP YO 34 19 49
11/03/2020 3:47:44 Transporto a nizu hacia Mapa34 X:19 Y:49
11/03/2020 3:47:45 Comando: /TELEP YO 34 19 50
11/03/2020 3:47:45 Transporto a nizu hacia Mapa34 X:19 Y:50
11/03/2020 3:51:58 Se conecto con ip:186.168.155.147Hora: 11/03/2020 3:51:58
11/03/2020 3:52:40 Se conecto con ip:186.168.155.147Hora: 11/03/2020 3:52:40
11/03/2020 3:52:46 Comando: /panelgm
11/03/2020 3:53:01 Comando: /TELEP nogood 47 71 20
11/03/2020 3:53:01 Transporto a nogood hacia Mapa47 X:71 Y:20
11/03/2020 3:53:01 Transporto a nogood hacia Mapa47 X:71 Y:20
11/03/2020 3:54:24 Se conecto con ip:186.168.155.147Hora: 11/03/2020 3:54:24
11/03/2020 3:56:54 Comando: /TELEP YO 34 30 62
11/03/2020 3:56:54 Transporto a nizu hacia Mapa34 X:30 Y:62
11/03/2020 3:56:55 Comando: /TELEP YO 34 27 58
11/03/2020 3:56:55 Transporto a nizu hacia Mapa34 X:27 Y:58
11/03/2020 3:56:55 Comando: /TELEP YO 34 27 57
11/03/2020 3:56:55 Transporto a nizu hacia Mapa34 X:27 Y:57
11/03/2020 3:56:56 Comando: /TELEP YO 34 26 53
11/03/2020 3:56:56 Transporto a nizu hacia Mapa34 X:26 Y:53
11/03/2020 3:56:57 Comando: /TELEP YO 34 26 49
11/03/2020 3:56:57 Transporto a nizu hacia Mapa34 X:26 Y:49
11/03/2020 3:56:58 Comando: /TELEP YO 34 29 50
11/03/2020 3:56:58 Transporto a nizu hacia Mapa34 X:29 Y:50
11/03/2020 3:57:07 Comando: /panelgm
11/03/2020 3:57:16 Comando: /telep PaneldeGM 142 50 50
11/03/2020 3:57:29 Comando: /panelgm
11/03/2020 3:57:42 Comando: /TELEP nizu 142 54 50
11/03/2020 3:57:42 Transporto a nizu hacia Mapa142 X:54 Y:50
11/03/2020 3:57:42 Transporto a nizu hacia Mapa142 X:54 Y:50
11/03/2020 3:57:56 Comando: /panelgm
11/03/2020 3:58:09 Comando: /MOVER nogood
11/03/2020 3:58:19 Comando: /TELEP nogood 142 50 50
11/03/2020 3:58:19 Transporto a nogood hacia Mapa142 X:50 Y:50
11/03/2020 3:58:19 Transporto a nogood hacia Mapa142 X:50 Y:50
11/03/2020 4:09:33 Comando: /PANELgm
11/03/2020 4:09:37 Comando: /telep PaneldeGM 34 29 66
11/03/2020 4:09:40 Comando: /TELEP YO 34 29 61
11/03/2020 4:09:40 Transporto a nizu hacia Mapa34 X:29 Y:61
11/03/2020 4:09:41 Comando: /TELEP YO 34 29 58
11/03/2020 4:09:41 Transporto a nizu hacia Mapa34 X:29 Y:58
11/03/2020 4:09:42 Comando: /TELEP YO 34 30 56
11/03/2020 4:09:42 Transporto a nizu hacia Mapa34 X:30 Y:56
11/03/2020 4:09:44 Comando: /TELEP YO 34 30 54
11/03/2020 4:09:44 Transporto a nizu hacia Mapa34 X:30 Y:54
11/03/2020 4:09:53 Agarro:1 Objeto:Inmovilizar
11/03/2020 4:09:55 Comando: /TELEP YO 34 36 48
11/03/2020 4:09:55 Transporto a nizu hacia Mapa34 X:36 Y:48
11/03/2020 4:09:57 Agarro:1 Objeto:Paralizar
11/03/2020 4:09:57 Comando: /TELEP YO 34 33 50
11/03/2020 4:09:57 Transporto a nizu hacia Mapa34 X:33 Y:50
11/03/2020 4:10:04 Comando: /panelgm
11/03/2020 4:10:16 Comando: /MOVER 
11/03/2020 4:10:22 Comando: /telep PaneldeGM 156 22 78
11/03/2020 4:10:28 Comando: /telep PaneldeGM 142 50 50
11/03/2020 4:14:02 Comando: /mod nogood skills 999
11/03/2020 4:14:40 Comando: /panelgm
11/03/2020 4:15:28 Comando: /panelgm
11/03/2020 4:15:33 Comando: /telep PaneldeGM 34 29 66
11/03/2020 4:15:35 Comando: /TELEP YO 34 27 62
11/03/2020 4:15:35 Transporto a nizu hacia Mapa34 X:27 Y:62
11/03/2020 4:15:36 Comando: /TELEP YO 34 27 59
11/03/2020 4:15:36 Transporto a nizu hacia Mapa34 X:27 Y:59
11/03/2020 4:15:36 Comando: /TELEP YO 34 26 58
11/03/2020 4:15:36 Transporto a nizu hacia Mapa34 X:26 Y:58
11/03/2020 4:15:36 Comando: /TELEP YO 34 26 55
11/03/2020 4:15:36 Transporto a nizu hacia Mapa34 X:26 Y:55
11/03/2020 4:15:37 Comando: /TELEP YO 34 24 51
11/03/2020 4:15:37 Transporto a nizu hacia Mapa34 X:24 Y:51
11/03/2020 4:15:37 Comando: /TELEP YO 34 23 51
11/03/2020 4:15:37 Transporto a nizu hacia Mapa34 X:23 Y:51
11/03/2020 4:15:37 Comando: /TELEP YO 34 20 48
11/03/2020 4:15:37 Transporto a nizu hacia Mapa34 X:20 Y:48
11/03/2020 4:15:38 Comando: /TELEP YO 34 18 43
11/03/2020 4:15:38 Transporto a nizu hacia Mapa34 X:18 Y:43
11/03/2020 4:15:38 Comando: /TELEP YO 34 18 43
11/03/2020 4:15:38 Transporto a nizu hacia Mapa34 X:18 Y:43
11/03/2020 4:15:38 Comando: /TELEP YO 34 19 44
11/03/2020 4:15:38 Transporto a nizu hacia Mapa34 X:19 Y:44
11/03/2020 4:15:39 Comando: /TELEP YO 34 17 39
11/03/2020 4:15:39 Transporto a nizu hacia Mapa34 X:17 Y:39
11/03/2020 4:15:39 Comando: /TELEP YO 34 16 35
11/03/2020 4:15:39 Transporto a nizu hacia Mapa34 X:16 Y:35
11/03/2020 4:15:40 Comando: /TELEP YO 34 15 32
11/03/2020 4:15:40 Transporto a nizu hacia Mapa34 X:15 Y:32
11/03/2020 4:15:52 Comando: /panelgm
11/03/2020 4:15:57 Comando: /telep PaneldeGM 142 50 50
11/03/2020 4:22:03 Comando: /lluvia
11/03/2020 4:22:09 Comando: /TELEP YO 142 53 49
11/03/2020 4:22:09 Transporto a nizu hacia Mapa142 X:53 Y:49
11/03/2020 4:22:13 Comando: /lluvia
11/03/2020 4:22:21 Dijo: 7lluvia
11/03/2020 4:22:29 Comando: /lluvia
11/03/2020 4:23:07 Comando: /panelgm
11/03/2020 4:23:10 Comando: /telep PaneldeGM 34 29 66
11/03/2020 4:23:19 Comando: /TELEP YO 34 30 63
11/03/2020 4:23:19 Transporto a nizu hacia Mapa34 X:30 Y:63
11/03/2020 4:23:20 Comando: /TELEP YO 34 31 60
11/03/2020 4:23:20 Transporto a nizu hacia Mapa34 X:31 Y:60
11/03/2020 4:23:20 Comando: /TELEP YO 34 31 56
11/03/2020 4:23:20 Transporto a nizu hacia Mapa34 X:31 Y:56
11/03/2020 4:23:21 Comando: /TELEP YO 34 31 52
11/03/2020 4:23:21 Transporto a nizu hacia Mapa34 X:31 Y:52
11/03/2020 4:23:22 Comando: /TELEP YO 34 32 48
11/03/2020 4:23:22 Transporto a nizu hacia Mapa34 X:32 Y:48
11/03/2020 4:24:19 Comando: /lluvia
11/03/2020 4:26:37 Comando: /lluvia
11/03/2020 4:26:52 Comando: /TELEP YO 34 31 55
11/03/2020 4:26:52 Transporto a nizu hacia Mapa34 X:31 Y:55
11/03/2020 4:26:53 Comando: /TELEP YO 34 27 61
11/03/2020 4:26:53 Transporto a nizu hacia Mapa34 X:27 Y:61
11/03/2020 4:26:53 Comando: /TELEP YO 34 24 66
11/03/2020 4:26:53 Transporto a nizu hacia Mapa34 X:24 Y:66
11/03/2020 4:26:54 Comando: /TELEP YO 34 25 70
11/03/2020 4:26:54 Transporto a nizu hacia Mapa34 X:25 Y:70
11/03/2020 4:26:55 Comando: /TELEP YO 34 27 67
11/03/2020 4:26:55 Transporto a nizu hacia Mapa34 X:27 Y:67
11/03/2020 4:27:49 Comando: /lluvia
11/03/2020 4:30:12 Comando: /TELEP YO 34 29 64
11/03/2020 4:30:12 Transporto a nizu hacia Mapa34 X:29 Y:64
11/03/2020 4:30:13 Comando: /TELEP YO 34 30 60
11/03/2020 4:30:13 Transporto a nizu hacia Mapa34 X:30 Y:60
11/03/2020 4:30:13 Comando: /TELEP YO 34 31 56
11/03/2020 4:30:13 Transporto a nizu hacia Mapa34 X:31 Y:56
11/03/2020 4:30:13 Comando: /TELEP YO 34 30 56
11/03/2020 4:30:13 Transporto a nizu hacia Mapa34 X:30 Y:56
11/03/2020 4:30:14 Comando: /TELEP YO 34 31 52
11/03/2020 4:30:14 Transporto a nizu hacia Mapa34 X:31 Y:52
11/03/2020 4:30:14 Comando: /TELEP YO 34 31 52
11/03/2020 4:30:14 Transporto a nizu hacia Mapa34 X:31 Y:52
11/03/2020 4:30:14 Comando: /TELEP YO 34 34 49
11/03/2020 4:30:14 Transporto a nizu hacia Mapa34 X:34 Y:49
11/03/2020 4:30:14 Comando: /TELEP YO 34 35 49
11/03/2020 4:30:14 Transporto a nizu hacia Mapa34 X:35 Y:49
11/03/2020 4:30:15 Comando: /TELEP YO 34 39 48
11/03/2020 4:30:15 Transporto a nizu hacia Mapa34 X:39 Y:48
11/03/2020 4:30:15 Comando: /TELEP YO 34 41 50
11/03/2020 4:30:15 Transporto a nizu hacia Mapa34 X:41 Y:50
11/03/2020 4:30:15 Comando: /TELEP YO 34 45 50
11/03/2020 4:30:15 Transporto a nizu hacia Mapa34 X:45 Y:50
11/03/2020 4:30:15 Comando: /TELEP YO 34 47 52
11/03/2020 4:30:15 Transporto a nizu hacia Mapa34 X:47 Y:52
11/03/2020 4:30:16 Comando: /TELEP YO 34 46 52
11/03/2020 4:30:16 Transporto a nizu hacia Mapa34 X:46 Y:52
11/03/2020 4:30:16 Comando: /TELEP YO 34 42 51
11/03/2020 4:30:16 Transporto a nizu hacia Mapa34 X:42 Y:51
11/03/2020 4:30:16 Comando: /TELEP YO 34 42 51
11/03/2020 4:30:16 Transporto a nizu hacia Mapa34 X:42 Y:51
11/03/2020 4:30:16 Comando: /TELEP YO 34 41 50
11/03/2020 4:30:16 Transporto a nizu hacia Mapa34 X:41 Y:50
11/03/2020 4:30:17 Comando: /TELEP YO 34 37 50
11/03/2020 4:30:17 Transporto a nizu hacia Mapa34 X:37 Y:50
11/03/2020 4:30:17 Comando: /TELEP YO 34 37 51
11/03/2020 4:30:17 Transporto a nizu hacia Mapa34 X:37 Y:51
11/03/2020 4:30:17 Comando: /TELEP YO 34 33 50
11/03/2020 4:30:17 Transporto a nizu hacia Mapa34 X:33 Y:50
11/03/2020 4:30:17 Comando: /TELEP YO 34 32 52
11/03/2020 4:30:17 Transporto a nizu hacia Mapa34 X:32 Y:52
11/03/2020 4:30:18 Comando: /TELEP YO 34 29 52
11/03/2020 4:30:18 Transporto a nizu hacia Mapa34 X:29 Y:52
11/03/2020 4:30:18 Comando: /TELEP YO 34 29 55
11/03/2020 4:30:18 Transporto a nizu hacia Mapa34 X:29 Y:55
11/03/2020 4:30:19 Comando: /TELEP YO 34 28 59
11/03/2020 4:30:19 Transporto a nizu hacia Mapa34 X:28 Y:59
11/03/2020 4:30:19 Comando: /TELEP YO 34 28 59
11/03/2020 4:30:19 Transporto a nizu hacia Mapa34 X:28 Y:59
11/03/2020 4:30:19 Comando: /TELEP YO 34 26 63
11/03/2020 4:30:19 Transporto a nizu hacia Mapa34 X:26 Y:63
11/03/2020 4:30:20 Comando: /TELEP YO 34 27 63
11/03/2020 4:30:20 Transporto a nizu hacia Mapa34 X:27 Y:63
11/03/2020 4:30:20 Comando: /TELEP YO 34 27 66
11/03/2020 4:30:20 Transporto a nizu hacia Mapa34 X:27 Y:66
11/03/2020 4:33:54 Comando: /TELEP YO 34 28 66
11/03/2020 4:33:54 Transporto a nizu hacia Mapa34 X:28 Y:66
11/03/2020 4:33:54 Comando: /TELEP YO 34 28 65
11/03/2020 4:33:54 Transporto a nizu hacia Mapa34 X:28 Y:65
11/03/2020 4:33:54 Comando: /TELEP YO 34 28 63
11/03/2020 4:33:54 Transporto a nizu hacia Mapa34 X:28 Y:63
11/03/2020 4:36:23 Se conecto con ip:186.168.155.147Hora: 11/03/2020 4:36:23
11/03/2020 4:36:33 Comando: /TELEP YO 47 62 20
11/03/2020 4:36:33 Transporto a nizu hacia Mapa47 X:62 Y:20
11/03/2020 4:36:33 Comando: /TELEP YO 47 62 16
11/03/2020 4:36:33 Transporto a nizu hacia Mapa47 X:62 Y:16
11/03/2020 4:36:34 Comando: /TELEP YO 47 62 13
11/03/2020 4:36:34 Transporto a nizu hacia Mapa47 X:62 Y:13
11/03/2020 4:36:34 Comando: /TELEP YO 47 62 14
11/03/2020 4:36:34 Transporto a nizu hacia Mapa47 X:62 Y:14
11/03/2020 4:36:35 Comando: /TELEP YO 47 62 18
11/03/2020 4:36:35 Transporto a nizu hacia Mapa47 X:62 Y:18
11/03/2020 4:36:36 Comando: /TELEP YO 47 62 17
11/03/2020 4:36:36 Transporto a nizu hacia Mapa47 X:62 Y:17
11/03/2020 4:36:40 Comando: /lluvia
11/03/2020 4:36:43 Comando: /TELEP YO 34 32 53
11/03/2020 4:36:43 Transporto a nizu hacia Mapa34 X:32 Y:53
11/03/2020 4:36:44 Comando: /TELEP YO 34 30 57
11/03/2020 4:36:44 Transporto a nizu hacia Mapa34 X:30 Y:57
11/03/2020 4:36:45 Comando: /TELEP YO 34 29 61
11/03/2020 4:36:45 Transporto a nizu hacia Mapa34 X:29 Y:61
