16/05/2020 5:25:03 Se conecto con ip:127.0.0.1Hora: 16/05/2020 5:25:03
16/05/2020 5:25:11 Comando: /telep yo 101 50 50
16/05/2020 5:25:11 Transporto a SETH hacia Mapa101 X:50 Y:50
16/05/2020 5:25:12 Comando: /TELEP YO 101 61 53
16/05/2020 5:25:12 Transporto a SETH hacia Mapa101 X:61 Y:53
16/05/2020 5:25:13 Comando: /TELEP YO 101 63 58
16/05/2020 5:25:13 Transporto a SETH hacia Mapa101 X:63 Y:58
16/05/2020 5:25:14 Comando: /TELEP YO 101 58 63
16/05/2020 5:25:14 Transporto a SETH hacia Mapa101 X:58 Y:63
16/05/2020 5:25:14 Comando: /TELEP YO 101 55 69
16/05/2020 5:25:14 Transporto a SETH hacia Mapa101 X:55 Y:69
16/05/2020 5:25:19 Comando: /TELEP YO 101 53 74
16/05/2020 5:25:19 Transporto a SETH hacia Mapa101 X:53 Y:74
16/05/2020 5:25:19 Comando: /TELEP YO 101 57 80
16/05/2020 5:25:19 Transporto a SETH hacia Mapa101 X:57 Y:80
16/05/2020 5:25:19 Comando: /TELEP YO 101 64 85
16/05/2020 5:25:19 Transporto a SETH hacia Mapa101 X:64 Y:85
16/05/2020 5:25:26 Comando: /TELEP YO 101 56 79
16/05/2020 5:25:26 Transporto a SETH hacia Mapa101 X:56 Y:79
16/05/2020 5:25:27 Comando: /TELEP YO 101 53 72
16/05/2020 5:25:27 Transporto a SETH hacia Mapa101 X:53 Y:72
16/05/2020 5:25:27 Comando: /TELEP YO 101 53 64
16/05/2020 5:25:27 Transporto a SETH hacia Mapa101 X:53 Y:64
16/05/2020 5:25:28 Comando: /TELEP YO 101 57 56
16/05/2020 5:25:28 Transporto a SETH hacia Mapa101 X:57 Y:56
16/05/2020 5:25:28 Comando: /TELEP YO 101 64 49
16/05/2020 5:25:28 Transporto a SETH hacia Mapa101 X:64 Y:49
16/05/2020 5:25:28 Comando: /TELEP YO 101 72 42
16/05/2020 5:25:28 Transporto a SETH hacia Mapa101 X:72 Y:42
16/05/2020 5:25:29 Comando: /TELEP YO 101 66 38
16/05/2020 5:25:29 Transporto a SETH hacia Mapa101 X:66 Y:38
16/05/2020 5:25:30 Comando: /TELEP YO 101 60 42
16/05/2020 5:25:30 Transporto a SETH hacia Mapa101 X:60 Y:42
16/05/2020 5:25:30 Comando: /TELEP YO 101 62 47
16/05/2020 5:25:30 Transporto a SETH hacia Mapa101 X:62 Y:47
16/05/2020 5:25:30 Comando: /TELEP YO 101 59 53
16/05/2020 5:25:30 Transporto a SETH hacia Mapa101 X:59 Y:53
16/05/2020 5:25:30 Comando: /TELEP YO 101 54 60
16/05/2020 5:25:30 Transporto a SETH hacia Mapa101 X:54 Y:60
16/05/2020 5:25:31 Comando: /TELEP YO 101 55 67
16/05/2020 5:25:31 Transporto a SETH hacia Mapa101 X:55 Y:67
16/05/2020 5:25:31 Comando: /TELEP YO 101 54 74
16/05/2020 5:25:31 Transporto a SETH hacia Mapa101 X:54 Y:74
16/05/2020 5:25:44 Comando: /TELEP YO 101 58 78
16/05/2020 5:25:44 Transporto a SETH hacia Mapa101 X:58 Y:78
16/05/2020 5:25:44 Comando: /TELEP YO 101 66 79
16/05/2020 5:25:44 Transporto a SETH hacia Mapa101 X:66 Y:79
16/05/2020 5:25:45 Comando: /TELEP YO 101 61 84
16/05/2020 5:25:45 Transporto a SETH hacia Mapa101 X:61 Y:84
16/05/2020 5:25:45 Comando: /TELEP YO 101 55 88
16/05/2020 5:25:45 Transporto a SETH hacia Mapa101 X:55 Y:88
16/05/2020 5:25:45 Comando: /TELEP YO 101 50 85
16/05/2020 5:25:45 Transporto a SETH hacia Mapa101 X:50 Y:85
16/05/2020 5:25:46 Comando: /TELEP YO 101 50 80
16/05/2020 5:25:46 Transporto a SETH hacia Mapa101 X:50 Y:80
16/05/2020 5:25:51 Comando: /telep yo 100 50 50
16/05/2020 5:25:51 Transporto a SETH hacia Mapa100 X:50 Y:50
16/05/2020 5:25:55 Comando: /telep yo 99 50 50
16/05/2020 5:25:55 Transporto a SETH hacia Mapa99 X:50 Y:50
16/05/2020 5:25:58 Comando: /telep yo 98 50 50
16/05/2020 5:25:58 Transporto a SETH hacia Mapa98 X:50 Y:50
16/05/2020 5:26:03 Comando: /telep yo 82 50 50
16/05/2020 5:26:03 Transporto a SETH hacia Mapa82 X:50 Y:50
16/05/2020 5:26:07 Comando: /TELEP YO 82 44 55
16/05/2020 5:26:07 Transporto a SETH hacia Mapa82 X:44 Y:55
16/05/2020 5:26:08 Comando: /TELEP YO 82 48 63
16/05/2020 5:26:08 Transporto a SETH hacia Mapa82 X:48 Y:63
16/05/2020 5:26:08 Comando: /TELEP YO 82 43 59
16/05/2020 5:26:08 Transporto a SETH hacia Mapa82 X:43 Y:59
16/05/2020 5:26:09 Comando: /TELEP YO 82 35 55
16/05/2020 5:26:09 Transporto a SETH hacia Mapa82 X:35 Y:55
16/05/2020 5:26:37 Comando: /telep yo 94 50 50
16/05/2020 5:26:37 Transporto a SETH hacia Mapa94 X:50 Y:50
16/05/2020 5:28:26 Comando: /TELEP YO 97 85 19
16/05/2020 5:28:26 Transporto a SETH hacia Mapa97 X:85 Y:19
16/05/2020 5:28:27 Comando: /TELEP YO 97 85 20
16/05/2020 5:28:27 Transporto a SETH hacia Mapa97 X:85 Y:20
16/05/2020 5:28:56 Comando: /TELEP YO 97 85 22
16/05/2020 5:28:56 Transporto a SETH hacia Mapa97 X:85 Y:22
16/05/2020 5:32:22 Comando: /telep yo 34 30 50 50
16/05/2020 5:32:22 Transporto a SETH hacia Mapa34 X:30 Y:50
16/05/2020 5:32:27 Comando: /TELEP YO 34 27 33
16/05/2020 5:32:27 Transporto a SETH hacia Mapa34 X:27 Y:33
16/05/2020 5:32:27 Comando: /TELEP YO 34 27 23
16/05/2020 5:32:27 Transporto a SETH hacia Mapa34 X:27 Y:23
16/05/2020 5:32:31 Comando: /TELEP YO 34 50 18
16/05/2020 5:32:31 Transporto a SETH hacia Mapa34 X:50 Y:18
16/05/2020 5:32:36 Comando: /TELEP YO 34 53 14
16/05/2020 5:32:36 Transporto a SETH hacia Mapa34 X:53 Y:14
16/05/2020 5:34:13 Se conecto con ip:127.0.0.1Hora: 16/05/2020 5:34:13
16/05/2020 5:34:18 Comando: /TELEP YO 47 69 44
16/05/2020 5:34:18 Transporto a seth hacia Mapa47 X:69 Y:44
16/05/2020 5:34:19 Comando: /TELEP YO 47 69 44
16/05/2020 5:34:19 Transporto a seth hacia Mapa47 X:69 Y:44
16/05/2020 5:34:19 Comando: /TELEP YO 47 55 44
16/05/2020 5:34:19 Transporto a seth hacia Mapa47 X:55 Y:44
16/05/2020 5:34:20 Comando: /TELEP YO 47 24 54
16/05/2020 5:34:20 Transporto a seth hacia Mapa47 X:24 Y:54
16/05/2020 5:34:20 Comando: /TELEP YO 47 57 50
16/05/2020 5:34:20 Transporto a seth hacia Mapa47 X:57 Y:50
16/05/2020 5:34:21 Comando: /TELEP YO 47 77 33
16/05/2020 5:34:21 Transporto a seth hacia Mapa47 X:77 Y:33
16/05/2020 5:34:22 Comando: /TELEP YO 47 56 46
16/05/2020 5:34:22 Transporto a seth hacia Mapa47 X:56 Y:46
16/05/2020 5:34:23 Comando: /TELEP YO 47 71 27
16/05/2020 5:34:23 Transporto a seth hacia Mapa47 X:71 Y:27
16/05/2020 5:34:24 Comando: /TELEP YO 47 64 39
16/05/2020 5:34:24 Transporto a seth hacia Mapa47 X:64 Y:39
16/05/2020 5:34:48 Se conecto con ip:127.0.0.1Hora: 16/05/2020 5:34:48
16/05/2020 5:34:49 Comando: /TELEP YO 47 59 45
16/05/2020 5:34:49 Transporto a seth hacia Mapa47 X:59 Y:45
16/05/2020 5:34:50 Comando: /TELEP YO 47 44 61
16/05/2020 5:34:50 Transporto a seth hacia Mapa47 X:44 Y:61
16/05/2020 5:34:50 Comando: /TELEP YO 47 32 58
16/05/2020 5:34:50 Transporto a seth hacia Mapa47 X:32 Y:58
16/05/2020 5:34:51 Comando: /TELEP YO 47 57 39
16/05/2020 5:34:51 Transporto a seth hacia Mapa47 X:57 Y:39
16/05/2020 5:34:51 Comando: /TELEP YO 47 70 39
16/05/2020 5:34:51 Transporto a seth hacia Mapa47 X:70 Y:39
16/05/2020 5:34:52 Comando: /TELEP YO 47 59 37
16/05/2020 5:34:52 Transporto a seth hacia Mapa47 X:59 Y:37
16/05/2020 5:34:53 Comando: /TELEP YO 47 59 34
16/05/2020 5:34:53 Transporto a seth hacia Mapa47 X:59 Y:34
16/05/2020 5:34:53 Comando: /TELEP YO 47 74 46
16/05/2020 5:34:53 Transporto a seth hacia Mapa47 X:74 Y:46
16/05/2020 5:34:53 Comando: /TELEP YO 47 62 52
16/05/2020 5:34:53 Transporto a seth hacia Mapa47 X:62 Y:52
16/05/2020 5:34:54 Comando: /TELEP YO 47 61 28
16/05/2020 5:34:54 Transporto a seth hacia Mapa47 X:61 Y:28
16/05/2020 5:34:55 Comando: /TELEP YO 47 63 57
16/05/2020 5:34:55 Transporto a seth hacia Mapa47 X:63 Y:57
16/05/2020 5:34:55 Comando: /TELEP YO 47 45 74
16/05/2020 5:34:55 Transporto a seth hacia Mapa47 X:45 Y:74
16/05/2020 5:34:56 Comando: /TELEP YO 47 59 45
16/05/2020 5:34:56 Transporto a seth hacia Mapa47 X:59 Y:45
16/05/2020 5:34:56 Comando: /TELEP YO 47 67 37
16/05/2020 5:34:56 Transporto a seth hacia Mapa47 X:67 Y:37
16/05/2020 5:34:56 Comando: /TELEP YO 47 72 57
16/05/2020 5:34:56 Transporto a seth hacia Mapa47 X:72 Y:57
16/05/2020 5:34:57 Comando: /TELEP YO 47 60 56
16/05/2020 5:34:57 Transporto a seth hacia Mapa47 X:60 Y:56
16/05/2020 5:34:57 Comando: /TELEP YO 47 61 36
16/05/2020 5:34:57 Transporto a seth hacia Mapa47 X:61 Y:36
16/05/2020 5:35:01 Comando: /TELEP YO 47 44 61
16/05/2020 5:35:01 Transporto a seth hacia Mapa47 X:44 Y:61
16/05/2020 5:35:01 Comando: /TELEP YO 47 77 70
16/05/2020 5:35:01 Transporto a seth hacia Mapa47 X:77 Y:70
16/05/2020 5:35:02 Comando: /TELEP YO 47 38 88
16/05/2020 5:35:02 Transporto a seth hacia Mapa47 X:38 Y:88
16/05/2020 5:35:02 Comando: /TELEP YO 47 66 34
16/05/2020 5:35:02 Transporto a seth hacia Mapa47 X:66 Y:34
16/05/2020 5:35:03 Comando: /TELEP YO 47 75 68
16/05/2020 5:35:03 Transporto a seth hacia Mapa47 X:75 Y:68
16/05/2020 5:35:04 Comando: /TELEP YO 47 49 63
16/05/2020 5:35:04 Transporto a seth hacia Mapa47 X:49 Y:63
16/05/2020 5:35:04 Comando: /TELEP YO 47 57 24
16/05/2020 5:35:04 Transporto a seth hacia Mapa47 X:57 Y:24
16/05/2020 5:35:04 Comando: /TELEP YO 47 69 71
16/05/2020 5:35:04 Transporto a seth hacia Mapa47 X:69 Y:71
16/05/2020 5:35:04 Comando: /TELEP YO 47 47 78
16/05/2020 5:35:04 Transporto a seth hacia Mapa47 X:47 Y:78
16/05/2020 5:35:05 Comando: /TELEP YO 47 63 46
16/05/2020 5:35:05 Transporto a seth hacia Mapa47 X:63 Y:46
