04/08/2019  10:04:52 CaoS: Tenía: 0 Ganó: 1 Por el item: Espada Diabolica
04/08/2019  10:50:38 CaoS: Tenía: 1 Ganó: 1 Por el item: Espada Diabolica
04/08/2019  10:50:49 CaoS: Tenía: 2 Gastó: 1 Obtuvo: Espada Diabolica
04/08/2019  10:50:52 CaoS: Tenía: 1 Gastó: 1 Obtuvo: Espada Diabolica
04/08/2019  10:51:03 CaoS: Tenía: 0 Ganó: 1 Por el item: Espada Diabolica
04/08/2019  10:51:09 CaoS: Tenía: 1 Ganó: 1 Por el item: Espada Diabolica
04/08/2019  10:51:29 CaoS: Tenía: 2 Gastó: 1 Obtuvo: Espada Diabolica
04/08/2019  10:51:32 CaoS: Tenía: 1 Gastó: 1 Obtuvo: Espada Diabolica
04/08/2019  10:52:44 CaoS: Tenía: 0 Ganó: 1 Por el item: Espada Diabolica
04/08/2019  10:57:02 CaoS: Tenía: 1 Ganó: 1 Por el item: Espada Diabolica
04/08/2019  10:57:10 CaoS: Tenía: 2 Gastó: 1 Obtuvo: Espada Halcon
04/08/2019  10:57:13 CaoS: Tenía: 1 Gastó: 1 Obtuvo: Espada Halcon
04/08/2019  10:57:24 CaoS: Tenía: 0 Ganó: 1 Por el item: Espada Halcon
04/08/2019  10:57:26 CaoS: Tenía: 1 Ganó: 1 Por el item: Espada Halcon
04/08/2019  11:48:31 Caos: Tenía: 2 Gastó: 1 Obtuvo: Espada Diabolica
04/08/2019  11:48:36 Caos: Tenía: 1 Ganó: 1 Por el item: Espada Diabolica
04/08/2019  11:48:49 Caos: Tenía: 2 Gastó: 1 Obtuvo: Espada Halcon
04/08/2019  11:48:52 Caos: Tenía: 1 Ganó: 1 Por el item: Espada Halcon
04/08/2019  11:50:29 CaoS: Tenía: 2 Gastó: 1 Obtuvo: Espada Diabolica
04/08/2019  11:50:37 CaoS: Tenía: 1 Gastó: 1 Obtuvo: Espada Diabolica
04/08/2019  11:50:47 CaoS: Tenía: 0 Ganó: 1 Por el item: Espada Diabolica
04/08/2019  11:50:55 CaoS: Tenía: 1 Ganó: 1 Por el item: Espada Diabolica
04/08/2019  11:52:06 CaoS: Tenía: 2 Gastó: 1 Obtuvo: Espada Diabolica
04/08/2019  11:52:58 Caos: Tenía: 1 Gastó: 1 Obtuvo: Espada Diabolica
04/08/2019  11:53:09 Caos: Tenía: 0 Ganó: 1 Por el item: Espada Diabolica
04/08/2019  11:53:12 Caos: Tenía: 1 Ganó: 1 Por el item: Espada Diabolica
04/08/2019  11:53:13 Caos: Tenía: 2 Gastó: 1 Obtuvo: Espada Diabolica
04/08/2019  11:53:18 Caos: Tenía: 1 Gastó: 1 Obtuvo: Espada Diabolica
04/08/2019  11:53:25 Caos: Tenía: 0 Ganó: 1 Por el item: Espada Diabolica
04/08/2019  11:53:27 Caos: Tenía: 1 Ganó: 1 Por el item: Espada Diabolica
04/08/2019  11:53:48 Caos: Tenía: 2 Gastó: 1 Obtuvo: Espada Diabolica
04/08/2019  11:53:52 Caos: Tenía: 1 Gastó: 1 Obtuvo: Espada Diabolica
04/08/2019  11:54:42 Caos: Tenía: 0 Ganó: 1 Por el item: Espada Diabolica
04/08/2019  11:54:45 Caos: Tenía: 1 Ganó: 1 Por el item: Espada Diabolica
04/08/2019  11:54:48 Caos: Tenía: 2 Gastó: 1 Obtuvo: Espada Halcon
04/08/2019  11:55:05 Caos: Tenía: 1 Ganó: 1 Por el item: Espada Halcon
04/08/2019  11:55:08 Caos: Tenía: 2 Gastó: 1 Obtuvo: Espada Diabolica
04/08/2019  11:55:15 Caos: Tenía: 1 Gastó: 1 Obtuvo: Espada Diabolica
04/08/2019  11:57:48 Caos: Tenía: 0 Ganó: 1 Por el item: Espada Diabolica
04/08/2019  11:57:51 Caos: Tenía: 1 Ganó: 1 Por el item: Espada Diabolica
04/08/2019  11:57:54 Caos: Tenía: 2 Gastó: 1 Obtuvo: Espada Diabolica
04/08/2019  11:57:57 Caos: Tenía: 1 Gastó: 1 Obtuvo: Espada Diabolica
04/08/2019  11:58:04 Caos: Tenía: 0 Ganó: 1 Por el item: Espada Diabolica
04/08/2019  11:58:07 Caos: Tenía: 1 Ganó: 1 Por el item: Espada Diabolica
04/08/2019  11:59:54 CaoS: Tenía: 2 Gastó: 1 Obtuvo: Espada Halcon
04/08/2019  12:03:17 CaoS: Tenía: 1 Gastó: 1 Obtuvo: Espada Diabolica
04/08/2019  12:03:36 CaoS: Tenía: 0 Ganó: 1 Por el item: Espada Diabolica
04/08/2019  12:03:46 CaoS: Tenía: 1 Ganó: 1 Por el item: Espada Halcon
04/08/2019  12:20:24 CaoS: Tenía: 2 Gastó: 1 Obtuvo: Espada Diabolica
04/08/2019  12:20:28 CaoS: Tenía: 1 Gastó: 1 Obtuvo: Espada Diabolica
04/08/2019  12:20:31 CaoS: Tenía: 0 Ganó: 1 Por el item: Espada Diabolica
04/08/2019  12:20:33 CaoS: Tenía: 1 Ganó: 1 Por el item: Espada Diabolica
04/08/2019  12:20:35 CaoS: Tenía: 2 Gastó: 1 Obtuvo: Espada Diabolica
04/08/2019  12:20:37 CaoS: Tenía: 1 Gastó: 1 Obtuvo: Espada Diabolica
04/08/2019  12:20:42 CaoS: Tenía: 0 Ganó: 1 Por el item: Espada Diabolica
04/08/2019  12:20:44 CaoS: Tenía: 1 Ganó: 1 Por el item: Espada Diabolica
04/08/2019  12:20:47 CaoS: Tenía: 2 Gastó: 1 Obtuvo: Espada Diabolica
04/08/2019  12:20:49 CaoS: Tenía: 1 Gastó: 1 Obtuvo: Espada Diabolica
04/08/2019  12:20:51 CaoS: Tenía: 0 Ganó: 1 Por el item: Espada Diabolica
04/08/2019  12:20:53 CaoS: Tenía: 1 Ganó: 1 Por el item: Espada Diabolica
04/08/2019  12:20:56 CaoS: Tenía: 2 Gastó: 1 Obtuvo: Espada Diabolica
04/08/2019  12:20:58 CaoS: Tenía: 1 Gastó: 1 Obtuvo: Espada Diabolica
04/08/2019  12:21:02 CaoS: Tenía: 0 Ganó: 1 Por el item: Espada Diabolica
04/08/2019  12:21:15 CaoS: Tenía: 1 Ganó: 1 Por el item: Espada Diabolica
04/08/2019  12:21:17 CaoS: Tenía: 2 Gastó: 1 Obtuvo: Espada Diabolica
04/08/2019  12:21:20 CaoS: Tenía: 1 Gastó: 1 Obtuvo: Espada Diabolica
04/08/2019  12:21:31 CaoS: Tenía: 0 Ganó: 1 Por el item: Espada Diabolica
04/08/2019  12:21:47 CaoS: Tenía: 1 Ganó: 1 Por el item: Espada Diabolica
04/08/2019  12:21:50 CaoS: Tenía: 2 Gastó: 1 Obtuvo: Espada Diabolica
04/08/2019  12:21:52 CaoS: Tenía: 1 Gastó: 1 Obtuvo: Espada Diabolica
04/08/2019  12:25:01 CaoS: Tenía: 200 Gastó: 1 Obtuvo: Espada Diabolica
04/08/2019  12:25:04 CaoS: Tenía: 199 Gastó: 1 Obtuvo: Espada Diabolica
04/08/2019  12:25:05 CaoS: Tenía: 198 Gastó: 1 Obtuvo: Espada Diabolica
04/08/2019  12:25:08 CaoS: Tenía: 197 Gastó: 1 Obtuvo: Espada Diabolica
04/08/2019  12:25:09 CaoS: Tenía: 196 Gastó: 1 Obtuvo: Espada Diabolica
04/08/2019  12:25:11 CaoS: Tenía: 195 Gastó: 1 Obtuvo: Espada Diabolica
04/08/2019  12:25:13 CaoS: Tenía: 194 Gastó: 1 Obtuvo: Espada Diabolica
04/08/2019  12:25:32 CaoS: Tenía: 193 Gastó: 1 Obtuvo: Espada Diabolica
04/08/2019  12:25:44 CaoS: Tenía: 192 Gastó: 1 Obtuvo: Espada Diabolica
04/08/2019  12:26:03 CaoS: Tenía: 191 Gastó: 1 Obtuvo: Espada Diabolica
04/08/2019  12:29:43 CaoS: Tenía: 190 Ganó: 1 Por el item: Espada Diabolica
04/08/2019  12:29:49 CaoS: Tenía: 191 Ganó: 10 Por el item: Espada Diabolica
04/08/2019  12:29:55 CaoS: Tenía: 201 Ganó: 10 Por el item: Espada Diabolica
04/08/2019  12:30:08 CaoS: Tenía: 211 Gastó: 10 Obtuvo: Espada Diabolica
04/08/2019  12:30:13 CaoS: Tenía: 201 Gastó: 10 Obtuvo: Espada Diabolica
10/09/2019  23:36:41 Caos: Tenía: 191 Gastó: 1 Obtuvo: Espada Halcon
